# JRE version: OpenJDK Runtime Environment (21.0.10) (build 21.0.10+-14961533-b1163.108)
# Java VM: OpenJDK 64-Bit Server VM (21.0.10+-14961533-b1163.108, mixed mode, tiered, compressed oops, compressed class ptrs, g1 gc, windows-amd64)
GC Precious Log:
 CardTable entry size: 512
 Card Set container configuration: InlinePtr #cards 4 size 8 Array Of Cards #cards 16 size 48 Howl #buckets 8 coarsen threshold 3686 Howl Bitmap #cards 512 size 80 coarsen threshold 460 Card regions per heap region 1 cards per card region 4096
 CPUs: 12 total, 12 available
 Memory: 7501M
 Large Page Support: Disabled
 NUMA Support: Disabled
 Compressed Oops: Enabled (Zero based)
 Heap Region Size: 2M
 Heap Min Capacity: 8M
 Heap Initial Capacity: 118M
 Heap Max Capacity: 4G
 Pre-touch: Disabled
 Parallel Workers: 10
 Concurrent Workers: 3
 Concurrent Refinement Workers: 10
 Periodic GC: Disabled
Heap:
 garbage-first heap   total 323584K, used 228981K [0x0000000700000000, 0x0000000800000000)
  region size 2048K, 7 young (14336K), 5 survivors (10240K)
 Metaspace       used 152472K, committed 155072K, reserved 1245184K
  class space    used 21750K, committed 22976K, reserved 1048576K
GC Heap History (20 events):
Event: 27.327 GC heap before
{Heap before GC invocations=43 (full 0):
 garbage-first heap   total 223232K, used 200790K [0x0000000700000000, 0x0000000800000000)
  region size 2048K, 37 young (75776K), 3 survivors (6144K)
 Metaspace       used 124481K, committed 126848K, reserved 1179648K
  class space    used 17462K, committed 18560K, reserved 1048576K
}
Event: 27.335 GC heap after
{Heap after GC invocations=44 (full 0):
 garbage-first heap   total 268288K, used 134280K [0x0000000700000000, 0x0000000800000000)
  region size 2048K, 4 young (8192K), 4 survivors (8192K)
 Metaspace       used 124481K, committed 126848K, reserved 1179648K
  class space    used 17462K, committed 18560K, reserved 1048576K
}
Event: 28.580 GC heap before
{Heap before GC invocations=44 (full 0):
 garbage-first heap   total 268288K, used 240776K [0x0000000700000000, 0x0000000800000000)
  region size 2048K, 57 young (116736K), 4 survivors (8192K)
 Metaspace       used 125237K, committed 127552K, reserved 1179648K
  class space    used 17586K, committed 18688K, reserved 1048576K
}
Event: 28.598 GC heap after
{Heap after GC invocations=45 (full 0):
 garbage-first heap   total 268288K, used 150182K [0x0000000700000000, 0x0000000800000000)
  region size 2048K, 8 young (16384K), 8 survivors (16384K)
 Metaspace       used 125237K, committed 127552K, reserved 1179648K
  class space    used 17586K, committed 18688K, reserved 1048576K
}
Event: 29.526 GC heap before
{Heap before GC invocations=45 (full 0):
 garbage-first heap   total 268288K, used 236198K [0x0000000700000000, 0x0000000800000000)
  region size 2048K, 50 young (102400K), 8 survivors (16384K)
 Metaspace       used 128167K, committed 130560K, reserved 1179648K
  class space    used 17933K, committed 19072K, reserved 1048576K
}
Event: 29.542 GC heap after
{Heap after GC invocations=46 (full 0):
 garbage-first heap   total 268288K, used 150032K [0x0000000700000000, 0x0000000800000000)
  region size 2048K, 4 young (8192K), 4 survivors (8192K)
 Metaspace       used 128167K, committed 130560K, reserved 1179648K
  class space    used 17933K, committed 19072K, reserved 1048576K
}
Event: 30.123 GC heap before
{Heap before GC invocations=46 (full 0):
 garbage-first heap   total 268288K, used 236048K [0x0000000700000000, 0x0000000800000000)
  region size 2048K, 47 young (96256K), 4 survivors (8192K)
 Metaspace       used 128706K, committed 131136K, reserved 1179648K
  class space    used 18022K, committed 19200K, reserved 1048576K
}
Event: 30.134 GC heap after
{Heap after GC invocations=47 (full 0):
 garbage-first heap   total 268288K, used 153417K [0x0000000700000000, 0x0000000800000000)
  region size 2048K, 3 young (6144K), 3 survivors (6144K)
 Metaspace       used 128706K, committed 131136K, reserved 1179648K
  class space    used 18022K, committed 19200K, reserved 1048576K
}
Event: 42.751 GC heap before
{Heap before GC invocations=48 (full 0):
 garbage-first heap   total 268288K, used 239433K [0x0000000700000000, 0x0000000800000000)
  region size 2048K, 46 young (94208K), 3 survivors (6144K)
 Metaspace       used 130406K, committed 132864K, reserved 1179648K
  class space    used 18308K, committed 19456K, reserved 1048576K
}
Event: 42.760 GC heap after
{Heap after GC invocations=49 (full 0):
 garbage-first heap   total 268288K, used 155762K [0x0000000700000000, 0x0000000800000000)
  region size 2048K, 5 young (10240K), 5 survivors (10240K)
 Metaspace       used 130406K, committed 132864K, reserved 1179648K
  class space    used 18308K, committed 19456K, reserved 1048576K
}
Event: 43.416 GC heap before
{Heap before GC invocations=49 (full 0):
 garbage-first heap   total 268288K, used 239730K [0x0000000700000000, 0x0000000800000000)
  region size 2048K, 47 young (96256K), 5 survivors (10240K)
 Metaspace       used 130744K, committed 133184K, reserved 1179648K
  class space    used 18354K, committed 19520K, reserved 1048576K
}
Event: 43.438 GC heap after
{Heap after GC invocations=50 (full 0):
 garbage-first heap   total 268288K, used 165370K [0x0000000700000000, 0x0000000800000000)
  region size 2048K, 6 young (12288K), 6 survivors (12288K)
 Metaspace       used 130744K, committed 133184K, reserved 1179648K
  class space    used 18354K, committed 19520K, reserved 1048576K
}
Event: 43.796 GC heap before
{Heap before GC invocations=50 (full 0):
 garbage-first heap   total 268288K, used 237050K [0x0000000700000000, 0x0000000800000000)
  region size 2048K, 42 young (86016K), 6 survivors (12288K)
 Metaspace       used 130752K, committed 133184K, reserved 1179648K
  class space    used 18354K, committed 19520K, reserved 1048576K
}
Event: 43.813 GC heap after
{Heap after GC invocations=51 (full 0):
 garbage-first heap   total 323584K, used 169132K [0x0000000700000000, 0x0000000800000000)
  region size 2048K, 3 young (6144K), 3 survivors (6144K)
 Metaspace       used 130752K, committed 133184K, reserved 1179648K
  class space    used 18354K, committed 19520K, reserved 1048576K
}
Event: 45.158 GC heap before
{Heap before GC invocations=52 (full 0):
 garbage-first heap   total 323584K, used 287916K [0x0000000700000000, 0x0000000800000000)
  region size 2048K, 63 young (129024K), 3 survivors (6144K)
 Metaspace       used 132755K, committed 135296K, reserved 1179648K
  class space    used 18651K, committed 19904K, reserved 1048576K
}
Event: 45.167 GC heap after
{Heap after GC invocations=53 (full 0):
 garbage-first heap   total 323584K, used 172156K [0x0000000700000000, 0x0000000800000000)
  region size 2048K, 5 young (10240K), 5 survivors (10240K)
 Metaspace       used 132755K, committed 135296K, reserved 1179648K
  class space    used 18651K, committed 19904K, reserved 1048576K
}
Event: 46.723 GC heap before
{Heap before GC invocations=53 (full 0):
 garbage-first heap   total 323584K, used 288892K [0x0000000700000000, 0x0000000800000000)
  region size 2048K, 63 young (129024K), 5 survivors (10240K)
 Metaspace       used 146346K, committed 148928K, reserved 1179648K
  class space    used 20779K, committed 22016K, reserved 1048576K
}
Event: 46.737 GC heap after
{Heap after GC invocations=54 (full 0):
 garbage-first heap   total 323584K, used 173639K [0x0000000700000000, 0x0000000800000000)
  region size 2048K, 6 young (12288K), 6 survivors (12288K)
 Metaspace       used 146346K, committed 148928K, reserved 1179648K
  class space    used 20779K, committed 22016K, reserved 1048576K
}
Event: 48.598 GC heap before
{Heap before GC invocations=54 (full 0):
 garbage-first heap   total 323584K, used 278087K [0x0000000700000000, 0x0000000800000000)
  region size 2048K, 59 young (120832K), 6 survivors (12288K)
 Metaspace       used 152307K, committed 154944K, reserved 1245184K
  class space    used 21723K, committed 22976K, reserved 1048576K
}
Event: 48.616 GC heap after
{Heap after GC invocations=55 (full 0):
 garbage-first heap   total 323584K, used 177781K [0x0000000700000000, 0x0000000800000000)
  region size 2048K, 5 young (10240K), 5 survivors (10240K)
 Metaspace       used 152307K, committed 154944K, reserved 1245184K
  class space    used 21723K, committed 22976K, reserved 1048576K
}

