# JRE version: OpenJDK Runtime Environment (21.0.10) (build 21.0.10+-14961533-b1163.108)
# Java VM: OpenJDK 64-Bit Server VM (21.0.10+-14961533-b1163.108, mixed mode, tiered, compressed oops, compressed class ptrs, g1 gc, windows-amd64)
GC Precious Log:
 CardTable entry size: 512
 Card Set container configuration: InlinePtr #cards 4 size 8 Array Of Cards #cards 16 size 48 Howl #buckets 8 coarsen threshold 3686 Howl Bitmap #cards 512 size 80 coarsen threshold 460 Card regions per heap region 1 cards per card region 4096
 CPUs: 12 total, 12 available
 Memory: 7501M
 Large Page Support: Disabled
 NUMA Support: Disabled
 Compressed Oops: Enabled (Zero based)
 Heap Region Size: 2M
 Heap Min Capacity: 8M
 Heap Initial Capacity: 118M
 Heap Max Capacity: 4G
 Pre-touch: Disabled
 Parallel Workers: 10
 Concurrent Workers: 3
 Concurrent Refinement Workers: 10
 Periodic GC: Disabled
Heap:
 garbage-first heap   total 598016K, used 420880K [0x0000000700000000, 0x0000000800000000)
  region size 2048K, 101 young (206848K), 19 survivors (38912K)
 Metaspace       used 234758K, committed 236608K, reserved 1310720K
  class space    used 31374K, committed 32256K, reserved 1048576K
GC Heap History (20 events):
Event: 2295.469 GC heap before
{Heap before GC invocations=74 (full 0):
 garbage-first heap   total 448512K, used 444240K [0x0000000700000000, 0x0000000800000000)
  region size 2048K, 94 young (192512K), 6 survivors (12288K)
 Metaspace       used 196040K, committed 198912K, reserved 1245184K
  class space    used 26985K, committed 28352K, reserved 1048576K
}
Event: 2295.496 GC heap after
{Heap after GC invocations=75 (full 0):
 garbage-first heap   total 473088K, used 249483K [0x0000000700000000, 0x0000000800000000)
  region size 2048K, 12 young (24576K), 12 survivors (24576K)
 Metaspace       used 196040K, committed 198912K, reserved 1245184K
  class space    used 26985K, committed 28352K, reserved 1048576K
}
Event: 4365.923 GC heap before
{Heap before GC invocations=75 (full 0):
 garbage-first heap   total 473088K, used 466571K [0x0000000700000000, 0x0000000800000000)
  region size 2048K, 105 young (215040K), 12 survivors (24576K)
 Metaspace       used 196294K, committed 199168K, reserved 1245184K
  class space    used 26986K, committed 28352K, reserved 1048576K
}
Event: 4366.005 GC heap after
{Heap after GC invocations=76 (full 0):
 garbage-first heap   total 497664K, used 241355K [0x0000000700000000, 0x0000000800000000)
  region size 2048K, 8 young (16384K), 8 survivors (16384K)
 Metaspace       used 196294K, committed 199168K, reserved 1245184K
  class space    used 26986K, committed 28352K, reserved 1048576K
}
Event: 4372.528 GC heap before
{Heap before GC invocations=76 (full 0):
 garbage-first heap   total 497664K, used 466635K [0x0000000700000000, 0x0000000800000000)
  region size 2048K, 119 young (243712K), 8 survivors (16384K)
 Metaspace       used 196629K, committed 199424K, reserved 1245184K
  class space    used 26991K, committed 28352K, reserved 1048576K
}
Event: 4372.570 GC heap after
{Heap after GC invocations=77 (full 0):
 garbage-first heap   total 501760K, used 256495K [0x0000000700000000, 0x0000000800000000)
  region size 2048K, 15 young (30720K), 15 survivors (30720K)
 Metaspace       used 196629K, committed 199424K, reserved 1245184K
  class space    used 26991K, committed 28352K, reserved 1048576K
}
Event: 4565.515 GC heap before
{Heap before GC invocations=78 (full 0):
 garbage-first heap   total 501760K, used 481775K [0x0000000700000000, 0x0000000800000000)
  region size 2048K, 115 young (235520K), 15 survivors (30720K)
 Metaspace       used 193910K, committed 199680K, reserved 1245184K
  class space    used 26265K, committed 28352K, reserved 1048576K
}
Event: 4565.542 GC heap after
{Heap after GC invocations=79 (full 0):
 garbage-first heap   total 516096K, used 250691K [0x0000000700000000, 0x0000000800000000)
  region size 2048K, 4 young (8192K), 4 survivors (8192K)
 Metaspace       used 193910K, committed 199680K, reserved 1245184K
  class space    used 26265K, committed 28352K, reserved 1048576K
}
Event: 4919.460 GC heap before
{Heap before GC invocations=79 (full 0):
 garbage-first heap   total 516096K, used 504643K [0x0000000700000000, 0x0000000800000000)
  region size 2048K, 115 young (235520K), 4 survivors (8192K)
 Metaspace       used 194248K, committed 199680K, reserved 1245184K
  class space    used 26303K, committed 28352K, reserved 1048576K
}
Event: 4919.527 GC heap after
{Heap after GC invocations=80 (full 0):
 garbage-first heap   total 542720K, used 246679K [0x0000000700000000, 0x0000000800000000)
  region size 2048K, 9 young (18432K), 9 survivors (18432K)
 Metaspace       used 194248K, committed 199680K, reserved 1245184K
  class space    used 26303K, committed 28352K, reserved 1048576K
}
Event: 4923.863 GC heap before
{Heap before GC invocations=80 (full 0):
 garbage-first heap   total 542720K, used 449431K [0x0000000700000000, 0x0000000800000000)
  region size 2048K, 110 young (225280K), 9 survivors (18432K)
 Metaspace       used 194562K, committed 199744K, reserved 1245184K
  class space    used 26308K, committed 28352K, reserved 1048576K
}
Event: 4923.888 GC heap after
{Heap after GC invocations=81 (full 0):
 garbage-first heap   total 542720K, used 256344K [0x0000000700000000, 0x0000000800000000)
  region size 2048K, 13 young (26624K), 13 survivors (26624K)
 Metaspace       used 194562K, committed 199744K, reserved 1245184K
  class space    used 26308K, committed 28352K, reserved 1048576K
}
Event: 6088.264 GC heap before
{Heap before GC invocations=82 (full 0):
 garbage-first heap   total 542720K, used 526680K [0x0000000700000000, 0x0000000800000000)
  region size 2048K, 132 young (270336K), 13 survivors (26624K)
 Metaspace       used 194856K, committed 199744K, reserved 1245184K
  class space    used 26317K, committed 28352K, reserved 1048576K
}
Event: 6088.372 GC heap after
{Heap after GC invocations=83 (full 0):
 garbage-first heap   total 575488K, used 275335K [0x0000000700000000, 0x0000000800000000)
  region size 2048K, 15 young (30720K), 15 survivors (30720K)
 Metaspace       used 194856K, committed 199744K, reserved 1245184K
  class space    used 26317K, committed 28352K, reserved 1048576K
}
Event: 6088.996 GC heap before
{Heap before GC invocations=83 (full 0):
 garbage-first heap   total 575488K, used 529287K [0x0000000700000000, 0x0000000800000000)
  region size 2048K, 140 young (286720K), 15 survivors (30720K)
 Metaspace       used 194963K, committed 199744K, reserved 1245184K
  class space    used 26317K, committed 28352K, reserved 1048576K
}
Event: 6089.049 GC heap after
{Heap after GC invocations=84 (full 0):
 garbage-first heap   total 575488K, used 251688K [0x0000000700000000, 0x0000000800000000)
  region size 2048K, 10 young (20480K), 10 survivors (20480K)
 Metaspace       used 194963K, committed 199744K, reserved 1245184K
  class space    used 26317K, committed 28352K, reserved 1048576K
}
Event: 6089.521 GC heap before
{Heap before GC invocations=84 (full 0):
 garbage-first heap   total 575488K, used 325416K [0x0000000700000000, 0x0000000800000000)
  region size 2048K, 48 young (98304K), 10 survivors (20480K)
 Metaspace       used 195000K, committed 199744K, reserved 1245184K
  class space    used 26317K, committed 28352K, reserved 1048576K
}
Event: 6089.534 GC heap after
{Heap after GC invocations=85 (full 0):
 garbage-first heap   total 575488K, used 246782K [0x0000000700000000, 0x0000000800000000)
  region size 2048K, 8 young (16384K), 8 survivors (16384K)
 Metaspace       used 195000K, committed 199744K, reserved 1245184K
  class space    used 26317K, committed 28352K, reserved 1048576K
}
Event: 7566.845 GC heap before
{Heap before GC invocations=86 (full 0):
 garbage-first heap   total 575488K, used 556030K [0x0000000700000000, 0x0000000800000000)
  region size 2048K, 152 young (311296K), 8 survivors (16384K)
 Metaspace       used 215822K, committed 217600K, reserved 1245184K
  class space    used 29456K, committed 30336K, reserved 1048576K
}
Event: 7567.997 GC heap after
{Heap after GC invocations=87 (full 0):
 garbage-first heap   total 598016K, used 257040K [0x0000000700000000, 0x0000000800000000)
  region size 2048K, 19 young (38912K), 19 survivors (38912K)
 Metaspace       used 215822K, committed 217600K, reserved 1245184K
  class space    used 29456K, committed 30336K, reserved 1048576K
}

