# JRE version: OpenJDK Runtime Environment Temurin-21.0.7+6 (21.0.7+6) (build 21.0.7+6-LTS)
# Java VM: OpenJDK 64-Bit Server VM Temurin-21.0.7+6 (21.0.7+6-LTS, mixed mode, sharing, tiered, compressed oops, compressed class ptrs, g1 gc, windows-amd64)
GC Precious Log:
 CardTable entry size: 512
 Card Set container configuration: InlinePtr #cards 4 size 8 Array Of Cards #cards 16 size 48 Howl #buckets 8 coarsen threshold 3686 Howl Bitmap #cards 512 size 80 coarsen threshold 460 Card regions per heap region 1 cards per card region 4096
 CPUs: 12 total, 12 available
 Memory: 7501M
 Large Page Support: Disabled
 NUMA Support: Disabled
 Compressed Oops: Enabled (Zero based)
 Heap Region Size: 2M
 Heap Min Capacity: 8M
 Heap Initial Capacity: 118M
 Heap Max Capacity: 4G
 Pre-touch: Disabled
 Parallel Workers: 10
 Concurrent Workers: 3
 Concurrent Refinement Workers: 10
 Periodic GC: Disabled
Heap:
 garbage-first heap   total 448512K, used 354304K [0x0000000700000000, 0x0000000800000000)
  region size 2048K, 5 young (10240K), 5 survivors (10240K)
 Metaspace       used 116513K, committed 118976K, reserved 1179648K
  class space    used 16178K, committed 17408K, reserved 1048576K
GC Heap History (20 events):
Event: 34.064 GC heap after
{Heap after GC invocations=38 (full 0):
 garbage-first heap   total 243712K, used 146934K [0x0000000700000000, 0x0000000800000000)
  region size 2048K, 4 young (8192K), 4 survivors (8192K)
 Metaspace       used 108575K, committed 110976K, reserved 1179648K
  class space    used 14856K, committed 16064K, reserved 1048576K
}
Event: 34.497 GC heap before
{Heap before GC invocations=39 (full 0):
 garbage-first heap   total 243712K, used 198134K [0x0000000700000000, 0x0000000800000000)
  region size 2048K, 33 young (67584K), 4 survivors (8192K)
 Metaspace       used 109134K, committed 111616K, reserved 1179648K
  class space    used 14939K, committed 16192K, reserved 1048576K
}
Event: 34.507 GC heap after
{Heap after GC invocations=40 (full 0):
 garbage-first heap   total 243712K, used 143001K [0x0000000700000000, 0x0000000800000000)
  region size 2048K, 3 young (6144K), 3 survivors (6144K)
 Metaspace       used 109134K, committed 111616K, reserved 1179648K
  class space    used 14939K, committed 16192K, reserved 1048576K
}
Event: 34.986 GC heap before
{Heap before GC invocations=40 (full 0):
 garbage-first heap   total 243712K, used 206489K [0x0000000700000000, 0x0000000800000000)
  region size 2048K, 35 young (71680K), 3 survivors (6144K)
 Metaspace       used 109464K, committed 111936K, reserved 1179648K
  class space    used 14979K, committed 16256K, reserved 1048576K
}
Event: 34.995 GC heap after
{Heap after GC invocations=41 (full 0):
 garbage-first heap   total 243712K, used 139872K [0x0000000700000000, 0x0000000800000000)
  region size 2048K, 4 young (8192K), 4 survivors (8192K)
 Metaspace       used 109464K, committed 111936K, reserved 1179648K
  class space    used 14979K, committed 16256K, reserved 1048576K
}
Event: 35.029 GC heap before
{Heap before GC invocations=41 (full 0):
 garbage-first heap   total 243712K, used 143968K [0x0000000700000000, 0x0000000800000000)
  region size 2048K, 7 young (14336K), 4 survivors (8192K)
 Metaspace       used 109511K, committed 112000K, reserved 1179648K
  class space    used 14986K, committed 16256K, reserved 1048576K
}
Event: 35.037 GC heap after
{Heap after GC invocations=42 (full 0):
 garbage-first heap   total 243712K, used 140570K [0x0000000700000000, 0x0000000800000000)
  region size 2048K, 3 young (6144K), 3 survivors (6144K)
 Metaspace       used 109511K, committed 112000K, reserved 1179648K
  class space    used 14986K, committed 16256K, reserved 1048576K
}
Event: 35.919 GC heap before
{Heap before GC invocations=43 (full 0):
 garbage-first heap   total 245760K, used 242970K [0x0000000700000000, 0x0000000800000000)
  region size 2048K, 31 young (63488K), 3 survivors (6144K)
 Metaspace       used 113179K, committed 115712K, reserved 1179648K
  class space    used 15511K, committed 16768K, reserved 1048576K
}
Event: 35.943 GC heap after
{Heap after GC invocations=44 (full 0):
 garbage-first heap   total 280576K, used 202347K [0x0000000700000000, 0x0000000800000000)
  region size 2048K, 5 young (10240K), 5 survivors (10240K)
 Metaspace       used 113179K, committed 115712K, reserved 1179648K
  class space    used 15511K, committed 16768K, reserved 1048576K
}
Event: 36.116 GC heap before
{Heap before GC invocations=44 (full 0):
 garbage-first heap   total 280576K, used 278123K [0x0000000700000000, 0x0000000800000000)
  region size 2048K, 25 young (51200K), 5 survivors (10240K)
 Metaspace       used 113670K, committed 116160K, reserved 1179648K
  class space    used 15584K, committed 16832K, reserved 1048576K
}
Event: 36.147 GC heap after
{Heap after GC invocations=45 (full 0):
 garbage-first heap   total 378880K, used 225898K [0x0000000700000000, 0x0000000800000000)
  region size 2048K, 4 young (8192K), 4 survivors (8192K)
 Metaspace       used 113670K, committed 116160K, reserved 1179648K
  class space    used 15584K, committed 16832K, reserved 1048576K
}
Event: 36.711 GC heap before
{Heap before GC invocations=45 (full 0):
 garbage-first heap   total 378880K, used 309866K [0x0000000700000000, 0x0000000800000000)
  region size 2048K, 45 young (92160K), 4 survivors (8192K)
 Metaspace       used 113694K, committed 116224K, reserved 1179648K
  class space    used 15584K, committed 16832K, reserved 1048576K
}
Event: 36.762 GC heap after
{Heap after GC invocations=46 (full 0):
 garbage-first heap   total 378880K, used 260096K [0x0000000700000000, 0x0000000800000000)
  region size 2048K, 6 young (12288K), 6 survivors (12288K)
 Metaspace       used 113694K, committed 116224K, reserved 1179648K
  class space    used 15584K, committed 16832K, reserved 1048576K
}
Event: 36.783 GC heap before
{Heap before GC invocations=46 (full 0):
 garbage-first heap   total 378880K, used 264192K [0x0000000700000000, 0x0000000800000000)
  region size 2048K, 9 young (18432K), 6 survivors (12288K)
 Metaspace       used 113694K, committed 116224K, reserved 1179648K
  class space    used 15584K, committed 16832K, reserved 1048576K
}
Event: 36.806 GC heap after
{Heap after GC invocations=47 (full 0):
 garbage-first heap   total 378880K, used 264517K [0x0000000700000000, 0x0000000800000000)
  region size 2048K, 2 young (4096K), 2 survivors (4096K)
 Metaspace       used 113694K, committed 116224K, reserved 1179648K
  class space    used 15584K, committed 16832K, reserved 1048576K
}
Event: 37.338 GC heap before
{Heap before GC invocations=48 (full 0):
 garbage-first heap   total 448512K, used 323909K [0x0000000700000000, 0x0000000800000000)
  region size 2048K, 30 young (61440K), 2 survivors (4096K)
 Metaspace       used 116374K, committed 118848K, reserved 1179648K
  class space    used 16171K, committed 17408K, reserved 1048576K
}
Event: 37.371 GC heap after
{Heap after GC invocations=49 (full 0):
 garbage-first heap   total 448512K, used 285669K [0x0000000700000000, 0x0000000800000000)
  region size 2048K, 4 young (8192K), 4 survivors (8192K)
 Metaspace       used 116374K, committed 118848K, reserved 1179648K
  class space    used 16171K, committed 17408K, reserved 1048576K
}
Event: 37.628 GC heap before
{Heap before GC invocations=49 (full 0):
 garbage-first heap   total 448512K, used 365541K [0x0000000700000000, 0x0000000800000000)
  region size 2048K, 44 young (90112K), 4 survivors (8192K)
 Metaspace       used 116497K, committed 118976K, reserved 1179648K
  class space    used 16178K, committed 17408K, reserved 1048576K
}
Event: 37.698 GC heap after
{Heap after GC invocations=50 (full 0):
 garbage-first heap   total 448512K, used 321981K [0x0000000700000000, 0x0000000800000000)
  region size 2048K, 6 young (12288K), 6 survivors (12288K)
 Metaspace       used 116497K, committed 118976K, reserved 1179648K
  class space    used 16178K, committed 17408K, reserved 1048576K
}
Event: 38.013 GC heap before
{Heap before GC invocations=50 (full 0):
 garbage-first heap   total 448512K, used 381373K [0x0000000700000000, 0x0000000800000000)
  region size 2048K, 35 young (71680K), 6 survivors (12288K)
 Metaspace       used 116513K, committed 118976K, reserved 1179648K
  class space    used 16178K, committed 17408K, reserved 1048576K
}

