# JRE version: OpenJDK Runtime Environment (21.0.10) (build 21.0.10+-14961533-b1163.108)
# Java VM: OpenJDK 64-Bit Server VM (21.0.10+-14961533-b1163.108, mixed mode, tiered, compressed oops, compressed class ptrs, g1 gc, windows-amd64)
GC Precious Log:
 CardTable entry size: 512
 Card Set container configuration: InlinePtr #cards 4 size 8 Array Of Cards #cards 16 size 48 Howl #buckets 8 coarsen threshold 3686 Howl Bitmap #cards 512 size 80 coarsen threshold 460 Card regions per heap region 1 cards per card region 4096
 CPUs: 12 total, 12 available
 Memory: 7501M
 Large Page Support: Disabled
 NUMA Support: Disabled
 Compressed Oops: Enabled (Zero based)
 Heap Region Size: 2M
 Heap Min Capacity: 8M
 Heap Initial Capacity: 118M
 Heap Max Capacity: 4G
 Pre-touch: Disabled
 Parallel Workers: 10
 Concurrent Workers: 3
 Concurrent Refinement Workers: 10
 Periodic GC: Disabled
Heap:
 garbage-first heap   total 366592K, used 362401K [0x0000000700000000, 0x0000000800000000)
  region size 2048K, 77 young (157696K), 5 survivors (10240K)
 Metaspace       used 162224K, committed 164864K, reserved 1245184K
  class space    used 22893K, committed 24192K, reserved 1048576K
GC Heap History (20 events):
Event: 27.566 GC heap before
{Heap before GC invocations=44 (full 0):
 garbage-first heap   total 241664K, used 210261K [0x0000000700000000, 0x0000000800000000)
  region size 2048K, 37 young (75776K), 6 survivors (12288K)
 Metaspace       used 127833K, committed 130176K, reserved 1179648K
  class space    used 17886K, committed 19008K, reserved 1048576K
}
Event: 27.577 GC heap after
{Heap after GC invocations=45 (full 0):
 garbage-first heap   total 290816K, used 149899K [0x0000000700000000, 0x0000000800000000)
  region size 2048K, 4 young (8192K), 4 survivors (8192K)
 Metaspace       used 127833K, committed 130176K, reserved 1179648K
  class space    used 17886K, committed 19008K, reserved 1048576K
}
Event: 28.220 GC heap before
{Heap before GC invocations=46 (full 0):
 garbage-first heap   total 290816K, used 254347K [0x0000000700000000, 0x0000000800000000)
  region size 2048K, 56 young (114688K), 4 survivors (8192K)
 Metaspace       used 128700K, committed 131008K, reserved 1179648K
  class space    used 18013K, committed 19136K, reserved 1048576K
}
Event: 28.232 GC heap after
{Heap after GC invocations=47 (full 0):
 garbage-first heap   total 290816K, used 154206K [0x0000000700000000, 0x0000000800000000)
  region size 2048K, 6 young (12288K), 6 survivors (12288K)
 Metaspace       used 128700K, committed 131008K, reserved 1179648K
  class space    used 18013K, committed 19136K, reserved 1048576K
}
Event: 42.560 GC heap before
{Heap before GC invocations=47 (full 0):
 garbage-first heap   total 290816K, used 258654K [0x0000000700000000, 0x0000000800000000)
  region size 2048K, 58 young (118784K), 6 survivors (12288K)
 Metaspace       used 130449K, committed 132864K, reserved 1179648K
  class space    used 18299K, committed 19456K, reserved 1048576K
}
Event: 42.610 GC heap after
{Heap after GC invocations=48 (full 0):
 garbage-first heap   total 290816K, used 157436K [0x0000000700000000, 0x0000000800000000)
  region size 2048K, 6 young (12288K), 6 survivors (12288K)
 Metaspace       used 130449K, committed 132864K, reserved 1179648K
  class space    used 18299K, committed 19456K, reserved 1048576K
}
Event: 43.261 GC heap before
{Heap before GC invocations=48 (full 0):
 garbage-first heap   total 290816K, used 261884K [0x0000000700000000, 0x0000000800000000)
  region size 2048K, 57 young (116736K), 6 survivors (12288K)
 Metaspace       used 130795K, committed 133248K, reserved 1179648K
  class space    used 18344K, committed 19520K, reserved 1048576K
}
Event: 43.282 GC heap after
{Heap after GC invocations=49 (full 0):
 garbage-first heap   total 290816K, used 166735K [0x0000000700000000, 0x0000000800000000)
  region size 2048K, 8 young (16384K), 8 survivors (16384K)
 Metaspace       used 130795K, committed 133248K, reserved 1179648K
  class space    used 18344K, committed 19520K, reserved 1048576K
}
Event: 44.093 GC heap before
{Heap before GC invocations=50 (full 0):
 garbage-first heap   total 290816K, used 252751K [0x0000000700000000, 0x0000000800000000)
  region size 2048K, 54 young (110592K), 8 survivors (16384K)
 Metaspace       used 131204K, committed 133696K, reserved 1179648K
  class space    used 18406K, committed 19648K, reserved 1048576K
}
Event: 44.109 GC heap after
{Heap after GC invocations=51 (full 0):
 garbage-first heap   total 290816K, used 164848K [0x0000000700000000, 0x0000000800000000)
  region size 2048K, 3 young (6144K), 3 survivors (6144K)
 Metaspace       used 131204K, committed 133696K, reserved 1179648K
  class space    used 18406K, committed 19648K, reserved 1048576K
}
Event: 45.197 GC heap before
{Heap before GC invocations=51 (full 0):
 garbage-first heap   total 290816K, used 263152K [0x0000000700000000, 0x0000000800000000)
  region size 2048K, 51 young (104448K), 3 survivors (6144K)
 Metaspace       used 133118K, committed 135616K, reserved 1179648K
  class space    used 18681K, committed 19904K, reserved 1048576K
}
Event: 45.209 GC heap after
{Heap after GC invocations=52 (full 0):
 garbage-first heap   total 290816K, used 169653K [0x0000000700000000, 0x0000000800000000)
  region size 2048K, 6 young (12288K), 6 survivors (12288K)
 Metaspace       used 133118K, committed 135616K, reserved 1179648K
  class space    used 18681K, committed 19904K, reserved 1048576K
}
Event: 46.550 GC heap before
{Heap before GC invocations=52 (full 0):
 garbage-first heap   total 290816K, used 259765K [0x0000000700000000, 0x0000000800000000)
  region size 2048K, 51 young (104448K), 6 survivors (12288K)
 Metaspace       used 143542K, committed 146112K, reserved 1179648K
  class space    used 20427K, committed 21696K, reserved 1048576K
}
Event: 46.563 GC heap after
{Heap after GC invocations=53 (full 0):
 garbage-first heap   total 290816K, used 174685K [0x0000000700000000, 0x0000000800000000)
  region size 2048K, 7 young (14336K), 7 survivors (14336K)
 Metaspace       used 143542K, committed 146112K, reserved 1179648K
  class space    used 20427K, committed 21696K, reserved 1048576K
}
Event: 47.120 GC heap before
{Heap before GC invocations=54 (full 0):
 garbage-first heap   total 296960K, used 262749K [0x0000000700000000, 0x0000000800000000)
  region size 2048K, 51 young (104448K), 7 survivors (14336K)
 Metaspace       used 148653K, committed 151232K, reserved 1179648K
  class space    used 21268K, committed 22528K, reserved 1048576K
}
Event: 47.132 GC heap after
{Heap after GC invocations=55 (full 0):
 garbage-first heap   total 296960K, used 176541K [0x0000000700000000, 0x0000000800000000)
  region size 2048K, 4 young (8192K), 4 survivors (8192K)
 Metaspace       used 148653K, committed 151232K, reserved 1179648K
  class space    used 21268K, committed 22528K, reserved 1048576K
}
Event: 47.611 GC heap before
{Heap before GC invocations=55 (full 0):
 garbage-first heap   total 296960K, used 272797K [0x0000000700000000, 0x0000000800000000)
  region size 2048K, 52 young (106496K), 4 survivors (8192K)
 Metaspace       used 151592K, committed 154112K, reserved 1245184K
  class space    used 21752K, committed 22976K, reserved 1048576K
}
Event: 47.621 GC heap after
{Heap after GC invocations=56 (full 0):
 garbage-first heap   total 356352K, used 174314K [0x0000000700000000, 0x0000000800000000)
  region size 2048K, 4 young (8192K), 4 survivors (8192K)
 Metaspace       used 151592K, committed 154112K, reserved 1245184K
  class space    used 21752K, committed 22976K, reserved 1048576K
}
Event: 49.259 GC heap before
{Heap before GC invocations=56 (full 0):
 garbage-first heap   total 356352K, used 284906K [0x0000000700000000, 0x0000000800000000)
  region size 2048K, 60 young (122880K), 4 survivors (8192K)
 Metaspace       used 155557K, committed 158080K, reserved 1245184K
  class space    used 22270K, committed 23488K, reserved 1048576K
}
Event: 49.271 GC heap after
{Heap after GC invocations=57 (full 0):
 garbage-first heap   total 356352K, used 178081K [0x0000000700000000, 0x0000000800000000)
  region size 2048K, 5 young (10240K), 5 survivors (10240K)
 Metaspace       used 155557K, committed 158080K, reserved 1245184K
  class space    used 22270K, committed 23488K, reserved 1048576K
}

