# JRE version: OpenJDK Runtime Environment (21.0.10) (build 21.0.10+-14961533-b1163.108)
# Java VM: OpenJDK 64-Bit Server VM (21.0.10+-14961533-b1163.108, mixed mode, tiered, compressed oops, compressed class ptrs, g1 gc, windows-amd64)
GC Precious Log:
 CardTable entry size: 512
 Card Set container configuration: InlinePtr #cards 4 size 8 Array Of Cards #cards 16 size 48 Howl #buckets 8 coarsen threshold 3686 Howl Bitmap #cards 512 size 80 coarsen threshold 460 Card regions per heap region 1 cards per card region 4096
 CPUs: 12 total, 12 available
 Memory: 7501M
 Large Page Support: Disabled
 NUMA Support: Disabled
 Compressed Oops: Enabled (Zero based)
 Heap Region Size: 2M
 Heap Min Capacity: 8M
 Heap Initial Capacity: 118M
 Heap Max Capacity: 4G
 Pre-touch: Disabled
 Parallel Workers: 10
 Concurrent Workers: 3
 Concurrent Refinement Workers: 10
 Periodic GC: Disabled
Heap:
 garbage-first heap   total 133120K, used 94348K [0x0000000700000000, 0x0000000800000000)
  region size 2048K, 20 young (40960K), 4 survivors (8192K)
 Metaspace       used 73593K, committed 75456K, reserved 1114112K
  class space    used 10443K, committed 11328K, reserved 1048576K
GC Heap History (20 events):
Event: 12.905 GC heap before
{Heap before GC invocations=10 (full 0):
 garbage-first heap   total 90112K, used 73872K [0x0000000700000000, 0x0000000800000000)
  region size 2048K, 24 young (49152K), 3 survivors (6144K)
 Metaspace       used 53954K, committed 55424K, reserved 1114112K
  class space    used 7575K, committed 8256K, reserved 1048576K
}
Event: 12.923 GC heap after
{Heap after GC invocations=11 (full 0):
 garbage-first heap   total 108544K, used 34531K [0x0000000700000000, 0x0000000800000000)
  region size 2048K, 2 young (4096K), 2 survivors (4096K)
 Metaspace       used 53954K, committed 55424K, reserved 1114112K
  class space    used 7575K, committed 8256K, reserved 1048576K
}
Event: 14.760 GC heap before
{Heap before GC invocations=11 (full 0):
 garbage-first heap   total 108544K, used 89827K [0x0000000700000000, 0x0000000800000000)
  region size 2048K, 28 young (57344K), 2 survivors (4096K)
 Metaspace       used 57083K, committed 58816K, reserved 1114112K
  class space    used 8064K, committed 8896K, reserved 1048576K
}
Event: 14.771 GC heap after
{Heap after GC invocations=12 (full 0):
 garbage-first heap   total 108544K, used 42625K [0x0000000700000000, 0x0000000800000000)
  region size 2048K, 4 young (8192K), 4 survivors (8192K)
 Metaspace       used 57083K, committed 58816K, reserved 1114112K
  class space    used 8064K, committed 8896K, reserved 1048576K
}
Event: 15.412 GC heap before
{Heap before GC invocations=12 (full 0):
 garbage-first heap   total 108544K, used 59009K [0x0000000700000000, 0x0000000800000000)
  region size 2048K, 13 young (26624K), 4 survivors (8192K)
 Metaspace       used 59038K, committed 60736K, reserved 1114112K
  class space    used 8383K, committed 9152K, reserved 1048576K
}
Event: 15.424 GC heap after
{Heap after GC invocations=13 (full 0):
 garbage-first heap   total 108544K, used 44570K [0x0000000700000000, 0x0000000800000000)
  region size 2048K, 1 young (2048K), 1 survivors (2048K)
 Metaspace       used 59038K, committed 60736K, reserved 1114112K
  class space    used 8383K, committed 9152K, reserved 1048576K
}
Event: 17.119 GC heap before
{Heap before GC invocations=14 (full 0):
 garbage-first heap   total 108544K, used 93722K [0x0000000700000000, 0x0000000800000000)
  region size 2048K, 25 young (51200K), 1 survivors (2048K)
 Metaspace       used 65424K, committed 67136K, reserved 1114112K
  class space    used 9311K, committed 10112K, reserved 1048576K
}
Event: 17.126 GC heap after
{Heap after GC invocations=15 (full 0):
 garbage-first heap   total 108544K, used 46459K [0x0000000700000000, 0x0000000800000000)
  region size 2048K, 2 young (4096K), 2 survivors (4096K)
 Metaspace       used 65424K, committed 67136K, reserved 1114112K
  class space    used 9311K, committed 10112K, reserved 1048576K
}
Event: 18.816 GC heap before
{Heap before GC invocations=15 (full 0):
 garbage-first heap   total 108544K, used 95611K [0x0000000700000000, 0x0000000800000000)
  region size 2048K, 26 young (53248K), 2 survivors (4096K)
 Metaspace       used 70873K, committed 72704K, reserved 1114112K
  class space    used 10197K, committed 11072K, reserved 1048576K
}
Event: 18.829 GC heap after
{Heap after GC invocations=16 (full 0):
 garbage-first heap   total 108544K, used 49217K [0x0000000700000000, 0x0000000800000000)
  region size 2048K, 4 young (8192K), 4 survivors (8192K)
 Metaspace       used 70873K, committed 72704K, reserved 1114112K
  class space    used 10197K, committed 11072K, reserved 1048576K
}
Event: 20.166 GC heap before
{Heap before GC invocations=16 (full 0):
 garbage-first heap   total 108544K, used 92225K [0x0000000700000000, 0x0000000800000000)
  region size 2048K, 26 young (53248K), 4 survivors (8192K)
 Metaspace       used 71651K, committed 73536K, reserved 1114112K
  class space    used 10240K, committed 11136K, reserved 1048576K
}
Event: 20.178 GC heap after
{Heap after GC invocations=17 (full 0):
 garbage-first heap   total 108544K, used 53248K [0x0000000700000000, 0x0000000800000000)
  region size 2048K, 4 young (8192K), 4 survivors (8192K)
 Metaspace       used 71651K, committed 73536K, reserved 1114112K
  class space    used 10240K, committed 11136K, reserved 1048576K
}
Event: 20.619 GC heap before
{Heap before GC invocations=17 (full 0):
 garbage-first heap   total 108544K, used 96256K [0x0000000700000000, 0x0000000800000000)
  region size 2048K, 25 young (51200K), 4 survivors (8192K)
 Metaspace       used 71864K, committed 73728K, reserved 1114112K
  class space    used 10241K, committed 11136K, reserved 1048576K
}
Event: 20.631 GC heap after
{Heap after GC invocations=18 (full 0):
 garbage-first heap   total 110592K, used 55533K [0x0000000700000000, 0x0000000800000000)
  region size 2048K, 3 young (6144K), 3 survivors (6144K)
 Metaspace       used 71864K, committed 73728K, reserved 1114112K
  class space    used 10241K, committed 11136K, reserved 1048576K
}
Event: 21.003 GC heap before
{Heap before GC invocations=19 (full 0):
 garbage-first heap   total 110592K, used 92397K [0x0000000700000000, 0x0000000800000000)
  region size 2048K, 22 young (45056K), 3 survivors (6144K)
 Metaspace       used 71929K, committed 73792K, reserved 1114112K
  class space    used 10241K, committed 11136K, reserved 1048576K
}
Event: 21.011 GC heap after
{Heap after GC invocations=20 (full 0):
 garbage-first heap   total 110592K, used 55971K [0x0000000700000000, 0x0000000800000000)
  region size 2048K, 2 young (4096K), 2 survivors (4096K)
 Metaspace       used 71929K, committed 73792K, reserved 1114112K
  class space    used 10241K, committed 11136K, reserved 1048576K
}
Event: 21.319 GC heap before
{Heap before GC invocations=20 (full 0):
 garbage-first heap   total 110592K, used 94883K [0x0000000700000000, 0x0000000800000000)
  region size 2048K, 22 young (45056K), 2 survivors (4096K)
 Metaspace       used 71939K, committed 73792K, reserved 1114112K
  class space    used 10241K, committed 11136K, reserved 1048576K
}
Event: 21.328 GC heap after
{Heap after GC invocations=21 (full 0):
 garbage-first heap   total 133120K, used 56226K [0x0000000700000000, 0x0000000800000000)
  region size 2048K, 3 young (6144K), 3 survivors (6144K)
 Metaspace       used 71939K, committed 73792K, reserved 1114112K
  class space    used 10241K, committed 11136K, reserved 1048576K
}
Event: 21.945 GC heap before
{Heap before GC invocations=21 (full 0):
 garbage-first heap   total 133120K, used 93090K [0x0000000700000000, 0x0000000800000000)
  region size 2048K, 23 young (47104K), 3 survivors (6144K)
 Metaspace       used 72300K, committed 74176K, reserved 1114112K
  class space    used 10289K, committed 11200K, reserved 1048576K
}
Event: 21.955 GC heap after
{Heap after GC invocations=22 (full 0):
 garbage-first heap   total 133120K, used 61580K [0x0000000700000000, 0x0000000800000000)
  region size 2048K, 4 young (8192K), 4 survivors (8192K)
 Metaspace       used 72300K, committed 74176K, reserved 1114112K
  class space    used 10289K, committed 11200K, reserved 1048576K
}

