# JRE version: OpenJDK Runtime Environment (21.0.10) (build 21.0.10+-14961533-b1163.108)
# Java VM: OpenJDK 64-Bit Server VM (21.0.10+-14961533-b1163.108, mixed mode, tiered, compressed oops, compressed class ptrs, g1 gc, windows-amd64)
GC Precious Log:
 CardTable entry size: 512
 Card Set container configuration: InlinePtr #cards 4 size 8 Array Of Cards #cards 16 size 48 Howl #buckets 8 coarsen threshold 3686 Howl Bitmap #cards 512 size 80 coarsen threshold 460 Card regions per heap region 1 cards per card region 4096
 CPUs: 12 total, 12 available
 Memory: 7501M
 Large Page Support: Disabled
 NUMA Support: Disabled
 Compressed Oops: Enabled (Zero based)
 Heap Region Size: 2M
 Heap Min Capacity: 8M
 Heap Initial Capacity: 118M
 Heap Max Capacity: 4G
 Pre-touch: Disabled
 Parallel Workers: 10
 Concurrent Workers: 3
 Concurrent Refinement Workers: 10
 Periodic GC: Disabled
Heap:
 garbage-first heap   total 468992K, used 459025K [0x0000000700000000, 0x0000000800000000)
  region size 2048K, 110 young (225280K), 2 survivors (4096K)
 Metaspace       used 163009K, committed 165568K, reserved 1245184K
  class space    used 22421K, committed 23680K, reserved 1048576K
GC Heap History (20 events):
Event: 468.143 GC heap after
{Heap after GC invocations=48 (full 0):
 garbage-first heap   total 370688K, used 194219K [0x0000000700000000, 0x0000000800000000)
  region size 2048K, 5 young (10240K), 5 survivors (10240K)
 Metaspace       used 160069K, committed 162688K, reserved 1245184K
  class space    used 22390K, committed 23680K, reserved 1048576K
}
Event: 552.387 GC heap before
{Heap before GC invocations=49 (full 0):
 garbage-first heap   total 382976K, used 374443K [0x0000000700000000, 0x0000000800000000)
  region size 2048K, 78 young (159744K), 5 survivors (10240K)
 Metaspace       used 160398K, committed 163008K, reserved 1245184K
  class space    used 22408K, committed 23680K, reserved 1048576K
}
Event: 552.406 GC heap after
{Heap after GC invocations=50 (full 0):
 garbage-first heap   total 397312K, used 196664K [0x0000000700000000, 0x0000000800000000)
  region size 2048K, 9 young (18432K), 9 survivors (18432K)
 Metaspace       used 160398K, committed 163008K, reserved 1245184K
  class space    used 22408K, committed 23680K, reserved 1048576K
}
Event: 556.883 GC heap before
{Heap before GC invocations=50 (full 0):
 garbage-first heap   total 397312K, used 364600K [0x0000000700000000, 0x0000000800000000)
  region size 2048K, 91 young (186368K), 9 survivors (18432K)
 Metaspace       used 160542K, committed 163136K, reserved 1245184K
  class space    used 22409K, committed 23680K, reserved 1048576K
}
Event: 556.910 GC heap after
{Heap after GC invocations=51 (full 0):
 garbage-first heap   total 403456K, used 186147K [0x0000000700000000, 0x0000000800000000)
  region size 2048K, 10 young (20480K), 10 survivors (20480K)
 Metaspace       used 160542K, committed 163136K, reserved 1245184K
  class space    used 22409K, committed 23680K, reserved 1048576K
}
Event: 557.382 GC heap before
{Heap before GC invocations=51 (full 0):
 garbage-first heap   total 403456K, used 259875K [0x0000000700000000, 0x0000000800000000)
  region size 2048K, 48 young (98304K), 10 survivors (20480K)
 Metaspace       used 161002K, committed 163584K, reserved 1245184K
  class space    used 22410K, committed 23680K, reserved 1048576K
}
Event: 557.397 GC heap after
{Heap after GC invocations=52 (full 0):
 garbage-first heap   total 403456K, used 187110K [0x0000000700000000, 0x0000000800000000)
  region size 2048K, 5 young (10240K), 5 survivors (10240K)
 Metaspace       used 161002K, committed 163584K, reserved 1245184K
  class space    used 22410K, committed 23680K, reserved 1048576K
}
Event: 615.756 GC heap before
{Heap before GC invocations=53 (full 0):
 garbage-first heap   total 403456K, used 398054K [0x0000000700000000, 0x0000000800000000)
  region size 2048K, 91 young (186368K), 5 survivors (10240K)
 Metaspace       used 161332K, committed 163968K, reserved 1245184K
  class space    used 22405K, committed 23680K, reserved 1048576K
}
Event: 615.775 GC heap after
{Heap after GC invocations=54 (full 0):
 garbage-first heap   total 421888K, used 194976K [0x0000000700000000, 0x0000000800000000)
  region size 2048K, 9 young (18432K), 9 survivors (18432K)
 Metaspace       used 161332K, committed 163968K, reserved 1245184K
  class space    used 22405K, committed 23680K, reserved 1048576K
}
Event: 619.597 GC heap before
{Heap before GC invocations=54 (full 0):
 garbage-first heap   total 421888K, used 387488K [0x0000000700000000, 0x0000000800000000)
  region size 2048K, 103 young (210944K), 9 survivors (18432K)
 Metaspace       used 161699K, committed 164288K, reserved 1245184K
  class space    used 22407K, committed 23680K, reserved 1048576K
}
Event: 619.620 GC heap after
{Heap after GC invocations=55 (full 0):
 garbage-first heap   total 421888K, used 198593K [0x0000000700000000, 0x0000000800000000)
  region size 2048K, 10 young (20480K), 10 survivors (20480K)
 Metaspace       used 161699K, committed 164288K, reserved 1245184K
  class space    used 22407K, committed 23680K, reserved 1048576K
}
Event: 619.768 GC heap before
{Heap before GC invocations=55 (full 0):
 garbage-first heap   total 421888K, used 221121K [0x0000000700000000, 0x0000000800000000)
  region size 2048K, 22 young (45056K), 10 survivors (20480K)
 Metaspace       used 161796K, committed 164416K, reserved 1245184K
  class space    used 22407K, committed 23680K, reserved 1048576K
}
Event: 619.783 GC heap after
{Heap after GC invocations=56 (full 0):
 garbage-first heap   total 421888K, used 199512K [0x0000000700000000, 0x0000000800000000)
  region size 2048K, 4 young (8192K), 4 survivors (8192K)
 Metaspace       used 161796K, committed 164416K, reserved 1245184K
  class space    used 22407K, committed 23680K, reserved 1048576K
}
Event: 632.859 GC heap before
{Heap before GC invocations=57 (full 0):
 garbage-first heap   total 421888K, used 418648K [0x0000000700000000, 0x0000000800000000)
  region size 2048K, 97 young (198656K), 4 survivors (8192K)
 Metaspace       used 162132K, committed 164736K, reserved 1245184K
  class space    used 22410K, committed 23680K, reserved 1048576K
}
Event: 632.883 GC heap after
{Heap after GC invocations=58 (full 0):
 garbage-first heap   total 442368K, used 203874K [0x0000000700000000, 0x0000000800000000)
  region size 2048K, 10 young (20480K), 10 survivors (20480K)
 Metaspace       used 162132K, committed 164736K, reserved 1245184K
  class space    used 22410K, committed 23680K, reserved 1048576K
}
Event: 636.614 GC heap before
{Heap before GC invocations=58 (full 0):
 garbage-first heap   total 442368K, used 439394K [0x0000000700000000, 0x0000000800000000)
  region size 2048K, 107 young (219136K), 10 survivors (20480K)
 Metaspace       used 162459K, committed 165056K, reserved 1245184K
  class space    used 22412K, committed 23680K, reserved 1048576K
}
Event: 636.635 GC heap after
{Heap after GC invocations=59 (full 0):
 garbage-first heap   total 466944K, used 195784K [0x0000000700000000, 0x0000000800000000)
  region size 2048K, 3 young (6144K), 3 survivors (6144K)
 Metaspace       used 162459K, committed 165056K, reserved 1245184K
  class space    used 22412K, committed 23680K, reserved 1048576K
}
Event: 669.275 GC heap before
{Heap before GC invocations=59 (full 0):
 garbage-first heap   total 466944K, used 433352K [0x0000000700000000, 0x0000000800000000)
  region size 2048K, 120 young (245760K), 3 survivors (6144K)
 Metaspace       used 162754K, committed 165376K, reserved 1245184K
  class space    used 22419K, committed 23680K, reserved 1048576K
}
Event: 669.296 GC heap after
{Heap after GC invocations=60 (full 0):
 garbage-first heap   total 466944K, used 209156K [0x0000000700000000, 0x0000000800000000)
  region size 2048K, 9 young (18432K), 9 survivors (18432K)
 Metaspace       used 162754K, committed 165376K, reserved 1245184K
  class space    used 22419K, committed 23680K, reserved 1048576K
}
Event: 733.943 GC heap before
{Heap before GC invocations=61 (full 0):
 garbage-first heap   total 466944K, used 456964K [0x0000000700000000, 0x0000000800000000)
  region size 2048K, 117 young (239616K), 9 survivors (18432K)
 Metaspace       used 163009K, committed 165568K, reserved 1245184K
  class space    used 22421K, committed 23680K, reserved 1048576K
}

