# JRE version: OpenJDK Runtime Environment Temurin-21.0.7+6 (21.0.7+6) (build 21.0.7+6-LTS)
# Java VM: OpenJDK 64-Bit Server VM Temurin-21.0.7+6 (21.0.7+6-LTS, mixed mode, sharing, tiered, compressed oops, compressed class ptrs, g1 gc, windows-amd64)
GC Precious Log:
 CardTable entry size: 512
 Card Set container configuration: InlinePtr #cards 4 size 8 Array Of Cards #cards 16 size 48 Howl #buckets 8 coarsen threshold 3686 Howl Bitmap #cards 512 size 80 coarsen threshold 460 Card regions per heap region 1 cards per card region 4096
 CPUs: 12 total, 12 available
 Memory: 7501M
 Large Page Support: Disabled
 NUMA Support: Disabled
 Compressed Oops: Enabled (Zero based)
 Heap Region Size: 2M
 Heap Min Capacity: 8M
 Heap Initial Capacity: 118M
 Heap Max Capacity: 4G
 Pre-touch: Disabled
 Parallel Workers: 10
 Concurrent Workers: 3
 Concurrent Refinement Workers: 10
 Periodic GC: Disabled
Heap:
 garbage-first heap   total 184320K, used 110483K [0x0000000700000000, 0x0000000800000000)
  region size 2048K, 3 young (6144K), 3 survivors (6144K)
 Metaspace       used 104251K, committed 106624K, reserved 1179648K
  class space    used 14327K, committed 15488K, reserved 1048576K
GC Heap History (20 events):
Event: 18.808 GC heap after
{Heap after GC invocations=23 (full 0):
 garbage-first heap   total 167936K, used 77734K [0x0000000700000000, 0x0000000800000000)
  region size 2048K, 3 young (6144K), 3 survivors (6144K)
 Metaspace       used 74953K, committed 77056K, reserved 1179648K
  class space    used 10256K, committed 11328K, reserved 1048576K
}
Event: 20.077 GC heap before
{Heap before GC invocations=23 (full 0):
 garbage-first heap   total 167936K, used 143270K [0x0000000700000000, 0x0000000800000000)
  region size 2048K, 35 young (71680K), 3 survivors (6144K)
 Metaspace       used 78779K, committed 80896K, reserved 1179648K
  class space    used 10767K, committed 11840K, reserved 1048576K
}
Event: 20.089 GC heap after
{Heap after GC invocations=24 (full 0):
 garbage-first heap   total 167936K, used 82888K [0x0000000700000000, 0x0000000800000000)
  region size 2048K, 5 young (10240K), 5 survivors (10240K)
 Metaspace       used 78779K, committed 80896K, reserved 1179648K
  class space    used 10767K, committed 11840K, reserved 1048576K
}
Event: 21.044 GC heap before
{Heap before GC invocations=24 (full 0):
 garbage-first heap   total 167936K, used 144328K [0x0000000700000000, 0x0000000800000000)
  region size 2048K, 35 young (71680K), 5 survivors (10240K)
 Metaspace       used 81990K, committed 84160K, reserved 1179648K
  class space    used 11184K, committed 12288K, reserved 1048576K
}
Event: 21.058 GC heap after
{Heap after GC invocations=25 (full 0):
 garbage-first heap   total 167936K, used 86824K [0x0000000700000000, 0x0000000800000000)
  region size 2048K, 3 young (6144K), 3 survivors (6144K)
 Metaspace       used 81990K, committed 84160K, reserved 1179648K
  class space    used 11184K, committed 12288K, reserved 1048576K
}
Event: 22.345 GC heap before
{Heap before GC invocations=26 (full 0):
 garbage-first heap   total 167936K, used 148264K [0x0000000700000000, 0x0000000800000000)
  region size 2048K, 33 young (67584K), 3 survivors (6144K)
 Metaspace       used 86287K, committed 88448K, reserved 1179648K
  class space    used 11912K, committed 12992K, reserved 1048576K
}
Event: 22.353 GC heap after
{Heap after GC invocations=27 (full 0):
 garbage-first heap   total 167936K, used 87701K [0x0000000700000000, 0x0000000800000000)
  region size 2048K, 3 young (6144K), 3 survivors (6144K)
 Metaspace       used 86287K, committed 88448K, reserved 1179648K
  class space    used 11912K, committed 12992K, reserved 1048576K
}
Event: 23.580 GC heap before
{Heap before GC invocations=27 (full 0):
 garbage-first heap   total 167936K, used 151189K [0x0000000700000000, 0x0000000800000000)
  region size 2048K, 34 young (69632K), 3 survivors (6144K)
 Metaspace       used 90442K, committed 92736K, reserved 1179648K
  class space    used 12529K, committed 13696K, reserved 1048576K
}
Event: 23.590 GC heap after
{Heap after GC invocations=28 (full 0):
 garbage-first heap   total 167936K, used 89882K [0x0000000700000000, 0x0000000800000000)
  region size 2048K, 3 young (6144K), 3 survivors (6144K)
 Metaspace       used 90442K, committed 92736K, reserved 1179648K
  class space    used 12529K, committed 13696K, reserved 1048576K
}
Event: 24.723 GC heap before
{Heap before GC invocations=28 (full 0):
 garbage-first heap   total 167936K, used 149274K [0x0000000700000000, 0x0000000800000000)
  region size 2048K, 32 young (65536K), 3 survivors (6144K)
 Metaspace       used 94407K, committed 96704K, reserved 1179648K
  class space    used 13082K, committed 14208K, reserved 1048576K
}
Event: 24.735 GC heap after
{Heap after GC invocations=29 (full 0):
 garbage-first heap   total 167936K, used 93325K [0x0000000700000000, 0x0000000800000000)
  region size 2048K, 4 young (8192K), 4 survivors (8192K)
 Metaspace       used 94407K, committed 96704K, reserved 1179648K
  class space    used 13082K, committed 14208K, reserved 1048576K
}
Event: 25.997 GC heap before
{Heap before GC invocations=30 (full 0):
 garbage-first heap   total 167936K, used 146573K [0x0000000700000000, 0x0000000800000000)
  region size 2048K, 30 young (61440K), 4 survivors (8192K)
 Metaspace       used 98599K, committed 100928K, reserved 1179648K
  class space    used 13680K, committed 14848K, reserved 1048576K
}
Event: 26.007 GC heap after
{Heap after GC invocations=31 (full 0):
 garbage-first heap   total 167936K, used 96190K [0x0000000700000000, 0x0000000800000000)
  region size 2048K, 3 young (6144K), 3 survivors (6144K)
 Metaspace       used 98599K, committed 100928K, reserved 1179648K
  class space    used 13680K, committed 14848K, reserved 1048576K
}
Event: 27.036 GC heap before
{Heap before GC invocations=31 (full 0):
 garbage-first heap   total 167936K, used 149438K [0x0000000700000000, 0x0000000800000000)
  region size 2048K, 30 young (61440K), 3 survivors (6144K)
 Metaspace       used 102967K, committed 105280K, reserved 1179648K
  class space    used 14193K, committed 15360K, reserved 1048576K
}
Event: 27.053 GC heap after
{Heap after GC invocations=32 (full 0):
 garbage-first heap   total 167936K, used 101160K [0x0000000700000000, 0x0000000800000000)
  region size 2048K, 4 young (8192K), 4 survivors (8192K)
 Metaspace       used 102967K, committed 105280K, reserved 1179648K
  class space    used 14193K, committed 15360K, reserved 1048576K
}
Event: 28.006 GC heap before
{Heap before GC invocations=32 (full 0):
 garbage-first heap   total 167936K, used 148264K [0x0000000700000000, 0x0000000800000000)
  region size 2048K, 27 young (55296K), 4 survivors (8192K)
 Metaspace       used 103708K, committed 106112K, reserved 1179648K
  class space    used 14238K, committed 15424K, reserved 1048576K
}
Event: 28.021 GC heap after
{Heap after GC invocations=33 (full 0):
 garbage-first heap   total 167936K, used 108087K [0x0000000700000000, 0x0000000800000000)
  region size 2048K, 4 young (8192K), 4 survivors (8192K)
 Metaspace       used 103708K, committed 106112K, reserved 1179648K
  class space    used 14238K, committed 15424K, reserved 1048576K
}
Event: 28.366 GC heap before
{Heap before GC invocations=34 (full 0):
 garbage-first heap   total 184320K, used 144951K [0x0000000700000000, 0x0000000800000000)
  region size 2048K, 23 young (47104K), 4 survivors (8192K)
 Metaspace       used 103725K, committed 106112K, reserved 1179648K
  class space    used 14238K, committed 15424K, reserved 1048576K
}
Event: 28.373 GC heap after
{Heap after GC invocations=35 (full 0):
 garbage-first heap   total 184320K, used 109493K [0x0000000700000000, 0x0000000800000000)
  region size 2048K, 2 young (4096K), 2 survivors (4096K)
 Metaspace       used 103725K, committed 106112K, reserved 1179648K
  class space    used 14238K, committed 15424K, reserved 1048576K
}
Event: 29.177 GC heap before
{Heap before GC invocations=35 (full 0):
 garbage-first heap   total 184320K, used 164789K [0x0000000700000000, 0x0000000800000000)
  region size 2048K, 30 young (61440K), 2 survivors (4096K)
 Metaspace       used 104251K, committed 106624K, reserved 1179648K
  class space    used 14327K, committed 15488K, reserved 1048576K
}

