# JRE version: OpenJDK Runtime Environment (21.0.10) (build 21.0.10+-14961533-b1163.108)
# Java VM: OpenJDK 64-Bit Server VM (21.0.10+-14961533-b1163.108, mixed mode, tiered, compressed oops, compressed class ptrs, g1 gc, windows-amd64)
GC Precious Log:
 CardTable entry size: 512
 Card Set container configuration: InlinePtr #cards 4 size 8 Array Of Cards #cards 16 size 48 Howl #buckets 8 coarsen threshold 3686 Howl Bitmap #cards 512 size 80 coarsen threshold 460 Card regions per heap region 1 cards per card region 4096
 CPUs: 12 total, 12 available
 Memory: 7501M
 Large Page Support: Disabled
 NUMA Support: Disabled
 Compressed Oops: Enabled (Zero based)
 Heap Region Size: 2M
 Heap Min Capacity: 8M
 Heap Initial Capacity: 118M
 Heap Max Capacity: 4G
 Pre-touch: Disabled
 Parallel Workers: 10
 Concurrent Workers: 3
 Concurrent Refinement Workers: 10
 Periodic GC: Disabled
Heap:
 garbage-first heap   total 919552K, used 313898K [0x0000000700000000, 0x0000000800000000)
  region size 2048K, 17 young (34816K), 17 survivors (34816K)
 Metaspace       used 158738K, committed 161152K, reserved 1245184K
  class space    used 22152K, committed 23360K, reserved 1048576K
GC Heap History (20 events):
Event: 71.603 GC heap after
{Heap after GC invocations=75 (full 0):
 garbage-first heap   total 669696K, used 252868K [0x0000000700000000, 0x0000000800000000)
  region size 2048K, 13 young (26624K), 13 survivors (26624K)
 Metaspace       used 158053K, committed 160512K, reserved 1245184K
  class space    used 22125K, committed 23360K, reserved 1048576K
}
Event: 72.336 GC heap before
{Heap before GC invocations=75 (full 0):
 garbage-first heap   total 669696K, used 627652K [0x0000000700000000, 0x0000000800000000)
  region size 2048K, 196 young (401408K), 13 survivors (26624K)
 Metaspace       used 158114K, committed 160576K, reserved 1245184K
  class space    used 22126K, committed 23360K, reserved 1048576K
}
Event: 72.360 GC heap after
{Heap after GC invocations=76 (full 0):
 garbage-first heap   total 669696K, used 255392K [0x0000000700000000, 0x0000000800000000)
  region size 2048K, 15 young (30720K), 15 survivors (30720K)
 Metaspace       used 158114K, committed 160576K, reserved 1245184K
  class space    used 22126K, committed 23360K, reserved 1048576K
}
Event: 73.246 GC heap before
{Heap before GC invocations=77 (full 0):
 garbage-first heap   total 669696K, used 624032K [0x0000000700000000, 0x0000000800000000)
  region size 2048K, 197 young (403456K), 15 survivors (30720K)
 Metaspace       used 158240K, committed 160704K, reserved 1245184K
  class space    used 22128K, committed 23360K, reserved 1048576K
}
Event: 73.275 GC heap after
{Heap after GC invocations=78 (full 0):
 garbage-first heap   total 669696K, used 262165K [0x0000000700000000, 0x0000000800000000)
  region size 2048K, 17 young (34816K), 17 survivors (34816K)
 Metaspace       used 158240K, committed 160704K, reserved 1245184K
  class space    used 22128K, committed 23360K, reserved 1048576K
}
Event: 73.902 GC heap before
{Heap before GC invocations=78 (full 0):
 garbage-first heap   total 669696K, used 626709K [0x0000000700000000, 0x0000000800000000)
  region size 2048K, 196 young (401408K), 17 survivors (34816K)
 Metaspace       used 158364K, committed 160832K, reserved 1245184K
  class space    used 22132K, committed 23360K, reserved 1048576K
}
Event: 74.035 GC heap after
{Heap after GC invocations=79 (full 0):
 garbage-first heap   total 919552K, used 275359K [0x0000000700000000, 0x0000000800000000)
  region size 2048K, 21 young (43008K), 21 survivors (43008K)
 Metaspace       used 158364K, committed 160832K, reserved 1245184K
  class space    used 22132K, committed 23360K, reserved 1048576K
}
Event: 75.206 GC heap before
{Heap before GC invocations=79 (full 0):
 garbage-first heap   total 919552K, used 781215K [0x0000000700000000, 0x0000000800000000)
  region size 2048K, 269 young (550912K), 21 survivors (43008K)
 Metaspace       used 158448K, committed 160896K, reserved 1245184K
  class space    used 22136K, committed 23360K, reserved 1048576K
}
Event: 75.241 GC heap after
{Heap after GC invocations=80 (full 0):
 garbage-first heap   total 919552K, used 277210K [0x0000000700000000, 0x0000000800000000)
  region size 2048K, 20 young (40960K), 20 survivors (40960K)
 Metaspace       used 158448K, committed 160896K, reserved 1245184K
  class space    used 22136K, committed 23360K, reserved 1048576K
}
Event: 76.377 GC heap before
{Heap before GC invocations=80 (full 0):
 garbage-first heap   total 919552K, used 654042K [0x0000000700000000, 0x0000000800000000)
  region size 2048K, 205 young (419840K), 20 survivors (40960K)
 Metaspace       used 158601K, committed 161024K, reserved 1245184K
  class space    used 22149K, committed 23360K, reserved 1048576K
}
Event: 76.422 GC heap after
{Heap after GC invocations=81 (full 0):
 garbage-first heap   total 919552K, used 285748K [0x0000000700000000, 0x0000000800000000)
  region size 2048K, 20 young (40960K), 20 survivors (40960K)
 Metaspace       used 158601K, committed 161024K, reserved 1245184K
  class space    used 22149K, committed 23360K, reserved 1048576K
}
Event: 78.009 GC heap before
{Heap before GC invocations=82 (full 0):
 garbage-first heap   total 919552K, used 795700K [0x0000000700000000, 0x0000000800000000)
  region size 2048K, 269 young (550912K), 20 survivors (40960K)
 Metaspace       used 158637K, committed 161088K, reserved 1245184K
  class space    used 22150K, committed 23360K, reserved 1048576K
}
Event: 78.067 GC heap after
{Heap after GC invocations=83 (full 0):
 garbage-first heap   total 919552K, used 302652K [0x0000000700000000, 0x0000000800000000)
  region size 2048K, 18 young (36864K), 18 survivors (36864K)
 Metaspace       used 158637K, committed 161088K, reserved 1245184K
  class space    used 22150K, committed 23360K, reserved 1048576K
}
Event: 80.038 GC heap before
{Heap before GC invocations=83 (full 0):
 garbage-first heap   total 919552K, used 816700K [0x0000000700000000, 0x0000000800000000)
  region size 2048K, 269 young (550912K), 18 survivors (36864K)
 Metaspace       used 158660K, committed 161088K, reserved 1245184K
  class space    used 22150K, committed 23360K, reserved 1048576K
}
Event: 80.114 GC heap after
{Heap after GC invocations=84 (full 0):
 garbage-first heap   total 919552K, used 316122K [0x0000000700000000, 0x0000000800000000)
  region size 2048K, 28 young (57344K), 28 survivors (57344K)
 Metaspace       used 158660K, committed 161088K, reserved 1245184K
  class space    used 22150K, committed 23360K, reserved 1048576K
}
Event: 81.497 GC heap before
{Heap before GC invocations=84 (full 0):
 garbage-first heap   total 919552K, used 807642K [0x0000000700000000, 0x0000000800000000)
  region size 2048K, 269 young (550912K), 28 survivors (57344K)
 Metaspace       used 158670K, committed 161088K, reserved 1245184K
  class space    used 22150K, committed 23360K, reserved 1048576K
}
Event: 81.555 GC heap after
{Heap after GC invocations=85 (full 0):
 garbage-first heap   total 919552K, used 322939K [0x0000000700000000, 0x0000000800000000)
  region size 2048K, 17 young (34816K), 17 survivors (34816K)
 Metaspace       used 158670K, committed 161088K, reserved 1245184K
  class space    used 22150K, committed 23360K, reserved 1048576K
}
Event: 83.274 GC heap before
{Heap before GC invocations=86 (full 0):
 garbage-first heap   total 919552K, used 839035K [0x0000000700000000, 0x0000000800000000)
  region size 2048K, 269 young (550912K), 17 survivors (34816K)
 Metaspace       used 158681K, committed 161088K, reserved 1245184K
  class space    used 22150K, committed 23360K, reserved 1048576K
}
Event: 83.310 GC heap after
{Heap after GC invocations=87 (full 0):
 garbage-first heap   total 919552K, used 320328K [0x0000000700000000, 0x0000000800000000)
  region size 2048K, 16 young (32768K), 16 survivors (32768K)
 Metaspace       used 158681K, committed 161088K, reserved 1245184K
  class space    used 22150K, committed 23360K, reserved 1048576K
}
Event: 84.522 GC heap before
{Heap before GC invocations=87 (full 0):
 garbage-first heap   total 919552K, used 836424K [0x0000000700000000, 0x0000000800000000)
  region size 2048K, 269 young (550912K), 16 survivors (32768K)
 Metaspace       used 158738K, committed 161152K, reserved 1245184K
  class space    used 22152K, committed 23360K, reserved 1048576K
}

