# JRE version: OpenJDK Runtime Environment (21.0.10) (build 21.0.10+-14961533-b1163.108)
# Java VM: OpenJDK 64-Bit Server VM (21.0.10+-14961533-b1163.108, mixed mode, tiered, compressed oops, compressed class ptrs, g1 gc, windows-amd64)
GC Precious Log:
 CardTable entry size: 512
 Card Set container configuration: InlinePtr #cards 4 size 8 Array Of Cards #cards 16 size 48 Howl #buckets 8 coarsen threshold 3686 Howl Bitmap #cards 512 size 80 coarsen threshold 460 Card regions per heap region 1 cards per card region 4096
 CPUs: 12 total, 12 available
 Memory: 7501M
 Large Page Support: Disabled
 NUMA Support: Disabled
 Compressed Oops: Enabled (Zero based)
 Heap Region Size: 2M
 Heap Min Capacity: 8M
 Heap Initial Capacity: 118M
 Heap Max Capacity: 4G
 Pre-touch: Disabled
 Parallel Workers: 10
 Concurrent Workers: 3
 Concurrent Refinement Workers: 10
 Periodic GC: Disabled
Heap:
 garbage-first heap   total 485376K, used 303883K [0x0000000700000000, 0x0000000800000000)
  region size 2048K, 5 young (10240K), 5 survivors (10240K)
 Metaspace       used 144471K, committed 146816K, reserved 1179648K
  class space    used 20539K, committed 21632K, reserved 1048576K
GC Heap History (20 events):
Event: 35.030 GC heap after
{Heap after GC invocations=41 (full 0):
 garbage-first heap   total 266240K, used 142497K [0x0000000700000000, 0x0000000800000000)
  region size 2048K, 5 young (10240K), 5 survivors (10240K)
 Metaspace       used 131464K, committed 133824K, reserved 1179648K
  class space    used 18374K, committed 19520K, reserved 1048576K
}
Event: 35.766 GC heap before
{Heap before GC invocations=41 (full 0):
 garbage-first heap   total 266240K, used 232609K [0x0000000700000000, 0x0000000800000000)
  region size 2048K, 50 young (102400K), 5 survivors (10240K)
 Metaspace       used 133189K, committed 135488K, reserved 1179648K
  class space    used 18620K, committed 19712K, reserved 1048576K
}
Event: 35.783 GC heap after
{Heap after GC invocations=42 (full 0):
 garbage-first heap   total 266240K, used 148710K [0x0000000700000000, 0x0000000800000000)
  region size 2048K, 6 young (12288K), 6 survivors (12288K)
 Metaspace       used 133189K, committed 135488K, reserved 1179648K
  class space    used 18620K, committed 19712K, reserved 1048576K
}
Event: 35.876 GC heap before
{Heap before GC invocations=42 (full 0):
 garbage-first heap   total 266240K, used 232678K [0x0000000700000000, 0x0000000800000000)
  region size 2048K, 48 young (98304K), 6 survivors (12288K)
 Metaspace       used 133503K, committed 135808K, reserved 1179648K
  class space    used 18667K, committed 19776K, reserved 1048576K
}
Event: 35.891 GC heap after
{Heap after GC invocations=43 (full 0):
 garbage-first heap   total 266240K, used 166184K [0x0000000700000000, 0x0000000800000000)
  region size 2048K, 6 young (12288K), 6 survivors (12288K)
 Metaspace       used 133503K, committed 135808K, reserved 1179648K
  class space    used 18667K, committed 19776K, reserved 1048576K
}
Event: 36.381 GC heap before
{Heap before GC invocations=44 (full 0):
 garbage-first heap   total 280576K, used 233768K [0x0000000700000000, 0x0000000800000000)
  region size 2048K, 40 young (81920K), 6 survivors (12288K)
 Metaspace       used 136500K, committed 138816K, reserved 1179648K
  class space    used 19191K, committed 20288K, reserved 1048576K
}
Event: 36.394 GC heap after
{Heap after GC invocations=45 (full 0):
 garbage-first heap   total 280576K, used 178663K [0x0000000700000000, 0x0000000800000000)
  region size 2048K, 5 young (10240K), 5 survivors (10240K)
 Metaspace       used 136500K, committed 138816K, reserved 1179648K
  class space    used 19191K, committed 20288K, reserved 1048576K
}
Event: 36.668 GC heap before
{Heap before GC invocations=45 (full 0):
 garbage-first heap   total 280576K, used 248295K [0x0000000700000000, 0x0000000800000000)
  region size 2048K, 39 young (79872K), 5 survivors (10240K)
 Metaspace       used 138359K, committed 140736K, reserved 1179648K
  class space    used 19475K, committed 20608K, reserved 1048576K
}
Event: 36.691 GC heap after
{Heap after GC invocations=46 (full 0):
 garbage-first heap   total 280576K, used 188665K [0x0000000700000000, 0x0000000800000000)
  region size 2048K, 5 young (10240K), 5 survivors (10240K)
 Metaspace       used 138359K, committed 140736K, reserved 1179648K
  class space    used 19475K, committed 20608K, reserved 1048576K
}
Event: 36.835 GC heap before
{Heap before GC invocations=46 (full 0):
 garbage-first heap   total 280576K, used 250105K [0x0000000700000000, 0x0000000800000000)
  region size 2048K, 35 young (71680K), 5 survivors (10240K)
 Metaspace       used 138875K, committed 141248K, reserved 1179648K
  class space    used 19562K, committed 20672K, reserved 1048576K
}
Event: 36.858 GC heap after
{Heap after GC invocations=47 (full 0):
 garbage-first heap   total 385024K, used 200256K [0x0000000700000000, 0x0000000800000000)
  region size 2048K, 5 young (10240K), 5 survivors (10240K)
 Metaspace       used 138875K, committed 141248K, reserved 1179648K
  class space    used 19562K, committed 20672K, reserved 1048576K
}
Event: 37.287 GC heap before
{Heap before GC invocations=48 (full 0):
 garbage-first heap   total 385024K, used 329280K [0x0000000700000000, 0x0000000800000000)
  region size 2048K, 69 young (141312K), 5 survivors (10240K)
 Metaspace       used 140724K, committed 143104K, reserved 1179648K
  class space    used 19922K, committed 21056K, reserved 1048576K
}
Event: 37.328 GC heap after
{Heap after GC invocations=49 (full 0):
 garbage-first heap   total 385024K, used 224562K [0x0000000700000000, 0x0000000800000000)
  region size 2048K, 9 young (18432K), 9 survivors (18432K)
 Metaspace       used 140724K, committed 143104K, reserved 1179648K
  class space    used 19922K, committed 21056K, reserved 1048576K
}
Event: 37.613 GC heap before
{Heap before GC invocations=49 (full 0):
 garbage-first heap   total 385024K, used 329010K [0x0000000700000000, 0x0000000800000000)
  region size 2048K, 61 young (124928K), 9 survivors (18432K)
 Metaspace       used 141901K, committed 144256K, reserved 1179648K
  class space    used 20081K, committed 21184K, reserved 1048576K
}
Event: 37.653 GC heap after
{Heap after GC invocations=50 (full 0):
 garbage-first heap   total 385024K, used 246308K [0x0000000700000000, 0x0000000800000000)
  region size 2048K, 8 young (16384K), 8 survivors (16384K)
 Metaspace       used 141901K, committed 144256K, reserved 1179648K
  class space    used 20081K, committed 21184K, reserved 1048576K
}
Event: 37.808 GC heap before
{Heap before GC invocations=50 (full 0):
 garbage-first heap   total 385024K, used 338468K [0x0000000700000000, 0x0000000800000000)
  region size 2048K, 53 young (108544K), 8 survivors (16384K)
 Metaspace       used 142617K, committed 145024K, reserved 1179648K
  class space    used 20171K, committed 21312K, reserved 1048576K
}
Event: 37.843 GC heap after
{Heap after GC invocations=51 (full 0):
 garbage-first heap   total 385024K, used 271735K [0x0000000700000000, 0x0000000800000000)
  region size 2048K, 7 young (14336K), 7 survivors (14336K)
 Metaspace       used 142617K, committed 145024K, reserved 1179648K
  class space    used 20171K, committed 21312K, reserved 1048576K
}
Event: 38.098 GC heap before
{Heap before GC invocations=51 (full 0):
 garbage-first heap   total 385024K, used 345463K [0x0000000700000000, 0x0000000800000000)
  region size 2048K, 43 young (88064K), 7 survivors (14336K)
 Metaspace       used 144152K, committed 146560K, reserved 1179648K
  class space    used 20485K, committed 21632K, reserved 1048576K
}
Event: 38.128 GC heap after
{Heap after GC invocations=52 (full 0):
 garbage-first heap   total 385024K, used 290148K [0x0000000700000000, 0x0000000800000000)
  region size 2048K, 6 young (12288K), 6 survivors (12288K)
 Metaspace       used 144152K, committed 146560K, reserved 1179648K
  class space    used 20485K, committed 21632K, reserved 1048576K
}
Event: 38.294 GC heap before
{Heap before GC invocations=52 (full 0):
 garbage-first heap   total 485376K, used 351588K [0x0000000700000000, 0x0000000800000000)
  region size 2048K, 36 young (73728K), 6 survivors (12288K)
 Metaspace       used 144471K, committed 146816K, reserved 1179648K
  class space    used 20539K, committed 21632K, reserved 1048576K
}

