# JRE version: OpenJDK Runtime Environment (21.0.10) (build 21.0.10+-14961533-b1163.108)
# Java VM: OpenJDK 64-Bit Server VM (21.0.10+-14961533-b1163.108, mixed mode, tiered, compressed oops, compressed class ptrs, g1 gc, windows-amd64)
GC Precious Log:
 CardTable entry size: 512
 Card Set container configuration: InlinePtr #cards 4 size 8 Array Of Cards #cards 16 size 48 Howl #buckets 8 coarsen threshold 3686 Howl Bitmap #cards 512 size 80 coarsen threshold 460 Card regions per heap region 1 cards per card region 4096
 CPUs: 12 total, 12 available
 Memory: 7501M
 Large Page Support: Disabled
 NUMA Support: Disabled
 Compressed Oops: Enabled (Zero based)
 Heap Region Size: 2M
 Heap Min Capacity: 8M
 Heap Initial Capacity: 118M
 Heap Max Capacity: 4G
 Pre-touch: Disabled
 Parallel Workers: 10
 Concurrent Workers: 3
 Concurrent Refinement Workers: 10
 Periodic GC: Disabled
Heap:
 garbage-first heap   total 616448K, used 280108K [0x0000000700000000, 0x0000000800000000)
  region size 2048K, 6 young (12288K), 2 survivors (4096K)
 Metaspace       used 181872K, committed 184576K, reserved 1245184K
  class space    used 25284K, committed 26624K, reserved 1048576K
GC Heap History (20 events):
Event: 749.976 GC heap before
{Heap before GC invocations=74 (full 0):
 garbage-first heap   total 520192K, used 481327K [0x0000000700000000, 0x0000000800000000)
  region size 2048K, 140 young (286720K), 9 survivors (18432K)
 Metaspace       used 178627K, committed 181312K, reserved 1245184K
  class space    used 25061K, committed 26368K, reserved 1048576K
}
Event: 750.018 GC heap after
{Heap after GC invocations=75 (full 0):
 garbage-first heap   total 520192K, used 229858K [0x0000000700000000, 0x0000000800000000)
  region size 2048K, 17 young (34816K), 17 survivors (34816K)
 Metaspace       used 178627K, committed 181312K, reserved 1245184K
  class space    used 25061K, committed 26368K, reserved 1048576K
}
Event: 785.452 GC heap before
{Heap before GC invocations=76 (full 0):
 garbage-first heap   total 520192K, used 514530K [0x0000000700000000, 0x0000000800000000)
  region size 2048K, 136 young (278528K), 17 survivors (34816K)
 Metaspace       used 178900K, committed 181568K, reserved 1245184K
  class space    used 25062K, committed 26368K, reserved 1048576K
}
Event: 785.492 GC heap after
{Heap after GC invocations=77 (full 0):
 garbage-first heap   total 557056K, used 232118K [0x0000000700000000, 0x0000000800000000)
  region size 2048K, 11 young (22528K), 11 survivors (22528K)
 Metaspace       used 178900K, committed 181568K, reserved 1245184K
  class space    used 25062K, committed 26368K, reserved 1048576K
}
Event: 795.927 GC heap before
{Heap before GC invocations=77 (full 0):
 garbage-first heap   total 557056K, used 520886K [0x0000000700000000, 0x0000000800000000)
  region size 2048K, 152 young (311296K), 11 survivors (22528K)
 Metaspace       used 179220K, committed 181888K, reserved 1245184K
  class space    used 25067K, committed 26368K, reserved 1048576K
}
Event: 795.974 GC heap after
{Heap after GC invocations=78 (full 0):
 garbage-first heap   total 569344K, used 238822K [0x0000000700000000, 0x0000000800000000)
  region size 2048K, 19 young (38912K), 19 survivors (38912K)
 Metaspace       used 179220K, committed 181888K, reserved 1245184K
  class space    used 25067K, committed 26368K, reserved 1048576K
}
Event: 796.682 GC heap before
{Heap before GC invocations=78 (full 0):
 garbage-first heap   total 569344K, used 337126K [0x0000000700000000, 0x0000000800000000)
  region size 2048K, 69 young (141312K), 19 survivors (38912K)
 Metaspace       used 179320K, committed 182016K, reserved 1245184K
  class space    used 25067K, committed 26368K, reserved 1048576K
}
Event: 796.719 GC heap after
{Heap after GC invocations=79 (full 0):
 garbage-first heap   total 569344K, used 238043K [0x0000000700000000, 0x0000000800000000)
  region size 2048K, 11 young (22528K), 11 survivors (22528K)
 Metaspace       used 179320K, committed 182016K, reserved 1245184K
  class space    used 25067K, committed 26368K, reserved 1048576K
}
Event: 1068.367 GC heap before
{Heap before GC invocations=80 (full 0):
 garbage-first heap   total 569344K, used 565723K [0x0000000700000000, 0x0000000800000000)
  region size 2048K, 152 young (311296K), 11 survivors (22528K)
 Metaspace       used 179731K, committed 182336K, reserved 1245184K
  class space    used 25069K, committed 26368K, reserved 1048576K
}
Event: 1068.416 GC heap after
{Heap after GC invocations=81 (full 0):
 garbage-first heap   total 604160K, used 246935K [0x0000000700000000, 0x0000000800000000)
  region size 2048K, 17 young (34816K), 17 survivors (34816K)
 Metaspace       used 179731K, committed 182336K, reserved 1245184K
  class space    used 25069K, committed 26368K, reserved 1048576K
}
Event: 1121.943 GC heap before
{Heap before GC invocations=81 (full 0):
 garbage-first heap   total 604160K, used 560279K [0x0000000700000000, 0x0000000800000000)
  region size 2048K, 171 young (350208K), 17 survivors (34816K)
 Metaspace       used 180494K, committed 183168K, reserved 1245184K
  class space    used 25145K, committed 26432K, reserved 1048576K
}
Event: 1122.069 GC heap after
{Heap after GC invocations=82 (full 0):
 garbage-first heap   total 616448K, used 247318K [0x0000000700000000, 0x0000000800000000)
  region size 2048K, 16 young (32768K), 16 survivors (32768K)
 Metaspace       used 180494K, committed 183168K, reserved 1245184K
  class space    used 25145K, committed 26432K, reserved 1048576K
}
Event: 1123.091 GC heap before
{Heap before GC invocations=82 (full 0):
 garbage-first heap   total 616448K, used 304662K [0x0000000700000000, 0x0000000800000000)
  region size 2048K, 46 young (94208K), 16 survivors (32768K)
 Metaspace       used 180644K, committed 183360K, reserved 1245184K
  class space    used 25167K, committed 26496K, reserved 1048576K
}
Event: 1123.123 GC heap after
{Heap after GC invocations=83 (full 0):
 garbage-first heap   total 616448K, used 251874K [0x0000000700000000, 0x0000000800000000)
  region size 2048K, 11 young (22528K), 11 survivors (22528K)
 Metaspace       used 180644K, committed 183360K, reserved 1245184K
  class space    used 25167K, committed 26496K, reserved 1048576K
}
Event: 1126.450 GC heap before
{Heap before GC invocations=84 (full 0):
 garbage-first heap   total 616448K, used 557026K [0x0000000700000000, 0x0000000800000000)
  region size 2048K, 166 young (339968K), 11 survivors (22528K)
 Metaspace       used 181619K, committed 184256K, reserved 1245184K
  class space    used 25278K, committed 26560K, reserved 1048576K
}
Event: 1126.506 GC heap after
{Heap after GC invocations=85 (full 0):
 garbage-first heap   total 616448K, used 270882K [0x0000000700000000, 0x0000000800000000)
  region size 2048K, 21 young (43008K), 21 survivors (43008K)
 Metaspace       used 181619K, committed 184256K, reserved 1245184K
  class space    used 25278K, committed 26560K, reserved 1048576K
}
Event: 1127.054 GC heap before
{Heap before GC invocations=85 (full 0):
 garbage-first heap   total 616448K, used 555554K [0x0000000700000000, 0x0000000800000000)
  region size 2048K, 161 young (329728K), 21 survivors (43008K)
 Metaspace       used 181787K, committed 184512K, reserved 1245184K
  class space    used 25283K, committed 26624K, reserved 1048576K
}
Event: 1127.088 GC heap after
{Heap after GC invocations=86 (full 0):
 garbage-first heap   total 616448K, used 254272K [0x0000000700000000, 0x0000000800000000)
  region size 2048K, 4 young (8192K), 4 survivors (8192K)
 Metaspace       used 181787K, committed 184512K, reserved 1245184K
  class space    used 25283K, committed 26624K, reserved 1048576K
}
Event: 1128.068 GC heap before
{Heap before GC invocations=86 (full 0):
 garbage-first heap   total 616448K, used 379200K [0x0000000700000000, 0x0000000800000000)
  region size 2048K, 67 young (137216K), 4 survivors (8192K)
 Metaspace       used 181873K, committed 184576K, reserved 1245184K
  class space    used 25285K, committed 26624K, reserved 1048576K
}
Event: 1128.075 GC heap after
{Heap after GC invocations=87 (full 0):
 garbage-first heap   total 616448K, used 249709K [0x0000000700000000, 0x0000000800000000)
  region size 2048K, 2 young (4096K), 2 survivors (4096K)
 Metaspace       used 181873K, committed 184576K, reserved 1245184K
  class space    used 25285K, committed 26624K, reserved 1048576K
}

