# JRE version: OpenJDK Runtime Environment (21.0.10) (build 21.0.10+-14961533-b1163.108)
# Java VM: OpenJDK 64-Bit Server VM (21.0.10+-14961533-b1163.108, mixed mode, tiered, compressed oops, compressed class ptrs, g1 gc, windows-amd64)
GC Precious Log:
 CardTable entry size: 512
 Card Set container configuration: InlinePtr #cards 4 size 8 Array Of Cards #cards 16 size 48 Howl #buckets 8 coarsen threshold 3686 Howl Bitmap #cards 512 size 80 coarsen threshold 460 Card regions per heap region 1 cards per card region 4096
 CPUs: 12 total, 12 available
 Memory: 7501M
 Large Page Support: Disabled
 NUMA Support: Disabled
 Compressed Oops: Enabled (Zero based)
 Heap Region Size: 2M
 Heap Min Capacity: 8M
 Heap Initial Capacity: 118M
 Heap Max Capacity: 4G
 Pre-touch: Disabled
 Parallel Workers: 10
 Concurrent Workers: 3
 Concurrent Refinement Workers: 10
 Periodic GC: Disabled
Heap:
 garbage-first heap   total 270336K, used 154183K [0x0000000700000000, 0x0000000800000000)
  region size 2048K, 7 young (14336K), 7 survivors (14336K)
 Metaspace       used 143656K, committed 146048K, reserved 1179648K
  class space    used 20905K, committed 22080K, reserved 1048576K
GC Heap History (20 events):
Event: 17.683 GC heap after
{Heap after GC invocations=34 (full 0):
 garbage-first heap   total 196608K, used 103380K [0x0000000700000000, 0x0000000800000000)
  region size 2048K, 5 young (10240K), 5 survivors (10240K)
 Metaspace       used 108994K, committed 111104K, reserved 1179648K
  class space    used 15358K, committed 16384K, reserved 1048576K
}
Event: 18.598 GC heap before
{Heap before GC invocations=34 (full 0):
 garbage-first heap   total 196608K, used 179156K [0x0000000700000000, 0x0000000800000000)
  region size 2048K, 42 young (86016K), 5 survivors (10240K)
 Metaspace       used 114112K, committed 116352K, reserved 1179648K
  class space    used 16114K, committed 17216K, reserved 1048576K
}
Event: 18.609 GC heap after
{Heap after GC invocations=35 (full 0):
 garbage-first heap   total 196608K, used 107462K [0x0000000700000000, 0x0000000800000000)
  region size 2048K, 5 young (10240K), 5 survivors (10240K)
 Metaspace       used 114112K, committed 116352K, reserved 1179648K
  class space    used 16114K, committed 17216K, reserved 1048576K
}
Event: 19.466 GC heap before
{Heap before GC invocations=36 (full 0):
 garbage-first heap   total 196608K, used 181190K [0x0000000700000000, 0x0000000800000000)
  region size 2048K, 41 young (83968K), 5 survivors (10240K)
 Metaspace       used 118930K, committed 121280K, reserved 1179648K
  class space    used 16834K, committed 17984K, reserved 1048576K
}
Event: 19.478 GC heap after
{Heap after GC invocations=37 (full 0):
 garbage-first heap   total 198656K, used 112405K [0x0000000700000000, 0x0000000800000000)
  region size 2048K, 5 young (10240K), 5 survivors (10240K)
 Metaspace       used 118930K, committed 121280K, reserved 1179648K
  class space    used 16834K, committed 17984K, reserved 1048576K
}
Event: 20.020 GC heap before
{Heap before GC invocations=37 (full 0):
 garbage-first heap   total 198656K, used 179989K [0x0000000700000000, 0x0000000800000000)
  region size 2048K, 39 young (79872K), 5 survivors (10240K)
 Metaspace       used 121224K, committed 123520K, reserved 1179648K
  class space    used 16961K, committed 18112K, reserved 1048576K
}
Event: 20.037 GC heap after
{Heap after GC invocations=38 (full 0):
 garbage-first heap   total 204800K, used 120832K [0x0000000700000000, 0x0000000800000000)
  region size 2048K, 5 young (10240K), 5 survivors (10240K)
 Metaspace       used 121224K, committed 123520K, reserved 1179648K
  class space    used 16961K, committed 18112K, reserved 1048576K
}
Event: 20.818 GC heap before
{Heap before GC invocations=38 (full 0):
 garbage-first heap   total 204800K, used 182272K [0x0000000700000000, 0x0000000800000000)
  region size 2048K, 36 young (73728K), 5 survivors (10240K)
 Metaspace       used 123679K, committed 126016K, reserved 1179648K
  class space    used 17322K, committed 18496K, reserved 1048576K
}
Event: 20.832 GC heap after
{Heap after GC invocations=39 (full 0):
 garbage-first heap   total 206848K, used 130699K [0x0000000700000000, 0x0000000800000000)
  region size 2048K, 5 young (10240K), 5 survivors (10240K)
 Metaspace       used 123679K, committed 126016K, reserved 1179648K
  class space    used 17322K, committed 18496K, reserved 1048576K
}
Event: 21.169 GC heap before
{Heap before GC invocations=40 (full 0):
 garbage-first heap   total 223232K, used 183947K [0x0000000700000000, 0x0000000800000000)
  region size 2048K, 32 young (65536K), 5 survivors (10240K)
 Metaspace       used 123989K, committed 126400K, reserved 1179648K
  class space    used 17388K, committed 18560K, reserved 1048576K
}
Event: 21.178 GC heap after
{Heap after GC invocations=41 (full 0):
 garbage-first heap   total 223232K, used 132565K [0x0000000700000000, 0x0000000800000000)
  region size 2048K, 3 young (6144K), 3 survivors (6144K)
 Metaspace       used 123989K, committed 126400K, reserved 1179648K
  class space    used 17388K, committed 18560K, reserved 1048576K
}
Event: 21.691 GC heap before
{Heap before GC invocations=41 (full 0):
 garbage-first heap   total 223232K, used 198101K [0x0000000700000000, 0x0000000800000000)
  region size 2048K, 36 young (73728K), 3 survivors (6144K)
 Metaspace       used 124297K, committed 126656K, reserved 1179648K
  class space    used 17428K, committed 18560K, reserved 1048576K
}
Event: 21.699 GC heap after
{Heap after GC invocations=42 (full 0):
 garbage-first heap   total 270336K, used 133777K [0x0000000700000000, 0x0000000800000000)
  region size 2048K, 4 young (8192K), 4 survivors (8192K)
 Metaspace       used 124297K, committed 126656K, reserved 1179648K
  class space    used 17428K, committed 18560K, reserved 1048576K
}
Event: 22.539 GC heap before
{Heap before GC invocations=42 (full 0):
 garbage-first heap   total 270336K, used 246417K [0x0000000700000000, 0x0000000800000000)
  region size 2048K, 60 young (122880K), 4 survivors (8192K)
 Metaspace       used 124726K, committed 127040K, reserved 1179648K
  class space    used 17473K, committed 18624K, reserved 1048576K
}
Event: 22.549 GC heap after
{Heap after GC invocations=43 (full 0):
 garbage-first heap   total 270336K, used 137889K [0x0000000700000000, 0x0000000800000000)
  region size 2048K, 6 young (12288K), 6 survivors (12288K)
 Metaspace       used 124726K, committed 127040K, reserved 1179648K
  class space    used 17473K, committed 18624K, reserved 1048576K
}
Event: 23.132 GC heap before
{Heap before GC invocations=43 (full 0):
 garbage-first heap   total 270336K, used 242337K [0x0000000700000000, 0x0000000800000000)
  region size 2048K, 58 young (118784K), 6 survivors (12288K)
 Metaspace       used 125743K, committed 128128K, reserved 1179648K
  class space    used 17655K, committed 18816K, reserved 1048576K
}
Event: 23.144 GC heap after
{Heap after GC invocations=44 (full 0):
 garbage-first heap   total 270336K, used 140781K [0x0000000700000000, 0x0000000800000000)
  region size 2048K, 5 young (10240K), 5 survivors (10240K)
 Metaspace       used 125743K, committed 128128K, reserved 1179648K
  class space    used 17655K, committed 18816K, reserved 1048576K
}
Event: 24.642 GC heap before
{Heap before GC invocations=44 (full 0):
 garbage-first heap   total 270336K, used 245229K [0x0000000700000000, 0x0000000800000000)
  region size 2048K, 57 young (116736K), 5 survivors (10240K)
 Metaspace       used 135167K, committed 137536K, reserved 1179648K
  class space    used 19264K, committed 20416K, reserved 1048576K
}
Event: 24.656 GC heap after
{Heap after GC invocations=45 (full 0):
 garbage-first heap   total 270336K, used 147936K [0x0000000700000000, 0x0000000800000000)
  region size 2048K, 7 young (14336K), 7 survivors (14336K)
 Metaspace       used 135167K, committed 137536K, reserved 1179648K
  class space    used 19264K, committed 20416K, reserved 1048576K
}
Event: 25.358 GC heap before
{Heap before GC invocations=46 (full 0):
 garbage-first heap   total 270336K, used 244192K [0x0000000700000000, 0x0000000800000000)
  region size 2048K, 55 young (112640K), 7 survivors (14336K)
 Metaspace       used 143656K, committed 146048K, reserved 1179648K
  class space    used 20905K, committed 22080K, reserved 1048576K
}

