# JRE version: OpenJDK Runtime Environment (21.0.10) (build 21.0.10+-14961533-b1163.108)
# Java VM: OpenJDK 64-Bit Server VM (21.0.10+-14961533-b1163.108, mixed mode, tiered, compressed oops, compressed class ptrs, g1 gc, windows-amd64)
GC Precious Log:
 CardTable entry size: 512
 Card Set container configuration: InlinePtr #cards 4 size 8 Array Of Cards #cards 16 size 48 Howl #buckets 8 coarsen threshold 3686 Howl Bitmap #cards 512 size 80 coarsen threshold 460 Card regions per heap region 1 cards per card region 4096
 CPUs: 12 total, 12 available
 Memory: 7501M
 Large Page Support: Disabled
 NUMA Support: Disabled
 Compressed Oops: Enabled (Zero based)
 Heap Region Size: 2M
 Heap Min Capacity: 8M
 Heap Initial Capacity: 118M
 Heap Max Capacity: 4G
 Pre-touch: Disabled
 Parallel Workers: 10
 Concurrent Workers: 3
 Concurrent Refinement Workers: 10
 Periodic GC: Disabled
Heap:
 garbage-first heap   total 292864K, used 171248K [0x0000000700000000, 0x0000000800000000)
  region size 2048K, 20 young (40960K), 7 survivors (14336K)
 Metaspace       used 136069K, committed 138560K, reserved 1179648K
  class space    used 19042K, committed 20288K, reserved 1048576K
GC Heap History (20 events):
Event: 39.550 GC heap before
{Heap before GC invocations=39 (full 0):
 garbage-first heap   total 174080K, used 162488K [0x0000000700000000, 0x0000000800000000)
  region size 2048K, 31 young (63488K), 3 survivors (6144K)
 Metaspace       used 124710K, committed 126976K, reserved 1179648K
  class space    used 17605K, committed 18688K, reserved 1048576K
}
Event: 39.567 GC heap after
{Heap after GC invocations=40 (full 0):
 garbage-first heap   total 178176K, used 108481K [0x0000000700000000, 0x0000000800000000)
  region size 2048K, 4 young (8192K), 4 survivors (8192K)
 Metaspace       used 124710K, committed 126976K, reserved 1179648K
  class space    used 17605K, committed 18688K, reserved 1048576K
}
Event: 40.380 GC heap before
{Heap before GC invocations=40 (full 0):
 garbage-first heap   total 178176K, used 163777K [0x0000000700000000, 0x0000000800000000)
  region size 2048K, 32 young (65536K), 4 survivors (8192K)
 Metaspace       used 125552K, committed 127808K, reserved 1179648K
  class space    used 17656K, committed 18752K, reserved 1048576K
}
Event: 40.403 GC heap after
{Heap after GC invocations=41 (full 0):
 garbage-first heap   total 186368K, used 118953K [0x0000000700000000, 0x0000000800000000)
  region size 2048K, 4 young (8192K), 4 survivors (8192K)
 Metaspace       used 125552K, committed 127808K, reserved 1179648K
  class space    used 17656K, committed 18752K, reserved 1048576K
}
Event: 41.897 GC heap before
{Heap before GC invocations=42 (full 0):
 garbage-first heap   total 202752K, used 166057K [0x0000000700000000, 0x0000000800000000)
  region size 2048K, 28 young (57344K), 4 survivors (8192K)
 Metaspace       used 129346K, committed 131712K, reserved 1179648K
  class space    used 18085K, committed 19200K, reserved 1048576K
}
Event: 41.920 GC heap after
{Heap after GC invocations=43 (full 0):
 garbage-first heap   total 202752K, used 128066K [0x0000000700000000, 0x0000000800000000)
  region size 2048K, 4 young (8192K), 4 survivors (8192K)
 Metaspace       used 129346K, committed 131712K, reserved 1179648K
  class space    used 18085K, committed 19200K, reserved 1048576K
}
Event: 42.512 GC heap before
{Heap before GC invocations=43 (full 0):
 garbage-first heap   total 202752K, used 179266K [0x0000000700000000, 0x0000000800000000)
  region size 2048K, 30 young (61440K), 4 survivors (8192K)
 Metaspace       used 129518K, committed 131840K, reserved 1179648K
  class space    used 18094K, committed 19200K, reserved 1048576K
}
Event: 42.526 GC heap after
{Heap after GC invocations=44 (full 0):
 garbage-first heap   total 243712K, used 131225K [0x0000000700000000, 0x0000000800000000)
  region size 2048K, 3 young (6144K), 3 survivors (6144K)
 Metaspace       used 129518K, committed 131840K, reserved 1179648K
  class space    used 18094K, committed 19200K, reserved 1048576K
}
Event: 43.160 GC heap before
{Heap before GC invocations=44 (full 0):
 garbage-first heap   total 243712K, used 209049K [0x0000000700000000, 0x0000000800000000)
  region size 2048K, 42 young (86016K), 3 survivors (6144K)
 Metaspace       used 129872K, committed 132160K, reserved 1179648K
  class space    used 18160K, committed 19264K, reserved 1048576K
}
Event: 43.169 GC heap after
{Heap after GC invocations=45 (full 0):
 garbage-first heap   total 243712K, used 134205K [0x0000000700000000, 0x0000000800000000)
  region size 2048K, 4 young (8192K), 4 survivors (8192K)
 Metaspace       used 129872K, committed 132160K, reserved 1179648K
  class space    used 18160K, committed 19264K, reserved 1048576K
}
Event: 44.054 GC heap before
{Heap before GC invocations=45 (full 0):
 garbage-first heap   total 243712K, used 218173K [0x0000000700000000, 0x0000000800000000)
  region size 2048K, 46 young (94208K), 4 survivors (8192K)
 Metaspace       used 130138K, committed 132480K, reserved 1179648K
  class space    used 18196K, committed 19328K, reserved 1048576K
}
Event: 44.066 GC heap after
{Heap after GC invocations=46 (full 0):
 garbage-first heap   total 243712K, used 137439K [0x0000000700000000, 0x0000000800000000)
  region size 2048K, 5 young (10240K), 5 survivors (10240K)
 Metaspace       used 130138K, committed 132480K, reserved 1179648K
  class space    used 18196K, committed 19328K, reserved 1048576K
}
Event: 45.380 GC heap before
{Heap before GC invocations=46 (full 0):
 garbage-first heap   total 243712K, used 221407K [0x0000000700000000, 0x0000000800000000)
  region size 2048K, 46 young (94208K), 5 survivors (10240K)
 Metaspace       used 130816K, committed 133248K, reserved 1179648K
  class space    used 18307K, committed 19456K, reserved 1048576K
}
Event: 45.393 GC heap after
{Heap after GC invocations=47 (full 0):
 garbage-first heap   total 243712K, used 140681K [0x0000000700000000, 0x0000000800000000)
  region size 2048K, 5 young (10240K), 5 survivors (10240K)
 Metaspace       used 130816K, committed 133248K, reserved 1179648K
  class space    used 18307K, committed 19456K, reserved 1048576K
}
Event: 46.464 GC heap before
{Heap before GC invocations=48 (full 0):
 garbage-first heap   total 243712K, used 220553K [0x0000000700000000, 0x0000000800000000)
  region size 2048K, 44 young (90112K), 5 survivors (10240K)
 Metaspace       used 131516K, committed 133888K, reserved 1179648K
  class space    used 18401K, committed 19520K, reserved 1048576K
}
Event: 46.477 GC heap after
{Heap after GC invocations=49 (full 0):
 garbage-first heap   total 243712K, used 142686K [0x0000000700000000, 0x0000000800000000)
  region size 2048K, 4 young (8192K), 4 survivors (8192K)
 Metaspace       used 131516K, committed 133888K, reserved 1179648K
  class space    used 18401K, committed 19520K, reserved 1048576K
}
Event: 47.399 GC heap before
{Heap before GC invocations=49 (full 0):
 garbage-first heap   total 243712K, used 222558K [0x0000000700000000, 0x0000000800000000)
  region size 2048K, 44 young (90112K), 4 survivors (8192K)
 Metaspace       used 134161K, committed 136576K, reserved 1179648K
  class space    used 18727K, committed 19904K, reserved 1048576K
}
Event: 47.415 GC heap after
{Heap after GC invocations=50 (full 0):
 garbage-first heap   total 292864K, used 145008K [0x0000000700000000, 0x0000000800000000)
  region size 2048K, 5 young (10240K), 5 survivors (10240K)
 Metaspace       used 134161K, committed 136576K, reserved 1179648K
  class space    used 18727K, committed 19904K, reserved 1048576K
}
Event: 58.879 GC heap before
{Heap before GC invocations=50 (full 0):
 garbage-first heap   total 292864K, used 265840K [0x0000000700000000, 0x0000000800000000)
  region size 2048K, 65 young (133120K), 5 survivors (10240K)
 Metaspace       used 135286K, committed 137792K, reserved 1179648K
  class space    used 18918K, committed 20160K, reserved 1048576K
}
Event: 58.896 GC heap after
{Heap after GC invocations=51 (full 0):
 garbage-first heap   total 292864K, used 148720K [0x0000000700000000, 0x0000000800000000)
  region size 2048K, 7 young (14336K), 7 survivors (14336K)
 Metaspace       used 135286K, committed 137792K, reserved 1179648K
  class space    used 18918K, committed 20160K, reserved 1048576K
}

