# JRE version: OpenJDK Runtime Environment (21.0.10) (build 21.0.10+-14961533-b1163.108)
# Java VM: OpenJDK 64-Bit Server VM (21.0.10+-14961533-b1163.108, mixed mode, tiered, compressed oops, compressed class ptrs, g1 gc, windows-amd64)
GC Precious Log:
 CardTable entry size: 512
 Card Set container configuration: InlinePtr #cards 4 size 8 Array Of Cards #cards 16 size 48 Howl #buckets 8 coarsen threshold 3686 Howl Bitmap #cards 512 size 80 coarsen threshold 460 Card regions per heap region 1 cards per card region 4096
 CPUs: 12 total, 12 available
 Memory: 7501M
 Large Page Support: Disabled
 NUMA Support: Disabled
 Compressed Oops: Enabled (Zero based)
 Heap Region Size: 2M
 Heap Min Capacity: 8M
 Heap Initial Capacity: 118M
 Heap Max Capacity: 4G
 Pre-touch: Disabled
 Parallel Workers: 10
 Concurrent Workers: 3
 Concurrent Refinement Workers: 10
 Periodic GC: Disabled
Heap:
 garbage-first heap   total 266240K, used 248777K [0x0000000700000000, 0x0000000800000000)
  region size 2048K, 45 young (92160K), 1 survivors (2048K)
 Metaspace       used 148126K, committed 150656K, reserved 1179648K
  class space    used 21162K, committed 22400K, reserved 1048576K
GC Heap History (20 events):
Event: 29.071 GC heap before
{Heap before GC invocations=41 (full 0):
 garbage-first heap   total 241664K, used 205277K [0x0000000700000000, 0x0000000800000000)
  region size 2048K, 41 young (83968K), 2 survivors (4096K)
 Metaspace       used 124389K, committed 126720K, reserved 1179648K
  class space    used 17444K, committed 18560K, reserved 1048576K
}
Event: 29.078 GC heap after
{Heap after GC invocations=42 (full 0):
 garbage-first heap   total 241664K, used 131062K [0x0000000700000000, 0x0000000800000000)
  region size 2048K, 4 young (8192K), 4 survivors (8192K)
 Metaspace       used 124389K, committed 126720K, reserved 1179648K
  class space    used 17444K, committed 18560K, reserved 1048576K
}
Event: 29.973 GC heap before
{Heap before GC invocations=42 (full 0):
 garbage-first heap   total 241664K, used 208886K [0x0000000700000000, 0x0000000800000000)
  region size 2048K, 43 young (88064K), 4 survivors (8192K)
 Metaspace       used 125187K, committed 127488K, reserved 1179648K
  class space    used 17577K, committed 18688K, reserved 1048576K
}
Event: 29.981 GC heap after
{Heap after GC invocations=43 (full 0):
 garbage-first heap   total 241664K, used 134171K [0x0000000700000000, 0x0000000800000000)
  region size 2048K, 5 young (10240K), 5 survivors (10240K)
 Metaspace       used 125187K, committed 127488K, reserved 1179648K
  class space    used 17577K, committed 18688K, reserved 1048576K
}
Event: 30.705 GC heap before
{Heap before GC invocations=43 (full 0):
 garbage-first heap   total 241664K, used 214043K [0x0000000700000000, 0x0000000800000000)
  region size 2048K, 44 young (90112K), 5 survivors (10240K)
 Metaspace       used 127527K, committed 129920K, reserved 1179648K
  class space    used 17847K, committed 19008K, reserved 1048576K
}
Event: 30.715 GC heap after
{Heap after GC invocations=44 (full 0):
 garbage-first heap   total 241664K, used 138041K [0x0000000700000000, 0x0000000800000000)
  region size 2048K, 5 young (10240K), 5 survivors (10240K)
 Metaspace       used 127527K, committed 129920K, reserved 1179648K
  class space    used 17847K, committed 19008K, reserved 1048576K
}
Event: 31.267 GC heap before
{Heap before GC invocations=45 (full 0):
 garbage-first heap   total 241664K, used 213817K [0x0000000700000000, 0x0000000800000000)
  region size 2048K, 43 young (88064K), 5 survivors (10240K)
 Metaspace       used 128602K, committed 130944K, reserved 1179648K
  class space    used 18012K, committed 19136K, reserved 1048576K
}
Event: 31.278 GC heap after
{Heap after GC invocations=46 (full 0):
 garbage-first heap   total 241664K, used 140866K [0x0000000700000000, 0x0000000800000000)
  region size 2048K, 5 young (10240K), 5 survivors (10240K)
 Metaspace       used 128602K, committed 130944K, reserved 1179648K
  class space    used 18012K, committed 19136K, reserved 1048576K
}
Event: 46.708 GC heap before
{Heap before GC invocations=46 (full 0):
 garbage-first heap   total 241664K, used 216642K [0x0000000700000000, 0x0000000800000000)
  region size 2048K, 43 young (88064K), 5 survivors (10240K)
 Metaspace       used 129758K, committed 132224K, reserved 1179648K
  class space    used 18201K, committed 19392K, reserved 1048576K
}
Event: 46.719 GC heap after
{Heap after GC invocations=47 (full 0):
 garbage-first heap   total 241664K, used 141165K [0x0000000700000000, 0x0000000800000000)
  region size 2048K, 4 young (8192K), 4 survivors (8192K)
 Metaspace       used 129758K, committed 132224K, reserved 1179648K
  class space    used 18201K, committed 19392K, reserved 1048576K
}
Event: 47.098 GC heap before
{Heap before GC invocations=47 (full 0):
 garbage-first heap   total 241664K, used 216941K [0x0000000700000000, 0x0000000800000000)
  region size 2048K, 42 young (86016K), 4 survivors (8192K)
 Metaspace       used 129779K, committed 132224K, reserved 1179648K
  class space    used 18203K, committed 19392K, reserved 1048576K
}
Event: 47.109 GC heap after
{Heap after GC invocations=48 (full 0):
 garbage-first heap   total 241664K, used 143331K [0x0000000700000000, 0x0000000800000000)
  region size 2048K, 4 young (8192K), 4 survivors (8192K)
 Metaspace       used 129779K, committed 132224K, reserved 1179648K
  class space    used 18203K, committed 19392K, reserved 1048576K
}
Event: 48.347 GC heap before
{Heap before GC invocations=49 (full 0):
 garbage-first heap   total 243712K, used 221155K [0x0000000700000000, 0x0000000800000000)
  region size 2048K, 42 young (86016K), 4 survivors (8192K)
 Metaspace       used 130775K, committed 133248K, reserved 1179648K
  class space    used 18321K, committed 19520K, reserved 1048576K
}
Event: 48.356 GC heap after
{Heap after GC invocations=50 (full 0):
 garbage-first heap   total 243712K, used 150554K [0x0000000700000000, 0x0000000800000000)
  region size 2048K, 5 young (10240K), 5 survivors (10240K)
 Metaspace       used 130775K, committed 133248K, reserved 1179648K
  class space    used 18321K, committed 19520K, reserved 1048576K
}
Event: 49.258 GC heap before
{Heap before GC invocations=50 (full 0):
 garbage-first heap   total 243712K, used 222234K [0x0000000700000000, 0x0000000800000000)
  region size 2048K, 41 young (83968K), 5 survivors (10240K)
 Metaspace       used 136154K, committed 138624K, reserved 1179648K
  class space    used 19162K, committed 20352K, reserved 1048576K
}
Event: 49.270 GC heap after
{Heap after GC invocations=51 (full 0):
 garbage-first heap   total 243712K, used 153154K [0x0000000700000000, 0x0000000800000000)
  region size 2048K, 3 young (6144K), 3 survivors (6144K)
 Metaspace       used 136154K, committed 138624K, reserved 1179648K
  class space    used 19162K, committed 20352K, reserved 1048576K
}
Event: 50.106 GC heap before
{Heap before GC invocations=51 (full 0):
 garbage-first heap   total 243712K, used 222786K [0x0000000700000000, 0x0000000800000000)
  region size 2048K, 38 young (77824K), 3 survivors (6144K)
 Metaspace       used 143661K, committed 146240K, reserved 1179648K
  class space    used 20503K, committed 21760K, reserved 1048576K
}
Event: 50.115 GC heap after
{Heap after GC invocations=52 (full 0):
 garbage-first heap   total 243712K, used 157376K [0x0000000700000000, 0x0000000800000000)
  region size 2048K, 5 young (10240K), 5 survivors (10240K)
 Metaspace       used 143661K, committed 146240K, reserved 1179648K
  class space    used 20503K, committed 21760K, reserved 1048576K
}
Event: 50.564 GC heap before
{Heap before GC invocations=53 (full 0):
 garbage-first heap   total 266240K, used 222912K [0x0000000700000000, 0x0000000800000000)
  region size 2048K, 38 young (77824K), 5 survivors (10240K)
 Metaspace       used 147368K, committed 149888K, reserved 1179648K
  class space    used 21113K, committed 22336K, reserved 1048576K
}
Event: 50.573 GC heap after
{Heap after GC invocations=54 (full 0):
 garbage-first heap   total 266240K, used 158665K [0x0000000700000000, 0x0000000800000000)
  region size 2048K, 3 young (6144K), 3 survivors (6144K)
 Metaspace       used 147368K, committed 149888K, reserved 1179648K
  class space    used 21113K, committed 22336K, reserved 1048576K
}

