# JRE version: OpenJDK Runtime Environment Temurin-21.0.7+6 (21.0.7+6) (build 21.0.7+6-LTS)
# Java VM: OpenJDK 64-Bit Server VM Temurin-21.0.7+6 (21.0.7+6-LTS, mixed mode, sharing, tiered, compressed oops, compressed class ptrs, g1 gc, windows-amd64)
GC Precious Log:
 CardTable entry size: 512
 Card Set container configuration: InlinePtr #cards 4 size 8 Array Of Cards #cards 16 size 48 Howl #buckets 8 coarsen threshold 3686 Howl Bitmap #cards 512 size 80 coarsen threshold 460 Card regions per heap region 1 cards per card region 4096
 CPUs: 12 total, 12 available
 Memory: 7501M
 Large Page Support: Disabled
 NUMA Support: Disabled
 Compressed Oops: Enabled (Zero based)
 Heap Region Size: 2M
 Heap Min Capacity: 8M
 Heap Initial Capacity: 118M
 Heap Max Capacity: 4G
 Pre-touch: Disabled
 Parallel Workers: 10
 Concurrent Workers: 3
 Concurrent Refinement Workers: 10
 Periodic GC: Disabled
Heap:
 garbage-first heap   total 804864K, used 347858K [0x0000000700000000, 0x0000000800000000)
  region size 2048K, 9 young (18432K), 9 survivors (18432K)
 Metaspace       used 126769K, committed 129216K, reserved 1179648K
  class space    used 17989K, committed 19200K, reserved 1048576K
GC Heap History (20 events):
Event: 28.834 GC heap after
{Heap after GC invocations=46 (full 0):
 garbage-first heap   total 339968K, used 237915K [0x0000000700000000, 0x0000000800000000)
  region size 2048K, 6 young (12288K), 6 survivors (12288K)
 Metaspace       used 114662K, committed 117056K, reserved 1179648K
  class space    used 16032K, committed 17280K, reserved 1048576K
}
Event: 29.123 GC heap before
{Heap before GC invocations=47 (full 0):
 garbage-first heap   total 399360K, used 303451K [0x0000000700000000, 0x0000000800000000)
  region size 2048K, 38 young (77824K), 6 survivors (12288K)
 Metaspace       used 116165K, committed 118528K, reserved 1179648K
  class space    used 16435K, committed 17664K, reserved 1048576K
}
Event: 29.149 GC heap after
{Heap after GC invocations=48 (full 0):
 garbage-first heap   total 399360K, used 250842K [0x0000000700000000, 0x0000000800000000)
  region size 2048K, 5 young (10240K), 5 survivors (10240K)
 Metaspace       used 116165K, committed 118528K, reserved 1179648K
  class space    used 16435K, committed 17664K, reserved 1048576K
}
Event: 29.340 GC heap before
{Heap before GC invocations=48 (full 0):
 garbage-first heap   total 399360K, used 351194K [0x0000000700000000, 0x0000000800000000)
  region size 2048K, 54 young (110592K), 5 survivors (10240K)
 Metaspace       used 117030K, committed 119360K, reserved 1179648K
  class space    used 16594K, committed 17792K, reserved 1048576K
}
Event: 29.372 GC heap after
{Heap after GC invocations=49 (full 0):
 garbage-first heap   total 804864K, used 266240K [0x0000000700000000, 0x0000000800000000)
  region size 2048K, 7 young (14336K), 7 survivors (14336K)
 Metaspace       used 117030K, committed 119360K, reserved 1179648K
  class space    used 16594K, committed 17792K, reserved 1048576K
}
Event: 30.739 GC heap before
{Heap before GC invocations=49 (full 0):
 garbage-first heap   total 804864K, used 616448K [0x0000000700000000, 0x0000000800000000)
  region size 2048K, 179 young (366592K), 7 survivors (14336K)
 Metaspace       used 121669K, committed 124032K, reserved 1179648K
  class space    used 17421K, committed 18624K, reserved 1048576K
}
Event: 30.818 GC heap after
{Heap after GC invocations=50 (full 0):
 garbage-first heap   total 804864K, used 304006K [0x0000000700000000, 0x0000000800000000)
  region size 2048K, 23 young (47104K), 23 survivors (47104K)
 Metaspace       used 121669K, committed 124032K, reserved 1179648K
  class space    used 17421K, committed 18624K, reserved 1048576K
}
Event: 32.536 GC heap before
{Heap before GC invocations=50 (full 0):
 garbage-first heap   total 804864K, used 643974K [0x0000000700000000, 0x0000000800000000)
  region size 2048K, 189 young (387072K), 23 survivors (47104K)
 Metaspace       used 122808K, committed 125248K, reserved 1179648K
  class space    used 17475K, committed 18688K, reserved 1048576K
}
Event: 32.581 GC heap after
{Heap after GC invocations=51 (full 0):
 garbage-first heap   total 804864K, used 314885K [0x0000000700000000, 0x0000000800000000)
  region size 2048K, 5 young (10240K), 5 survivors (10240K)
 Metaspace       used 122808K, committed 125248K, reserved 1179648K
  class space    used 17475K, committed 18688K, reserved 1048576K
}
Event: 33.982 GC heap before
{Heap before GC invocations=51 (full 0):
 garbage-first heap   total 804864K, used 679429K [0x0000000700000000, 0x0000000800000000)
  region size 2048K, 184 young (376832K), 5 survivors (10240K)
 Metaspace       used 124483K, committed 126912K, reserved 1179648K
  class space    used 17666K, committed 18880K, reserved 1048576K
}
Event: 33.994 GC heap after
{Heap after GC invocations=52 (full 0):
 garbage-first heap   total 804864K, used 313344K [0x0000000700000000, 0x0000000800000000)
  region size 2048K, 4 young (8192K), 4 survivors (8192K)
 Metaspace       used 124483K, committed 126912K, reserved 1179648K
  class space    used 17666K, committed 18880K, reserved 1048576K
}
Event: 35.644 GC heap before
{Heap before GC invocations=53 (full 0):
 garbage-first heap   total 804864K, used 722944K [0x0000000700000000, 0x0000000800000000)
  region size 2048K, 205 young (419840K), 4 survivors (8192K)
 Metaspace       used 126212K, committed 128576K, reserved 1179648K
  class space    used 17960K, committed 19136K, reserved 1048576K
}
Event: 35.662 GC heap after
{Heap after GC invocations=54 (full 0):
 garbage-first heap   total 804864K, used 315117K [0x0000000700000000, 0x0000000800000000)
  region size 2048K, 5 young (10240K), 5 survivors (10240K)
 Metaspace       used 126212K, committed 128576K, reserved 1179648K
  class space    used 17960K, committed 19136K, reserved 1048576K
}
Event: 36.868 GC heap before
{Heap before GC invocations=54 (full 0):
 garbage-first heap   total 804864K, used 739053K [0x0000000700000000, 0x0000000800000000)
  region size 2048K, 213 young (436224K), 5 survivors (10240K)
 Metaspace       used 126347K, committed 128768K, reserved 1179648K
  class space    used 17964K, committed 19200K, reserved 1048576K
}
Event: 36.918 GC heap after
{Heap after GC invocations=55 (full 0):
 garbage-first heap   total 804864K, used 337274K [0x0000000700000000, 0x0000000800000000)
  region size 2048K, 19 young (38912K), 19 survivors (38912K)
 Metaspace       used 126347K, committed 128768K, reserved 1179648K
  class space    used 17964K, committed 19200K, reserved 1048576K
}
Event: 38.044 GC heap before
{Heap before GC invocations=55 (full 0):
 garbage-first heap   total 804864K, used 718202K [0x0000000700000000, 0x0000000800000000)
  region size 2048K, 206 young (421888K), 19 survivors (38912K)
 Metaspace       used 126590K, committed 128960K, reserved 1179648K
  class space    used 17976K, committed 19200K, reserved 1048576K
}
Event: 38.083 GC heap after
{Heap after GC invocations=56 (full 0):
 garbage-first heap   total 804864K, used 344957K [0x0000000700000000, 0x0000000800000000)
  region size 2048K, 6 young (12288K), 6 survivors (12288K)
 Metaspace       used 126590K, committed 128960K, reserved 1179648K
  class space    used 17976K, committed 19200K, reserved 1048576K
}
Event: 39.200 GC heap before
{Heap before GC invocations=57 (full 0):
 garbage-first heap   total 804864K, used 740221K [0x0000000700000000, 0x0000000800000000)
  region size 2048K, 200 young (409600K), 6 survivors (12288K)
 Metaspace       used 126690K, committed 129088K, reserved 1179648K
  class space    used 17985K, committed 19200K, reserved 1048576K
}
Event: 39.218 GC heap after
{Heap after GC invocations=58 (full 0):
 garbage-first heap   total 804864K, used 345981K [0x0000000700000000, 0x0000000800000000)
  region size 2048K, 6 young (12288K), 6 survivors (12288K)
 Metaspace       used 126690K, committed 129088K, reserved 1179648K
  class space    used 17985K, committed 19200K, reserved 1048576K
}
Event: 40.138 GC heap before
{Heap before GC invocations=58 (full 0):
 garbage-first heap   total 804864K, used 747389K [0x0000000700000000, 0x0000000800000000)
  region size 2048K, 202 young (413696K), 6 survivors (12288K)
 Metaspace       used 126769K, committed 129216K, reserved 1179648K
  class space    used 17989K, committed 19200K, reserved 1048576K
}

