# JRE version: OpenJDK Runtime Environment (21.0.10) (build 21.0.10+-14961533-b1163.108)
# Java VM: OpenJDK 64-Bit Server VM (21.0.10+-14961533-b1163.108, mixed mode, tiered, compressed oops, compressed class ptrs, g1 gc, windows-amd64)
GC Precious Log:
 CardTable entry size: 512
 Card Set container configuration: InlinePtr #cards 4 size 8 Array Of Cards #cards 16 size 48 Howl #buckets 8 coarsen threshold 3686 Howl Bitmap #cards 512 size 80 coarsen threshold 460 Card regions per heap region 1 cards per card region 4096
 CPUs: 12 total, 12 available
 Memory: 7501M
 Large Page Support: Disabled
 NUMA Support: Disabled
 Compressed Oops: Enabled (Zero based)
 Heap Region Size: 2M
 Heap Min Capacity: 8M
 Heap Initial Capacity: 118M
 Heap Max Capacity: 4G
 Pre-touch: Disabled
 Parallel Workers: 10
 Concurrent Workers: 3
 Concurrent Refinement Workers: 10
 Periodic GC: Disabled
Heap:
 garbage-first heap   total 567296K, used 439853K [0x0000000700000000, 0x0000000800000000)
  region size 2048K, 8 young (16384K), 8 survivors (16384K)
 Metaspace       used 252146K, committed 255040K, reserved 1310720K
  class space    used 33092K, committed 34496K, reserved 1048576K
GC Heap History (20 events):
Event: 85.005 GC heap after
{Heap after GC invocations=61 (full 0):
 garbage-first heap   total 389120K, used 210536K [0x0000000700000000, 0x0000000800000000)
  region size 2048K, 7 young (14336K), 7 survivors (14336K)
 Metaspace       used 222127K, committed 224960K, reserved 1245184K
  class space    used 28919K, committed 30272K, reserved 1048576K
}
Event: 87.522 GC heap before
{Heap before GC invocations=61 (full 0):
 garbage-first heap   total 389120K, used 351848K [0x0000000700000000, 0x0000000800000000)
  region size 2048K, 77 young (157696K), 7 survivors (14336K)
 Metaspace       used 225035K, committed 227840K, reserved 1310720K
  class space    used 29335K, committed 30656K, reserved 1048576K
}
Event: 87.552 GC heap after
{Heap after GC invocations=62 (full 0):
 garbage-first heap   total 389120K, used 228666K [0x0000000700000000, 0x0000000800000000)
  region size 2048K, 10 young (20480K), 10 survivors (20480K)
 Metaspace       used 225035K, committed 227840K, reserved 1310720K
  class space    used 29335K, committed 30656K, reserved 1048576K
}
Event: 90.130 GC heap before
{Heap before GC invocations=63 (full 0):
 garbage-first heap   total 389120K, used 351546K [0x0000000700000000, 0x0000000800000000)
  region size 2048K, 71 young (145408K), 10 survivors (20480K)
 Metaspace       used 227609K, committed 230464K, reserved 1310720K
  class space    used 29668K, committed 31040K, reserved 1048576K
}
Event: 90.154 GC heap after
{Heap after GC invocations=64 (full 0):
 garbage-first heap   total 389120K, used 236845K [0x0000000700000000, 0x0000000800000000)
  region size 2048K, 5 young (10240K), 5 survivors (10240K)
 Metaspace       used 227609K, committed 230464K, reserved 1310720K
  class space    used 29668K, committed 31040K, reserved 1048576K
}
Event: 91.298 GC heap before
{Heap before GC invocations=64 (full 0):
 garbage-first heap   total 389120K, used 353581K [0x0000000700000000, 0x0000000800000000)
  region size 2048K, 63 young (129024K), 5 survivors (10240K)
 Metaspace       used 228239K, committed 231104K, reserved 1310720K
  class space    used 29745K, committed 31104K, reserved 1048576K
}
Event: 91.352 GC heap after
{Heap after GC invocations=65 (full 0):
 garbage-first heap   total 393216K, used 223272K [0x0000000700000000, 0x0000000800000000)
  region size 2048K, 4 young (8192K), 4 survivors (8192K)
 Metaspace       used 228239K, committed 231104K, reserved 1310720K
  class space    used 29745K, committed 31104K, reserved 1048576K
}
Event: 92.975 GC heap before
{Heap before GC invocations=65 (full 0):
 garbage-first heap   total 393216K, used 356392K [0x0000000700000000, 0x0000000800000000)
  region size 2048K, 70 young (143360K), 4 survivors (8192K)
 Metaspace       used 230570K, committed 233472K, reserved 1310720K
  class space    used 30065K, committed 31424K, reserved 1048576K
}
Event: 92.989 GC heap after
{Heap after GC invocations=66 (full 0):
 garbage-first heap   total 393216K, used 228066K [0x0000000700000000, 0x0000000800000000)
  region size 2048K, 7 young (14336K), 7 survivors (14336K)
 Metaspace       used 230570K, committed 233472K, reserved 1310720K
  class space    used 30065K, committed 31424K, reserved 1048576K
}
Event: 96.056 GC heap before
{Heap before GC invocations=67 (full 0):
 garbage-first heap   total 393216K, used 357090K [0x0000000700000000, 0x0000000800000000)
  region size 2048K, 71 young (145408K), 7 survivors (14336K)
 Metaspace       used 242737K, committed 245632K, reserved 1310720K
  class space    used 31948K, committed 33344K, reserved 1048576K
}
Event: 96.075 GC heap after
{Heap after GC invocations=68 (full 0):
 garbage-first heap   total 393216K, used 231121K [0x0000000700000000, 0x0000000800000000)
  region size 2048K, 6 young (12288K), 6 survivors (12288K)
 Metaspace       used 242737K, committed 245632K, reserved 1310720K
  class space    used 31948K, committed 33344K, reserved 1048576K
}
Event: 97.762 GC heap before
{Heap before GC invocations=68 (full 0):
 garbage-first heap   total 401408K, used 397009K [0x0000000700000000, 0x0000000800000000)
  region size 2048K, 63 young (129024K), 6 survivors (12288K)
 Metaspace       used 246962K, committed 249856K, reserved 1310720K
  class space    used 32537K, committed 33920K, reserved 1048576K
}
Event: 97.801 GC heap after
{Heap after GC invocations=69 (full 0):
 garbage-first heap   total 444416K, used 287570K [0x0000000700000000, 0x0000000800000000)
  region size 2048K, 9 young (18432K), 9 survivors (18432K)
 Metaspace       used 246962K, committed 249856K, reserved 1310720K
  class space    used 32537K, committed 33920K, reserved 1048576K
}
Event: 97.819 GC heap before
{Heap before GC invocations=69 (full 0):
 garbage-first heap   total 444416K, used 301906K [0x0000000700000000, 0x0000000800000000)
  region size 2048K, 18 young (36864K), 9 survivors (18432K)
 Metaspace       used 246966K, committed 249856K, reserved 1310720K
  class space    used 32538K, committed 33920K, reserved 1048576K
}
Event: 97.837 GC heap after
{Heap after GC invocations=70 (full 0):
 garbage-first heap   total 444416K, used 300926K [0x0000000700000000, 0x0000000800000000)
  region size 2048K, 5 young (10240K), 5 survivors (10240K)
 Metaspace       used 246966K, committed 249856K, reserved 1310720K
  class space    used 32538K, committed 33920K, reserved 1048576K
}
Event: 98.349 GC heap before
{Heap before GC invocations=71 (full 0):
 garbage-first heap   total 567296K, used 421758K [0x0000000700000000, 0x0000000800000000)
  region size 2048K, 45 young (92160K), 5 survivors (10240K)
 Metaspace       used 247190K, committed 250112K, reserved 1310720K
  class space    used 32563K, committed 33920K, reserved 1048576K
}
Event: 98.380 GC heap after
{Heap after GC invocations=72 (full 0):
 garbage-first heap   total 567296K, used 343535K [0x0000000700000000, 0x0000000800000000)
  region size 2048K, 6 young (12288K), 6 survivors (12288K)
 Metaspace       used 247190K, committed 250112K, reserved 1310720K
  class space    used 32563K, committed 33920K, reserved 1048576K
}
Event: 99.195 GC heap before
{Heap before GC invocations=72 (full 0):
 garbage-first heap   total 567296K, used 476655K [0x0000000700000000, 0x0000000800000000)
  region size 2048K, 70 young (143360K), 6 survivors (12288K)
 Metaspace       used 252036K, committed 254976K, reserved 1310720K
  class space    used 33086K, committed 34496K, reserved 1048576K
}
Event: 99.263 GC heap after
{Heap after GC invocations=73 (full 0):
 garbage-first heap   total 567296K, used 387551K [0x0000000700000000, 0x0000000800000000)
  region size 2048K, 9 young (18432K), 9 survivors (18432K)
 Metaspace       used 252036K, committed 254976K, reserved 1310720K
  class space    used 33086K, committed 34496K, reserved 1048576K
}
Event: 99.581 GC heap before
{Heap before GC invocations=73 (full 0):
 garbage-first heap   total 567296K, used 487903K [0x0000000700000000, 0x0000000800000000)
  region size 2048K, 58 young (118784K), 9 survivors (18432K)
 Metaspace       used 252146K, committed 255040K, reserved 1310720K
  class space    used 33092K, committed 34496K, reserved 1048576K
}

