# JRE version: OpenJDK Runtime Environment (21.0.10) (build 21.0.10+-14961533-b1163.108)
# Java VM: OpenJDK 64-Bit Server VM (21.0.10+-14961533-b1163.108, mixed mode, tiered, compressed oops, compressed class ptrs, g1 gc, windows-amd64)
GC Precious Log:
 CardTable entry size: 512
 Card Set container configuration: InlinePtr #cards 4 size 8 Array Of Cards #cards 16 size 48 Howl #buckets 8 coarsen threshold 3686 Howl Bitmap #cards 512 size 80 coarsen threshold 460 Card regions per heap region 1 cards per card region 4096
 CPUs: 12 total, 12 available
 Memory: 7501M
 Large Page Support: Disabled
 NUMA Support: Disabled
 Compressed Oops: Enabled (Zero based)
 Heap Region Size: 2M
 Heap Min Capacity: 8M
 Heap Initial Capacity: 118M
 Heap Max Capacity: 4G
 Pre-touch: Disabled
 Parallel Workers: 10
 Concurrent Workers: 3
 Concurrent Refinement Workers: 10
 Periodic GC: Disabled
Heap:
 garbage-first heap   total 223232K, used 133610K [0x0000000700000000, 0x0000000800000000)
  region size 2048K, 6 young (12288K), 4 survivors (8192K)
 Metaspace       used 126732K, committed 129152K, reserved 1179648K
  class space    used 17811K, committed 19008K, reserved 1048576K
GC Heap History (20 events):
Event: 13.786 GC heap before
{Heap before GC invocations=27 (full 0):
 garbage-first heap   total 172032K, used 154123K [0x0000000700000000, 0x0000000800000000)
  region size 2048K, 36 young (73728K), 4 survivors (8192K)
 Metaspace       used 96733K, committed 98816K, reserved 1179648K
  class space    used 13459K, committed 14464K, reserved 1048576K
}
Event: 13.795 GC heap after
{Heap after GC invocations=28 (full 0):
 garbage-first heap   total 172032K, used 94301K [0x0000000700000000, 0x0000000800000000)
  region size 2048K, 5 young (10240K), 5 survivors (10240K)
 Metaspace       used 96733K, committed 98816K, reserved 1179648K
  class space    used 13459K, committed 14464K, reserved 1048576K
}
Event: 14.547 GC heap before
{Heap before GC invocations=28 (full 0):
 garbage-first heap   total 172032K, used 153693K [0x0000000700000000, 0x0000000800000000)
  region size 2048K, 34 young (69632K), 5 survivors (10240K)
 Metaspace       used 100578K, committed 102720K, reserved 1179648K
  class space    used 13973K, committed 15040K, reserved 1048576K
}
Event: 14.557 GC heap after
{Heap after GC invocations=29 (full 0):
 garbage-first heap   total 172032K, used 97547K [0x0000000700000000, 0x0000000800000000)
  region size 2048K, 5 young (10240K), 5 survivors (10240K)
 Metaspace       used 100578K, committed 102720K, reserved 1179648K
  class space    used 13973K, committed 15040K, reserved 1048576K
}
Event: 15.485 GC heap before
{Heap before GC invocations=30 (full 0):
 garbage-first heap   total 172032K, used 154891K [0x0000000700000000, 0x0000000800000000)
  region size 2048K, 33 young (67584K), 5 survivors (10240K)
 Metaspace       used 104507K, committed 106624K, reserved 1179648K
  class space    used 14715K, committed 15744K, reserved 1048576K
}
Event: 15.493 GC heap after
{Heap after GC invocations=31 (full 0):
 garbage-first heap   total 172032K, used 98131K [0x0000000700000000, 0x0000000800000000)
  region size 2048K, 2 young (4096K), 2 survivors (4096K)
 Metaspace       used 104507K, committed 106624K, reserved 1179648K
  class space    used 14715K, committed 15744K, reserved 1048576K
}
Event: 16.247 GC heap before
{Heap before GC invocations=31 (full 0):
 garbage-first heap   total 172032K, used 159571K [0x0000000700000000, 0x0000000800000000)
  region size 2048K, 32 young (65536K), 2 survivors (4096K)
 Metaspace       used 108613K, committed 110784K, reserved 1179648K
  class space    used 15330K, committed 16384K, reserved 1048576K
}
Event: 16.253 GC heap after
{Heap after GC invocations=32 (full 0):
 garbage-first heap   total 172032K, used 99739K [0x0000000700000000, 0x0000000800000000)
  region size 2048K, 4 young (8192K), 4 survivors (8192K)
 Metaspace       used 108613K, committed 110784K, reserved 1179648K
  class space    used 15330K, committed 16384K, reserved 1048576K
}
Event: 16.939 GC heap before
{Heap before GC invocations=32 (full 0):
 garbage-first heap   total 172032K, used 157083K [0x0000000700000000, 0x0000000800000000)
  region size 2048K, 32 young (65536K), 4 survivors (8192K)
 Metaspace       used 113666K, committed 115840K, reserved 1179648K
  class space    used 16075K, committed 17152K, reserved 1048576K
}
Event: 16.948 GC heap after
{Heap after GC invocations=33 (full 0):
 garbage-first heap   total 172032K, used 102161K [0x0000000700000000, 0x0000000800000000)
  region size 2048K, 4 young (8192K), 4 survivors (8192K)
 Metaspace       used 113666K, committed 115840K, reserved 1179648K
  class space    used 16075K, committed 17152K, reserved 1048576K
}
Event: 17.611 GC heap before
{Heap before GC invocations=34 (full 0):
 garbage-first heap   total 174080K, used 159505K [0x0000000700000000, 0x0000000800000000)
  region size 2048K, 32 young (65536K), 4 survivors (8192K)
 Metaspace       used 115923K, committed 118272K, reserved 1179648K
  class space    used 16416K, committed 17536K, reserved 1048576K
}
Event: 17.624 GC heap after
{Heap after GC invocations=35 (full 0):
 garbage-first heap   total 174080K, used 108085K [0x0000000700000000, 0x0000000800000000)
  region size 2048K, 4 young (8192K), 4 survivors (8192K)
 Metaspace       used 115923K, committed 118272K, reserved 1179648K
  class space    used 16416K, committed 17536K, reserved 1048576K
}
Event: 18.184 GC heap before
{Heap before GC invocations=35 (full 0):
 garbage-first heap   total 174080K, used 159285K [0x0000000700000000, 0x0000000800000000)
  region size 2048K, 30 young (61440K), 4 survivors (8192K)
 Metaspace       used 119733K, committed 121984K, reserved 1179648K
  class space    used 16833K, committed 17920K, reserved 1048576K
}
Event: 18.201 GC heap after
{Heap after GC invocations=36 (full 0):
 garbage-first heap   total 219136K, used 114148K [0x0000000700000000, 0x0000000800000000)
  region size 2048K, 4 young (8192K), 4 survivors (8192K)
 Metaspace       used 119733K, committed 121984K, reserved 1179648K
  class space    used 16833K, committed 17920K, reserved 1048576K
}
Event: 18.987 GC heap before
{Heap before GC invocations=36 (full 0):
 garbage-first heap   total 219136K, used 196068K [0x0000000700000000, 0x0000000800000000)
  region size 2048K, 44 young (90112K), 4 survivors (8192K)
 Metaspace       used 120917K, committed 123264K, reserved 1179648K
  class space    used 16982K, committed 18112K, reserved 1048576K
}
Event: 18.998 GC heap after
{Heap after GC invocations=37 (full 0):
 garbage-first heap   total 219136K, used 122204K [0x0000000700000000, 0x0000000800000000)
  region size 2048K, 4 young (8192K), 4 survivors (8192K)
 Metaspace       used 120917K, committed 123264K, reserved 1179648K
  class space    used 16982K, committed 18112K, reserved 1048576K
}
Event: 19.589 GC heap before
{Heap before GC invocations=37 (full 0):
 garbage-first heap   total 219136K, used 195932K [0x0000000700000000, 0x0000000800000000)
  region size 2048K, 40 young (81920K), 4 survivors (8192K)
 Metaspace       used 121433K, committed 123712K, reserved 1179648K
  class space    used 17043K, committed 18176K, reserved 1048576K
}
Event: 19.599 GC heap after
{Heap after GC invocations=38 (full 0):
 garbage-first heap   total 219136K, used 126001K [0x0000000700000000, 0x0000000800000000)
  region size 2048K, 3 young (6144K), 3 survivors (6144K)
 Metaspace       used 121433K, committed 123712K, reserved 1179648K
  class space    used 17043K, committed 18176K, reserved 1048576K
}
Event: 22.050 GC heap before
{Heap before GC invocations=38 (full 0):
 garbage-first heap   total 219136K, used 195633K [0x0000000700000000, 0x0000000800000000)
  region size 2048K, 38 young (77824K), 3 survivors (6144K)
 Metaspace       used 126428K, committed 128768K, reserved 1179648K
  class space    used 17759K, committed 18880K, reserved 1048576K
}
Event: 22.061 GC heap after
{Heap after GC invocations=39 (full 0):
 garbage-first heap   total 219136K, used 131562K [0x0000000700000000, 0x0000000800000000)
  region size 2048K, 4 young (8192K), 4 survivors (8192K)
 Metaspace       used 126428K, committed 128768K, reserved 1179648K
  class space    used 17759K, committed 18880K, reserved 1048576K
}

