# JRE version: OpenJDK Runtime Environment (21.0.10) (build 21.0.10+-14961533-b1163.108)
# Java VM: OpenJDK 64-Bit Server VM (21.0.10+-14961533-b1163.108, mixed mode, tiered, compressed oops, compressed class ptrs, g1 gc, windows-amd64)
GC Precious Log:
 CardTable entry size: 512
 Card Set container configuration: InlinePtr #cards 4 size 8 Array Of Cards #cards 16 size 48 Howl #buckets 8 coarsen threshold 3686 Howl Bitmap #cards 512 size 80 coarsen threshold 460 Card regions per heap region 1 cards per card region 4096
 CPUs: 12 total, 12 available
 Memory: 7501M
 Large Page Support: Disabled
 NUMA Support: Disabled
 Compressed Oops: Enabled (Zero based)
 Heap Region Size: 2M
 Heap Min Capacity: 8M
 Heap Initial Capacity: 118M
 Heap Max Capacity: 4G
 Pre-touch: Disabled
 Parallel Workers: 10
 Concurrent Workers: 3
 Concurrent Refinement Workers: 10
 Periodic GC: Disabled
Heap:
 garbage-first heap   total 290816K, used 196043K [0x0000000700000000, 0x0000000800000000)
  region size 2048K, 21 young (43008K), 3 survivors (6144K)
 Metaspace       used 148543K, committed 151168K, reserved 1179648K
  class space    used 19871K, committed 21184K, reserved 1048576K
GC Heap History (20 events):
Event: 748.080 GC heap before
{Heap before GC invocations=56 (full 0):
 garbage-first heap   total 276480K, used 252630K [0x0000000700000000, 0x0000000800000000)
  region size 2048K, 45 young (92160K), 3 survivors (6144K)
 Metaspace       used 135980K, committed 138496K, reserved 1179648K
  class space    used 18427K, committed 19648K, reserved 1048576K
}
Event: 748.097 GC heap after
{Heap after GC invocations=57 (full 0):
 garbage-first heap   total 276480K, used 157287K [0x0000000700000000, 0x0000000800000000)
  region size 2048K, 6 young (12288K), 6 survivors (12288K)
 Metaspace       used 135980K, committed 138496K, reserved 1179648K
  class space    used 18427K, committed 19648K, reserved 1048576K
}
Event: 830.199 GC heap before
{Heap before GC invocations=57 (full 0):
 garbage-first heap   total 276480K, used 251495K [0x0000000700000000, 0x0000000800000000)
  region size 2048K, 53 young (108544K), 6 survivors (12288K)
 Metaspace       used 136312K, committed 138880K, reserved 1179648K
  class space    used 18463K, committed 19712K, reserved 1048576K
}
Event: 830.225 GC heap after
{Heap after GC invocations=58 (full 0):
 garbage-first heap   total 276480K, used 165466K [0x0000000700000000, 0x0000000800000000)
  region size 2048K, 5 young (10240K), 5 survivors (10240K)
 Metaspace       used 136312K, committed 138880K, reserved 1179648K
  class space    used 18463K, committed 19712K, reserved 1048576K
}
Event: 873.916 GC heap before
{Heap before GC invocations=59 (full 0):
 garbage-first heap   total 280576K, used 249434K [0x0000000700000000, 0x0000000800000000)
  region size 2048K, 47 young (96256K), 5 survivors (10240K)
 Metaspace       used 136409K, committed 138944K, reserved 1179648K
  class space    used 18465K, committed 19712K, reserved 1048576K
}
Event: 873.933 GC heap after
{Heap after GC invocations=60 (full 0):
 garbage-first heap   total 280576K, used 169290K [0x0000000700000000, 0x0000000800000000)
  region size 2048K, 3 young (6144K), 3 survivors (6144K)
 Metaspace       used 136409K, committed 138944K, reserved 1179648K
  class space    used 18465K, committed 19712K, reserved 1048576K
}
Event: 875.220 GC heap before
{Heap before GC invocations=60 (full 0):
 garbage-first heap   total 280576K, used 257354K [0x0000000700000000, 0x0000000800000000)
  region size 2048K, 46 young (94208K), 3 survivors (6144K)
 Metaspace       used 138138K, committed 140736K, reserved 1179648K
  class space    used 18731K, committed 19968K, reserved 1048576K
}
Event: 875.247 GC heap after
{Heap after GC invocations=61 (full 0):
 garbage-first heap   total 280576K, used 164412K [0x0000000700000000, 0x0000000800000000)
  region size 2048K, 6 young (12288K), 6 survivors (12288K)
 Metaspace       used 138138K, committed 140736K, reserved 1179648K
  class space    used 18731K, committed 19968K, reserved 1048576K
}
Event: 876.727 GC heap before
{Heap before GC invocations=61 (full 0):
 garbage-first heap   total 280576K, used 252476K [0x0000000700000000, 0x0000000800000000)
  region size 2048K, 50 young (102400K), 6 survivors (12288K)
 Metaspace       used 140441K, committed 143040K, reserved 1179648K
  class space    used 18994K, committed 20288K, reserved 1048576K
}
Event: 876.748 GC heap after
{Heap after GC invocations=62 (full 0):
 garbage-first heap   total 280576K, used 177706K [0x0000000700000000, 0x0000000800000000)
  region size 2048K, 6 young (12288K), 6 survivors (12288K)
 Metaspace       used 140441K, committed 143040K, reserved 1179648K
  class space    used 18994K, committed 20288K, reserved 1048576K
}
Event: 877.562 GC heap before
{Heap before GC invocations=63 (full 0):
 garbage-first heap   total 286720K, used 249386K [0x0000000700000000, 0x0000000800000000)
  region size 2048K, 45 young (92160K), 6 survivors (12288K)
 Metaspace       used 140514K, committed 143104K, reserved 1179648K
  class space    used 19001K, committed 20288K, reserved 1048576K
}
Event: 877.577 GC heap after
{Heap after GC invocations=64 (full 0):
 garbage-first heap   total 286720K, used 177306K [0x0000000700000000, 0x0000000800000000)
  region size 2048K, 3 young (6144K), 3 survivors (6144K)
 Metaspace       used 140514K, committed 143104K, reserved 1179648K
  class space    used 19001K, committed 20288K, reserved 1048576K
}
Event: 879.923 GC heap before
{Heap before GC invocations=64 (full 0):
 garbage-first heap   total 286720K, used 261274K [0x0000000700000000, 0x0000000800000000)
  region size 2048K, 45 young (92160K), 3 survivors (6144K)
 Metaspace       used 142383K, committed 145024K, reserved 1179648K
  class space    used 19228K, committed 20544K, reserved 1048576K
}
Event: 879.941 GC heap after
{Heap after GC invocations=65 (full 0):
 garbage-first heap   total 286720K, used 169128K [0x0000000700000000, 0x0000000800000000)
  region size 2048K, 6 young (12288K), 6 survivors (12288K)
 Metaspace       used 142383K, committed 145024K, reserved 1179648K
  class space    used 19228K, committed 20544K, reserved 1048576K
}
Event: 881.142 GC heap before
{Heap before GC invocations=65 (full 0):
 garbage-first heap   total 286720K, used 257192K [0x0000000700000000, 0x0000000800000000)
  region size 2048K, 50 young (102400K), 6 survivors (12288K)
 Metaspace       used 146189K, committed 148800K, reserved 1179648K
  class space    used 19605K, committed 20864K, reserved 1048576K
}
Event: 881.157 GC heap after
{Heap after GC invocations=66 (full 0):
 garbage-first heap   total 286720K, used 171319K [0x0000000700000000, 0x0000000800000000)
  region size 2048K, 2 young (4096K), 2 survivors (4096K)
 Metaspace       used 146189K, committed 148800K, reserved 1179648K
  class space    used 19605K, committed 20864K, reserved 1048576K
}
Event: 881.986 GC heap before
{Heap before GC invocations=67 (full 0):
 garbage-first heap   total 290816K, used 259383K [0x0000000700000000, 0x0000000800000000)
  region size 2048K, 46 young (94208K), 2 survivors (4096K)
 Metaspace       used 147545K, committed 150272K, reserved 1179648K
  class space    used 19770K, committed 21120K, reserved 1048576K
}
Event: 881.996 GC heap after
{Heap after GC invocations=68 (full 0):
 garbage-first heap   total 290816K, used 173819K [0x0000000700000000, 0x0000000800000000)
  region size 2048K, 3 young (6144K), 3 survivors (6144K)
 Metaspace       used 147545K, committed 150272K, reserved 1179648K
  class space    used 19770K, committed 21120K, reserved 1048576K
}
Event: 882.377 GC heap before
{Heap before GC invocations=68 (full 0):
 garbage-first heap   total 290816K, used 265979K [0x0000000700000000, 0x0000000800000000)
  region size 2048K, 49 young (100352K), 3 survivors (6144K)
 Metaspace       used 148214K, committed 150848K, reserved 1179648K
  class space    used 19825K, committed 21120K, reserved 1048576K
}
Event: 882.395 GC heap after
{Heap after GC invocations=69 (full 0):
 garbage-first heap   total 290816K, used 161227K [0x0000000700000000, 0x0000000800000000)
  region size 2048K, 3 young (6144K), 3 survivors (6144K)
 Metaspace       used 148214K, committed 150848K, reserved 1179648K
  class space    used 19825K, committed 21120K, reserved 1048576K
}

