# JRE version: OpenJDK Runtime Environment (21.0.10) (build 21.0.10+-14961533-b1163.108)
# Java VM: OpenJDK 64-Bit Server VM (21.0.10+-14961533-b1163.108, mixed mode, tiered, compressed oops, compressed class ptrs, g1 gc, windows-amd64)
GC Precious Log:
 CardTable entry size: 512
 Card Set container configuration: InlinePtr #cards 4 size 8 Array Of Cards #cards 16 size 48 Howl #buckets 8 coarsen threshold 3686 Howl Bitmap #cards 512 size 80 coarsen threshold 460 Card regions per heap region 1 cards per card region 4096
 CPUs: 12 total, 12 available
 Memory: 7501M
 Large Page Support: Disabled
 NUMA Support: Disabled
 Compressed Oops: Enabled (Zero based)
 Heap Region Size: 2M
 Heap Min Capacity: 8M
 Heap Initial Capacity: 118M
 Heap Max Capacity: 4G
 Pre-touch: Disabled
 Parallel Workers: 10
 Concurrent Workers: 3
 Concurrent Refinement Workers: 10
 Periodic GC: Disabled
Heap:
 garbage-first heap   total 178176K, used 109785K [0x0000000700000000, 0x0000000800000000)
  region size 2048K, 8 young (16384K), 4 survivors (8192K)
 Metaspace       used 118084K, committed 120320K, reserved 1179648K
  class space    used 16711K, committed 17792K, reserved 1048576K
GC Heap History (20 events):
Event: 12.363 GC heap before
{Heap before GC invocations=24 (full 0):
 garbage-first heap   total 145408K, used 123734K [0x0000000700000000, 0x0000000800000000)
  region size 2048K, 29 young (59392K), 5 survivors (10240K)
 Metaspace       used 81138K, committed 83072K, reserved 1179648K
  class space    used 11266K, committed 12224K, reserved 1048576K
}
Event: 12.370 GC heap after
{Heap after GC invocations=25 (full 0):
 garbage-first heap   total 145408K, used 76577K [0x0000000700000000, 0x0000000800000000)
  region size 2048K, 1 young (2048K), 1 survivors (2048K)
 Metaspace       used 81138K, committed 83072K, reserved 1179648K
  class space    used 11266K, committed 12224K, reserved 1048576K
}
Event: 12.943 GC heap before
{Heap before GC invocations=25 (full 0):
 garbage-first heap   total 145408K, used 125729K [0x0000000700000000, 0x0000000800000000)
  region size 2048K, 26 young (53248K), 1 survivors (2048K)
 Metaspace       used 85245K, committed 87232K, reserved 1179648K
  class space    used 11880K, committed 12864K, reserved 1048576K
}
Event: 12.950 GC heap after
{Heap after GC invocations=26 (full 0):
 garbage-first heap   total 145408K, used 82272K [0x0000000700000000, 0x0000000800000000)
  region size 2048K, 4 young (8192K), 4 survivors (8192K)
 Metaspace       used 85245K, committed 87232K, reserved 1179648K
  class space    used 11880K, committed 12864K, reserved 1048576K
}
Event: 13.492 GC heap before
{Heap before GC invocations=27 (full 0):
 garbage-first heap   total 145408K, used 127328K [0x0000000700000000, 0x0000000800000000)
  region size 2048K, 26 young (53248K), 4 survivors (8192K)
 Metaspace       used 88138K, committed 90112K, reserved 1179648K
  class space    used 12286K, committed 13248K, reserved 1048576K
}
Event: 13.499 GC heap after
{Heap after GC invocations=28 (full 0):
 garbage-first heap   total 176128K, used 84488K [0x0000000700000000, 0x0000000800000000)
  region size 2048K, 2 young (4096K), 2 survivors (4096K)
 Metaspace       used 88138K, committed 90112K, reserved 1179648K
  class space    used 12286K, committed 13248K, reserved 1048576K
}
Event: 14.532 GC heap before
{Heap before GC invocations=28 (full 0):
 garbage-first heap   total 176128K, used 150024K [0x0000000700000000, 0x0000000800000000)
  region size 2048K, 34 young (69632K), 2 survivors (4096K)
 Metaspace       used 94046K, committed 96128K, reserved 1179648K
  class space    used 13060K, committed 14080K, reserved 1048576K
}
Event: 14.540 GC heap after
{Heap after GC invocations=29 (full 0):
 garbage-first heap   total 176128K, used 88419K [0x0000000700000000, 0x0000000800000000)
  region size 2048K, 4 young (8192K), 4 survivors (8192K)
 Metaspace       used 94046K, committed 96128K, reserved 1179648K
  class space    used 13060K, committed 14080K, reserved 1048576K
}
Event: 15.467 GC heap before
{Heap before GC invocations=29 (full 0):
 garbage-first heap   total 176128K, used 156003K [0x0000000700000000, 0x0000000800000000)
  region size 2048K, 37 young (75776K), 4 survivors (8192K)
 Metaspace       used 97557K, committed 99648K, reserved 1179648K
  class space    used 13580K, committed 14592K, reserved 1048576K
}
Event: 15.476 GC heap after
{Heap after GC invocations=30 (full 0):
 garbage-first heap   total 176128K, used 93958K [0x0000000700000000, 0x0000000800000000)
  region size 2048K, 5 young (10240K), 5 survivors (10240K)
 Metaspace       used 97557K, committed 99648K, reserved 1179648K
  class space    used 13580K, committed 14592K, reserved 1048576K
}
Event: 16.371 GC heap before
{Heap before GC invocations=31 (full 0):
 garbage-first heap   total 176128K, used 155398K [0x0000000700000000, 0x0000000800000000)
  region size 2048K, 35 young (71680K), 5 survivors (10240K)
 Metaspace       used 100665K, committed 102784K, reserved 1179648K
  class space    used 14009K, committed 15040K, reserved 1048576K
}
Event: 16.381 GC heap after
{Heap after GC invocations=32 (full 0):
 garbage-first heap   total 176128K, used 96010K [0x0000000700000000, 0x0000000800000000)
  region size 2048K, 4 young (8192K), 4 survivors (8192K)
 Metaspace       used 100665K, committed 102784K, reserved 1179648K
  class space    used 14009K, committed 15040K, reserved 1048576K
}
Event: 17.252 GC heap before
{Heap before GC invocations=32 (full 0):
 garbage-first heap   total 176128K, used 155402K [0x0000000700000000, 0x0000000800000000)
  region size 2048K, 34 young (69632K), 4 survivors (8192K)
 Metaspace       used 104852K, committed 106944K, reserved 1179648K
  class space    used 14723K, committed 15744K, reserved 1048576K
}
Event: 17.260 GC heap after
{Heap after GC invocations=33 (full 0):
 garbage-first heap   total 176128K, used 95027K [0x0000000700000000, 0x0000000800000000)
  region size 2048K, 3 young (6144K), 3 survivors (6144K)
 Metaspace       used 104852K, committed 106944K, reserved 1179648K
  class space    used 14723K, committed 15744K, reserved 1048576K
}
Event: 18.176 GC heap before
{Heap before GC invocations=33 (full 0):
 garbage-first heap   total 176128K, used 160563K [0x0000000700000000, 0x0000000800000000)
  region size 2048K, 35 young (71680K), 3 survivors (6144K)
 Metaspace       used 108991K, committed 111232K, reserved 1179648K
  class space    used 15368K, committed 16448K, reserved 1048576K
}
Event: 18.188 GC heap after
{Heap after GC invocations=34 (full 0):
 garbage-first heap   total 176128K, used 97961K [0x0000000700000000, 0x0000000800000000)
  region size 2048K, 3 young (6144K), 3 survivors (6144K)
 Metaspace       used 108991K, committed 111232K, reserved 1179648K
  class space    used 15368K, committed 16448K, reserved 1048576K
}
Event: 20.456 GC heap before
{Heap before GC invocations=35 (full 0):
 garbage-first heap   total 176128K, used 159401K [0x0000000700000000, 0x0000000800000000)
  region size 2048K, 33 young (67584K), 3 survivors (6144K)
 Metaspace       used 112818K, committed 115136K, reserved 1179648K
  class space    used 15972K, committed 17088K, reserved 1048576K
}
Event: 20.465 GC heap after
{Heap after GC invocations=36 (full 0):
 garbage-first heap   total 176128K, used 101488K [0x0000000700000000, 0x0000000800000000)
  region size 2048K, 4 young (8192K), 4 survivors (8192K)
 Metaspace       used 112818K, committed 115136K, reserved 1179648K
  class space    used 15972K, committed 17088K, reserved 1048576K
}
Event: 22.837 GC heap before
{Heap before GC invocations=36 (full 0):
 garbage-first heap   total 176128K, used 162928K [0x0000000700000000, 0x0000000800000000)
  region size 2048K, 34 young (69632K), 4 survivors (8192K)
 Metaspace       used 117814K, committed 120064K, reserved 1179648K
  class space    used 16677K, committed 17792K, reserved 1048576K
}
Event: 22.851 GC heap after
{Heap after GC invocations=37 (full 0):
 garbage-first heap   total 178176K, used 103641K [0x0000000700000000, 0x0000000800000000)
  region size 2048K, 4 young (8192K), 4 survivors (8192K)
 Metaspace       used 117814K, committed 120064K, reserved 1179648K
  class space    used 16677K, committed 17792K, reserved 1048576K
}

