# JRE version: OpenJDK Runtime Environment (21.0.10) (build 21.0.10+-14961533-b1163.108)
# Java VM: OpenJDK 64-Bit Server VM (21.0.10+-14961533-b1163.108, mixed mode, tiered, compressed oops, compressed class ptrs, g1 gc, windows-amd64)
GC Precious Log:
 CardTable entry size: 512
 Card Set container configuration: InlinePtr #cards 4 size 8 Array Of Cards #cards 16 size 48 Howl #buckets 8 coarsen threshold 3686 Howl Bitmap #cards 512 size 80 coarsen threshold 460 Card regions per heap region 1 cards per card region 4096
 CPUs: 12 total, 12 available
 Memory: 7501M
 Large Page Support: Disabled
 NUMA Support: Disabled
 Compressed Oops: Enabled (Zero based)
 Heap Region Size: 2M
 Heap Min Capacity: 8M
 Heap Initial Capacity: 118M
 Heap Max Capacity: 4G
 Pre-touch: Disabled
 Parallel Workers: 10
 Concurrent Workers: 3
 Concurrent Refinement Workers: 10
 Periodic GC: Disabled
Heap:
 garbage-first heap   total 581632K, used 418706K [0x0000000700000000, 0x0000000800000000)
  region size 2048K, 22 young (45056K), 7 survivors (14336K)
 Metaspace       used 142066K, committed 144448K, reserved 1179648K
  class space    used 20133K, committed 21312K, reserved 1048576K
GC Heap History (20 events):
Event: 34.837 GC heap before
{Heap before GC invocations=46 (full 0):
 garbage-first heap   total 225280K, used 206588K [0x0000000700000000, 0x0000000800000000)
  region size 2048K, 39 young (79872K), 3 survivors (6144K)
 Metaspace       used 128480K, committed 130880K, reserved 1179648K
  class space    used 17970K, committed 19136K, reserved 1048576K
}
Event: 34.852 GC heap after
{Heap after GC invocations=47 (full 0):
 garbage-first heap   total 270336K, used 139518K [0x0000000700000000, 0x0000000800000000)
  region size 2048K, 5 young (10240K), 5 survivors (10240K)
 Metaspace       used 128480K, committed 130880K, reserved 1179648K
  class space    used 17970K, committed 19136K, reserved 1048576K
}
Event: 35.919 GC heap before
{Heap before GC invocations=48 (full 0):
 garbage-first heap   total 270336K, used 252158K [0x0000000700000000, 0x0000000800000000)
  region size 2048K, 56 young (114688K), 5 survivors (10240K)
 Metaspace       used 129571K, committed 131968K, reserved 1179648K
  class space    used 18144K, committed 19328K, reserved 1048576K
}
Event: 35.938 GC heap after
{Heap after GC invocations=49 (full 0):
 garbage-first heap   total 274432K, used 158859K [0x0000000700000000, 0x0000000800000000)
  region size 2048K, 7 young (14336K), 7 survivors (14336K)
 Metaspace       used 129571K, committed 131968K, reserved 1179648K
  class space    used 18144K, committed 19328K, reserved 1048576K
}
Event: 37.436 GC heap before
{Heap before GC invocations=49 (full 0):
 garbage-first heap   total 282624K, used 279691K [0x0000000700000000, 0x0000000800000000)
  region size 2048K, 38 young (77824K), 7 survivors (14336K)
 Metaspace       used 133054K, committed 135488K, reserved 1179648K
  class space    used 18660K, committed 19840K, reserved 1048576K
}
Event: 37.470 GC heap after
{Heap after GC invocations=50 (full 0):
 garbage-first heap   total 321536K, used 214317K [0x0000000700000000, 0x0000000800000000)
  region size 2048K, 7 young (14336K), 7 survivors (14336K)
 Metaspace       used 133054K, committed 135488K, reserved 1179648K
  class space    used 18660K, committed 19840K, reserved 1048576K
}
Event: 37.471 GC heap before
{Heap before GC invocations=50 (full 0):
 garbage-first heap   total 321536K, used 214317K [0x0000000700000000, 0x0000000800000000)
  region size 2048K, 8 young (16384K), 7 survivors (14336K)
 Metaspace       used 133054K, committed 135488K, reserved 1179648K
  class space    used 18660K, committed 19840K, reserved 1048576K
}
Event: 37.480 GC heap after
{Heap after GC invocations=51 (full 0):
 garbage-first heap   total 321536K, used 215086K [0x0000000700000000, 0x0000000800000000)
  region size 2048K, 1 young (2048K), 1 survivors (2048K)
 Metaspace       used 133054K, committed 135488K, reserved 1179648K
  class space    used 18660K, committed 19840K, reserved 1048576K
}
Event: 38.022 GC heap before
{Heap before GC invocations=52 (full 0):
 garbage-first heap   total 393216K, used 288814K [0x0000000700000000, 0x0000000800000000)
  region size 2048K, 29 young (59392K), 1 survivors (2048K)
 Metaspace       used 133531K, committed 136064K, reserved 1179648K
  class space    used 18743K, committed 19968K, reserved 1048576K
}
Event: 38.044 GC heap after
{Heap after GC invocations=53 (full 0):
 garbage-first heap   total 393216K, used 240094K [0x0000000700000000, 0x0000000800000000)
  region size 2048K, 4 young (8192K), 4 survivors (8192K)
 Metaspace       used 133531K, committed 136064K, reserved 1179648K
  class space    used 18743K, committed 19968K, reserved 1048576K
}
Event: 38.515 GC heap before
{Heap before GC invocations=53 (full 0):
 garbage-first heap   total 393216K, used 328158K [0x0000000700000000, 0x0000000800000000)
  region size 2048K, 46 young (94208K), 4 survivors (8192K)
 Metaspace       used 133723K, committed 136192K, reserved 1179648K
  class space    used 18764K, committed 19968K, reserved 1048576K
}
Event: 38.566 GC heap after
{Heap after GC invocations=54 (full 0):
 garbage-first heap   total 393216K, used 271892K [0x0000000700000000, 0x0000000800000000)
  region size 2048K, 6 young (12288K), 6 survivors (12288K)
 Metaspace       used 133723K, committed 136192K, reserved 1179648K
  class space    used 18764K, committed 19968K, reserved 1048576K
}
Event: 39.304 GC heap before
{Heap before GC invocations=54 (full 0):
 garbage-first heap   total 393216K, used 335380K [0x0000000700000000, 0x0000000800000000)
  region size 2048K, 38 young (77824K), 6 survivors (12288K)
 Metaspace       used 136640K, committed 139072K, reserved 1179648K
  class space    used 19366K, committed 20544K, reserved 1048576K
}
Event: 39.355 GC heap after
{Heap after GC invocations=55 (full 0):
 garbage-first heap   total 581632K, used 299356K [0x0000000700000000, 0x0000000800000000)
  region size 2048K, 5 young (10240K), 5 survivors (10240K)
 Metaspace       used 136640K, committed 139072K, reserved 1179648K
  class space    used 19366K, committed 20544K, reserved 1048576K
}
Event: 39.934 GC heap before
{Heap before GC invocations=56 (full 0):
 garbage-first heap   total 581632K, used 461148K [0x0000000700000000, 0x0000000800000000)
  region size 2048K, 85 young (174080K), 5 survivors (10240K)
 Metaspace       used 136718K, committed 139136K, reserved 1179648K
  class space    used 19369K, committed 20544K, reserved 1048576K
}
Event: 40.061 GC heap after
{Heap after GC invocations=57 (full 0):
 garbage-first heap   total 581632K, used 386978K [0x0000000700000000, 0x0000000800000000)
  region size 2048K, 11 young (22528K), 11 survivors (22528K)
 Metaspace       used 136718K, committed 139136K, reserved 1179648K
  class space    used 19369K, committed 20544K, reserved 1048576K
}
Event: 41.944 GC heap before
{Heap before GC invocations=57 (full 0):
 garbage-first heap   total 581632K, used 481186K [0x0000000700000000, 0x0000000800000000)
  region size 2048K, 58 young (118784K), 11 survivors (22528K)
 Metaspace       used 141164K, committed 143616K, reserved 1179648K
  class space    used 20016K, committed 21248K, reserved 1048576K
}
Event: 42.006 GC heap after
{Heap after GC invocations=58 (full 0):
 garbage-first heap   total 581632K, used 408576K [0x0000000700000000, 0x0000000800000000)
  region size 2048K, 8 young (16384K), 8 survivors (16384K)
 Metaspace       used 141164K, committed 143616K, reserved 1179648K
  class space    used 20016K, committed 21248K, reserved 1048576K
}
Event: 42.796 GC heap before
{Heap before GC invocations=58 (full 0):
 garbage-first heap   total 581632K, used 496640K [0x0000000700000000, 0x0000000800000000)
  region size 2048K, 51 young (104448K), 8 survivors (16384K)
 Metaspace       used 141764K, committed 144192K, reserved 1179648K
  class space    used 20097K, committed 21312K, reserved 1048576K
}
Event: 42.825 GC heap after
{Heap after GC invocations=59 (full 0):
 garbage-first heap   total 581632K, used 424850K [0x0000000700000000, 0x0000000800000000)
  region size 2048K, 7 young (14336K), 7 survivors (14336K)
 Metaspace       used 141764K, committed 144192K, reserved 1179648K
  class space    used 20097K, committed 21312K, reserved 1048576K
}

