# JRE version: OpenJDK Runtime Environment (21.0.10) (build 21.0.10+-14961533-b1163.108)
# Java VM: OpenJDK 64-Bit Server VM (21.0.10+-14961533-b1163.108, mixed mode, tiered, compressed oops, compressed class ptrs, g1 gc, windows-amd64)
GC Precious Log:
 CardTable entry size: 512
 Card Set container configuration: InlinePtr #cards 4 size 8 Array Of Cards #cards 16 size 48 Howl #buckets 8 coarsen threshold 3686 Howl Bitmap #cards 512 size 80 coarsen threshold 460 Card regions per heap region 1 cards per card region 4096
 CPUs: 12 total, 12 available
 Memory: 7501M
 Large Page Support: Disabled
 NUMA Support: Disabled
 Compressed Oops: Enabled (Zero based)
 Heap Region Size: 2M
 Heap Min Capacity: 8M
 Heap Initial Capacity: 118M
 Heap Max Capacity: 4G
 Pre-touch: Disabled
 Parallel Workers: 10
 Concurrent Workers: 3
 Concurrent Refinement Workers: 10
 Periodic GC: Disabled
Heap:
 garbage-first heap   total 698368K, used 382887K [0x0000000700000000, 0x0000000800000000)
  region size 2048K, 9 young (18432K), 9 survivors (18432K)
 Metaspace       used 180240K, committed 182912K, reserved 1245184K
  class space    used 24877K, committed 26176K, reserved 1048576K
GC Heap History (20 events):
Event: 1144.321 GC heap after
{Heap after GC invocations=66 (full 0):
 garbage-first heap   total 653312K, used 207301K [0x0000000700000000, 0x0000000800000000)
  region size 2048K, 6 young (12288K), 6 survivors (12288K)
 Metaspace       used 157979K, committed 160640K, reserved 1245184K
  class space    used 21164K, committed 22464K, reserved 1048576K
}
Event: 1144.668 GC heap before
{Heap before GC invocations=66 (full 0):
 garbage-first heap   total 653312K, used 367045K [0x0000000700000000, 0x0000000800000000)
  region size 2048K, 86 young (176128K), 6 survivors (12288K)
 Metaspace       used 158053K, committed 160704K, reserved 1245184K
  class space    used 21168K, committed 22464K, reserved 1048576K
}
Event: 1144.682 GC heap after
{Heap after GC invocations=67 (full 0):
 garbage-first heap   total 653312K, used 210277K [0x0000000700000000, 0x0000000800000000)
  region size 2048K, 7 young (14336K), 7 survivors (14336K)
 Metaspace       used 158053K, committed 160704K, reserved 1245184K
  class space    used 21168K, committed 22464K, reserved 1048576K
}
Event: 1145.597 GC heap before
{Heap before GC invocations=68 (full 0):
 garbage-first heap   total 653312K, used 591205K [0x0000000700000000, 0x0000000800000000)
  region size 2048K, 191 young (391168K), 7 survivors (14336K)
 Metaspace       used 158529K, committed 161216K, reserved 1245184K
  class space    used 21226K, committed 22528K, reserved 1048576K
}
Event: 1145.615 GC heap after
{Heap after GC invocations=69 (full 0):
 garbage-first heap   total 653312K, used 216418K [0x0000000700000000, 0x0000000800000000)
  region size 2048K, 10 young (20480K), 10 survivors (20480K)
 Metaspace       used 158529K, committed 161216K, reserved 1245184K
  class space    used 21226K, committed 22528K, reserved 1048576K
}
Event: 1146.549 GC heap before
{Heap before GC invocations=69 (full 0):
 garbage-first heap   total 653312K, used 585058K [0x0000000700000000, 0x0000000800000000)
  region size 2048K, 191 young (391168K), 10 survivors (20480K)
 Metaspace       used 158628K, committed 161280K, reserved 1245184K
  class space    used 21237K, committed 22528K, reserved 1048576K
}
Event: 1146.561 GC heap after
{Heap after GC invocations=70 (full 0):
 garbage-first heap   total 653312K, used 194884K [0x0000000700000000, 0x0000000800000000)
  region size 2048K, 6 young (12288K), 6 survivors (12288K)
 Metaspace       used 158628K, committed 161280K, reserved 1245184K
  class space    used 21237K, committed 22528K, reserved 1048576K
}
Event: 1149.014 GC heap before
{Heap before GC invocations=70 (full 0):
 garbage-first heap   total 653312K, used 571716K [0x0000000700000000, 0x0000000800000000)
  region size 2048K, 191 young (391168K), 6 survivors (12288K)
 Metaspace       used 165262K, committed 167936K, reserved 1245184K
  class space    used 22324K, committed 23616K, reserved 1048576K
}
Event: 1149.091 GC heap after
{Heap after GC invocations=71 (full 0):
 garbage-first heap   total 653312K, used 255334K [0x0000000700000000, 0x0000000800000000)
  region size 2048K, 24 young (49152K), 24 survivors (49152K)
 Metaspace       used 165262K, committed 167936K, reserved 1245184K
  class space    used 22324K, committed 23616K, reserved 1048576K
}
Event: 1150.263 GC heap before
{Heap before GC invocations=72 (full 0):
 garbage-first heap   total 653312K, used 576870K [0x0000000700000000, 0x0000000800000000)
  region size 2048K, 181 young (370688K), 24 survivors (49152K)
 Metaspace       used 168791K, committed 171520K, reserved 1245184K
  class space    used 22951K, committed 24256K, reserved 1048576K
}
Event: 1150.385 GC heap after
{Heap after GC invocations=73 (full 0):
 garbage-first heap   total 694272K, used 322583K [0x0000000700000000, 0x0000000800000000)
  region size 2048K, 23 young (47104K), 23 survivors (47104K)
 Metaspace       used 168791K, committed 171520K, reserved 1245184K
  class space    used 22951K, committed 24256K, reserved 1048576K
}
Event: 1151.215 GC heap before
{Heap before GC invocations=73 (full 0):
 garbage-first heap   total 694272K, used 597015K [0x0000000700000000, 0x0000000800000000)
  region size 2048K, 157 young (321536K), 23 survivors (47104K)
 Metaspace       used 173444K, committed 176128K, reserved 1245184K
  class space    used 23893K, committed 25152K, reserved 1048576K
}
Event: 1151.304 GC heap after
{Heap after GC invocations=74 (full 0):
 garbage-first heap   total 698368K, used 366592K [0x0000000700000000, 0x0000000800000000)
  region size 2048K, 20 young (40960K), 20 survivors (40960K)
 Metaspace       used 173444K, committed 176128K, reserved 1245184K
  class space    used 23893K, committed 25152K, reserved 1048576K
}
Event: 1152.322 GC heap before
{Heap before GC invocations=74 (full 0):
 garbage-first heap   total 698368K, used 604160K [0x0000000700000000, 0x0000000800000000)
  region size 2048K, 137 young (280576K), 20 survivors (40960K)
 Metaspace       used 177547K, committed 180224K, reserved 1245184K
  class space    used 24510K, committed 25792K, reserved 1048576K
}
Event: 1152.373 GC heap after
{Heap after GC invocations=75 (full 0):
 garbage-first heap   total 698368K, used 389773K [0x0000000700000000, 0x0000000800000000)
  region size 2048K, 9 young (18432K), 9 survivors (18432K)
 Metaspace       used 177547K, committed 180224K, reserved 1245184K
  class space    used 24510K, committed 25792K, reserved 1048576K
}
Event: 1153.361 GC heap before
{Heap before GC invocations=76 (full 0):
 garbage-first heap   total 698368K, used 621197K [0x0000000700000000, 0x0000000800000000)
  region size 2048K, 122 young (249856K), 9 survivors (18432K)
 Metaspace       used 177992K, committed 180608K, reserved 1245184K
  class space    used 24569K, committed 25856K, reserved 1048576K
}
Event: 1153.376 GC heap after
{Heap after GC invocations=77 (full 0):
 garbage-first heap   total 698368K, used 386008K [0x0000000700000000, 0x0000000800000000)
  region size 2048K, 7 young (14336K), 7 survivors (14336K)
 Metaspace       used 177992K, committed 180608K, reserved 1245184K
  class space    used 24569K, committed 25856K, reserved 1048576K
}
Event: 1154.034 GC heap before
{Heap before GC invocations=77 (full 0):
 garbage-first heap   total 698368K, used 629720K [0x0000000700000000, 0x0000000800000000)
  region size 2048K, 127 young (260096K), 7 survivors (14336K)
 Metaspace       used 179193K, committed 181888K, reserved 1245184K
  class space    used 24723K, committed 25984K, reserved 1048576K
}
Event: 1154.056 GC heap after
{Heap after GC invocations=78 (full 0):
 garbage-first heap   total 698368K, used 380589K [0x0000000700000000, 0x0000000800000000)
  region size 2048K, 8 young (16384K), 8 survivors (16384K)
 Metaspace       used 179193K, committed 181888K, reserved 1245184K
  class space    used 24723K, committed 25984K, reserved 1048576K
}
Event: 1154.722 GC heap before
{Heap before GC invocations=78 (full 0):
 garbage-first heap   total 698368K, used 640685K [0x0000000700000000, 0x0000000800000000)
  region size 2048K, 135 young (276480K), 8 survivors (16384K)
 Metaspace       used 180240K, committed 182912K, reserved 1245184K
  class space    used 24877K, committed 26176K, reserved 1048576K
}

