# JRE version: OpenJDK Runtime Environment (21.0.10) (build 21.0.10+-14961533-b1163.108)
# Java VM: OpenJDK 64-Bit Server VM (21.0.10+-14961533-b1163.108, mixed mode, tiered, compressed oops, compressed class ptrs, g1 gc, windows-amd64)
GC Precious Log:
 CardTable entry size: 512
 Card Set container configuration: InlinePtr #cards 4 size 8 Array Of Cards #cards 16 size 48 Howl #buckets 8 coarsen threshold 3686 Howl Bitmap #cards 512 size 80 coarsen threshold 460 Card regions per heap region 1 cards per card region 4096
 CPUs: 12 total, 12 available
 Memory: 7501M
 Large Page Support: Disabled
 NUMA Support: Disabled
 Compressed Oops: Enabled (Zero based)
 Heap Region Size: 2M
 Heap Min Capacity: 8M
 Heap Initial Capacity: 118M
 Heap Max Capacity: 4G
 Pre-touch: Disabled
 Parallel Workers: 10
 Concurrent Workers: 3
 Concurrent Refinement Workers: 10
 Periodic GC: Disabled
Heap:
 garbage-first heap   total 342016K, used 201247K [0x0000000700000000, 0x0000000800000000)
  region size 2048K, 3 young (6144K), 3 survivors (6144K)
 Metaspace       used 164806K, committed 167424K, reserved 1245184K
  class space    used 22861K, committed 24128K, reserved 1048576K
GC Heap History (20 events):
Event: 572.292 GC heap after
{Heap after GC invocations=63 (full 0):
 garbage-first heap   total 299008K, used 172436K [0x0000000700000000, 0x0000000800000000)
  region size 2048K, 4 young (8192K), 4 survivors (8192K)
 Metaspace       used 159170K, committed 161728K, reserved 1245184K
  class space    used 22422K, committed 23680K, reserved 1048576K
}
Event: 575.969 GC heap before
{Heap before GC invocations=63 (full 0):
 garbage-first heap   total 299008K, used 274836K [0x0000000700000000, 0x0000000800000000)
  region size 2048K, 55 young (112640K), 4 survivors (8192K)
 Metaspace       used 159887K, committed 162560K, reserved 1245184K
  class space    used 22465K, committed 23744K, reserved 1048576K
}
Event: 575.996 GC heap after
{Heap after GC invocations=64 (full 0):
 garbage-first heap   total 299008K, used 182038K [0x0000000700000000, 0x0000000800000000)
  region size 2048K, 7 young (14336K), 7 survivors (14336K)
 Metaspace       used 159887K, committed 162560K, reserved 1245184K
  class space    used 22465K, committed 23744K, reserved 1048576K
}
Event: 581.262 GC heap before
{Heap before GC invocations=65 (full 0):
 garbage-first heap   total 305152K, used 274198K [0x0000000700000000, 0x0000000800000000)
  region size 2048K, 53 young (108544K), 7 survivors (14336K)
 Metaspace       used 162714K, committed 165312K, reserved 1245184K
  class space    used 22766K, committed 24000K, reserved 1048576K
}
Event: 581.293 GC heap after
{Heap after GC invocations=66 (full 0):
 garbage-first heap   total 305152K, used 187716K [0x0000000700000000, 0x0000000800000000)
  region size 2048K, 3 young (6144K), 3 survivors (6144K)
 Metaspace       used 162714K, committed 165312K, reserved 1245184K
  class space    used 22766K, committed 24000K, reserved 1048576K
}
Event: 600.634 GC heap before
{Heap before GC invocations=66 (full 0):
 garbage-first heap   total 305152K, used 279876K [0x0000000700000000, 0x0000000800000000)
  region size 2048K, 49 young (100352K), 3 survivors (6144K)
 Metaspace       used 162846K, committed 165376K, reserved 1245184K
  class space    used 22773K, committed 24000K, reserved 1048576K
}
Event: 600.648 GC heap after
{Heap after GC invocations=67 (full 0):
 garbage-first heap   total 305152K, used 185887K [0x0000000700000000, 0x0000000800000000)
  region size 2048K, 3 young (6144K), 3 survivors (6144K)
 Metaspace       used 162846K, committed 165376K, reserved 1245184K
  class space    used 22773K, committed 24000K, reserved 1048576K
}
Event: 601.870 GC heap before
{Heap before GC invocations=67 (full 0):
 garbage-first heap   total 305152K, used 251423K [0x0000000700000000, 0x0000000800000000)
  region size 2048K, 36 young (73728K), 3 survivors (6144K)
 Metaspace       used 162898K, committed 165504K, reserved 1245184K
  class space    used 22773K, committed 24000K, reserved 1048576K
}
Event: 601.884 GC heap after
{Heap after GC invocations=68 (full 0):
 garbage-first heap   total 305152K, used 189429K [0x0000000700000000, 0x0000000800000000)
  region size 2048K, 5 young (10240K), 5 survivors (10240K)
 Metaspace       used 162898K, committed 165504K, reserved 1245184K
  class space    used 22773K, committed 24000K, reserved 1048576K
}
Event: 603.370 GC heap before
{Heap before GC invocations=69 (full 0):
 garbage-first heap   total 325632K, used 285685K [0x0000000700000000, 0x0000000800000000)
  region size 2048K, 51 young (104448K), 5 survivors (10240K)
 Metaspace       used 163419K, committed 166016K, reserved 1245184K
  class space    used 22801K, committed 24000K, reserved 1048576K
}
Event: 603.391 GC heap after
{Heap after GC invocations=70 (full 0):
 garbage-first heap   total 325632K, used 201513K [0x0000000700000000, 0x0000000800000000)
  region size 2048K, 7 young (14336K), 7 survivors (14336K)
 Metaspace       used 163419K, committed 166016K, reserved 1245184K
  class space    used 22801K, committed 24000K, reserved 1048576K
}
Event: 603.862 GC heap before
{Heap before GC invocations=70 (full 0):
 garbage-first heap   total 325632K, used 299817K [0x0000000700000000, 0x0000000800000000)
  region size 2048K, 56 young (114688K), 7 survivors (14336K)
 Metaspace       used 164115K, committed 166720K, reserved 1245184K
  class space    used 22834K, committed 24128K, reserved 1048576K
}
Event: 603.898 GC heap after
{Heap after GC invocations=71 (full 0):
 garbage-first heap   total 335872K, used 200555K [0x0000000700000000, 0x0000000800000000)
  region size 2048K, 5 young (10240K), 5 survivors (10240K)
 Metaspace       used 164115K, committed 166720K, reserved 1245184K
  class space    used 22834K, committed 24128K, reserved 1048576K
}
Event: 604.389 GC heap before
{Heap before GC invocations=71 (full 0):
 garbage-first heap   total 335872K, used 307051K [0x0000000700000000, 0x0000000800000000)
  region size 2048K, 57 young (116736K), 5 survivors (10240K)
 Metaspace       used 164328K, committed 166912K, reserved 1245184K
  class space    used 22855K, committed 24128K, reserved 1048576K
}
Event: 604.402 GC heap after
{Heap after GC invocations=72 (full 0):
 garbage-first heap   total 335872K, used 201905K [0x0000000700000000, 0x0000000800000000)
  region size 2048K, 2 young (4096K), 2 survivors (4096K)
 Metaspace       used 164328K, committed 166912K, reserved 1245184K
  class space    used 22855K, committed 24128K, reserved 1048576K
}
Event: 604.985 GC heap before
{Heap before GC invocations=73 (full 0):
 garbage-first heap   total 342016K, used 312497K [0x0000000700000000, 0x0000000800000000)
  region size 2048K, 56 young (114688K), 2 survivors (4096K)
 Metaspace       used 164523K, committed 167104K, reserved 1245184K
  class space    used 22858K, committed 24128K, reserved 1048576K
}
Event: 605.016 GC heap after
{Heap after GC invocations=74 (full 0):
 garbage-first heap   total 342016K, used 201868K [0x0000000700000000, 0x0000000800000000)
  region size 2048K, 2 young (4096K), 2 survivors (4096K)
 Metaspace       used 164523K, committed 167104K, reserved 1245184K
  class space    used 22858K, committed 24128K, reserved 1048576K
}
Event: 605.436 GC heap before
{Heap before GC invocations=74 (full 0):
 garbage-first heap   total 342016K, used 320652K [0x0000000700000000, 0x0000000800000000)
  region size 2048K, 60 young (122880K), 2 survivors (4096K)
 Metaspace       used 164678K, committed 167296K, reserved 1245184K
  class space    used 22859K, committed 24128K, reserved 1048576K
}
Event: 605.450 GC heap after
{Heap after GC invocations=75 (full 0):
 garbage-first heap   total 342016K, used 199333K [0x0000000700000000, 0x0000000800000000)
  region size 2048K, 2 young (4096K), 2 survivors (4096K)
 Metaspace       used 164678K, committed 167296K, reserved 1245184K
  class space    used 22859K, committed 24128K, reserved 1048576K
}
Event: 605.924 GC heap before
{Heap before GC invocations=75 (full 0):
 garbage-first heap   total 342016K, used 320165K [0x0000000700000000, 0x0000000800000000)
  region size 2048K, 62 young (126976K), 2 survivors (4096K)
 Metaspace       used 164806K, committed 167424K, reserved 1245184K
  class space    used 22861K, committed 24128K, reserved 1048576K
}

