# JRE version: OpenJDK Runtime Environment (21.0.10) (build 21.0.10+-14961533-b1163.108)
# Java VM: OpenJDK 64-Bit Server VM (21.0.10+-14961533-b1163.108, mixed mode, tiered, compressed oops, compressed class ptrs, g1 gc, windows-amd64)
GC Precious Log:
 CardTable entry size: 512
 Card Set container configuration: InlinePtr #cards 4 size 8 Array Of Cards #cards 16 size 48 Howl #buckets 8 coarsen threshold 3686 Howl Bitmap #cards 512 size 80 coarsen threshold 460 Card regions per heap region 1 cards per card region 4096
 CPUs: 12 total, 12 available
 Memory: 7501M
 Large Page Support: Disabled
 NUMA Support: Disabled
 Compressed Oops: Enabled (Zero based)
 Heap Region Size: 2M
 Heap Min Capacity: 8M
 Heap Initial Capacity: 118M
 Heap Max Capacity: 4G
 Pre-touch: Disabled
 Parallel Workers: 10
 Concurrent Workers: 3
 Concurrent Refinement Workers: 10
 Periodic GC: Disabled
Heap:
 garbage-first heap   total 616448K, used 497531K [0x0000000700000000, 0x0000000800000000)
  region size 2048K, 100 young (204800K), 8 survivors (16384K)
 Metaspace       used 275139K, committed 278080K, reserved 1310720K
  class space    used 35472K, committed 36864K, reserved 1048576K
GC Heap History (20 events):
Event: 1970.494 GC heap before
{Heap before GC invocations=92 (full 0):
 garbage-first heap   total 616448K, used 525373K [0x0000000700000000, 0x0000000800000000)
  region size 2048K, 97 young (198656K), 3 survivors (6144K)
 Metaspace       used 269750K, committed 272640K, reserved 1310720K
  class space    used 34756K, committed 36160K, reserved 1048576K
}
Event: 1970.519 GC heap after
{Heap after GC invocations=93 (full 0):
 garbage-first heap   total 616448K, used 305466K [0x0000000700000000, 0x0000000800000000)
  region size 2048K, 7 young (14336K), 7 survivors (14336K)
 Metaspace       used 269750K, committed 272640K, reserved 1310720K
  class space    used 34756K, committed 36160K, reserved 1048576K
}
Event: 1971.181 GC heap before
{Heap before GC invocations=93 (full 0):
 garbage-first heap   total 616448K, used 348474K [0x0000000700000000, 0x0000000800000000)
  region size 2048K, 29 young (59392K), 7 survivors (14336K)
 Metaspace       used 272833K, committed 275776K, reserved 1310720K
  class space    used 35204K, committed 36608K, reserved 1048576K
}
Event: 1971.194 GC heap after
{Heap after GC invocations=94 (full 0):
 garbage-first heap   total 616448K, used 308208K [0x0000000700000000, 0x0000000800000000)
  region size 2048K, 7 young (14336K), 7 survivors (14336K)
 Metaspace       used 272833K, committed 275776K, reserved 1310720K
  class space    used 35204K, committed 36608K, reserved 1048576K
}
Event: 1972.273 GC heap before
{Heap before GC invocations=95 (full 0):
 garbage-first heap   total 616448K, used 535536K [0x0000000700000000, 0x0000000800000000)
  region size 2048K, 118 young (241664K), 7 survivors (14336K)
 Metaspace       used 273216K, committed 276160K, reserved 1310720K
  class space    used 35230K, committed 36608K, reserved 1048576K
}
Event: 1972.288 GC heap after
{Heap after GC invocations=96 (full 0):
 garbage-first heap   total 616448K, used 314002K [0x0000000700000000, 0x0000000800000000)
  region size 2048K, 9 young (18432K), 9 survivors (18432K)
 Metaspace       used 273216K, committed 276160K, reserved 1310720K
  class space    used 35230K, committed 36608K, reserved 1048576K
}
Event: 1974.413 GC heap before
{Heap before GC invocations=96 (full 0):
 garbage-first heap   total 616448K, used 551570K [0x0000000700000000, 0x0000000800000000)
  region size 2048K, 121 young (247808K), 9 survivors (18432K)
 Metaspace       used 275087K, committed 278016K, reserved 1310720K
  class space    used 35472K, committed 36864K, reserved 1048576K
}
Event: 1974.451 GC heap after
{Heap after GC invocations=97 (full 0):
 garbage-first heap   total 616448K, used 321489K [0x0000000700000000, 0x0000000800000000)
  region size 2048K, 16 young (32768K), 16 survivors (32768K)
 Metaspace       used 275087K, committed 278016K, reserved 1310720K
  class space    used 35472K, committed 36864K, reserved 1048576K
}
Event: 1974.554 GC heap before
{Heap before GC invocations=97 (full 0):
 garbage-first heap   total 616448K, used 366545K [0x0000000700000000, 0x0000000800000000)
  region size 2048K, 39 young (79872K), 16 survivors (32768K)
 Metaspace       used 275096K, committed 278016K, reserved 1310720K
  class space    used 35472K, committed 36864K, reserved 1048576K
}
Event: 1974.580 GC heap after
{Heap after GC invocations=98 (full 0):
 garbage-first heap   total 616448K, used 328642K [0x0000000700000000, 0x0000000800000000)
  region size 2048K, 3 young (6144K), 3 survivors (6144K)
 Metaspace       used 275096K, committed 278016K, reserved 1310720K
  class space    used 35472K, committed 36864K, reserved 1048576K
}
Event: 1974.960 GC heap before
{Heap before GC invocations=98 (full 0):
 garbage-first heap   total 616448K, used 564162K [0x0000000700000000, 0x0000000800000000)
  region size 2048K, 114 young (233472K), 3 survivors (6144K)
 Metaspace       used 275104K, committed 278016K, reserved 1310720K
  class space    used 35472K, committed 36864K, reserved 1048576K
}
Event: 1974.975 GC heap after
{Heap after GC invocations=99 (full 0):
 garbage-first heap   total 616448K, used 347468K [0x0000000700000000, 0x0000000800000000)
  region size 2048K, 12 young (24576K), 12 survivors (24576K)
 Metaspace       used 275104K, committed 278016K, reserved 1310720K
  class space    used 35472K, committed 36864K, reserved 1048576K
}
Event: 1975.259 GC heap before
{Heap before GC invocations=100 (full 0):
 garbage-first heap   total 616448K, used 560460K [0x0000000700000000, 0x0000000800000000)
  region size 2048K, 117 young (239616K), 12 survivors (24576K)
 Metaspace       used 275109K, committed 278080K, reserved 1310720K
  class space    used 35472K, committed 36864K, reserved 1048576K
}
Event: 1975.278 GC heap after
{Heap after GC invocations=101 (full 0):
 garbage-first heap   total 616448K, used 357591K [0x0000000700000000, 0x0000000800000000)
  region size 2048K, 6 young (12288K), 6 survivors (12288K)
 Metaspace       used 275109K, committed 278080K, reserved 1310720K
  class space    used 35472K, committed 36864K, reserved 1048576K
}
Event: 1975.686 GC heap before
{Heap before GC invocations=101 (full 0):
 garbage-first heap   total 616448K, used 566487K [0x0000000700000000, 0x0000000800000000)
  region size 2048K, 109 young (223232K), 6 survivors (12288K)
 Metaspace       used 275116K, committed 278080K, reserved 1310720K
  class space    used 35472K, committed 36864K, reserved 1048576K
}
Event: 1975.706 GC heap after
{Heap after GC invocations=102 (full 0):
 garbage-first heap   total 616448K, used 356580K [0x0000000700000000, 0x0000000800000000)
  region size 2048K, 8 young (16384K), 8 survivors (16384K)
 Metaspace       used 275116K, committed 278080K, reserved 1310720K
  class space    used 35472K, committed 36864K, reserved 1048576K
}
Event: 1975.742 GC heap before
{Heap before GC invocations=102 (full 0):
 garbage-first heap   total 616448K, used 379108K [0x0000000700000000, 0x0000000800000000)
  region size 2048K, 21 young (43008K), 8 survivors (16384K)
 Metaspace       used 275116K, committed 278080K, reserved 1310720K
  class space    used 35472K, committed 36864K, reserved 1048576K
}
Event: 1975.752 GC heap after
{Heap after GC invocations=103 (full 0):
 garbage-first heap   total 616448K, used 358173K [0x0000000700000000, 0x0000000800000000)
  region size 2048K, 8 young (16384K), 8 survivors (16384K)
 Metaspace       used 275116K, committed 278080K, reserved 1310720K
  class space    used 35472K, committed 36864K, reserved 1048576K
}
Event: 1976.257 GC heap before
{Heap before GC invocations=104 (full 0):
 garbage-first heap   total 616448K, used 530205K [0x0000000700000000, 0x0000000800000000)
  region size 2048K, 117 young (239616K), 8 survivors (16384K)
 Metaspace       used 275116K, committed 278080K, reserved 1310720K
  class space    used 35472K, committed 36864K, reserved 1048576K
}
Event: 1976.267 GC heap after
{Heap after GC invocations=105 (full 0):
 garbage-first heap   total 616448K, used 307067K [0x0000000700000000, 0x0000000800000000)
  region size 2048K, 8 young (16384K), 8 survivors (16384K)
 Metaspace       used 275116K, committed 278080K, reserved 1310720K
  class space    used 35472K, committed 36864K, reserved 1048576K
}

