# JRE version: OpenJDK Runtime Environment (21.0.10) (build 21.0.10+-14961533-b1163.108)
# Java VM: OpenJDK 64-Bit Server VM (21.0.10+-14961533-b1163.108, mixed mode, tiered, compressed oops, compressed class ptrs, g1 gc, windows-amd64)
GC Precious Log:
 CardTable entry size: 512
 Card Set container configuration: InlinePtr #cards 4 size 8 Array Of Cards #cards 16 size 48 Howl #buckets 8 coarsen threshold 3686 Howl Bitmap #cards 512 size 80 coarsen threshold 460 Card regions per heap region 1 cards per card region 4096
 CPUs: 12 total, 12 available
 Memory: 7501M
 Large Page Support: Disabled
 NUMA Support: Disabled
 Compressed Oops: Enabled (Zero based)
 Heap Region Size: 2M
 Heap Min Capacity: 8M
 Heap Initial Capacity: 118M
 Heap Max Capacity: 4G
 Pre-touch: Disabled
 Parallel Workers: 10
 Concurrent Workers: 3
 Concurrent Refinement Workers: 10
 Periodic GC: Disabled
Heap:
 garbage-first heap   total 323584K, used 180839K [0x0000000700000000, 0x0000000800000000)
  region size 2048K, 3 young (6144K), 3 survivors (6144K)
 Metaspace       used 157886K, committed 160448K, reserved 1245184K
  class space    used 22257K, committed 23488K, reserved 1048576K
GC Heap History (20 events):
Event: 27.609 GC heap after
{Heap after GC invocations=46 (full 0):
 garbage-first heap   total 256000K, used 155266K [0x0000000700000000, 0x0000000800000000)
  region size 2048K, 3 young (6144K), 3 survivors (6144K)
 Metaspace       used 128328K, committed 130688K, reserved 1179648K
  class space    used 17971K, committed 19072K, reserved 1048576K
}
Event: 34.139 GC heap before
{Heap before GC invocations=46 (full 0):
 garbage-first heap   total 256000K, used 224898K [0x0000000700000000, 0x0000000800000000)
  region size 2048K, 38 young (77824K), 3 survivors (6144K)
 Metaspace       used 129641K, committed 132096K, reserved 1179648K
  class space    used 18177K, committed 19328K, reserved 1048576K
}
Event: 34.147 GC heap after
{Heap after GC invocations=47 (full 0):
 garbage-first heap   total 307200K, used 157669K [0x0000000700000000, 0x0000000800000000)
  region size 2048K, 4 young (8192K), 4 survivors (8192K)
 Metaspace       used 129641K, committed 132096K, reserved 1179648K
  class space    used 18177K, committed 19328K, reserved 1048576K
}
Event: 107.703 GC heap before
{Heap before GC invocations=48 (full 0):
 garbage-first heap   total 307200K, used 272357K [0x0000000700000000, 0x0000000800000000)
  region size 2048K, 63 young (129024K), 4 survivors (8192K)
 Metaspace       used 136599K, committed 139136K, reserved 1179648K
  class space    used 18875K, committed 20096K, reserved 1048576K
}
Event: 107.718 GC heap after
{Heap after GC invocations=49 (full 0):
 garbage-first heap   total 307200K, used 158285K [0x0000000700000000, 0x0000000800000000)
  region size 2048K, 6 young (12288K), 6 survivors (12288K)
 Metaspace       used 136599K, committed 139136K, reserved 1179648K
  class space    used 18875K, committed 20096K, reserved 1048576K
}
Event: 109.566 GC heap before
{Heap before GC invocations=49 (full 0):
 garbage-first heap   total 307200K, used 279117K [0x0000000700000000, 0x0000000800000000)
  region size 2048K, 66 young (135168K), 6 survivors (12288K)
 Metaspace       used 137089K, committed 139648K, reserved 1179648K
  class space    used 18880K, committed 20096K, reserved 1048576K
}
Event: 109.590 GC heap after
{Heap after GC invocations=50 (full 0):
 garbage-first heap   total 307200K, used 163046K [0x0000000700000000, 0x0000000800000000)
  region size 2048K, 9 young (18432K), 9 survivors (18432K)
 Metaspace       used 137089K, committed 139648K, reserved 1179648K
  class space    used 18880K, committed 20096K, reserved 1048576K
}
Event: 126.380 GC heap before
{Heap before GC invocations=50 (full 0):
 garbage-first heap   total 307200K, used 279782K [0x0000000700000000, 0x0000000800000000)
  region size 2048K, 66 young (135168K), 9 survivors (18432K)
 Metaspace       used 137374K, committed 139904K, reserved 1179648K
  class space    used 18894K, committed 20160K, reserved 1048576K
}
Event: 126.400 GC heap after
{Heap after GC invocations=51 (full 0):
 garbage-first heap   total 307200K, used 167026K [0x0000000700000000, 0x0000000800000000)
  region size 2048K, 2 young (4096K), 2 survivors (4096K)
 Metaspace       used 137374K, committed 139904K, reserved 1179648K
  class space    used 18894K, committed 20160K, reserved 1048576K
}
Event: 127.885 GC heap before
{Heap before GC invocations=52 (full 0):
 garbage-first heap   total 307200K, used 281714K [0x0000000700000000, 0x0000000800000000)
  region size 2048K, 59 young (120832K), 2 survivors (4096K)
 Metaspace       used 138263K, committed 140864K, reserved 1179648K
  class space    used 19034K, committed 20288K, reserved 1048576K
}
Event: 127.902 GC heap after
{Heap after GC invocations=53 (full 0):
 garbage-first heap   total 307200K, used 181870K [0x0000000700000000, 0x0000000800000000)
  region size 2048K, 8 young (16384K), 8 survivors (16384K)
 Metaspace       used 138263K, committed 140864K, reserved 1179648K
  class space    used 19034K, committed 20288K, reserved 1048576K
}
Event: 128.655 GC heap before
{Heap before GC invocations=53 (full 0):
 garbage-first heap   total 307200K, used 278126K [0x0000000700000000, 0x0000000800000000)
  region size 2048K, 56 young (114688K), 8 survivors (16384K)
 Metaspace       used 138499K, committed 140992K, reserved 1179648K
  class space    used 19071K, committed 20288K, reserved 1048576K
}
Event: 128.672 GC heap after
{Heap after GC invocations=54 (full 0):
 garbage-first heap   total 307200K, used 183377K [0x0000000700000000, 0x0000000800000000)
  region size 2048K, 4 young (8192K), 4 survivors (8192K)
 Metaspace       used 138499K, committed 140992K, reserved 1179648K
  class space    used 19071K, committed 20288K, reserved 1048576K
}
Event: 129.137 GC heap before
{Heap before GC invocations=54 (full 0):
 garbage-first heap   total 307200K, used 218193K [0x0000000700000000, 0x0000000800000000)
  region size 2048K, 23 young (47104K), 4 survivors (8192K)
 Metaspace       used 138803K, committed 141312K, reserved 1179648K
  class space    used 19115K, committed 20352K, reserved 1048576K
}
Event: 129.145 GC heap after
{Heap after GC invocations=55 (full 0):
 garbage-first heap   total 307200K, used 186181K [0x0000000700000000, 0x0000000800000000)
  region size 2048K, 5 young (10240K), 5 survivors (10240K)
 Metaspace       used 138803K, committed 141312K, reserved 1179648K
  class space    used 19115K, committed 20352K, reserved 1048576K
}
Event: 132.860 GC heap before
{Heap before GC invocations=56 (full 0):
 garbage-first heap   total 317440K, used 280389K [0x0000000700000000, 0x0000000800000000)
  region size 2048K, 51 young (104448K), 5 survivors (10240K)
 Metaspace       used 144607K, committed 147200K, reserved 1179648K
  class space    used 20012K, committed 21248K, reserved 1048576K
}
Event: 132.870 GC heap after
{Heap after GC invocations=57 (full 0):
 garbage-first heap   total 317440K, used 191596K [0x0000000700000000, 0x0000000800000000)
  region size 2048K, 5 young (10240K), 5 survivors (10240K)
 Metaspace       used 144607K, committed 147200K, reserved 1179648K
  class space    used 20012K, committed 21248K, reserved 1048576K
}
Event: 134.813 GC heap before
{Heap before GC invocations=57 (full 0):
 garbage-first heap   total 317440K, used 291948K [0x0000000700000000, 0x0000000800000000)
  region size 2048K, 55 young (112640K), 5 survivors (10240K)
 Metaspace       used 154884K, committed 157440K, reserved 1245184K
  class space    used 21799K, committed 23040K, reserved 1048576K
}
Event: 134.838 GC heap after
{Heap after GC invocations=58 (full 0):
 garbage-first heap   total 323584K, used 182829K [0x0000000700000000, 0x0000000800000000)
  region size 2048K, 4 young (8192K), 4 survivors (8192K)
 Metaspace       used 154884K, committed 157440K, reserved 1245184K
  class space    used 21799K, committed 23040K, reserved 1048576K
}
Event: 135.376 GC heap before
{Heap before GC invocations=58 (full 0):
 garbage-first heap   total 323584K, used 297517K [0x0000000700000000, 0x0000000800000000)
  region size 2048K, 61 young (124928K), 4 survivors (8192K)
 Metaspace       used 157886K, committed 160448K, reserved 1245184K
  class space    used 22257K, committed 23488K, reserved 1048576K
}

