# JRE version: OpenJDK Runtime Environment (21.0.10) (build 21.0.10+-14961533-b1163.108)
# Java VM: OpenJDK 64-Bit Server VM (21.0.10+-14961533-b1163.108, mixed mode, tiered, compressed oops, compressed class ptrs, g1 gc, windows-amd64)
GC Precious Log:
 CardTable entry size: 512
 Card Set container configuration: InlinePtr #cards 4 size 8 Array Of Cards #cards 16 size 48 Howl #buckets 8 coarsen threshold 3686 Howl Bitmap #cards 512 size 80 coarsen threshold 460 Card regions per heap region 1 cards per card region 4096
 CPUs: 12 total, 12 available
 Memory: 7501M
 Large Page Support: Disabled
 NUMA Support: Disabled
 Compressed Oops: Enabled (Zero based)
 Heap Region Size: 2M
 Heap Min Capacity: 8M
 Heap Initial Capacity: 118M
 Heap Max Capacity: 4G
 Pre-touch: Disabled
 Parallel Workers: 10
 Concurrent Workers: 3
 Concurrent Refinement Workers: 10
 Periodic GC: Disabled
Heap:
 garbage-first heap   total 235520K, used 149560K [0x0000000700000000, 0x0000000800000000)
  region size 2048K, 3 young (6144K), 3 survivors (6144K)
 Metaspace       used 133047K, committed 135424K, reserved 1179648K
  class space    used 18277K, committed 19456K, reserved 1048576K
GC Heap History (20 events):
Event: 20.867 GC heap after
{Heap after GC invocations=32 (full 0):
 garbage-first heap   total 172032K, used 98439K [0x0000000700000000, 0x0000000800000000)
  region size 2048K, 4 young (8192K), 4 survivors (8192K)
 Metaspace       used 109556K, committed 111744K, reserved 1179648K
  class space    used 15475K, committed 16576K, reserved 1048576K
}
Event: 21.654 GC heap before
{Heap before GC invocations=32 (full 0):
 garbage-first heap   total 172032K, used 157831K [0x0000000700000000, 0x0000000800000000)
  region size 2048K, 33 young (67584K), 4 survivors (8192K)
 Metaspace       used 114705K, committed 116992K, reserved 1179648K
  class space    used 16212K, committed 17344K, reserved 1048576K
}
Event: 21.665 GC heap after
{Heap after GC invocations=33 (full 0):
 garbage-first heap   total 172032K, used 100809K [0x0000000700000000, 0x0000000800000000)
  region size 2048K, 4 young (8192K), 4 survivors (8192K)
 Metaspace       used 114705K, committed 116992K, reserved 1179648K
  class space    used 16212K, committed 17344K, reserved 1048576K
}
Event: 22.426 GC heap before
{Heap before GC invocations=34 (full 0):
 garbage-first heap   total 172032K, used 158153K [0x0000000700000000, 0x0000000800000000)
  region size 2048K, 33 young (67584K), 4 survivors (8192K)
 Metaspace       used 116087K, committed 118336K, reserved 1179648K
  class space    used 16439K, committed 17536K, reserved 1048576K
}
Event: 22.442 GC heap after
{Heap after GC invocations=35 (full 0):
 garbage-first heap   total 215040K, used 109041K [0x0000000700000000, 0x0000000800000000)
  region size 2048K, 5 young (10240K), 5 survivors (10240K)
 Metaspace       used 116087K, committed 118336K, reserved 1179648K
  class space    used 16439K, committed 17536K, reserved 1048576K
}
Event: 23.644 GC heap before
{Heap before GC invocations=35 (full 0):
 garbage-first heap   total 215040K, used 190961K [0x0000000700000000, 0x0000000800000000)
  region size 2048K, 46 young (94208K), 5 survivors (10240K)
 Metaspace       used 120494K, committed 122816K, reserved 1179648K
  class space    used 16895K, committed 18048K, reserved 1048576K
}
Event: 23.665 GC heap after
{Heap after GC invocations=36 (full 0):
 garbage-first heap   total 217088K, used 119780K [0x0000000700000000, 0x0000000800000000)
  region size 2048K, 6 young (12288K), 6 survivors (12288K)
 Metaspace       used 120494K, committed 122816K, reserved 1179648K
  class space    used 16895K, committed 18048K, reserved 1048576K
}
Event: 24.601 GC heap before
{Heap before GC invocations=36 (full 0):
 garbage-first heap   total 217088K, used 189412K [0x0000000700000000, 0x0000000800000000)
  region size 2048K, 41 young (83968K), 6 survivors (12288K)
 Metaspace       used 122105K, committed 124480K, reserved 1179648K
  class space    used 17132K, committed 18304K, reserved 1048576K
}
Event: 24.618 GC heap after
{Heap after GC invocations=37 (full 0):
 garbage-first heap   total 217088K, used 124933K [0x0000000700000000, 0x0000000800000000)
  region size 2048K, 4 young (8192K), 4 survivors (8192K)
 Metaspace       used 122105K, committed 124480K, reserved 1179648K
  class space    used 17132K, committed 18304K, reserved 1048576K
}
Event: 25.680 GC heap before
{Heap before GC invocations=37 (full 0):
 garbage-first heap   total 217088K, used 192517K [0x0000000700000000, 0x0000000800000000)
  region size 2048K, 38 young (77824K), 4 survivors (8192K)
 Metaspace       used 124166K, committed 126528K, reserved 1179648K
  class space    used 17391K, committed 18560K, reserved 1048576K
}
Event: 25.691 GC heap after
{Heap after GC invocations=38 (full 0):
 garbage-first heap   total 217088K, used 130348K [0x0000000700000000, 0x0000000800000000)
  region size 2048K, 4 young (8192K), 4 survivors (8192K)
 Metaspace       used 124166K, committed 126528K, reserved 1179648K
  class space    used 17391K, committed 18560K, reserved 1048576K
}
Event: 27.043 GC heap before
{Heap before GC invocations=39 (full 0):
 garbage-first heap   total 219136K, used 195884K [0x0000000700000000, 0x0000000800000000)
  region size 2048K, 37 young (75776K), 4 survivors (8192K)
 Metaspace       used 128806K, committed 131136K, reserved 1179648K
  class space    used 17863K, committed 19008K, reserved 1048576K
}
Event: 27.053 GC heap after
{Heap after GC invocations=40 (full 0):
 garbage-first heap   total 219136K, used 132279K [0x0000000700000000, 0x0000000800000000)
  region size 2048K, 3 young (6144K), 3 survivors (6144K)
 Metaspace       used 128806K, committed 131136K, reserved 1179648K
  class space    used 17863K, committed 19008K, reserved 1048576K
}
Event: 46.649 GC heap before
{Heap before GC invocations=40 (full 0):
 garbage-first heap   total 219136K, used 195767K [0x0000000700000000, 0x0000000800000000)
  region size 2048K, 35 young (71680K), 3 survivors (6144K)
 Metaspace       used 130622K, committed 132928K, reserved 1179648K
  class space    used 18001K, committed 19136K, reserved 1048576K
}
Event: 46.659 GC heap after
{Heap after GC invocations=41 (full 0):
 garbage-first heap   total 219136K, used 131965K [0x0000000700000000, 0x0000000800000000)
  region size 2048K, 4 young (8192K), 4 survivors (8192K)
 Metaspace       used 130622K, committed 132928K, reserved 1179648K
  class space    used 18001K, committed 19136K, reserved 1048576K
}
Event: 47.575 GC heap before
{Heap before GC invocations=41 (full 0):
 garbage-first heap   total 219136K, used 201597K [0x0000000700000000, 0x0000000800000000)
  region size 2048K, 38 young (77824K), 4 survivors (8192K)
 Metaspace       used 132688K, committed 135104K, reserved 1179648K
  class space    used 18270K, committed 19456K, reserved 1048576K
}
Event: 47.589 GC heap after
{Heap after GC invocations=42 (full 0):
 garbage-first heap   total 219136K, used 139608K [0x0000000700000000, 0x0000000800000000)
  region size 2048K, 5 young (10240K), 5 survivors (10240K)
 Metaspace       used 132688K, committed 135104K, reserved 1179648K
  class space    used 18270K, committed 19456K, reserved 1048576K
}
Event: 48.752 GC heap before
{Heap before GC invocations=43 (full 0):
 garbage-first heap   total 235520K, used 196952K [0x0000000700000000, 0x0000000800000000)
  region size 2048K, 34 young (69632K), 5 survivors (10240K)
 Metaspace       used 133015K, committed 135424K, reserved 1179648K
  class space    used 18272K, committed 19456K, reserved 1048576K
}
Event: 48.769 GC heap after
{Heap after GC invocations=44 (full 0):
 garbage-first heap   total 235520K, used 146591K [0x0000000700000000, 0x0000000800000000)
  region size 2048K, 4 young (8192K), 4 survivors (8192K)
 Metaspace       used 133015K, committed 135424K, reserved 1179648K
  class space    used 18272K, committed 19456K, reserved 1048576K
}
Event: 49.325 GC heap before
{Heap before GC invocations=44 (full 0):
 garbage-first heap   total 235520K, used 210079K [0x0000000700000000, 0x0000000800000000)
  region size 2048K, 36 young (73728K), 4 survivors (8192K)
 Metaspace       used 133047K, committed 135424K, reserved 1179648K
  class space    used 18277K, committed 19456K, reserved 1048576K
}

