# JRE version: OpenJDK Runtime Environment (21.0.10) (build 21.0.10+-14961533-b1163.108)
# Java VM: OpenJDK 64-Bit Server VM (21.0.10+-14961533-b1163.108, mixed mode, tiered, compressed oops, compressed class ptrs, g1 gc, windows-amd64)
GC Precious Log:
 CardTable entry size: 512
 Card Set container configuration: InlinePtr #cards 4 size 8 Array Of Cards #cards 16 size 48 Howl #buckets 8 coarsen threshold 3686 Howl Bitmap #cards 512 size 80 coarsen threshold 460 Card regions per heap region 1 cards per card region 4096
 CPUs: 12 total, 12 available
 Memory: 7501M
 Large Page Support: Disabled
 NUMA Support: Disabled
 Compressed Oops: Enabled (Zero based)
 Heap Region Size: 2M
 Heap Min Capacity: 8M
 Heap Initial Capacity: 118M
 Heap Max Capacity: 4G
 Pre-touch: Disabled
 Parallel Workers: 10
 Concurrent Workers: 3
 Concurrent Refinement Workers: 10
 Periodic GC: Disabled
Heap:
 garbage-first heap   total 188416K, used 134931K [0x0000000700000000, 0x0000000800000000)
  region size 2048K, 12 young (24576K), 2 survivors (4096K)
 Metaspace       used 103824K, committed 106048K, reserved 1179648K
  class space    used 14423K, committed 15488K, reserved 1048576K
GC Heap History (20 events):
Event: 38.041 GC heap before
{Heap before GC invocations=25 (full 0):
 garbage-first heap   total 137216K, used 121433K [0x0000000700000000, 0x0000000800000000)
  region size 2048K, 23 young (47104K), 2 survivors (4096K)
 Metaspace       used 74540K, committed 76480K, reserved 1179648K
  class space    used 10606K, committed 11520K, reserved 1048576K
}
Event: 38.051 GC heap after
{Heap after GC invocations=26 (full 0):
 garbage-first heap   total 165888K, used 80602K [0x0000000700000000, 0x0000000800000000)
  region size 2048K, 2 young (4096K), 2 survivors (4096K)
 Metaspace       used 74540K, committed 76480K, reserved 1179648K
  class space    used 10606K, committed 11520K, reserved 1048576K
}
Event: 38.893 GC heap before
{Heap before GC invocations=26 (full 0):
 garbage-first heap   total 165888K, used 133850K [0x0000000700000000, 0x0000000800000000)
  region size 2048K, 30 young (61440K), 2 survivors (4096K)
 Metaspace       used 74679K, committed 76608K, reserved 1179648K
  class space    used 10626K, committed 11584K, reserved 1048576K
}
Event: 38.903 GC heap after
{Heap after GC invocations=27 (full 0):
 garbage-first heap   total 165888K, used 85491K [0x0000000700000000, 0x0000000800000000)
  region size 2048K, 5 young (10240K), 5 survivors (10240K)
 Metaspace       used 74679K, committed 76608K, reserved 1179648K
  class space    used 10626K, committed 11584K, reserved 1048576K
}
Event: 42.095 GC heap before
{Heap before GC invocations=28 (full 0):
 garbage-first heap   total 165888K, used 146931K [0x0000000700000000, 0x0000000800000000)
  region size 2048K, 34 young (69632K), 5 survivors (10240K)
 Metaspace       used 77633K, committed 79552K, reserved 1179648K
  class space    used 11008K, committed 11968K, reserved 1048576K
}
Event: 42.107 GC heap after
{Heap after GC invocations=29 (full 0):
 garbage-first heap   total 167936K, used 97229K [0x0000000700000000, 0x0000000800000000)
  region size 2048K, 5 young (10240K), 5 survivors (10240K)
 Metaspace       used 77633K, committed 79552K, reserved 1179648K
  class space    used 11008K, committed 11968K, reserved 1048576K
}
Event: 43.725 GC heap before
{Heap before GC invocations=29 (full 0):
 garbage-first heap   total 167936K, used 146381K [0x0000000700000000, 0x0000000800000000)
  region size 2048K, 30 young (61440K), 5 survivors (10240K)
 Metaspace       used 83193K, committed 85120K, reserved 1179648K
  class space    used 11549K, committed 12480K, reserved 1048576K
}
Event: 43.737 GC heap after
{Heap after GC invocations=30 (full 0):
 garbage-first heap   total 167936K, used 97641K [0x0000000700000000, 0x0000000800000000)
  region size 2048K, 1 young (2048K), 1 survivors (2048K)
 Metaspace       used 83193K, committed 85120K, reserved 1179648K
  class space    used 11549K, committed 12480K, reserved 1048576K
}
Event: 45.664 GC heap before
{Heap before GC invocations=30 (full 0):
 garbage-first heap   total 167936K, used 146793K [0x0000000700000000, 0x0000000800000000)
  region size 2048K, 26 young (53248K), 1 survivors (2048K)
 Metaspace       used 87095K, committed 89152K, reserved 1179648K
  class space    used 12141K, committed 13120K, reserved 1048576K
}
Event: 45.677 GC heap after
{Heap after GC invocations=31 (full 0):
 garbage-first heap   total 167936K, used 102970K [0x0000000700000000, 0x0000000800000000)
  region size 2048K, 4 young (8192K), 4 survivors (8192K)
 Metaspace       used 87095K, committed 89152K, reserved 1179648K
  class space    used 12141K, committed 13120K, reserved 1048576K
}
Event: 48.224 GC heap before
{Heap before GC invocations=32 (full 0):
 garbage-first heap   total 174080K, used 150074K [0x0000000700000000, 0x0000000800000000)
  region size 2048K, 27 young (55296K), 4 survivors (8192K)
 Metaspace       used 90021K, committed 92032K, reserved 1179648K
  class space    used 12545K, committed 13504K, reserved 1048576K
}
Event: 48.237 GC heap after
{Heap after GC invocations=33 (full 0):
 garbage-first heap   total 174080K, used 105211K [0x0000000700000000, 0x0000000800000000)
  region size 2048K, 2 young (4096K), 2 survivors (4096K)
 Metaspace       used 90021K, committed 92032K, reserved 1179648K
  class space    used 12545K, committed 13504K, reserved 1048576K
}
Event: 50.198 GC heap before
{Heap before GC invocations=33 (full 0):
 garbage-first heap   total 174080K, used 154363K [0x0000000700000000, 0x0000000800000000)
  region size 2048K, 27 young (55296K), 2 survivors (4096K)
 Metaspace       used 94900K, committed 97024K, reserved 1179648K
  class space    used 13210K, committed 14272K, reserved 1048576K
}
Event: 50.204 GC heap after
{Heap after GC invocations=34 (full 0):
 garbage-first heap   total 174080K, used 107111K [0x0000000700000000, 0x0000000800000000)
  region size 2048K, 3 young (6144K), 3 survivors (6144K)
 Metaspace       used 94900K, committed 97024K, reserved 1179648K
  class space    used 13210K, committed 14272K, reserved 1048576K
}
Event: 51.065 GC heap before
{Heap before GC invocations=34 (full 0):
 garbage-first heap   total 174080K, used 158311K [0x0000000700000000, 0x0000000800000000)
  region size 2048K, 28 young (57344K), 3 survivors (6144K)
 Metaspace       used 97945K, committed 100032K, reserved 1179648K
  class space    used 13609K, committed 14656K, reserved 1048576K
}
Event: 51.074 GC heap after
{Heap after GC invocations=35 (full 0):
 garbage-first heap   total 174080K, used 109788K [0x0000000700000000, 0x0000000800000000)
  region size 2048K, 4 young (8192K), 4 survivors (8192K)
 Metaspace       used 97945K, committed 100032K, reserved 1179648K
  class space    used 13609K, committed 14656K, reserved 1048576K
}
Event: 52.524 GC heap before
{Heap before GC invocations=36 (full 0):
 garbage-first heap   total 188416K, used 158940K [0x0000000700000000, 0x0000000800000000)
  region size 2048K, 28 young (57344K), 4 survivors (8192K)
 Metaspace       used 99508K, committed 101696K, reserved 1179648K
  class space    used 13852K, committed 14912K, reserved 1048576K
}
Event: 52.536 GC heap after
{Heap after GC invocations=37 (full 0):
 garbage-first heap   total 188416K, used 114961K [0x0000000700000000, 0x0000000800000000)
  region size 2048K, 4 young (8192K), 4 survivors (8192K)
 Metaspace       used 99508K, committed 101696K, reserved 1179648K
  class space    used 13852K, committed 14912K, reserved 1048576K
}
Event: 53.598 GC heap before
{Heap before GC invocations=37 (full 0):
 garbage-first heap   total 188416K, used 170257K [0x0000000700000000, 0x0000000800000000)
  region size 2048K, 31 young (63488K), 4 survivors (8192K)
 Metaspace       used 102523K, committed 104704K, reserved 1179648K
  class space    used 14264K, committed 15360K, reserved 1048576K
}
Event: 53.609 GC heap after
{Heap after GC invocations=38 (full 0):
 garbage-first heap   total 188416K, used 116499K [0x0000000700000000, 0x0000000800000000)
  region size 2048K, 2 young (4096K), 2 survivors (4096K)
 Metaspace       used 102523K, committed 104704K, reserved 1179648K
  class space    used 14264K, committed 15360K, reserved 1048576K
}

