# JRE version: OpenJDK Runtime Environment (21.0.10) (build 21.0.10+-14961533-b1163.108)
# Java VM: OpenJDK 64-Bit Server VM (21.0.10+-14961533-b1163.108, mixed mode, tiered, compressed oops, compressed class ptrs, g1 gc, windows-amd64)
GC Precious Log:
 CardTable entry size: 512
 Card Set container configuration: InlinePtr #cards 4 size 8 Array Of Cards #cards 16 size 48 Howl #buckets 8 coarsen threshold 3686 Howl Bitmap #cards 512 size 80 coarsen threshold 460 Card regions per heap region 1 cards per card region 4096
 CPUs: 12 total, 12 available
 Memory: 7501M
 Large Page Support: Disabled
 NUMA Support: Disabled
 Compressed Oops: Enabled (Zero based)
 Heap Region Size: 2M
 Heap Min Capacity: 8M
 Heap Initial Capacity: 118M
 Heap Max Capacity: 4G
 Pre-touch: Disabled
 Parallel Workers: 10
 Concurrent Workers: 3
 Concurrent Refinement Workers: 10
 Periodic GC: Disabled
Heap:
 garbage-first heap   total 335872K, used 185306K [0x0000000700000000, 0x0000000800000000)
  region size 2048K, 10 young (20480K), 3 survivors (6144K)
 Metaspace       used 160453K, committed 163072K, reserved 1245184K
  class space    used 22591K, committed 23872K, reserved 1048576K
GC Heap History (20 events):
Event: 651.723 GC heap before
{Heap before GC invocations=52 (full 0):
 garbage-first heap   total 268288K, used 247248K [0x0000000700000000, 0x0000000800000000)
  region size 2048K, 54 young (110592K), 5 survivors (10240K)
 Metaspace       used 136861K, committed 139328K, reserved 1179648K
  class space    used 18815K, committed 20032K, reserved 1048576K
}
Event: 651.768 GC heap after
{Heap after GC invocations=53 (full 0):
 garbage-first heap   total 272384K, used 155236K [0x0000000700000000, 0x0000000800000000)
  region size 2048K, 7 young (14336K), 7 survivors (14336K)
 Metaspace       used 136861K, committed 139328K, reserved 1179648K
  class space    used 18815K, committed 20032K, reserved 1048576K
}
Event: 670.726 GC heap before
{Heap before GC invocations=53 (full 0):
 garbage-first heap   total 272384K, used 251492K [0x0000000700000000, 0x0000000800000000)
  region size 2048K, 54 young (110592K), 7 survivors (14336K)
 Metaspace       used 137062K, committed 139584K, reserved 1179648K
  class space    used 18818K, committed 20032K, reserved 1048576K
}
Event: 670.755 GC heap after
{Heap after GC invocations=54 (full 0):
 garbage-first heap   total 272384K, used 158879K [0x0000000700000000, 0x0000000800000000)
  region size 2048K, 2 young (4096K), 2 survivors (4096K)
 Metaspace       used 137062K, committed 139584K, reserved 1179648K
  class space    used 18818K, committed 20032K, reserved 1048576K
}
Event: 671.898 GC heap before
{Heap before GC invocations=55 (full 0):
 garbage-first heap   total 272384K, used 251039K [0x0000000700000000, 0x0000000800000000)
  region size 2048K, 48 young (98304K), 2 survivors (4096K)
 Metaspace       used 137195K, committed 139584K, reserved 1179648K
  class space    used 18845K, committed 20032K, reserved 1048576K
}
Event: 671.909 GC heap after
{Heap after GC invocations=56 (full 0):
 garbage-first heap   total 272384K, used 162788K [0x0000000700000000, 0x0000000800000000)
  region size 2048K, 4 young (8192K), 4 survivors (8192K)
 Metaspace       used 137195K, committed 139584K, reserved 1179648K
  class space    used 18845K, committed 20032K, reserved 1048576K
}
Event: 673.630 GC heap before
{Heap before GC invocations=56 (full 0):
 garbage-first heap   total 272384K, used 252900K [0x0000000700000000, 0x0000000800000000)
  region size 2048K, 48 young (98304K), 4 survivors (8192K)
 Metaspace       used 138909K, committed 141376K, reserved 1179648K
  class space    used 19075K, committed 20288K, reserved 1048576K
}
Event: 673.656 GC heap after
{Heap after GC invocations=57 (full 0):
 garbage-first heap   total 335872K, used 165888K [0x0000000700000000, 0x0000000800000000)
  region size 2048K, 6 young (12288K), 6 survivors (12288K)
 Metaspace       used 138909K, committed 141376K, reserved 1179648K
  class space    used 19075K, committed 20288K, reserved 1048576K
}
Event: 675.702 GC heap before
{Heap before GC invocations=57 (full 0):
 garbage-first heap   total 335872K, used 305152K [0x0000000700000000, 0x0000000800000000)
  region size 2048K, 75 young (153600K), 6 survivors (12288K)
 Metaspace       used 141861K, committed 144384K, reserved 1179648K
  class space    used 19508K, committed 20736K, reserved 1048576K
}
Event: 675.721 GC heap after
{Heap after GC invocations=58 (full 0):
 garbage-first heap   total 335872K, used 174197K [0x0000000700000000, 0x0000000800000000)
  region size 2048K, 9 young (18432K), 9 survivors (18432K)
 Metaspace       used 141861K, committed 144384K, reserved 1179648K
  class space    used 19508K, committed 20736K, reserved 1048576K
}
Event: 677.991 GC heap before
{Heap before GC invocations=59 (full 0):
 garbage-first heap   total 335872K, used 301173K [0x0000000700000000, 0x0000000800000000)
  region size 2048K, 72 young (147456K), 9 survivors (18432K)
 Metaspace       used 154566K, committed 157056K, reserved 1245184K
  class space    used 21740K, committed 22976K, reserved 1048576K
}
Event: 678.015 GC heap after
{Heap after GC invocations=60 (full 0):
 garbage-first heap   total 335872K, used 182482K [0x0000000700000000, 0x0000000800000000)
  region size 2048K, 9 young (18432K), 9 survivors (18432K)
 Metaspace       used 154566K, committed 157056K, reserved 1245184K
  class space    used 21740K, committed 22976K, reserved 1048576K
}
Event: 678.685 GC heap before
{Heap before GC invocations=60 (full 0):
 garbage-first heap   total 335872K, used 305362K [0x0000000700000000, 0x0000000800000000)
  region size 2048K, 69 young (141312K), 9 survivors (18432K)
 Metaspace       used 156820K, committed 159360K, reserved 1245184K
  class space    used 21986K, committed 23232K, reserved 1048576K
}
Event: 678.704 GC heap after
{Heap after GC invocations=61 (full 0):
 garbage-first heap   total 335872K, used 178918K [0x0000000700000000, 0x0000000800000000)
  region size 2048K, 5 young (10240K), 5 survivors (10240K)
 Metaspace       used 156820K, committed 159360K, reserved 1245184K
  class space    used 21986K, committed 23232K, reserved 1048576K
}
Event: 679.133 GC heap before
{Heap before GC invocations=61 (full 0):
 garbage-first heap   total 335872K, used 309990K [0x0000000700000000, 0x0000000800000000)
  region size 2048K, 69 young (141312K), 5 survivors (10240K)
 Metaspace       used 157034K, committed 159552K, reserved 1245184K
  class space    used 22001K, committed 23232K, reserved 1048576K
}
Event: 679.145 GC heap after
{Heap after GC invocations=62 (full 0):
 garbage-first heap   total 335872K, used 179121K [0x0000000700000000, 0x0000000800000000)
  region size 2048K, 6 young (12288K), 6 survivors (12288K)
 Metaspace       used 157034K, committed 159552K, reserved 1245184K
  class space    used 22001K, committed 23232K, reserved 1048576K
}
Event: 679.830 GC heap before
{Heap before GC invocations=63 (full 0):
 garbage-first heap   total 335872K, used 312241K [0x0000000700000000, 0x0000000800000000)
  region size 2048K, 71 young (145408K), 6 survivors (12288K)
 Metaspace       used 159090K, committed 161600K, reserved 1245184K
  class space    used 22417K, committed 23680K, reserved 1048576K
}
Event: 679.844 GC heap after
{Heap after GC invocations=64 (full 0):
 garbage-first heap   total 335872K, used 179950K [0x0000000700000000, 0x0000000800000000)
  region size 2048K, 3 young (6144K), 3 survivors (6144K)
 Metaspace       used 159090K, committed 161600K, reserved 1245184K
  class space    used 22417K, committed 23680K, reserved 1048576K
}
Event: 680.776 GC heap before
{Heap before GC invocations=64 (full 0):
 garbage-first heap   total 335872K, used 315118K [0x0000000700000000, 0x0000000800000000)
  region size 2048K, 70 young (143360K), 3 survivors (6144K)
 Metaspace       used 160276K, committed 162816K, reserved 1245184K
  class space    used 22572K, committed 23808K, reserved 1048576K
}
Event: 680.788 GC heap after
{Heap after GC invocations=65 (full 0):
 garbage-first heap   total 335872K, used 173018K [0x0000000700000000, 0x0000000800000000)
  region size 2048K, 3 young (6144K), 3 survivors (6144K)
 Metaspace       used 160276K, committed 162816K, reserved 1245184K
  class space    used 22572K, committed 23808K, reserved 1048576K
}

