# JRE version: OpenJDK Runtime Environment (21.0.10) (build 21.0.10+-14961533-b1163.108)
# Java VM: OpenJDK 64-Bit Server VM (21.0.10+-14961533-b1163.108, mixed mode, tiered, compressed oops, compressed class ptrs, g1 gc, windows-amd64)
GC Precious Log:
 CardTable entry size: 512
 Card Set container configuration: InlinePtr #cards 4 size 8 Array Of Cards #cards 16 size 48 Howl #buckets 8 coarsen threshold 3686 Howl Bitmap #cards 512 size 80 coarsen threshold 460 Card regions per heap region 1 cards per card region 4096
 CPUs: 12 total, 12 available
 Memory: 7501M
 Large Page Support: Disabled
 NUMA Support: Disabled
 Compressed Oops: Enabled (Zero based)
 Heap Region Size: 2M
 Heap Min Capacity: 8M
 Heap Initial Capacity: 118M
 Heap Max Capacity: 4G
 Pre-touch: Disabled
 Parallel Workers: 10
 Concurrent Workers: 3
 Concurrent Refinement Workers: 10
 Periodic GC: Disabled
Heap:
 garbage-first heap   total 315392K, used 180470K [0x0000000700000000, 0x0000000800000000)
  region size 2048K, 2 young (4096K), 2 survivors (4096K)
 Metaspace       used 143555K, committed 146048K, reserved 1179648K
  class space    used 19641K, committed 20864K, reserved 1048576K
GC Heap History (20 events):
Event: 30.202 GC heap after
{Heap after GC invocations=45 (full 0):
 garbage-first heap   total 266240K, used 143108K [0x0000000700000000, 0x0000000800000000)
  region size 2048K, 6 young (12288K), 6 survivors (12288K)
 Metaspace       used 133177K, committed 135552K, reserved 1179648K
  class space    used 18580K, committed 19712K, reserved 1048576K
}
Event: 30.926 GC heap before
{Heap before GC invocations=45 (full 0):
 garbage-first heap   total 266240K, used 239364K [0x0000000700000000, 0x0000000800000000)
  region size 2048K, 54 young (110592K), 6 survivors (12288K)
 Metaspace       used 134354K, committed 136768K, reserved 1179648K
  class space    used 18762K, committed 19968K, reserved 1048576K
}
Event: 30.941 GC heap after
{Heap after GC invocations=46 (full 0):
 garbage-first heap   total 266240K, used 146739K [0x0000000700000000, 0x0000000800000000)
  region size 2048K, 6 young (12288K), 6 survivors (12288K)
 Metaspace       used 134354K, committed 136768K, reserved 1179648K
  class space    used 18762K, committed 19968K, reserved 1048576K
}
Event: 41.981 GC heap before
{Heap before GC invocations=47 (full 0):
 garbage-first heap   total 266240K, used 240947K [0x0000000700000000, 0x0000000800000000)
  region size 2048K, 53 young (108544K), 6 survivors (12288K)
 Metaspace       used 135476K, committed 137984K, reserved 1179648K
  class space    used 18946K, committed 20160K, reserved 1048576K
}
Event: 41.993 GC heap after
{Heap after GC invocations=48 (full 0):
 garbage-first heap   total 266240K, used 149692K [0x0000000700000000, 0x0000000800000000)
  region size 2048K, 5 young (10240K), 5 survivors (10240K)
 Metaspace       used 135476K, committed 137984K, reserved 1179648K
  class space    used 18946K, committed 20160K, reserved 1048576K
}
Event: 78.514 GC heap before
{Heap before GC invocations=48 (full 0):
 garbage-first heap   total 266240K, used 241852K [0x0000000700000000, 0x0000000800000000)
  region size 2048K, 51 young (104448K), 5 survivors (10240K)
 Metaspace       used 142128K, committed 144640K, reserved 1179648K
  class space    used 19613K, committed 20864K, reserved 1048576K
}
Event: 78.534 GC heap after
{Heap after GC invocations=49 (full 0):
 garbage-first heap   total 266240K, used 150507K [0x0000000700000000, 0x0000000800000000)
  region size 2048K, 4 young (8192K), 4 survivors (8192K)
 Metaspace       used 142128K, committed 144640K, reserved 1179648K
  class space    used 19613K, committed 20864K, reserved 1048576K
}
Event: 80.555 GC heap before
{Heap before GC invocations=49 (full 0):
 garbage-first heap   total 266240K, used 246763K [0x0000000700000000, 0x0000000800000000)
  region size 2048K, 51 young (104448K), 4 survivors (8192K)
 Metaspace       used 142633K, committed 145152K, reserved 1179648K
  class space    used 19620K, committed 20864K, reserved 1048576K
}
Event: 80.575 GC heap after
{Heap after GC invocations=50 (full 0):
 garbage-first heap   total 266240K, used 160330K [0x0000000700000000, 0x0000000800000000)
  region size 2048K, 7 young (14336K), 7 survivors (14336K)
 Metaspace       used 142633K, committed 145152K, reserved 1179648K
  class space    used 19620K, committed 20864K, reserved 1048576K
}
Event: 81.523 GC heap before
{Heap before GC invocations=51 (full 0):
 garbage-first heap   total 270336K, used 244298K [0x0000000700000000, 0x0000000800000000)
  region size 2048K, 48 young (98304K), 7 survivors (14336K)
 Metaspace       used 142695K, committed 145216K, reserved 1179648K
  class space    used 19622K, committed 20864K, reserved 1048576K
}
Event: 81.549 GC heap after
{Heap after GC invocations=52 (full 0):
 garbage-first heap   total 276480K, used 177072K [0x0000000700000000, 0x0000000800000000)
  region size 2048K, 6 young (12288K), 6 survivors (12288K)
 Metaspace       used 142695K, committed 145216K, reserved 1179648K
  class space    used 19622K, committed 20864K, reserved 1048576K
}
Event: 86.413 GC heap before
{Heap before GC invocations=52 (full 0):
 garbage-first heap   total 276480K, used 244656K [0x0000000700000000, 0x0000000800000000)
  region size 2048K, 40 young (81920K), 6 survivors (12288K)
 Metaspace       used 142810K, committed 145344K, reserved 1179648K
  class space    used 19625K, committed 20864K, reserved 1048576K
}
Event: 86.424 GC heap after
{Heap after GC invocations=53 (full 0):
 garbage-first heap   total 276480K, used 170858K [0x0000000700000000, 0x0000000800000000)
  region size 2048K, 2 young (4096K), 2 survivors (4096K)
 Metaspace       used 142810K, committed 145344K, reserved 1179648K
  class space    used 19625K, committed 20864K, reserved 1048576K
}
Event: 363.280 GC heap before
{Heap before GC invocations=53 (full 0):
 garbage-first heap   total 276480K, used 248682K [0x0000000700000000, 0x0000000800000000)
  region size 2048K, 41 young (83968K), 2 survivors (4096K)
 Metaspace       used 143033K, committed 145600K, reserved 1179648K
  class space    used 19628K, committed 20864K, reserved 1048576K
}
Event: 363.290 GC heap after
{Heap after GC invocations=54 (full 0):
 garbage-first heap   total 276480K, used 174058K [0x0000000700000000, 0x0000000800000000)
  region size 2048K, 4 young (8192K), 4 survivors (8192K)
 Metaspace       used 143033K, committed 145600K, reserved 1179648K
  class space    used 19628K, committed 20864K, reserved 1048576K
}
Event: 364.542 GC heap before
{Heap before GC invocations=55 (full 0):
 garbage-first heap   total 294912K, used 251882K [0x0000000700000000, 0x0000000800000000)
  region size 2048K, 42 young (86016K), 4 survivors (8192K)
 Metaspace       used 143348K, committed 145856K, reserved 1179648K
  class space    used 19637K, committed 20864K, reserved 1048576K
}
Event: 364.556 GC heap after
{Heap after GC invocations=56 (full 0):
 garbage-first heap   total 294912K, used 181313K [0x0000000700000000, 0x0000000800000000)
  region size 2048K, 6 young (12288K), 6 survivors (12288K)
 Metaspace       used 143348K, committed 145856K, reserved 1179648K
  class space    used 19637K, committed 20864K, reserved 1048576K
}
Event: 365.478 GC heap before
{Heap before GC invocations=56 (full 0):
 garbage-first heap   total 294912K, used 269377K [0x0000000700000000, 0x0000000800000000)
  region size 2048K, 49 young (100352K), 6 survivors (12288K)
 Metaspace       used 143415K, committed 145920K, reserved 1179648K
  class space    used 19637K, committed 20864K, reserved 1048576K
}
Event: 365.519 GC heap after
{Heap after GC invocations=57 (full 0):
 garbage-first heap   total 315392K, used 185301K [0x0000000700000000, 0x0000000800000000)
  region size 2048K, 7 young (14336K), 7 survivors (14336K)
 Metaspace       used 143415K, committed 145920K, reserved 1179648K
  class space    used 19637K, committed 20864K, reserved 1048576K
}
Event: 662.886 GC heap before
{Heap before GC invocations=57 (full 0):
 garbage-first heap   total 315392K, used 277461K [0x0000000700000000, 0x0000000800000000)
  region size 2048K, 52 young (106496K), 7 survivors (14336K)
 Metaspace       used 143555K, committed 146048K, reserved 1179648K
  class space    used 19641K, committed 20864K, reserved 1048576K
}

