# JRE version: OpenJDK Runtime Environment (21.0.10) (build 21.0.10+-14961533-b1163.108)
# Java VM: OpenJDK 64-Bit Server VM (21.0.10+-14961533-b1163.108, mixed mode, tiered, compressed oops, compressed class ptrs, g1 gc, windows-amd64)
GC Precious Log:
 CardTable entry size: 512
 Card Set container configuration: InlinePtr #cards 4 size 8 Array Of Cards #cards 16 size 48 Howl #buckets 8 coarsen threshold 3686 Howl Bitmap #cards 512 size 80 coarsen threshold 460 Card regions per heap region 1 cards per card region 4096
 CPUs: 12 total, 12 available
 Memory: 7501M
 Large Page Support: Disabled
 NUMA Support: Disabled
 Compressed Oops: Enabled (Zero based)
 Heap Region Size: 2M
 Heap Min Capacity: 8M
 Heap Initial Capacity: 118M
 Heap Max Capacity: 4G
 Pre-touch: Disabled
 Parallel Workers: 10
 Concurrent Workers: 3
 Concurrent Refinement Workers: 10
 Periodic GC: Disabled
Heap:
 garbage-first heap   total 796672K, used 646917K [0x0000000700000000, 0x0000000800000000)
  region size 2048K, 77 young (157696K), 9 survivors (18432K)
 Metaspace       used 146783K, committed 149248K, reserved 1179648K
  class space    used 20634K, committed 21824K, reserved 1048576K
GC Heap History (20 events):
Event: 27.375 GC heap before
{Heap before GC invocations=47 (full 0):
 garbage-first heap   total 268288K, used 265773K [0x0000000700000000, 0x0000000800000000)
  region size 2048K, 51 young (104448K), 4 survivors (8192K)
 Metaspace       used 132392K, committed 134848K, reserved 1179648K
  class space    used 18513K, committed 19712K, reserved 1048576K
}
Event: 27.398 GC heap after
{Heap after GC invocations=48 (full 0):
 garbage-first heap   total 299008K, used 194441K [0x0000000700000000, 0x0000000800000000)
  region size 2048K, 7 young (14336K), 7 survivors (14336K)
 Metaspace       used 132392K, committed 134848K, reserved 1179648K
  class space    used 18513K, committed 19712K, reserved 1048576K
}
Event: 27.581 GC heap before
{Heap before GC invocations=48 (full 0):
 garbage-first heap   total 303104K, used 300937K [0x0000000700000000, 0x0000000800000000)
  region size 2048K, 30 young (61440K), 7 survivors (14336K)
 Metaspace       used 132832K, committed 135296K, reserved 1179648K
  class space    used 18577K, committed 19776K, reserved 1048576K
}
Event: 27.604 GC heap after
{Heap after GC invocations=49 (full 0):
 garbage-first heap   total 405504K, used 236336K [0x0000000700000000, 0x0000000800000000)
  region size 2048K, 6 young (12288K), 6 survivors (12288K)
 Metaspace       used 132832K, committed 135296K, reserved 1179648K
  class space    used 18577K, committed 19776K, reserved 1048576K
}
Event: 28.327 GC heap before
{Heap before GC invocations=49 (full 0):
 garbage-first heap   total 405504K, used 348976K [0x0000000700000000, 0x0000000800000000)
  region size 2048K, 61 young (124928K), 6 survivors (12288K)
 Metaspace       used 133997K, committed 136448K, reserved 1179648K
  class space    used 18717K, committed 19904K, reserved 1048576K
}
Event: 28.365 GC heap after
{Heap after GC invocations=50 (full 0):
 garbage-first heap   total 405504K, used 272683K [0x0000000700000000, 0x0000000800000000)
  region size 2048K, 8 young (16384K), 8 survivors (16384K)
 Metaspace       used 133997K, committed 136448K, reserved 1179648K
  class space    used 18717K, committed 19904K, reserved 1048576K
}
Event: 28.829 GC heap before
{Heap before GC invocations=50 (full 0):
 garbage-first heap   total 405504K, used 356651K [0x0000000700000000, 0x0000000800000000)
  region size 2048K, 49 young (100352K), 8 survivors (16384K)
 Metaspace       used 135453K, committed 137856K, reserved 1179648K
  class space    used 19025K, committed 20224K, reserved 1048576K
}
Event: 28.872 GC heap after
{Heap after GC invocations=51 (full 0):
 garbage-first heap   total 405504K, used 296882K [0x0000000700000000, 0x0000000800000000)
  region size 2048K, 7 young (14336K), 7 survivors (14336K)
 Metaspace       used 135453K, committed 137856K, reserved 1179648K
  class space    used 19025K, committed 20224K, reserved 1048576K
}
Event: 29.222 GC heap before
{Heap before GC invocations=51 (full 0):
 garbage-first heap   total 405504K, used 362418K [0x0000000700000000, 0x0000000800000000)
  region size 2048K, 40 young (81920K), 7 survivors (14336K)
 Metaspace       used 137193K, committed 139584K, reserved 1179648K
  class space    used 19362K, committed 20544K, reserved 1048576K
}
Event: 29.256 GC heap after
{Heap after GC invocations=52 (full 0):
 garbage-first heap   total 405504K, used 321536K [0x0000000700000000, 0x0000000800000000)
  region size 2048K, 5 young (10240K), 5 survivors (10240K)
 Metaspace       used 137193K, committed 139584K, reserved 1179648K
  class space    used 19362K, committed 20544K, reserved 1048576K
}
Event: 29.379 GC heap before
{Heap before GC invocations=52 (full 0):
 garbage-first heap   total 405504K, used 366592K [0x0000000700000000, 0x0000000800000000)
  region size 2048K, 27 young (55296K), 5 survivors (10240K)
 Metaspace       used 137324K, committed 139712K, reserved 1179648K
  class space    used 19380K, committed 20544K, reserved 1048576K
}
Event: 29.409 GC heap after
{Heap after GC invocations=53 (full 0):
 garbage-first heap   total 768000K, used 345514K [0x0000000700000000, 0x0000000800000000)
  region size 2048K, 4 young (8192K), 4 survivors (8192K)
 Metaspace       used 137324K, committed 139712K, reserved 1179648K
  class space    used 19380K, committed 20544K, reserved 1048576K
}
Event: 30.403 GC heap before
{Heap before GC invocations=54 (full 0):
 garbage-first heap   total 768000K, used 597418K [0x0000000700000000, 0x0000000800000000)
  region size 2048K, 128 young (262144K), 4 survivors (8192K)
 Metaspace       used 138912K, committed 141312K, reserved 1179648K
  class space    used 19616K, committed 20800K, reserved 1048576K
}
Event: 30.538 GC heap after
{Heap after GC invocations=55 (full 0):
 garbage-first heap   total 768000K, used 467968K [0x0000000700000000, 0x0000000800000000)
  region size 2048K, 16 young (32768K), 16 survivors (32768K)
 Metaspace       used 138912K, committed 141312K, reserved 1179648K
  class space    used 19616K, committed 20800K, reserved 1048576K
}
Event: 32.102 GC heap before
{Heap before GC invocations=55 (full 0):
 garbage-first heap   total 768000K, used 605184K [0x0000000700000000, 0x0000000800000000)
  region size 2048K, 83 young (169984K), 16 survivors (32768K)
 Metaspace       used 143831K, committed 146240K, reserved 1179648K
  class space    used 20259K, committed 21440K, reserved 1048576K
}
Event: 32.157 GC heap after
{Heap after GC invocations=56 (full 0):
 garbage-first heap   total 768000K, used 488448K [0x0000000700000000, 0x0000000800000000)
  region size 2048K, 10 young (20480K), 10 survivors (20480K)
 Metaspace       used 143831K, committed 146240K, reserved 1179648K
  class space    used 20259K, committed 21440K, reserved 1048576K
}
Event: 33.643 GC heap before
{Heap before GC invocations=56 (full 0):
 garbage-first heap   total 768000K, used 625664K [0x0000000700000000, 0x0000000800000000)
  region size 2048K, 79 young (161792K), 10 survivors (20480K)
 Metaspace       used 146069K, committed 148480K, reserved 1179648K
  class space    used 20561K, committed 21760K, reserved 1048576K
}
Event: 33.675 GC heap after
{Heap after GC invocations=57 (full 0):
 garbage-first heap   total 768000K, used 503677K [0x0000000700000000, 0x0000000800000000)
  region size 2048K, 8 young (16384K), 8 survivors (16384K)
 Metaspace       used 146069K, committed 148480K, reserved 1179648K
  class space    used 20561K, committed 21760K, reserved 1048576K
}
Event: 34.937 GC heap before
{Heap before GC invocations=58 (full 0):
 garbage-first heap   total 796672K, used 634749K [0x0000000700000000, 0x0000000800000000)
  region size 2048K, 79 young (161792K), 8 survivors (16384K)
 Metaspace       used 146416K, committed 148928K, reserved 1179648K
  class space    used 20602K, committed 21824K, reserved 1048576K
}
Event: 34.960 GC heap after
{Heap after GC invocations=59 (full 0):
 garbage-first heap   total 796672K, used 501509K [0x0000000700000000, 0x0000000800000000)
  region size 2048K, 9 young (18432K), 9 survivors (18432K)
 Metaspace       used 146416K, committed 148928K, reserved 1179648K
  class space    used 20602K, committed 21824K, reserved 1048576K
}

