# JRE version: OpenJDK Runtime Environment Temurin-21.0.7+6 (21.0.7+6) (build 21.0.7+6-LTS)
# Java VM: OpenJDK 64-Bit Server VM Temurin-21.0.7+6 (21.0.7+6-LTS, mixed mode, sharing, tiered, compressed oops, compressed class ptrs, g1 gc, windows-amd64)
GC Precious Log:
 CardTable entry size: 512
 Card Set container configuration: InlinePtr #cards 5 size 8 Array Of Cards #cards 12 size 40 Howl #buckets 4 coarsen threshold 1843 Howl Bitmap #cards 512 size 80 coarsen threshold 460 Card regions per heap region 1 cards per card region 2048
 CPUs: 12 total, 12 available
 Memory: 7501M
 Large Page Support: Disabled
 NUMA Support: Disabled
 Compressed Oops: Enabled (32-bit)
 Heap Region Size: 1M
 Heap Min Capacity: 8M
 Heap Initial Capacity: 118M
 Heap Max Capacity: 1876M
 Pre-touch: Disabled
 Parallel Workers: 10
 Concurrent Workers: 3
 Concurrent Refinement Workers: 10
 Periodic GC: Disabled
Heap:
 garbage-first heap   total 135168K, used 65536K [0x000000008ac00000, 0x0000000100000000)
  region size 1024K, 3 young (3072K), 3 survivors (3072K)
 Metaspace       used 47003K, committed 47296K, reserved 1114112K
  class space    used 5363K, committed 5504K, reserved 1048576K
GC Heap History (20 events):
Event: 0.906 GC heap after
{Heap after GC invocations=1 (full 0):
 garbage-first heap   total 120832K, used 6944K [0x000000008ac00000, 0x0000000100000000)
  region size 1024K, 3 young (3072K), 3 survivors (3072K)
 Metaspace       used 6863K, committed 7040K, reserved 1114112K
  class space    used 690K, committed 768K, reserved 1048576K
}
Event: 2.027 GC heap before
{Heap before GC invocations=1 (full 0):
 garbage-first heap   total 120832K, used 39712K [0x000000008ac00000, 0x0000000100000000)
  region size 1024K, 36 young (36864K), 3 survivors (3072K)
 Metaspace       used 16557K, committed 16832K, reserved 1114112K
  class space    used 1831K, committed 1984K, reserved 1048576K
}
Event: 2.038 GC heap after
{Heap after GC invocations=2 (full 0):
 garbage-first heap   total 120832K, used 9282K [0x000000008ac00000, 0x0000000100000000)
  region size 1024K, 3 young (3072K), 3 survivors (3072K)
 Metaspace       used 16557K, committed 16832K, reserved 1114112K
  class space    used 1831K, committed 1984K, reserved 1048576K
}
Event: 2.989 GC heap before
{Heap before GC invocations=2 (full 0):
 garbage-first heap   total 120832K, used 45122K [0x000000008ac00000, 0x0000000100000000)
  region size 1024K, 39 young (39936K), 3 survivors (3072K)
 Metaspace       used 21260K, committed 21504K, reserved 1114112K
  class space    used 2330K, committed 2432K, reserved 1048576K
}
Event: 3.010 GC heap after
{Heap after GC invocations=3 (full 0):
 garbage-first heap   total 120832K, used 18171K [0x000000008ac00000, 0x0000000100000000)
  region size 1024K, 9 young (9216K), 9 survivors (9216K)
 Metaspace       used 21260K, committed 21504K, reserved 1114112K
  class space    used 2330K, committed 2432K, reserved 1048576K
}
Event: 4.128 GC heap before
{Heap before GC invocations=4 (full 0):
 garbage-first heap   total 61440K, used 60155K [0x000000008ac00000, 0x0000000100000000)
  region size 1024K, 51 young (52224K), 9 survivors (9216K)
 Metaspace       used 31619K, committed 32000K, reserved 1114112K
  class space    used 3906K, committed 4096K, reserved 1048576K
}
Event: 4.149 GC heap after
{Heap after GC invocations=5 (full 0):
 garbage-first heap   total 75776K, used 22119K [0x000000008ac00000, 0x0000000100000000)
  region size 1024K, 4 young (4096K), 4 survivors (4096K)
 Metaspace       used 31619K, committed 32000K, reserved 1114112K
  class space    used 3906K, committed 4096K, reserved 1048576K
}
Event: 5.122 GC heap before
{Heap before GC invocations=5 (full 0):
 garbage-first heap   total 75776K, used 50791K [0x000000008ac00000, 0x0000000100000000)
  region size 1024K, 33 young (33792K), 4 survivors (4096K)
 Metaspace       used 35692K, committed 35968K, reserved 1114112K
  class space    used 4282K, committed 4416K, reserved 1048576K
}
Event: 5.143 GC heap after
{Heap after GC invocations=6 (full 0):
 garbage-first heap   total 75776K, used 28160K [0x000000008ac00000, 0x0000000100000000)
  region size 1024K, 5 young (5120K), 5 survivors (5120K)
 Metaspace       used 35692K, committed 35968K, reserved 1114112K
  class space    used 4282K, committed 4416K, reserved 1048576K
}
Event: 5.191 GC heap before
{Heap before GC invocations=6 (full 0):
 garbage-first heap   total 75776K, used 29184K [0x000000008ac00000, 0x0000000100000000)
  region size 1024K, 7 young (7168K), 5 survivors (5120K)
 Metaspace       used 35990K, committed 36288K, reserved 1114112K
  class space    used 4313K, committed 4480K, reserved 1048576K
}
Event: 5.201 GC heap after
{Heap after GC invocations=7 (full 0):
 garbage-first heap   total 75776K, used 29648K [0x000000008ac00000, 0x0000000100000000)
  region size 1024K, 1 young (1024K), 1 survivors (1024K)
 Metaspace       used 35990K, committed 36288K, reserved 1114112K
  class space    used 4313K, committed 4480K, reserved 1048576K
}
Event: 5.979 GC heap before
{Heap before GC invocations=8 (full 0):
 garbage-first heap   total 75776K, used 62416K [0x000000008ac00000, 0x0000000100000000)
  region size 1024K, 33 young (33792K), 1 survivors (1024K)
 Metaspace       used 40345K, committed 40704K, reserved 1114112K
  class space    used 4743K, committed 4928K, reserved 1048576K
}
Event: 5.992 GC heap after
{Heap after GC invocations=9 (full 0):
 garbage-first heap   total 91136K, used 34809K [0x000000008ac00000, 0x0000000100000000)
  region size 1024K, 5 young (5120K), 5 survivors (5120K)
 Metaspace       used 40345K, committed 40704K, reserved 1114112K
  class space    used 4743K, committed 4928K, reserved 1048576K
}
Event: 6.782 GC heap before
{Heap before GC invocations=9 (full 0):
 garbage-first heap   total 91136K, used 76793K [0x000000008ac00000, 0x0000000100000000)
  region size 1024K, 45 young (46080K), 5 survivors (5120K)
 Metaspace       used 42339K, committed 42624K, reserved 1114112K
  class space    used 4912K, committed 5056K, reserved 1048576K
}
Event: 6.811 GC heap after
{Heap after GC invocations=10 (full 0):
 garbage-first heap   total 95232K, used 48128K [0x000000008ac00000, 0x0000000100000000)
  region size 1024K, 6 young (6144K), 6 survivors (6144K)
 Metaspace       used 42339K, committed 42624K, reserved 1114112K
  class space    used 4912K, committed 5056K, reserved 1048576K
}
Event: 7.086 GC heap before
{Heap before GC invocations=10 (full 0):
 garbage-first heap   total 95232K, used 77824K [0x000000008ac00000, 0x0000000100000000)
  region size 1024K, 35 young (35840K), 6 survivors (6144K)
 Metaspace       used 42597K, committed 42880K, reserved 1114112K
  class space    used 4922K, committed 5056K, reserved 1048576K
}
Event: 7.112 GC heap after
{Heap after GC invocations=11 (full 0):
 garbage-first heap   total 95232K, used 57344K [0x000000008ac00000, 0x0000000100000000)
  region size 1024K, 5 young (5120K), 5 survivors (5120K)
 Metaspace       used 42597K, committed 42880K, reserved 1114112K
  class space    used 4922K, committed 5056K, reserved 1048576K
}
Event: 7.802 GC heap before
{Heap before GC invocations=11 (full 0):
 garbage-first heap   total 95232K, used 79872K [0x000000008ac00000, 0x0000000100000000)
  region size 1024K, 27 young (27648K), 5 survivors (5120K)
 Metaspace       used 46046K, committed 46336K, reserved 1114112K
  class space    used 5304K, committed 5440K, reserved 1048576K
}
Event: 7.817 GC heap after
{Heap after GC invocations=12 (full 0):
 garbage-first heap   total 95232K, used 61438K [0x000000008ac00000, 0x0000000100000000)
  region size 1024K, 4 young (4096K), 4 survivors (4096K)
 Metaspace       used 46046K, committed 46336K, reserved 1114112K
  class space    used 5304K, committed 5440K, reserved 1048576K
}
Event: 8.461 GC heap before
{Heap before GC invocations=13 (full 0):
 garbage-first heap   total 104448K, used 81918K [0x000000008ac00000, 0x0000000100000000)
  region size 1024K, 24 young (24576K), 4 survivors (4096K)
 Metaspace       used 47003K, committed 47296K, reserved 1114112K
  class space    used 5363K, committed 5504K, reserved 1048576K
}

