# JRE version: OpenJDK Runtime Environment (21.0.10) (build 21.0.10+-14961533-b1163.108)
# Java VM: OpenJDK 64-Bit Server VM (21.0.10+-14961533-b1163.108, mixed mode, tiered, compressed oops, compressed class ptrs, g1 gc, windows-amd64)
GC Precious Log:
 CardTable entry size: 512
 Card Set container configuration: InlinePtr #cards 4 size 8 Array Of Cards #cards 16 size 48 Howl #buckets 8 coarsen threshold 3686 Howl Bitmap #cards 512 size 80 coarsen threshold 460 Card regions per heap region 1 cards per card region 4096
 CPUs: 12 total, 12 available
 Memory: 7501M
 Large Page Support: Disabled
 NUMA Support: Disabled
 Compressed Oops: Enabled (Zero based)
 Heap Region Size: 2M
 Heap Min Capacity: 8M
 Heap Initial Capacity: 118M
 Heap Max Capacity: 4G
 Pre-touch: Disabled
 Parallel Workers: 10
 Concurrent Workers: 3
 Concurrent Refinement Workers: 10
 Periodic GC: Disabled
Heap:
 garbage-first heap   total 251904K, used 161694K [0x0000000700000000, 0x0000000800000000)
  region size 2048K, 19 young (38912K), 5 survivors (10240K)
 Metaspace       used 134861K, committed 137344K, reserved 1179648K
  class space    used 18905K, committed 20096K, reserved 1048576K
GC Heap History (20 events):
Event: 45.707 GC heap before
{Heap before GC invocations=39 (full 0):
 garbage-first heap   total 167936K, used 153555K [0x0000000700000000, 0x0000000800000000)
  region size 2048K, 30 young (61440K), 3 survivors (6144K)
 Metaspace       used 116440K, committed 118784K, reserved 1179648K
  class space    used 16484K, committed 17600K, reserved 1048576K
}
Event: 45.722 GC heap after
{Heap after GC invocations=40 (full 0):
 garbage-first heap   total 167936K, used 102282K [0x0000000700000000, 0x0000000800000000)
  region size 2048K, 3 young (6144K), 3 survivors (6144K)
 Metaspace       used 116440K, committed 118784K, reserved 1179648K
  class space    used 16484K, committed 17600K, reserved 1048576K
}
Event: 46.885 GC heap before
{Heap before GC invocations=40 (full 0):
 garbage-first heap   total 167936K, used 153482K [0x0000000700000000, 0x0000000800000000)
  region size 2048K, 29 young (59392K), 3 survivors (6144K)
 Metaspace       used 117700K, committed 120000K, reserved 1179648K
  class space    used 16645K, committed 17728K, reserved 1048576K
}
Event: 46.900 GC heap after
{Heap after GC invocations=41 (full 0):
 garbage-first heap   total 169984K, used 109727K [0x0000000700000000, 0x0000000800000000)
  region size 2048K, 4 young (8192K), 4 survivors (8192K)
 Metaspace       used 117700K, committed 120000K, reserved 1179648K
  class space    used 16645K, committed 17728K, reserved 1048576K
}
Event: 48.183 GC heap before
{Heap before GC invocations=42 (full 0):
 garbage-first heap   total 184320K, used 154783K [0x0000000700000000, 0x0000000800000000)
  region size 2048K, 27 young (55296K), 4 survivors (8192K)
 Metaspace       used 121829K, committed 124224K, reserved 1179648K
  class space    used 17092K, committed 18240K, reserved 1048576K
}
Event: 48.203 GC heap after
{Heap after GC invocations=43 (full 0):
 garbage-first heap   total 184320K, used 116416K [0x0000000700000000, 0x0000000800000000)
  region size 2048K, 4 young (8192K), 4 survivors (8192K)
 Metaspace       used 121829K, committed 124224K, reserved 1179648K
  class space    used 17092K, committed 18240K, reserved 1048576K
}
Event: 49.356 GC heap before
{Heap before GC invocations=43 (full 0):
 garbage-first heap   total 184320K, used 163520K [0x0000000700000000, 0x0000000800000000)
  region size 2048K, 28 young (57344K), 4 survivors (8192K)
 Metaspace       used 122146K, committed 124544K, reserved 1179648K
  class space    used 17102K, committed 18240K, reserved 1048576K
}
Event: 49.373 GC heap after
{Heap after GC invocations=44 (full 0):
 garbage-first heap   total 184320K, used 120878K [0x0000000700000000, 0x0000000800000000)
  region size 2048K, 3 young (6144K), 3 survivors (6144K)
 Metaspace       used 122146K, committed 124544K, reserved 1179648K
  class space    used 17102K, committed 18240K, reserved 1048576K
}
Event: 49.709 GC heap before
{Heap before GC invocations=44 (full 0):
 garbage-first heap   total 184320K, used 163886K [0x0000000700000000, 0x0000000800000000)
  region size 2048K, 25 young (51200K), 3 survivors (6144K)
 Metaspace       used 122159K, committed 124544K, reserved 1179648K
  class space    used 17102K, committed 18240K, reserved 1048576K
}
Event: 49.717 GC heap after
{Heap after GC invocations=45 (full 0):
 garbage-first heap   total 184320K, used 122992K [0x0000000700000000, 0x0000000800000000)
  region size 2048K, 3 young (6144K), 3 survivors (6144K)
 Metaspace       used 122159K, committed 124544K, reserved 1179648K
  class space    used 17102K, committed 18240K, reserved 1048576K
}
Event: 50.265 GC heap before
{Heap before GC invocations=46 (full 0):
 garbage-first heap   total 208896K, used 168048K [0x0000000700000000, 0x0000000800000000)
  region size 2048K, 25 young (51200K), 3 survivors (6144K)
 Metaspace       used 122519K, committed 124864K, reserved 1179648K
  class space    used 17180K, committed 18304K, reserved 1048576K
}
Event: 50.273 GC heap after
{Heap after GC invocations=47 (full 0):
 garbage-first heap   total 208896K, used 124395K [0x0000000700000000, 0x0000000800000000)
  region size 2048K, 3 young (6144K), 3 survivors (6144K)
 Metaspace       used 122519K, committed 124864K, reserved 1179648K
  class space    used 17180K, committed 18304K, reserved 1048576K
}
Event: 51.230 GC heap before
{Heap before GC invocations=47 (full 0):
 garbage-first heap   total 208896K, used 187883K [0x0000000700000000, 0x0000000800000000)
  region size 2048K, 35 young (71680K), 3 survivors (6144K)
 Metaspace       used 122812K, committed 125184K, reserved 1179648K
  class space    used 17221K, committed 18368K, reserved 1048576K
}
Event: 51.243 GC heap after
{Heap after GC invocations=48 (full 0):
 garbage-first heap   total 251904K, used 124609K [0x0000000700000000, 0x0000000800000000)
  region size 2048K, 4 young (8192K), 4 survivors (8192K)
 Metaspace       used 122812K, committed 125184K, reserved 1179648K
  class space    used 17221K, committed 18368K, reserved 1048576K
}
Event: 52.795 GC heap before
{Heap before GC invocations=48 (full 0):
 garbage-first heap   total 251904K, used 216769K [0x0000000700000000, 0x0000000800000000)
  region size 2048K, 50 young (102400K), 4 survivors (8192K)
 Metaspace       used 123202K, committed 125568K, reserved 1179648K
  class space    used 17270K, committed 18432K, reserved 1048576K
}
Event: 52.809 GC heap after
{Heap after GC invocations=49 (full 0):
 garbage-first heap   total 251904K, used 128077K [0x0000000700000000, 0x0000000800000000)
  region size 2048K, 6 young (12288K), 6 survivors (12288K)
 Metaspace       used 123202K, committed 125568K, reserved 1179648K
  class space    used 17270K, committed 18432K, reserved 1048576K
}
Event: 54.705 GC heap before
{Heap before GC invocations=49 (full 0):
 garbage-first heap   total 251904K, used 228429K [0x0000000700000000, 0x0000000800000000)
  region size 2048K, 55 young (112640K), 6 survivors (12288K)
 Metaspace       used 125024K, committed 127360K, reserved 1179648K
  class space    used 17530K, committed 18624K, reserved 1048576K
}
Event: 54.720 GC heap after
{Heap after GC invocations=50 (full 0):
 garbage-first heap   total 251904K, used 131658K [0x0000000700000000, 0x0000000800000000)
  region size 2048K, 5 young (10240K), 5 survivors (10240K)
 Metaspace       used 125024K, committed 127360K, reserved 1179648K
  class space    used 17530K, committed 18624K, reserved 1048576K
}
Event: 112.955 GC heap before
{Heap before GC invocations=50 (full 0):
 garbage-first heap   total 251904K, used 227914K [0x0000000700000000, 0x0000000800000000)
  region size 2048K, 53 young (108544K), 5 survivors (10240K)
 Metaspace       used 129423K, committed 131968K, reserved 1179648K
  class space    used 18158K, committed 19392K, reserved 1048576K
}
Event: 113.066 GC heap after
{Heap after GC invocations=51 (full 0):
 garbage-first heap   total 251904K, used 135070K [0x0000000700000000, 0x0000000800000000)
  region size 2048K, 5 young (10240K), 5 survivors (10240K)
 Metaspace       used 129423K, committed 131968K, reserved 1179648K
  class space    used 18158K, committed 19392K, reserved 1048576K
}

