# JRE version: OpenJDK Runtime Environment (21.0.10) (build 21.0.10+-14961533-b1163.108)
# Java VM: OpenJDK 64-Bit Server VM (21.0.10+-14961533-b1163.108, mixed mode, tiered, compressed oops, compressed class ptrs, g1 gc, windows-amd64)
GC Precious Log:
 CardTable entry size: 512
 Card Set container configuration: InlinePtr #cards 4 size 8 Array Of Cards #cards 16 size 48 Howl #buckets 8 coarsen threshold 3686 Howl Bitmap #cards 512 size 80 coarsen threshold 460 Card regions per heap region 1 cards per card region 4096
 CPUs: 12 total, 12 available
 Memory: 7501M
 Large Page Support: Disabled
 NUMA Support: Disabled
 Compressed Oops: Enabled (Zero based)
 Heap Region Size: 2M
 Heap Min Capacity: 8M
 Heap Initial Capacity: 118M
 Heap Max Capacity: 4G
 Pre-touch: Disabled
 Parallel Workers: 10
 Concurrent Workers: 3
 Concurrent Refinement Workers: 10
 Periodic GC: Disabled
Heap:
 garbage-first heap   total 194560K, used 150022K [0x0000000700000000, 0x0000000800000000)
  region size 2048K, 20 young (40960K), 2 survivors (4096K)
 Metaspace       used 104180K, committed 106368K, reserved 1179648K
  class space    used 14472K, committed 15552K, reserved 1048576K
GC Heap History (20 events):
Event: 41.116 GC heap before
{Heap before GC invocations=25 (full 0):
 garbage-first heap   total 135168K, used 119546K [0x0000000700000000, 0x0000000800000000)
  region size 2048K, 22 young (45056K), 2 survivors (4096K)
 Metaspace       used 74439K, committed 76416K, reserved 1114112K
  class space    used 10582K, committed 11520K, reserved 1048576K
}
Event: 41.126 GC heap after
{Heap after GC invocations=26 (full 0):
 garbage-first heap   total 163840K, used 80550K [0x0000000700000000, 0x0000000800000000)
  region size 2048K, 2 young (4096K), 2 survivors (4096K)
 Metaspace       used 74439K, committed 76416K, reserved 1114112K
  class space    used 10582K, committed 11520K, reserved 1048576K
}
Event: 41.809 GC heap before
{Heap before GC invocations=26 (full 0):
 garbage-first heap   total 163840K, used 141990K [0x0000000700000000, 0x0000000800000000)
  region size 2048K, 33 young (67584K), 2 survivors (4096K)
 Metaspace       used 74580K, committed 76544K, reserved 1179648K
  class space    used 10601K, committed 11584K, reserved 1048576K
}
Event: 41.819 GC heap after
{Heap after GC invocations=27 (full 0):
 garbage-first heap   total 163840K, used 85813K [0x0000000700000000, 0x0000000800000000)
  region size 2048K, 5 young (10240K), 5 survivors (10240K)
 Metaspace       used 74580K, committed 76544K, reserved 1179648K
  class space    used 10601K, committed 11584K, reserved 1048576K
}
Event: 43.430 GC heap before
{Heap before GC invocations=28 (full 0):
 garbage-first heap   total 163840K, used 145205K [0x0000000700000000, 0x0000000800000000)
  region size 2048K, 33 young (67584K), 5 survivors (10240K)
 Metaspace       used 77401K, committed 79296K, reserved 1179648K
  class space    used 10967K, committed 11904K, reserved 1048576K
}
Event: 43.444 GC heap after
{Heap after GC invocations=29 (full 0):
 garbage-first heap   total 167936K, used 99358K [0x0000000700000000, 0x0000000800000000)
  region size 2048K, 5 young (10240K), 5 survivors (10240K)
 Metaspace       used 77401K, committed 79296K, reserved 1179648K
  class space    used 10967K, committed 11904K, reserved 1048576K
}
Event: 44.553 GC heap before
{Heap before GC invocations=29 (full 0):
 garbage-first heap   total 167936K, used 144414K [0x0000000700000000, 0x0000000800000000)
  region size 2048K, 28 young (57344K), 5 survivors (10240K)
 Metaspace       used 82514K, committed 84544K, reserved 1179648K
  class space    used 11471K, committed 12480K, reserved 1048576K
}
Event: 44.563 GC heap after
{Heap after GC invocations=30 (full 0):
 garbage-first heap   total 167936K, used 99741K [0x0000000700000000, 0x0000000800000000)
  region size 2048K, 1 young (2048K), 1 survivors (2048K)
 Metaspace       used 82514K, committed 84544K, reserved 1179648K
  class space    used 11471K, committed 12480K, reserved 1048576K
}
Event: 46.441 GC heap before
{Heap before GC invocations=30 (full 0):
 garbage-first heap   total 167936K, used 146845K [0x0000000700000000, 0x0000000800000000)
  region size 2048K, 25 young (51200K), 1 survivors (2048K)
 Metaspace       used 86711K, committed 88704K, reserved 1179648K
  class space    used 12065K, committed 13056K, reserved 1048576K
}
Event: 46.457 GC heap after
{Heap after GC invocations=31 (full 0):
 garbage-first heap   total 167936K, used 109238K [0x0000000700000000, 0x0000000800000000)
  region size 2048K, 4 young (8192K), 4 survivors (8192K)
 Metaspace       used 86711K, committed 88704K, reserved 1179648K
  class space    used 12065K, committed 13056K, reserved 1048576K
}
Event: 48.270 GC heap before
{Heap before GC invocations=32 (full 0):
 garbage-first heap   total 184320K, used 148150K [0x0000000700000000, 0x0000000800000000)
  region size 2048K, 24 young (49152K), 4 survivors (8192K)
 Metaspace       used 88957K, committed 91008K, reserved 1179648K
  class space    used 12397K, committed 13376K, reserved 1048576K
}
Event: 48.303 GC heap after
{Heap after GC invocations=33 (full 0):
 garbage-first heap   total 184320K, used 110045K [0x0000000700000000, 0x0000000800000000)
  region size 2048K, 2 young (4096K), 2 survivors (4096K)
 Metaspace       used 88957K, committed 91008K, reserved 1179648K
  class space    used 12397K, committed 13376K, reserved 1048576K
}
Event: 50.367 GC heap before
{Heap before GC invocations=33 (full 0):
 garbage-first heap   total 184320K, used 161245K [0x0000000700000000, 0x0000000800000000)
  region size 2048K, 27 young (55296K), 2 survivors (4096K)
 Metaspace       used 93706K, committed 95808K, reserved 1179648K
  class space    used 13026K, committed 14080K, reserved 1048576K
}
Event: 50.376 GC heap after
{Heap after GC invocations=34 (full 0):
 garbage-first heap   total 184320K, used 112079K [0x0000000700000000, 0x0000000800000000)
  region size 2048K, 3 young (6144K), 3 survivors (6144K)
 Metaspace       used 93706K, committed 95808K, reserved 1179648K
  class space    used 13026K, committed 14080K, reserved 1048576K
}
Event: 51.383 GC heap before
{Heap before GC invocations=34 (full 0):
 garbage-first heap   total 184320K, used 163279K [0x0000000700000000, 0x0000000800000000)
  region size 2048K, 28 young (57344K), 3 survivors (6144K)
 Metaspace       used 96972K, committed 99136K, reserved 1179648K
  class space    used 13455K, committed 14528K, reserved 1048576K
}
Event: 51.391 GC heap after
{Heap after GC invocations=35 (full 0):
 garbage-first heap   total 184320K, used 115046K [0x0000000700000000, 0x0000000800000000)
  region size 2048K, 3 young (6144K), 3 survivors (6144K)
 Metaspace       used 96972K, committed 99136K, reserved 1179648K
  class space    used 13455K, committed 14528K, reserved 1048576K
}
Event: 52.632 GC heap before
{Heap before GC invocations=36 (full 0):
 garbage-first heap   total 194560K, used 164198K [0x0000000700000000, 0x0000000800000000)
  region size 2048K, 28 young (57344K), 3 survivors (6144K)
 Metaspace       used 99395K, committed 101568K, reserved 1179648K
  class space    used 13831K, committed 14912K, reserved 1048576K
}
Event: 52.643 GC heap after
{Heap after GC invocations=37 (full 0):
 garbage-first heap   total 194560K, used 119579K [0x0000000700000000, 0x0000000800000000)
  region size 2048K, 4 young (8192K), 4 survivors (8192K)
 Metaspace       used 99395K, committed 101568K, reserved 1179648K
  class space    used 13831K, committed 14912K, reserved 1048576K
}
Event: 53.684 GC heap before
{Heap before GC invocations=37 (full 0):
 garbage-first heap   total 194560K, used 174875K [0x0000000700000000, 0x0000000800000000)
  region size 2048K, 31 young (63488K), 4 survivors (8192K)
 Metaspace       used 101902K, committed 104064K, reserved 1179648K
  class space    used 14157K, committed 15232K, reserved 1048576K
}
Event: 53.694 GC heap after
{Heap after GC invocations=38 (full 0):
 garbage-first heap   total 194560K, used 117254K [0x0000000700000000, 0x0000000800000000)
  region size 2048K, 2 young (4096K), 2 survivors (4096K)
 Metaspace       used 101902K, committed 104064K, reserved 1179648K
  class space    used 14157K, committed 15232K, reserved 1048576K
}

