# JRE version: OpenJDK Runtime Environment (21.0.10) (build 21.0.10+-14961533-b1163.108)
# Java VM: OpenJDK 64-Bit Server VM (21.0.10+-14961533-b1163.108, mixed mode, tiered, compressed oops, compressed class ptrs, g1 gc, windows-amd64)
GC Precious Log:
 CardTable entry size: 512
 Card Set container configuration: InlinePtr #cards 4 size 8 Array Of Cards #cards 16 size 48 Howl #buckets 8 coarsen threshold 3686 Howl Bitmap #cards 512 size 80 coarsen threshold 460 Card regions per heap region 1 cards per card region 4096
 CPUs: 12 total, 12 available
 Memory: 7501M
 Large Page Support: Disabled
 NUMA Support: Disabled
 Compressed Oops: Enabled (Zero based)
 Heap Region Size: 2M
 Heap Min Capacity: 8M
 Heap Initial Capacity: 118M
 Heap Max Capacity: 4G
 Pre-touch: Disabled
 Parallel Workers: 10
 Concurrent Workers: 3
 Concurrent Refinement Workers: 10
 Periodic GC: Disabled
Heap:
 garbage-first heap   total 264192K, used 159895K [0x0000000700000000, 0x0000000800000000)
  region size 2048K, 3 young (6144K), 3 survivors (6144K)
 Metaspace       used 126488K, committed 128896K, reserved 1179648K
  class space    used 17754K, committed 18944K, reserved 1048576K
GC Heap History (20 events):
Event: 31.290 GC heap after
{Heap after GC invocations=39 (full 0):
 garbage-first heap   total 206848K, used 117640K [0x0000000700000000, 0x0000000800000000)
  region size 2048K, 6 young (12288K), 6 survivors (12288K)
 Metaspace       used 121262K, committed 123648K, reserved 1179648K
  class space    used 16974K, committed 18112K, reserved 1048576K
}
Event: 32.557 GC heap before
{Heap before GC invocations=39 (full 0):
 garbage-first heap   total 206848K, used 183176K [0x0000000700000000, 0x0000000800000000)
  region size 2048K, 38 young (77824K), 6 survivors (12288K)
 Metaspace       used 123738K, committed 126144K, reserved 1179648K
  class space    used 17329K, committed 18496K, reserved 1048576K
}
Event: 32.579 GC heap after
{Heap after GC invocations=40 (full 0):
 garbage-first heap   total 206848K, used 126899K [0x0000000700000000, 0x0000000800000000)
  region size 2048K, 5 young (10240K), 5 survivors (10240K)
 Metaspace       used 123738K, committed 126144K, reserved 1179648K
  class space    used 17329K, committed 18496K, reserved 1048576K
}
Event: 32.890 GC heap before
{Heap before GC invocations=40 (full 0):
 garbage-first heap   total 206848K, used 184243K [0x0000000700000000, 0x0000000800000000)
  region size 2048K, 34 young (69632K), 5 survivors (10240K)
 Metaspace       used 123758K, committed 126144K, reserved 1179648K
  class space    used 17329K, committed 18496K, reserved 1048576K
}
Event: 32.900 GC heap after
{Heap after GC invocations=41 (full 0):
 garbage-first heap   total 206848K, used 129813K [0x0000000700000000, 0x0000000800000000)
  region size 2048K, 3 young (6144K), 3 survivors (6144K)
 Metaspace       used 123758K, committed 126144K, reserved 1179648K
  class space    used 17329K, committed 18496K, reserved 1048576K
}
Event: 33.654 GC heap before
{Heap before GC invocations=42 (full 0):
 garbage-first heap   total 219136K, used 185109K [0x0000000700000000, 0x0000000800000000)
  region size 2048K, 31 young (63488K), 3 survivors (6144K)
 Metaspace       used 124271K, committed 126592K, reserved 1179648K
  class space    used 17423K, committed 18560K, reserved 1048576K
}
Event: 33.663 GC heap after
{Heap after GC invocations=43 (full 0):
 garbage-first heap   total 219136K, used 132195K [0x0000000700000000, 0x0000000800000000)
  region size 2048K, 3 young (6144K), 3 survivors (6144K)
 Metaspace       used 124271K, committed 126592K, reserved 1179648K
  class space    used 17423K, committed 18560K, reserved 1048576K
}
Event: 34.145 GC heap before
{Heap before GC invocations=43 (full 0):
 garbage-first heap   total 219136K, used 195683K [0x0000000700000000, 0x0000000800000000)
  region size 2048K, 35 young (71680K), 3 survivors (6144K)
 Metaspace       used 124364K, committed 126720K, reserved 1179648K
  class space    used 17434K, committed 18560K, reserved 1048576K
}
Event: 34.157 GC heap after
{Heap after GC invocations=44 (full 0):
 garbage-first heap   total 264192K, used 133566K [0x0000000700000000, 0x0000000800000000)
  region size 2048K, 4 young (8192K), 4 survivors (8192K)
 Metaspace       used 124364K, committed 126720K, reserved 1179648K
  class space    used 17434K, committed 18560K, reserved 1048576K
}
Event: 35.566 GC heap before
{Heap before GC invocations=44 (full 0):
 garbage-first heap   total 264192K, used 235966K [0x0000000700000000, 0x0000000800000000)
  region size 2048K, 55 young (112640K), 4 survivors (8192K)
 Metaspace       used 124780K, committed 127168K, reserved 1179648K
  class space    used 17480K, committed 18624K, reserved 1048576K
}
Event: 35.578 GC heap after
{Heap after GC invocations=45 (full 0):
 garbage-first heap   total 264192K, used 136924K [0x0000000700000000, 0x0000000800000000)
  region size 2048K, 6 young (12288K), 6 survivors (12288K)
 Metaspace       used 124780K, committed 127168K, reserved 1179648K
  class space    used 17480K, committed 18624K, reserved 1048576K
}
Event: 36.539 GC heap before
{Heap before GC invocations=45 (full 0):
 garbage-first heap   total 264192K, used 235228K [0x0000000700000000, 0x0000000800000000)
  region size 2048K, 55 young (112640K), 6 survivors (12288K)
 Metaspace       used 125719K, committed 128192K, reserved 1179648K
  class space    used 17642K, committed 18816K, reserved 1048576K
}
Event: 36.562 GC heap after
{Heap after GC invocations=46 (full 0):
 garbage-first heap   total 264192K, used 148766K [0x0000000700000000, 0x0000000800000000)
  region size 2048K, 7 young (14336K), 7 survivors (14336K)
 Metaspace       used 125719K, committed 128192K, reserved 1179648K
  class space    used 17642K, committed 18816K, reserved 1048576K
}
Event: 36.978 GC heap before
{Heap before GC invocations=46 (full 0):
 garbage-first heap   total 264192K, used 232734K [0x0000000700000000, 0x0000000800000000)
  region size 2048K, 49 young (100352K), 7 survivors (14336K)
 Metaspace       used 125731K, committed 128192K, reserved 1179648K
  class space    used 17642K, committed 18816K, reserved 1048576K
}
Event: 36.995 GC heap after
{Heap after GC invocations=47 (full 0):
 garbage-first heap   total 264192K, used 152990K [0x0000000700000000, 0x0000000800000000)
  region size 2048K, 3 young (6144K), 3 survivors (6144K)
 Metaspace       used 125731K, committed 128192K, reserved 1179648K
  class space    used 17642K, committed 18816K, reserved 1048576K
}
Event: 37.876 GC heap before
{Heap before GC invocations=48 (full 0):
 garbage-first heap   total 264192K, used 236958K [0x0000000700000000, 0x0000000800000000)
  region size 2048K, 45 young (92160K), 3 survivors (6144K)
 Metaspace       used 126187K, committed 128512K, reserved 1179648K
  class space    used 17711K, committed 18816K, reserved 1048576K
}
Event: 37.885 GC heap after
{Heap after GC invocations=49 (full 0):
 garbage-first heap   total 264192K, used 155287K [0x0000000700000000, 0x0000000800000000)
  region size 2048K, 4 young (8192K), 4 survivors (8192K)
 Metaspace       used 126187K, committed 128512K, reserved 1179648K
  class space    used 17711K, committed 18816K, reserved 1048576K
}
Event: 38.386 GC heap before
{Heap before GC invocations=49 (full 0):
 garbage-first heap   total 264192K, used 239255K [0x0000000700000000, 0x0000000800000000)
  region size 2048K, 46 young (94208K), 4 survivors (8192K)
 Metaspace       used 126474K, committed 128896K, reserved 1179648K
  class space    used 17754K, committed 18944K, reserved 1048576K
}
Event: 38.402 GC heap after
{Heap after GC invocations=50 (full 0):
 garbage-first heap   total 264192K, used 158106K [0x0000000700000000, 0x0000000800000000)
  region size 2048K, 6 young (12288K), 6 survivors (12288K)
 Metaspace       used 126474K, committed 128896K, reserved 1179648K
  class space    used 17754K, committed 18944K, reserved 1048576K
}
Event: 38.601 GC heap before
{Heap before GC invocations=50 (full 0):
 garbage-first heap   total 264192K, used 192922K [0x0000000700000000, 0x0000000800000000)
  region size 2048K, 25 young (51200K), 6 survivors (12288K)
 Metaspace       used 126488K, committed 128896K, reserved 1179648K
  class space    used 17754K, committed 18944K, reserved 1048576K
}

