# JRE version: OpenJDK Runtime Environment (21.0.10) (build 21.0.10+-14961533-b1163.108)
# Java VM: OpenJDK 64-Bit Server VM (21.0.10+-14961533-b1163.108, mixed mode, tiered, compressed oops, compressed class ptrs, g1 gc, windows-amd64)
GC Precious Log:
 CardTable entry size: 512
 Card Set container configuration: InlinePtr #cards 4 size 8 Array Of Cards #cards 16 size 48 Howl #buckets 8 coarsen threshold 3686 Howl Bitmap #cards 512 size 80 coarsen threshold 460 Card regions per heap region 1 cards per card region 4096
 CPUs: 12 total, 12 available
 Memory: 7501M
 Large Page Support: Disabled
 NUMA Support: Disabled
 Compressed Oops: Enabled (Zero based)
 Heap Region Size: 2M
 Heap Min Capacity: 8M
 Heap Initial Capacity: 118M
 Heap Max Capacity: 4G
 Pre-touch: Disabled
 Parallel Workers: 10
 Concurrent Workers: 3
 Concurrent Refinement Workers: 10
 Periodic GC: Disabled
Heap:
 garbage-first heap   total 337920K, used 196084K [0x0000000700000000, 0x0000000800000000)
  region size 2048K, 3 young (6144K), 3 survivors (6144K)
 Metaspace       used 165822K, committed 168448K, reserved 1245184K
  class space    used 23272K, committed 24576K, reserved 1048576K
GC Heap History (20 events):
Event: 1475.056 GC heap after
{Heap after GC invocations=61 (full 0):
 garbage-first heap   total 278528K, used 186670K [0x0000000700000000, 0x0000000800000000)
  region size 2048K, 4 young (8192K), 4 survivors (8192K)
 Metaspace       used 144288K, committed 146880K, reserved 1179648K
  class space    used 19827K, committed 21056K, reserved 1048576K
}
Event: 1476.388 GC heap before
{Heap before GC invocations=62 (full 0):
 garbage-first heap   total 315392K, used 250158K [0x0000000700000000, 0x0000000800000000)
  region size 2048K, 36 young (73728K), 4 survivors (8192K)
 Metaspace       used 144428K, committed 146944K, reserved 1179648K
  class space    used 19854K, committed 21056K, reserved 1048576K
}
Event: 1476.407 GC heap after
{Heap after GC invocations=63 (full 0):
 garbage-first heap   total 315392K, used 188687K [0x0000000700000000, 0x0000000800000000)
  region size 2048K, 3 young (6144K), 3 survivors (6144K)
 Metaspace       used 144428K, committed 146944K, reserved 1179648K
  class space    used 19854K, committed 21056K, reserved 1048576K
}
Event: 1478.619 GC heap before
{Heap before GC invocations=63 (full 0):
 garbage-first heap   total 315392K, used 282895K [0x0000000700000000, 0x0000000800000000)
  region size 2048K, 49 young (100352K), 3 survivors (6144K)
 Metaspace       used 146145K, committed 148736K, reserved 1179648K
  class space    used 20077K, committed 21312K, reserved 1048576K
}
Event: 1478.644 GC heap after
{Heap after GC invocations=64 (full 0):
 garbage-first heap   total 315392K, used 192880K [0x0000000700000000, 0x0000000800000000)
  region size 2048K, 7 young (14336K), 7 survivors (14336K)
 Metaspace       used 146145K, committed 148736K, reserved 1179648K
  class space    used 20077K, committed 21312K, reserved 1048576K
}
Event: 1480.497 GC heap before
{Heap before GC invocations=64 (full 0):
 garbage-first heap   total 315392K, used 280944K [0x0000000700000000, 0x0000000800000000)
  region size 2048K, 51 young (104448K), 7 survivors (14336K)
 Metaspace       used 146449K, committed 148928K, reserved 1179648K
  class space    used 20110K, committed 21312K, reserved 1048576K
}
Event: 1480.516 GC heap after
{Heap after GC invocations=65 (full 0):
 garbage-first heap   total 315392K, used 187679K [0x0000000700000000, 0x0000000800000000)
  region size 2048K, 1 young (2048K), 1 survivors (2048K)
 Metaspace       used 146449K, committed 148928K, reserved 1179648K
  class space    used 20110K, committed 21312K, reserved 1048576K
}
Event: 1482.575 GC heap before
{Heap before GC invocations=65 (full 0):
 garbage-first heap   total 315392K, used 285983K [0x0000000700000000, 0x0000000800000000)
  region size 2048K, 50 young (102400K), 1 survivors (2048K)
 Metaspace       used 149179K, committed 151680K, reserved 1179648K
  class space    used 20510K, committed 21696K, reserved 1048576K
}
Event: 1482.588 GC heap after
{Heap after GC invocations=66 (full 0):
 garbage-first heap   total 315392K, used 190185K [0x0000000700000000, 0x0000000800000000)
  region size 2048K, 3 young (6144K), 3 survivors (6144K)
 Metaspace       used 149179K, committed 151680K, reserved 1179648K
  class space    used 20510K, committed 21696K, reserved 1048576K
}
Event: 1484.394 GC heap before
{Heap before GC invocations=66 (full 0):
 garbage-first heap   total 315392K, used 286441K [0x0000000700000000, 0x0000000800000000)
  region size 2048K, 51 young (104448K), 3 survivors (6144K)
 Metaspace       used 158214K, committed 160832K, reserved 1245184K
  class space    used 22054K, committed 23296K, reserved 1048576K
}
Event: 1484.410 GC heap after
{Heap after GC invocations=67 (full 0):
 garbage-first heap   total 315392K, used 197504K [0x0000000700000000, 0x0000000800000000)
  region size 2048K, 7 young (14336K), 7 survivors (14336K)
 Metaspace       used 158214K, committed 160832K, reserved 1245184K
  class space    used 22054K, committed 23296K, reserved 1048576K
}
Event: 1485.470 GC heap before
{Heap before GC invocations=68 (full 0):
 garbage-first heap   total 335872K, used 289664K [0x0000000700000000, 0x0000000800000000)
  region size 2048K, 52 young (106496K), 7 survivors (14336K)
 Metaspace       used 163474K, committed 166080K, reserved 1245184K
  class space    used 22945K, committed 24256K, reserved 1048576K
}
Event: 1485.492 GC heap after
{Heap after GC invocations=69 (full 0):
 garbage-first heap   total 335872K, used 202791K [0x0000000700000000, 0x0000000800000000)
  region size 2048K, 4 young (8192K), 4 survivors (8192K)
 Metaspace       used 163474K, committed 166080K, reserved 1245184K
  class space    used 22945K, committed 24256K, reserved 1048576K
}
Event: 1485.961 GC heap before
{Heap before GC invocations=69 (full 0):
 garbage-first heap   total 335872K, used 307239K [0x0000000700000000, 0x0000000800000000)
  region size 2048K, 55 young (112640K), 4 survivors (8192K)
 Metaspace       used 164390K, committed 167040K, reserved 1245184K
  class space    used 23001K, committed 24320K, reserved 1048576K
}
Event: 1486.002 GC heap after
{Heap after GC invocations=70 (full 0):
 garbage-first heap   total 335872K, used 197714K [0x0000000700000000, 0x0000000800000000)
  region size 2048K, 4 young (8192K), 4 survivors (8192K)
 Metaspace       used 164390K, committed 167040K, reserved 1245184K
  class space    used 23001K, committed 24320K, reserved 1048576K
}
Event: 1486.373 GC heap before
{Heap before GC invocations=70 (full 0):
 garbage-first heap   total 335872K, used 308306K [0x0000000700000000, 0x0000000800000000)
  region size 2048K, 58 young (118784K), 4 survivors (8192K)
 Metaspace       used 164554K, committed 167232K, reserved 1245184K
  class space    used 23007K, committed 24320K, reserved 1048576K
}
Event: 1486.384 GC heap after
{Heap after GC invocations=71 (full 0):
 garbage-first heap   total 335872K, used 199828K [0x0000000700000000, 0x0000000800000000)
  region size 2048K, 5 young (10240K), 5 survivors (10240K)
 Metaspace       used 164554K, committed 167232K, reserved 1245184K
  class space    used 23007K, committed 24320K, reserved 1048576K
}
Event: 1486.911 GC heap before
{Heap before GC invocations=72 (full 0):
 garbage-first heap   total 337920K, used 314516K [0x0000000700000000, 0x0000000800000000)
  region size 2048K, 61 young (124928K), 5 survivors (10240K)
 Metaspace       used 164624K, committed 167296K, reserved 1245184K
  class space    used 23018K, committed 24320K, reserved 1048576K
}
Event: 1486.922 GC heap after
{Heap after GC invocations=73 (full 0):
 garbage-first heap   total 337920K, used 199734K [0x0000000700000000, 0x0000000800000000)
  region size 2048K, 5 young (10240K), 5 survivors (10240K)
 Metaspace       used 164624K, committed 167296K, reserved 1245184K
  class space    used 23018K, committed 24320K, reserved 1048576K
}
Event: 1487.394 GC heap before
{Heap before GC invocations=73 (full 0):
 garbage-first heap   total 337920K, used 316470K [0x0000000700000000, 0x0000000800000000)
  region size 2048K, 62 young (126976K), 5 survivors (10240K)
 Metaspace       used 165822K, committed 168448K, reserved 1245184K
  class space    used 23272K, committed 24576K, reserved 1048576K
}

