# JRE version: OpenJDK Runtime Environment (21.0.10) (build 21.0.10+-14961533-b1163.108)
# Java VM: OpenJDK 64-Bit Server VM (21.0.10+-14961533-b1163.108, mixed mode, tiered, compressed oops, compressed class ptrs, g1 gc, windows-amd64)
GC Precious Log:
 CardTable entry size: 512
 Card Set container configuration: InlinePtr #cards 4 size 8 Array Of Cards #cards 16 size 48 Howl #buckets 8 coarsen threshold 3686 Howl Bitmap #cards 512 size 80 coarsen threshold 460 Card regions per heap region 1 cards per card region 4096
 CPUs: 12 total, 12 available
 Memory: 7501M
 Large Page Support: Disabled
 NUMA Support: Disabled
 Compressed Oops: Enabled (Zero based)
 Heap Region Size: 2M
 Heap Min Capacity: 8M
 Heap Initial Capacity: 118M
 Heap Max Capacity: 4G
 Pre-touch: Disabled
 Parallel Workers: 10
 Concurrent Workers: 3
 Concurrent Refinement Workers: 10
 Periodic GC: Disabled
Heap:
 garbage-first heap   total 430080K, used 251631K [0x0000000700000000, 0x0000000800000000)
  region size 2048K, 5 young (10240K), 5 survivors (10240K)
 Metaspace       used 178916K, committed 181760K, reserved 1245184K
  class space    used 24546K, committed 25920K, reserved 1048576K
GC Heap History (20 events):
Event: 2048.199 GC heap after
{Heap after GC invocations=63 (full 0):
 garbage-first heap   total 348160K, used 222343K [0x0000000700000000, 0x0000000800000000)
  region size 2048K, 6 young (12288K), 6 survivors (12288K)
 Metaspace       used 151419K, committed 153984K, reserved 1245184K
  class space    used 20595K, committed 21888K, reserved 1048576K
}
Event: 2049.004 GC heap before
{Heap before GC invocations=63 (full 0):
 garbage-first heap   total 348160K, used 310407K [0x0000000700000000, 0x0000000800000000)
  region size 2048K, 50 young (102400K), 6 survivors (12288K)
 Metaspace       used 152768K, committed 155456K, reserved 1245184K
  class space    used 20795K, committed 22144K, reserved 1048576K
}
Event: 2049.034 GC heap after
{Heap after GC invocations=64 (full 0):
 garbage-first heap   total 417792K, used 211302K [0x0000000700000000, 0x0000000800000000)
  region size 2048K, 3 young (6144K), 3 survivors (6144K)
 Metaspace       used 152768K, committed 155456K, reserved 1245184K
  class space    used 20795K, committed 22144K, reserved 1048576K
}
Event: 2056.855 GC heap before
{Heap before GC invocations=64 (full 0):
 garbage-first heap   total 417792K, used 366950K [0x0000000700000000, 0x0000000800000000)
  region size 2048K, 80 young (163840K), 3 survivors (6144K)
 Metaspace       used 153829K, committed 156608K, reserved 1245184K
  class space    used 20960K, committed 22336K, reserved 1048576K
}
Event: 2056.867 GC heap after
{Heap after GC invocations=65 (full 0):
 garbage-first heap   total 417792K, used 216170K [0x0000000700000000, 0x0000000800000000)
  region size 2048K, 6 young (12288K), 6 survivors (12288K)
 Metaspace       used 153829K, committed 156608K, reserved 1245184K
  class space    used 20960K, committed 22336K, reserved 1048576K
}
Event: 2065.940 GC heap before
{Heap before GC invocations=66 (full 0):
 garbage-first heap   total 417792K, used 373866K [0x0000000700000000, 0x0000000800000000)
  region size 2048K, 84 young (172032K), 6 survivors (12288K)
 Metaspace       used 155047K, committed 157760K, reserved 1245184K
  class space    used 21147K, committed 22528K, reserved 1048576K
}
Event: 2065.966 GC heap after
{Heap after GC invocations=67 (full 0):
 garbage-first heap   total 417792K, used 228700K [0x0000000700000000, 0x0000000800000000)
  region size 2048K, 11 young (22528K), 11 survivors (22528K)
 Metaspace       used 155047K, committed 157760K, reserved 1245184K
  class space    used 21147K, committed 22528K, reserved 1048576K
}
Event: 2068.244 GC heap before
{Heap before GC invocations=67 (full 0):
 garbage-first heap   total 417792K, used 376156K [0x0000000700000000, 0x0000000800000000)
  region size 2048K, 83 young (169984K), 11 survivors (22528K)
 Metaspace       used 156207K, committed 158976K, reserved 1245184K
  class space    used 21295K, committed 22656K, reserved 1048576K
}
Event: 2068.281 GC heap after
{Heap after GC invocations=68 (full 0):
 garbage-first heap   total 417792K, used 233582K [0x0000000700000000, 0x0000000800000000)
  region size 2048K, 5 young (10240K), 5 survivors (10240K)
 Metaspace       used 156207K, committed 158976K, reserved 1245184K
  class space    used 21295K, committed 22656K, reserved 1048576K
}
Event: 2068.384 GC heap before
{Heap before GC invocations=68 (full 0):
 garbage-first heap   total 417792K, used 243822K [0x0000000700000000, 0x0000000800000000)
  region size 2048K, 11 young (22528K), 5 survivors (10240K)
 Metaspace       used 156289K, committed 159104K, reserved 1245184K
  class space    used 21306K, committed 22720K, reserved 1048576K
}
Event: 2068.393 GC heap after
{Heap after GC invocations=69 (full 0):
 garbage-first heap   total 417792K, used 232594K [0x0000000700000000, 0x0000000800000000)
  region size 2048K, 5 young (10240K), 5 survivors (10240K)
 Metaspace       used 156289K, committed 159104K, reserved 1245184K
  class space    used 21306K, committed 22720K, reserved 1048576K
}
Event: 2070.020 GC heap before
{Heap before GC invocations=70 (full 0):
 garbage-first heap   total 417792K, used 371858K [0x0000000700000000, 0x0000000800000000)
  region size 2048K, 75 young (153600K), 5 survivors (10240K)
 Metaspace       used 161282K, committed 164032K, reserved 1245184K
  class space    used 21684K, committed 23040K, reserved 1048576K
}
Event: 2070.064 GC heap after
{Heap after GC invocations=71 (full 0):
 garbage-first heap   total 417792K, used 250034K [0x0000000700000000, 0x0000000800000000)
  region size 2048K, 10 young (20480K), 10 survivors (20480K)
 Metaspace       used 161282K, committed 164032K, reserved 1245184K
  class space    used 21684K, committed 23040K, reserved 1048576K
}
Event: 2072.495 GC heap before
{Heap before GC invocations=71 (full 0):
 garbage-first heap   total 417792K, used 366770K [0x0000000700000000, 0x0000000800000000)
  region size 2048K, 68 young (139264K), 10 survivors (20480K)
 Metaspace       used 167525K, committed 170240K, reserved 1245184K
  class space    used 22673K, committed 24000K, reserved 1048576K
}
Event: 2072.521 GC heap after
{Heap after GC invocations=72 (full 0):
 garbage-first heap   total 417792K, used 248693K [0x0000000700000000, 0x0000000800000000)
  region size 2048K, 4 young (8192K), 4 survivors (8192K)
 Metaspace       used 167525K, committed 170240K, reserved 1245184K
  class space    used 22673K, committed 24000K, reserved 1048576K
}
Event: 2074.309 GC heap before
{Heap before GC invocations=72 (full 0):
 garbage-first heap   total 417792K, used 373621K [0x0000000700000000, 0x0000000800000000)
  region size 2048K, 66 young (135168K), 4 survivors (8192K)
 Metaspace       used 177715K, committed 180480K, reserved 1245184K
  class space    used 24437K, committed 25792K, reserved 1048576K
}
Event: 2074.328 GC heap after
{Heap after GC invocations=73 (full 0):
 garbage-first heap   total 417792K, used 256657K [0x0000000700000000, 0x0000000800000000)
  region size 2048K, 8 young (16384K), 8 survivors (16384K)
 Metaspace       used 177715K, committed 180480K, reserved 1245184K
  class space    used 24437K, committed 25792K, reserved 1048576K
}
Event: 2075.175 GC heap before
{Heap before GC invocations=74 (full 0):
 garbage-first heap   total 430080K, used 379537K [0x0000000700000000, 0x0000000800000000)
  region size 2048K, 68 young (139264K), 8 survivors (16384K)
 Metaspace       used 178770K, committed 181632K, reserved 1245184K
  class space    used 24533K, committed 25920K, reserved 1048576K
}
Event: 2075.193 GC heap after
{Heap after GC invocations=75 (full 0):
 garbage-first heap   total 430080K, used 256060K [0x0000000700000000, 0x0000000800000000)
  region size 2048K, 5 young (10240K), 5 survivors (10240K)
 Metaspace       used 178770K, committed 181632K, reserved 1245184K
  class space    used 24533K, committed 25920K, reserved 1048576K
}
Event: 2075.808 GC heap before
{Heap before GC invocations=75 (full 0):
 garbage-first heap   total 430080K, used 395324K [0x0000000700000000, 0x0000000800000000)
  region size 2048K, 73 young (149504K), 5 survivors (10240K)
 Metaspace       used 178916K, committed 181760K, reserved 1245184K
  class space    used 24546K, committed 25920K, reserved 1048576K
}

