# JRE version: OpenJDK Runtime Environment (21.0.10) (build 21.0.10+-14961533-b1163.108)
# Java VM: OpenJDK 64-Bit Server VM (21.0.10+-14961533-b1163.108, mixed mode, tiered, compressed oops, compressed class ptrs, g1 gc, windows-amd64)
GC Precious Log:
 CardTable entry size: 512
 Card Set container configuration: InlinePtr #cards 4 size 8 Array Of Cards #cards 16 size 48 Howl #buckets 8 coarsen threshold 3686 Howl Bitmap #cards 512 size 80 coarsen threshold 460 Card regions per heap region 1 cards per card region 4096
 CPUs: 12 total, 12 available
 Memory: 7501M
 Large Page Support: Disabled
 NUMA Support: Disabled
 Compressed Oops: Enabled (Zero based)
 Heap Region Size: 2M
 Heap Min Capacity: 8M
 Heap Initial Capacity: 118M
 Heap Max Capacity: 4G
 Pre-touch: Disabled
 Parallel Workers: 10
 Concurrent Workers: 3
 Concurrent Refinement Workers: 10
 Periodic GC: Disabled
Heap:
 garbage-first heap   total 813056K, used 525218K [0x0000000700000000, 0x0000000800000000)
  region size 2048K, 10 young (20480K), 10 survivors (20480K)
 Metaspace       used 273870K, committed 276032K, reserved 1310720K
  class space    used 34722K, committed 35776K, reserved 1048576K
GC Heap History (20 events):
Event: 10730.232 GC heap after
{Heap after GC invocations=117 (full 1):
 garbage-first heap   total 561152K, used 286968K [0x0000000700000000, 0x0000000800000000)
  region size 2048K, 4 young (8192K), 4 survivors (8192K)
 Metaspace       used 266972K, committed 269056K, reserved 1310720K
  class space    used 34070K, committed 35008K, reserved 1048576K
}
Event: 10732.056 GC heap before
{Heap before GC invocations=117 (full 1):
 garbage-first heap   total 561152K, used 497912K [0x0000000700000000, 0x0000000800000000)
  region size 2048K, 108 young (221184K), 4 survivors (8192K)
 Metaspace       used 267808K, committed 269888K, reserved 1310720K
  class space    used 34176K, committed 35200K, reserved 1048576K
}
Event: 10732.090 GC heap after
{Heap after GC invocations=118 (full 1):
 garbage-first heap   total 561152K, used 289135K [0x0000000700000000, 0x0000000800000000)
  region size 2048K, 11 young (22528K), 11 survivors (22528K)
 Metaspace       used 267808K, committed 269888K, reserved 1310720K
  class space    used 34176K, committed 35200K, reserved 1048576K
}
Event: 10733.307 GC heap before
{Heap before GC invocations=118 (full 1):
 garbage-first heap   total 561152K, used 500079K [0x0000000700000000, 0x0000000800000000)
  region size 2048K, 114 young (233472K), 11 survivors (22528K)
 Metaspace       used 268366K, committed 270464K, reserved 1310720K
  class space    used 34265K, committed 35264K, reserved 1048576K
}
Event: 10733.333 GC heap after
{Heap after GC invocations=119 (full 1):
 garbage-first heap   total 561152K, used 290241K [0x0000000700000000, 0x0000000800000000)
  region size 2048K, 2 young (4096K), 2 survivors (4096K)
 Metaspace       used 268366K, committed 270464K, reserved 1310720K
  class space    used 34265K, committed 35264K, reserved 1048576K
}
Event: 10734.494 GC heap before
{Heap before GC invocations=120 (full 1):
 garbage-first heap   total 561152K, used 499137K [0x0000000700000000, 0x0000000800000000)
  region size 2048K, 110 young (225280K), 2 survivors (4096K)
 Metaspace       used 268514K, committed 270656K, reserved 1310720K
  class space    used 34270K, committed 35264K, reserved 1048576K
}
Event: 10734.503 GC heap after
{Heap after GC invocations=121 (full 1):
 garbage-first heap   total 561152K, used 277777K [0x0000000700000000, 0x0000000800000000)
  region size 2048K, 2 young (4096K), 2 survivors (4096K)
 Metaspace       used 268514K, committed 270656K, reserved 1310720K
  class space    used 34270K, committed 35264K, reserved 1048576K
}
Event: 10735.444 GC heap before
{Heap before GC invocations=121 (full 1):
 garbage-first heap   total 561152K, used 515345K [0x0000000700000000, 0x0000000800000000)
  region size 2048K, 119 young (243712K), 2 survivors (4096K)
 Metaspace       used 268593K, committed 270784K, reserved 1310720K
  class space    used 34282K, committed 35328K, reserved 1048576K
}
Event: 10735.464 GC heap after
{Heap after GC invocations=122 (full 1):
 garbage-first heap   total 561152K, used 244332K [0x0000000700000000, 0x0000000800000000)
  region size 2048K, 2 young (4096K), 2 survivors (4096K)
 Metaspace       used 268593K, committed 270784K, reserved 1310720K
  class space    used 34282K, committed 35328K, reserved 1048576K
}
Event: 10736.707 GC heap before
{Heap before GC invocations=122 (full 1):
 garbage-first heap   total 561152K, used 406124K [0x0000000700000000, 0x0000000800000000)
  region size 2048K, 83 young (169984K), 2 survivors (4096K)
 Metaspace       used 268675K, committed 270848K, reserved 1310720K
  class space    used 34294K, committed 35328K, reserved 1048576K
}
Event: 10736.713 GC heap after
{Heap after GC invocations=123 (full 1):
 garbage-first heap   total 561152K, used 244229K [0x0000000700000000, 0x0000000800000000)
  region size 2048K, 2 young (4096K), 2 survivors (4096K)
 Metaspace       used 268675K, committed 270848K, reserved 1310720K
  class space    used 34294K, committed 35328K, reserved 1048576K
}
Event: 10737.673 GC heap before
{Heap before GC invocations=124 (full 1):
 garbage-first heap   total 561152K, used 555525K [0x0000000700000000, 0x0000000800000000)
  region size 2048K, 110 young (225280K), 2 survivors (4096K)
 Metaspace       used 271947K, committed 274112K, reserved 1310720K
  class space    used 34546K, committed 35584K, reserved 1048576K
}
Event: 10737.725 GC heap after
{Heap after GC invocations=125 (full 1):
 garbage-first heap   total 612352K, used 348814K [0x0000000700000000, 0x0000000800000000)
  region size 2048K, 18 young (36864K), 18 survivors (36864K)
 Metaspace       used 271947K, committed 274112K, reserved 1310720K
  class space    used 34546K, committed 35584K, reserved 1048576K
}
Event: 10738.400 GC heap before
{Heap before GC invocations=125 (full 1):
 garbage-first heap   total 612352K, used 553614K [0x0000000700000000, 0x0000000800000000)
  region size 2048K, 117 young (239616K), 18 survivors (36864K)
 Metaspace       used 273624K, committed 275840K, reserved 1310720K
  class space    used 34702K, committed 35776K, reserved 1048576K
}
Event: 10738.525 GC heap after
{Heap after GC invocations=126 (full 1):
 garbage-first heap   total 655360K, used 398764K [0x0000000700000000, 0x0000000800000000)
  region size 2048K, 15 young (30720K), 15 survivors (30720K)
 Metaspace       used 273624K, committed 275840K, reserved 1310720K
  class space    used 34702K, committed 35776K, reserved 1048576K
}
Event: 10738.873 GC heap before
{Heap before GC invocations=126 (full 1):
 garbage-first heap   total 655360K, used 566700K [0x0000000700000000, 0x0000000800000000)
  region size 2048K, 97 young (198656K), 15 survivors (30720K)
 Metaspace       used 273655K, committed 275904K, reserved 1310720K
  class space    used 34702K, committed 35776K, reserved 1048576K
}
Event: 10738.991 GC heap after
{Heap after GC invocations=127 (full 1):
 garbage-first heap   total 686080K, used 485902K [0x0000000700000000, 0x0000000800000000)
  region size 2048K, 13 young (26624K), 13 survivors (26624K)
 Metaspace       used 273655K, committed 275904K, reserved 1310720K
  class space    used 34702K, committed 35776K, reserved 1048576K
}
Event: 10739.737 GC heap before
{Heap before GC invocations=128 (full 1):
 garbage-first heap   total 813056K, used 592398K [0x0000000700000000, 0x0000000800000000)
  region size 2048K, 65 young (133120K), 13 survivors (26624K)
 Metaspace       used 273836K, committed 276032K, reserved 1310720K
  class space    used 34722K, committed 35776K, reserved 1048576K
}
Event: 10739.789 GC heap after
{Heap after GC invocations=129 (full 1):
 garbage-first heap   total 813056K, used 510478K [0x0000000700000000, 0x0000000800000000)
  region size 2048K, 9 young (18432K), 9 survivors (18432K)
 Metaspace       used 273836K, committed 276032K, reserved 1310720K
  class space    used 34722K, committed 35776K, reserved 1048576K
}
Event: 10741.288 GC heap before
{Heap before GC invocations=129 (full 1):
 garbage-first heap   total 813056K, used 674318K [0x0000000700000000, 0x0000000800000000)
  region size 2048K, 90 young (184320K), 9 survivors (18432K)
 Metaspace       used 273870K, committed 276032K, reserved 1310720K
  class space    used 34722K, committed 35776K, reserved 1048576K
}

