# JRE version: OpenJDK Runtime Environment (21.0.10) (build 21.0.10+-14961533-b1163.108)
# Java VM: OpenJDK 64-Bit Server VM (21.0.10+-14961533-b1163.108, mixed mode, tiered, compressed oops, compressed class ptrs, g1 gc, windows-amd64)
GC Precious Log:
 CardTable entry size: 512
 Card Set container configuration: InlinePtr #cards 4 size 8 Array Of Cards #cards 16 size 48 Howl #buckets 8 coarsen threshold 3686 Howl Bitmap #cards 512 size 80 coarsen threshold 460 Card regions per heap region 1 cards per card region 4096
 CPUs: 12 total, 12 available
 Memory: 7501M
 Large Page Support: Disabled
 NUMA Support: Disabled
 Compressed Oops: Enabled (Zero based)
 Heap Region Size: 2M
 Heap Min Capacity: 8M
 Heap Initial Capacity: 118M
 Heap Max Capacity: 4G
 Pre-touch: Disabled
 Parallel Workers: 10
 Concurrent Workers: 3
 Concurrent Refinement Workers: 10
 Periodic GC: Disabled
Heap:
 garbage-first heap   total 460800K, used 299950K [0x0000000700000000, 0x0000000800000000)
  region size 2048K, 11 young (22528K), 9 survivors (18432K)
 Metaspace       used 170690K, committed 173312K, reserved 1245184K
  class space    used 23412K, committed 24704K, reserved 1048576K
GC Heap History (20 events):
Event: 1155.037 GC heap before
{Heap before GC invocations=71 (full 0):
 garbage-first heap   total 382976K, used 353527K [0x0000000700000000, 0x0000000800000000)
  region size 2048K, 86 young (176128K), 4 survivors (8192K)
 Metaspace       used 168167K, committed 170688K, reserved 1245184K
  class space    used 23257K, committed 24512K, reserved 1048576K
}
Event: 1155.071 GC heap after
{Heap after GC invocations=72 (full 0):
 garbage-first heap   total 382976K, used 198902K [0x0000000700000000, 0x0000000800000000)
  region size 2048K, 10 young (20480K), 10 survivors (20480K)
 Metaspace       used 168167K, committed 170688K, reserved 1245184K
  class space    used 23257K, committed 24512K, reserved 1048576K
}
Event: 1161.710 GC heap before
{Heap before GC invocations=73 (full 0):
 garbage-first heap   total 382976K, used 379126K [0x0000000700000000, 0x0000000800000000)
  region size 2048K, 81 young (165888K), 10 survivors (20480K)
 Metaspace       used 168409K, committed 170944K, reserved 1245184K
  class space    used 23257K, committed 24512K, reserved 1048576K
}
Event: 1161.730 GC heap after
{Heap after GC invocations=74 (full 0):
 garbage-first heap   total 405504K, used 197805K [0x0000000700000000, 0x0000000800000000)
  region size 2048K, 7 young (14336K), 7 survivors (14336K)
 Metaspace       used 168409K, committed 170944K, reserved 1245184K
  class space    used 23257K, committed 24512K, reserved 1048576K
}
Event: 1472.277 GC heap before
{Heap before GC invocations=74 (full 0):
 garbage-first heap   total 405504K, used 375981K [0x0000000700000000, 0x0000000800000000)
  region size 2048K, 95 young (194560K), 7 survivors (14336K)
 Metaspace       used 168678K, committed 171200K, reserved 1245184K
  class space    used 23265K, committed 24512K, reserved 1048576K
}
Event: 1472.311 GC heap after
{Heap after GC invocations=75 (full 0):
 garbage-first heap   total 411648K, used 195478K [0x0000000700000000, 0x0000000800000000)
  region size 2048K, 12 young (24576K), 12 survivors (24576K)
 Metaspace       used 168678K, committed 171200K, reserved 1245184K
  class space    used 23265K, committed 24512K, reserved 1048576K
}
Event: 1475.465 GC heap before
{Heap before GC invocations=75 (full 0):
 garbage-first heap   total 411648K, used 316310K [0x0000000700000000, 0x0000000800000000)
  region size 2048K, 72 young (147456K), 12 survivors (24576K)
 Metaspace       used 168739K, committed 171328K, reserved 1245184K
  class space    used 23265K, committed 24512K, reserved 1048576K
}
Event: 1475.504 GC heap after
{Heap after GC invocations=76 (full 0):
 garbage-first heap   total 411648K, used 202466K [0x0000000700000000, 0x0000000800000000)
  region size 2048K, 10 young (20480K), 10 survivors (20480K)
 Metaspace       used 168739K, committed 171328K, reserved 1245184K
  class space    used 23265K, committed 24512K, reserved 1048576K
}
Event: 1491.508 GC heap before
{Heap before GC invocations=77 (full 0):
 garbage-first heap   total 411648K, used 407266K [0x0000000700000000, 0x0000000800000000)
  region size 2048K, 92 young (188416K), 10 survivors (20480K)
 Metaspace       used 169104K, committed 171648K, reserved 1245184K
  class space    used 23268K, committed 24512K, reserved 1048576K
}
Event: 1491.525 GC heap after
{Heap after GC invocations=78 (full 0):
 garbage-first heap   total 432128K, used 203067K [0x0000000700000000, 0x0000000800000000)
  region size 2048K, 4 young (8192K), 4 survivors (8192K)
 Metaspace       used 169104K, committed 171648K, reserved 1245184K
  class space    used 23268K, committed 24512K, reserved 1048576K
}
Event: 1992.390 GC heap before
{Heap before GC invocations=78 (full 0):
 garbage-first heap   total 432128K, used 399675K [0x0000000700000000, 0x0000000800000000)
  region size 2048K, 101 young (206848K), 4 survivors (8192K)
 Metaspace       used 169341K, committed 171904K, reserved 1245184K
  class space    used 23273K, committed 24576K, reserved 1048576K
}
Event: 1992.508 GC heap after
{Heap after GC invocations=79 (full 0):
 garbage-first heap   total 432128K, used 198398K [0x0000000700000000, 0x0000000800000000)
  region size 2048K, 9 young (18432K), 9 survivors (18432K)
 Metaspace       used 169341K, committed 171904K, reserved 1245184K
  class space    used 23273K, committed 24576K, reserved 1048576K
}
Event: 2377.052 GC heap before
{Heap before GC invocations=79 (full 0):
 garbage-first heap   total 432128K, used 395006K [0x0000000700000000, 0x0000000800000000)
  region size 2048K, 106 young (217088K), 9 survivors (18432K)
 Metaspace       used 169611K, committed 172224K, reserved 1245184K
  class space    used 23276K, committed 24576K, reserved 1048576K
}
Event: 2377.116 GC heap after
{Heap after GC invocations=80 (full 0):
 garbage-first heap   total 442368K, used 223639K [0x0000000700000000, 0x0000000800000000)
  region size 2048K, 14 young (28672K), 14 survivors (28672K)
 Metaspace       used 169611K, committed 172224K, reserved 1245184K
  class space    used 23276K, committed 24576K, reserved 1048576K
}
Event: 2384.461 GC heap before
{Heap before GC invocations=81 (full 0):
 garbage-first heap   total 442368K, used 389527K [0x0000000700000000, 0x0000000800000000)
  region size 2048K, 98 young (200704K), 14 survivors (28672K)
 Metaspace       used 169825K, committed 172416K, reserved 1245184K
  class space    used 23280K, committed 24576K, reserved 1048576K
}
Event: 2384.500 GC heap after
{Heap after GC invocations=82 (full 0):
 garbage-first heap   total 442368K, used 221582K [0x0000000700000000, 0x0000000800000000)
  region size 2048K, 5 young (10240K), 5 survivors (10240K)
 Metaspace       used 169825K, committed 172416K, reserved 1245184K
  class space    used 23280K, committed 24576K, reserved 1048576K
}
Event: 2422.722 GC heap before
{Heap before GC invocations=82 (full 0):
 garbage-first heap   total 442368K, used 434574K [0x0000000700000000, 0x0000000800000000)
  region size 2048K, 92 young (188416K), 5 survivors (10240K)
 Metaspace       used 170468K, committed 173184K, reserved 1245184K
  class space    used 23375K, committed 24704K, reserved 1048576K
}
Event: 2422.745 GC heap after
{Heap after GC invocations=83 (full 0):
 garbage-first heap   total 460800K, used 217989K [0x0000000700000000, 0x0000000800000000)
  region size 2048K, 9 young (18432K), 9 survivors (18432K)
 Metaspace       used 170468K, committed 173184K, reserved 1245184K
  class space    used 23375K, committed 24704K, reserved 1048576K
}
Event: 2423.366 GC heap before
{Heap before GC invocations=83 (full 0):
 garbage-first heap   total 460800K, used 285573K [0x0000000700000000, 0x0000000800000000)
  region size 2048K, 43 young (88064K), 9 survivors (18432K)
 Metaspace       used 170627K, committed 173248K, reserved 1245184K
  class space    used 23400K, committed 24704K, reserved 1048576K
}
Event: 2423.384 GC heap after
{Heap after GC invocations=84 (full 0):
 garbage-first heap   total 460800K, used 222126K [0x0000000700000000, 0x0000000800000000)
  region size 2048K, 9 young (18432K), 9 survivors (18432K)
 Metaspace       used 170627K, committed 173248K, reserved 1245184K
  class space    used 23400K, committed 24704K, reserved 1048576K
}

