# JRE version: OpenJDK Runtime Environment Temurin-21.0.7+6 (21.0.7+6) (build 21.0.7+6-LTS)
# Java VM: OpenJDK 64-Bit Server VM Temurin-21.0.7+6 (21.0.7+6-LTS, mixed mode, sharing, tiered, compressed oops, compressed class ptrs, g1 gc, windows-amd64)
GC Precious Log:
 CardTable entry size: 512
 Card Set container configuration: InlinePtr #cards 5 size 8 Array Of Cards #cards 12 size 40 Howl #buckets 4 coarsen threshold 1843 Howl Bitmap #cards 512 size 80 coarsen threshold 460 Card regions per heap region 1 cards per card region 2048
 CPUs: 12 total, 12 available
 Memory: 7501M
 Large Page Support: Disabled
 NUMA Support: Disabled
 Compressed Oops: Enabled (32-bit)
 Heap Region Size: 1M
 Heap Min Capacity: 8M
 Heap Initial Capacity: 118M
 Heap Max Capacity: 1536M
 Pre-touch: Disabled
 Parallel Workers: 10
 Concurrent Workers: 3
 Concurrent Refinement Workers: 10
 Periodic GC: Disabled
Heap:
 garbage-first heap   total 351232K, used 230398K [0x00000000a0000000, 0x0000000100000000)
  region size 1024K, 9 young (9216K), 6 survivors (6144K)
 Metaspace       used 142377K, committed 144960K, reserved 1179648K
  class space    used 20212K, committed 21504K, reserved 1048576K
GC Heap History (20 events):
Event: 49.572 GC heap before
{Heap before GC invocations=62 (full 0):
 garbage-first heap   total 285696K, used 256182K [0x00000000a0000000, 0x0000000100000000)
  region size 1024K, 91 young (93184K), 3 survivors (3072K)
 Metaspace       used 137013K, committed 139584K, reserved 1179648K
  class space    used 19598K, committed 20864K, reserved 1048576K
}
Event: 49.584 GC heap after
{Heap after GC invocations=63 (full 0):
 garbage-first heap   total 285696K, used 162529K [0x00000000a0000000, 0x0000000100000000)
  region size 1024K, 5 young (5120K), 5 survivors (5120K)
 Metaspace       used 137013K, committed 139584K, reserved 1179648K
  class space    used 19598K, committed 20864K, reserved 1048576K
}
Event: 50.013 GC heap before
{Heap before GC invocations=63 (full 0):
 garbage-first heap   total 285696K, used 258785K [0x00000000a0000000, 0x0000000100000000)
  region size 1024K, 100 young (102400K), 5 survivors (5120K)
 Metaspace       used 137160K, committed 139712K, reserved 1179648K
  class space    used 19601K, committed 20864K, reserved 1048576K
}
Event: 50.022 GC heap after
{Heap after GC invocations=64 (full 0):
 garbage-first heap   total 285696K, used 162795K [0x00000000a0000000, 0x0000000100000000)
  region size 1024K, 5 young (5120K), 5 survivors (5120K)
 Metaspace       used 137160K, committed 139712K, reserved 1179648K
  class space    used 19601K, committed 20864K, reserved 1048576K
}
Event: 50.596 GC heap before
{Heap before GC invocations=65 (full 0):
 garbage-first heap   total 285696K, used 264171K [0x00000000a0000000, 0x0000000100000000)
  region size 1024K, 104 young (106496K), 5 survivors (5120K)
 Metaspace       used 137185K, committed 139776K, reserved 1179648K
  class space    used 19582K, committed 20864K, reserved 1048576K
}
Event: 50.607 GC heap after
{Heap after GC invocations=66 (full 0):
 garbage-first heap   total 285696K, used 161792K [0x00000000a0000000, 0x0000000100000000)
  region size 1024K, 4 young (4096K), 4 survivors (4096K)
 Metaspace       used 137185K, committed 139776K, reserved 1179648K
  class space    used 19582K, committed 20864K, reserved 1048576K
}
Event: 50.923 GC heap before
{Heap before GC invocations=66 (full 0):
 garbage-first heap   total 285696K, used 265216K [0x00000000a0000000, 0x0000000100000000)
  region size 1024K, 106 young (108544K), 4 survivors (4096K)
 Metaspace       used 137216K, committed 139776K, reserved 1179648K
  class space    used 19582K, committed 20864K, reserved 1048576K
}
Event: 50.935 GC heap after
{Heap after GC invocations=67 (full 0):
 garbage-first heap   total 285696K, used 158494K [0x00000000a0000000, 0x0000000100000000)
  region size 1024K, 5 young (5120K), 5 survivors (5120K)
 Metaspace       used 137216K, committed 139776K, reserved 1179648K
  class space    used 19582K, committed 20864K, reserved 1048576K
}
Event: 51.269 GC heap before
{Heap before GC invocations=67 (full 0):
 garbage-first heap   total 285696K, used 264990K [0x00000000a0000000, 0x0000000100000000)
  region size 1024K, 109 young (111616K), 5 survivors (5120K)
 Metaspace       used 137393K, committed 139904K, reserved 1179648K
  class space    used 19603K, committed 20864K, reserved 1048576K
}
Event: 51.280 GC heap after
{Heap after GC invocations=68 (full 0):
 garbage-first heap   total 285696K, used 158938K [0x00000000a0000000, 0x0000000100000000)
  region size 1024K, 6 young (6144K), 6 survivors (6144K)
 Metaspace       used 137393K, committed 139904K, reserved 1179648K
  class space    used 19603K, committed 20864K, reserved 1048576K
}
Event: 51.877 GC heap before
{Heap before GC invocations=69 (full 0):
 garbage-first heap   total 285696K, used 262362K [0x00000000a0000000, 0x0000000100000000)
  region size 1024K, 108 young (110592K), 6 survivors (6144K)
 Metaspace       used 138231K, committed 140736K, reserved 1179648K
  class space    used 19763K, committed 20992K, reserved 1048576K
}
Event: 51.891 GC heap after
{Heap after GC invocations=70 (full 0):
 garbage-first heap   total 285696K, used 164359K [0x00000000a0000000, 0x0000000100000000)
  region size 1024K, 11 young (11264K), 11 survivors (11264K)
 Metaspace       used 138231K, committed 140736K, reserved 1179648K
  class space    used 19763K, committed 20992K, reserved 1048576K
}
Event: 52.271 GC heap before
{Heap before GC invocations=70 (full 0):
 garbage-first heap   total 285696K, used 257543K [0x00000000a0000000, 0x0000000100000000)
  region size 1024K, 103 young (105472K), 11 survivors (11264K)
 Metaspace       used 138422K, committed 140864K, reserved 1179648K
  class space    used 19771K, committed 20992K, reserved 1048576K
}
Event: 52.288 GC heap after
{Heap after GC invocations=71 (full 0):
 garbage-first heap   total 351232K, used 159065K [0x00000000a0000000, 0x0000000100000000)
  region size 1024K, 7 young (7168K), 7 survivors (7168K)
 Metaspace       used 138422K, committed 140864K, reserved 1179648K
  class space    used 19771K, committed 20992K, reserved 1048576K
}
Event: 54.323 GC heap before
{Heap before GC invocations=71 (full 0):
 garbage-first heap   total 351232K, used 323929K [0x00000000a0000000, 0x0000000100000000)
  region size 1024K, 169 young (173056K), 7 survivors (7168K)
 Metaspace       used 138852K, committed 141376K, reserved 1179648K
  class space    used 19776K, committed 21056K, reserved 1048576K
}
Event: 54.333 GC heap after
{Heap after GC invocations=72 (full 0):
 garbage-first heap   total 351232K, used 158101K [0x00000000a0000000, 0x0000000100000000)
  region size 1024K, 6 young (6144K), 6 survivors (6144K)
 Metaspace       used 138852K, committed 141376K, reserved 1179648K
  class space    used 19776K, committed 21056K, reserved 1048576K
}
Event: 55.998 GC heap before
{Heap before GC invocations=72 (full 0):
 garbage-first heap   total 351232K, used 325013K [0x00000000a0000000, 0x0000000100000000)
  region size 1024K, 170 young (174080K), 6 survivors (6144K)
 Metaspace       used 140135K, committed 142592K, reserved 1179648K
  class space    used 19966K, committed 21184K, reserved 1048576K
}
Event: 56.017 GC heap after
{Heap after GC invocations=73 (full 0):
 garbage-first heap   total 351232K, used 168341K [0x00000000a0000000, 0x0000000100000000)
  region size 1024K, 16 young (16384K), 16 survivors (16384K)
 Metaspace       used 140135K, committed 142592K, reserved 1179648K
  class space    used 19966K, committed 21184K, reserved 1048576K
}
Event: 57.510 GC heap before
{Heap before GC invocations=73 (full 0):
 garbage-first heap   total 351232K, used 209301K [0x00000000a0000000, 0x0000000100000000)
  region size 1024K, 58 young (59392K), 16 survivors (16384K)
 Metaspace       used 142363K, committed 144832K, reserved 1179648K
  class space    used 20216K, committed 21440K, reserved 1048576K
}
Event: 57.528 GC heap after
{Heap after GC invocations=74 (full 0):
 garbage-first heap   total 351232K, used 166910K [0x00000000a0000000, 0x0000000100000000)
  region size 1024K, 6 young (6144K), 6 survivors (6144K)
 Metaspace       used 142363K, committed 144832K, reserved 1179648K
  class space    used 20216K, committed 21440K, reserved 1048576K
}

