# JRE version: OpenJDK Runtime Environment (21.0.10) (build 21.0.10+-14961533-b1163.108)
# Java VM: OpenJDK 64-Bit Server VM (21.0.10+-14961533-b1163.108, mixed mode, tiered, compressed oops, compressed class ptrs, g1 gc, windows-amd64)
GC Precious Log:
 CardTable entry size: 512
 Card Set container configuration: InlinePtr #cards 4 size 8 Array Of Cards #cards 16 size 48 Howl #buckets 8 coarsen threshold 3686 Howl Bitmap #cards 512 size 80 coarsen threshold 460 Card regions per heap region 1 cards per card region 4096
 CPUs: 12 total, 12 available
 Memory: 7501M
 Large Page Support: Disabled
 NUMA Support: Disabled
 Compressed Oops: Enabled (Zero based)
 Heap Region Size: 2M
 Heap Min Capacity: 8M
 Heap Initial Capacity: 118M
 Heap Max Capacity: 4G
 Pre-touch: Disabled
 Parallel Workers: 10
 Concurrent Workers: 3
 Concurrent Refinement Workers: 10
 Periodic GC: Disabled
Heap:
 garbage-first heap   total 378880K, used 266667K [0x0000000700000000, 0x0000000800000000)
  region size 2048K, 11 young (22528K), 5 survivors (10240K)
 Metaspace       used 166424K, committed 168896K, reserved 1245184K
  class space    used 23965K, committed 25152K, reserved 1048576K
GC Heap History (20 events):
Event: 49.081 GC heap before
{Heap before GC invocations=55 (full 0):
 garbage-first heap   total 272384K, used 246016K [0x0000000700000000, 0x0000000800000000)
  region size 2048K, 45 young (92160K), 6 survivors (12288K)
 Metaspace       used 145216K, committed 147712K, reserved 1179648K
  class space    used 20336K, committed 21568K, reserved 1048576K
}
Event: 49.101 GC heap after
{Heap after GC invocations=56 (full 0):
 garbage-first heap   total 274432K, used 173308K [0x0000000700000000, 0x0000000800000000)
  region size 2048K, 4 young (8192K), 4 survivors (8192K)
 Metaspace       used 145216K, committed 147712K, reserved 1179648K
  class space    used 20336K, committed 21568K, reserved 1048576K
}
Event: 50.089 GC heap before
{Heap before GC invocations=56 (full 0):
 garbage-first heap   total 274432K, used 247036K [0x0000000700000000, 0x0000000800000000)
  region size 2048K, 41 young (83968K), 4 survivors (8192K)
 Metaspace       used 152138K, committed 154624K, reserved 1245184K
  class space    used 21687K, committed 22912K, reserved 1048576K
}
Event: 50.107 GC heap after
{Heap after GC invocations=57 (full 0):
 garbage-first heap   total 274432K, used 180879K [0x0000000700000000, 0x0000000800000000)
  region size 2048K, 4 young (8192K), 4 survivors (8192K)
 Metaspace       used 152138K, committed 154624K, reserved 1245184K
  class space    used 21687K, committed 22912K, reserved 1048576K
}
Event: 50.899 GC heap before
{Heap before GC invocations=58 (full 0):
 garbage-first heap   total 305152K, used 252559K [0x0000000700000000, 0x0000000800000000)
  region size 2048K, 39 young (79872K), 4 survivors (8192K)
 Metaspace       used 156755K, committed 159232K, reserved 1245184K
  class space    used 22577K, committed 23808K, reserved 1048576K
}
Event: 50.915 GC heap after
{Heap after GC invocations=59 (full 0):
 garbage-first heap   total 305152K, used 187698K [0x0000000700000000, 0x0000000800000000)
  region size 2048K, 4 young (8192K), 4 survivors (8192K)
 Metaspace       used 156755K, committed 159232K, reserved 1245184K
  class space    used 22577K, committed 23808K, reserved 1048576K
}
Event: 51.424 GC heap before
{Heap before GC invocations=59 (full 0):
 garbage-first heap   total 305152K, used 275762K [0x0000000700000000, 0x0000000800000000)
  region size 2048K, 48 young (98304K), 4 survivors (8192K)
 Metaspace       used 160614K, committed 163072K, reserved 1245184K
  class space    used 23183K, committed 24384K, reserved 1048576K
}
Event: 51.439 GC heap after
{Heap after GC invocations=60 (full 0):
 garbage-first heap   total 366592K, used 190502K [0x0000000700000000, 0x0000000800000000)
  region size 2048K, 3 young (6144K), 3 survivors (6144K)
 Metaspace       used 160614K, committed 163072K, reserved 1245184K
  class space    used 23183K, committed 24384K, reserved 1048576K
}
Event: 52.014 GC heap before
{Heap before GC invocations=60 (full 0):
 garbage-first heap   total 366592K, used 325670K [0x0000000700000000, 0x0000000800000000)
  region size 2048K, 70 young (143360K), 3 survivors (6144K)
 Metaspace       used 161796K, committed 164352K, reserved 1245184K
  class space    used 23335K, committed 24576K, reserved 1048576K
}
Event: 52.020 GC heap after
{Heap after GC invocations=61 (full 0):
 garbage-first heap   total 366592K, used 189501K [0x0000000700000000, 0x0000000800000000)
  region size 2048K, 2 young (4096K), 2 survivors (4096K)
 Metaspace       used 161796K, committed 164352K, reserved 1245184K
  class space    used 23335K, committed 24576K, reserved 1048576K
}
Event: 52.594 GC heap before
{Heap before GC invocations=61 (full 0):
 garbage-first heap   total 366592K, used 341053K [0x0000000700000000, 0x0000000800000000)
  region size 2048K, 76 young (155648K), 2 survivors (4096K)
 Metaspace       used 161959K, committed 164480K, reserved 1245184K
  class space    used 23339K, committed 24576K, reserved 1048576K
}
Event: 52.602 GC heap after
{Heap after GC invocations=62 (full 0):
 garbage-first heap   total 366592K, used 189822K [0x0000000700000000, 0x0000000800000000)
  region size 2048K, 2 young (4096K), 2 survivors (4096K)
 Metaspace       used 161959K, committed 164480K, reserved 1245184K
  class space    used 23339K, committed 24576K, reserved 1048576K
}
Event: 53.117 GC heap before
{Heap before GC invocations=62 (full 0):
 garbage-first heap   total 366592K, used 345470K [0x0000000700000000, 0x0000000800000000)
  region size 2048K, 78 young (159744K), 2 survivors (4096K)
 Metaspace       used 162031K, committed 164544K, reserved 1245184K
  class space    used 23344K, committed 24576K, reserved 1048576K
}
Event: 53.127 GC heap after
{Heap after GC invocations=63 (full 0):
 garbage-first heap   total 366592K, used 192558K [0x0000000700000000, 0x0000000800000000)
  region size 2048K, 4 young (8192K), 4 survivors (8192K)
 Metaspace       used 162031K, committed 164544K, reserved 1245184K
  class space    used 23344K, committed 24576K, reserved 1048576K
}
Event: 53.882 GC heap before
{Heap before GC invocations=64 (full 0):
 garbage-first heap   total 366592K, used 344110K [0x0000000700000000, 0x0000000800000000)
  region size 2048K, 78 young (159744K), 4 survivors (8192K)
 Metaspace       used 163115K, committed 165632K, reserved 1245184K
  class space    used 23562K, committed 24768K, reserved 1048576K
}
Event: 53.896 GC heap after
{Heap after GC invocations=65 (full 0):
 garbage-first heap   total 366592K, used 196390K [0x0000000700000000, 0x0000000800000000)
  region size 2048K, 5 young (10240K), 5 survivors (10240K)
 Metaspace       used 163115K, committed 165632K, reserved 1245184K
  class space    used 23562K, committed 24768K, reserved 1048576K
}
Event: 54.521 GC heap before
{Heap before GC invocations=65 (full 0):
 garbage-first heap   total 366592K, used 343846K [0x0000000700000000, 0x0000000800000000)
  region size 2048K, 78 young (159744K), 5 survivors (10240K)
 Metaspace       used 163437K, committed 165888K, reserved 1245184K
  class space    used 23579K, committed 24768K, reserved 1048576K
}
Event: 54.537 GC heap after
{Heap after GC invocations=66 (full 0):
 garbage-first heap   total 366592K, used 192381K [0x0000000700000000, 0x0000000800000000)
  region size 2048K, 5 young (10240K), 5 survivors (10240K)
 Metaspace       used 163437K, committed 165888K, reserved 1245184K
  class space    used 23579K, committed 24768K, reserved 1048576K
}
Event: 57.139 GC heap before
{Heap before GC invocations=66 (full 0):
 garbage-first heap   total 366592K, used 341885K [0x0000000700000000, 0x0000000800000000)
  region size 2048K, 79 young (161792K), 5 survivors (10240K)
 Metaspace       used 165817K, committed 168320K, reserved 1245184K
  class space    used 23876K, committed 25088K, reserved 1048576K
}
Event: 57.157 GC heap after
{Heap after GC invocations=67 (full 0):
 garbage-first heap   total 366592K, used 192939K [0x0000000700000000, 0x0000000800000000)
  region size 2048K, 5 young (10240K), 5 survivors (10240K)
 Metaspace       used 165817K, committed 168320K, reserved 1245184K
  class space    used 23876K, committed 25088K, reserved 1048576K
}

