# JRE version: OpenJDK Runtime Environment (21.0.10) (build 21.0.10+-14961533-b1163.108)
# Java VM: OpenJDK 64-Bit Server VM (21.0.10+-14961533-b1163.108, mixed mode, tiered, compressed oops, compressed class ptrs, g1 gc, windows-amd64)
GC Precious Log:
 CardTable entry size: 512
 Card Set container configuration: InlinePtr #cards 4 size 8 Array Of Cards #cards 16 size 48 Howl #buckets 8 coarsen threshold 3686 Howl Bitmap #cards 512 size 80 coarsen threshold 460 Card regions per heap region 1 cards per card region 4096
 CPUs: 12 total, 12 available
 Memory: 7501M
 Large Page Support: Disabled
 NUMA Support: Disabled
 Compressed Oops: Enabled (Zero based)
 Heap Region Size: 2M
 Heap Min Capacity: 8M
 Heap Initial Capacity: 118M
 Heap Max Capacity: 4G
 Pre-touch: Disabled
 Parallel Workers: 10
 Concurrent Workers: 3
 Concurrent Refinement Workers: 10
 Periodic GC: Disabled
Heap:
 garbage-first heap   total 155648K, used 95114K [0x0000000700000000, 0x0000000800000000)
  region size 2048K, 4 young (8192K), 4 survivors (8192K)
 Metaspace       used 97538K, committed 99584K, reserved 1179648K
  class space    used 13581K, committed 14592K, reserved 1048576K
GC Heap History (20 events):
Event: 13.862 GC heap after
{Heap after GC invocations=15 (full 0):
 garbage-first heap   total 122880K, used 52369K [0x0000000700000000, 0x0000000800000000)
  region size 2048K, 4 young (8192K), 4 survivors (8192K)
 Metaspace       used 71532K, committed 73408K, reserved 1114112K
  class space    used 10255K, committed 11136K, reserved 1048576K
}
Event: 14.734 GC heap before
{Heap before GC invocations=15 (full 0):
 garbage-first heap   total 122880K, used 103569K [0x0000000700000000, 0x0000000800000000)
  region size 2048K, 30 young (61440K), 4 survivors (8192K)
 Metaspace       used 71947K, committed 73792K, reserved 1114112K
  class space    used 10255K, committed 11136K, reserved 1048576K
}
Event: 14.754 GC heap after
{Heap after GC invocations=16 (full 0):
 garbage-first heap   total 122880K, used 55959K [0x0000000700000000, 0x0000000800000000)
  region size 2048K, 3 young (6144K), 3 survivors (6144K)
 Metaspace       used 71947K, committed 73792K, reserved 1114112K
  class space    used 10255K, committed 11136K, reserved 1048576K
}
Event: 15.208 GC heap before
{Heap before GC invocations=16 (full 0):
 garbage-first heap   total 122880K, used 105111K [0x0000000700000000, 0x0000000800000000)
  region size 2048K, 28 young (57344K), 3 survivors (6144K)
 Metaspace       used 72050K, committed 73920K, reserved 1114112K
  class space    used 10255K, committed 11136K, reserved 1048576K
}
Event: 15.215 GC heap after
{Heap after GC invocations=17 (full 0):
 garbage-first heap   total 122880K, used 57092K [0x0000000700000000, 0x0000000800000000)
  region size 2048K, 2 young (4096K), 2 survivors (4096K)
 Metaspace       used 72050K, committed 73920K, reserved 1114112K
  class space    used 10255K, committed 11136K, reserved 1048576K
}
Event: 15.573 GC heap before
{Heap before GC invocations=17 (full 0):
 garbage-first heap   total 122880K, used 106244K [0x0000000700000000, 0x0000000800000000)
  region size 2048K, 27 young (55296K), 2 survivors (4096K)
 Metaspace       used 72059K, committed 73920K, reserved 1114112K
  class space    used 10256K, committed 11136K, reserved 1048576K
}
Event: 15.579 GC heap after
{Heap after GC invocations=18 (full 0):
 garbage-first heap   total 147456K, used 58198K [0x0000000700000000, 0x0000000800000000)
  region size 2048K, 3 young (6144K), 3 survivors (6144K)
 Metaspace       used 72059K, committed 73920K, reserved 1114112K
  class space    used 10256K, committed 11136K, reserved 1048576K
}
Event: 16.891 GC heap before
{Heap before GC invocations=18 (full 0):
 garbage-first heap   total 147456K, used 131926K [0x0000000700000000, 0x0000000800000000)
  region size 2048K, 38 young (77824K), 3 survivors (6144K)
 Metaspace       used 73736K, committed 75648K, reserved 1114112K
  class space    used 10466K, committed 11392K, reserved 1048576K
}
Event: 16.905 GC heap after
{Heap after GC invocations=19 (full 0):
 garbage-first heap   total 155648K, used 76272K [0x0000000700000000, 0x0000000800000000)
  region size 2048K, 5 young (10240K), 5 survivors (10240K)
 Metaspace       used 73736K, committed 75648K, reserved 1114112K
  class space    used 10466K, committed 11392K, reserved 1048576K
}
Event: 17.959 GC heap before
{Heap before GC invocations=19 (full 0):
 garbage-first heap   total 155648K, used 127472K [0x0000000700000000, 0x0000000800000000)
  region size 2048K, 31 young (63488K), 5 survivors (10240K)
 Metaspace       used 78726K, committed 80704K, reserved 1179648K
  class space    used 11037K, committed 11968K, reserved 1048576K
}
Event: 17.968 GC heap after
{Heap after GC invocations=20 (full 0):
 garbage-first heap   total 155648K, used 78738K [0x0000000700000000, 0x0000000800000000)
  region size 2048K, 1 young (2048K), 1 survivors (2048K)
 Metaspace       used 78726K, committed 80704K, reserved 1179648K
  class space    used 11037K, committed 11968K, reserved 1048576K
}
Event: 19.065 GC heap before
{Heap before GC invocations=20 (full 0):
 garbage-first heap   total 155648K, used 134034K [0x0000000700000000, 0x0000000800000000)
  region size 2048K, 28 young (57344K), 1 survivors (2048K)
 Metaspace       used 85093K, committed 87104K, reserved 1179648K
  class space    used 11845K, committed 12800K, reserved 1048576K
}
Event: 19.073 GC heap after
{Heap after GC invocations=21 (full 0):
 garbage-first heap   total 155648K, used 81588K [0x0000000700000000, 0x0000000800000000)
  region size 2048K, 3 young (6144K), 3 survivors (6144K)
 Metaspace       used 85093K, committed 87104K, reserved 1179648K
  class space    used 11845K, committed 12800K, reserved 1048576K
}
Event: 19.960 GC heap before
{Heap before GC invocations=22 (full 0):
 garbage-first heap   total 155648K, used 132788K [0x0000000700000000, 0x0000000800000000)
  region size 2048K, 29 young (59392K), 3 survivors (6144K)
 Metaspace       used 87469K, committed 89472K, reserved 1179648K
  class space    used 12194K, committed 13184K, reserved 1048576K
}
Event: 19.971 GC heap after
{Heap after GC invocations=23 (full 0):
 garbage-first heap   total 155648K, used 85740K [0x0000000700000000, 0x0000000800000000)
  region size 2048K, 4 young (8192K), 4 survivors (8192K)
 Metaspace       used 87469K, committed 89472K, reserved 1179648K
  class space    used 12194K, committed 13184K, reserved 1048576K
}
Event: 21.262 GC heap before
{Heap before GC invocations=23 (full 0):
 garbage-first heap   total 155648K, used 136940K [0x0000000700000000, 0x0000000800000000)
  region size 2048K, 29 young (59392K), 4 survivors (8192K)
 Metaspace       used 92433K, committed 94464K, reserved 1179648K
  class space    used 12859K, committed 13888K, reserved 1048576K
}
Event: 21.274 GC heap after
{Heap after GC invocations=24 (full 0):
 garbage-first heap   total 155648K, used 87437K [0x0000000700000000, 0x0000000800000000)
  region size 2048K, 2 young (4096K), 2 survivors (4096K)
 Metaspace       used 92433K, committed 94464K, reserved 1179648K
  class space    used 12859K, committed 13888K, reserved 1048576K
}
Event: 22.347 GC heap before
{Heap before GC invocations=24 (full 0):
 garbage-first heap   total 155648K, used 136589K [0x0000000700000000, 0x0000000800000000)
  region size 2048K, 26 young (53248K), 2 survivors (4096K)
 Metaspace       used 95511K, committed 97600K, reserved 1179648K
  class space    used 13259K, committed 14272K, reserved 1048576K
}
Event: 22.356 GC heap after
{Heap after GC invocations=25 (full 0):
 garbage-first heap   total 155648K, used 90018K [0x0000000700000000, 0x0000000800000000)
  region size 2048K, 3 young (6144K), 3 survivors (6144K)
 Metaspace       used 95511K, committed 97600K, reserved 1179648K
  class space    used 13259K, committed 14272K, reserved 1048576K
}
Event: 23.279 GC heap before
{Heap before GC invocations=26 (full 0):
 garbage-first heap   total 155648K, used 139170K [0x0000000700000000, 0x0000000800000000)
  region size 2048K, 27 young (55296K), 3 survivors (6144K)
 Metaspace       used 97538K, committed 99584K, reserved 1179648K
  class space    used 13581K, committed 14592K, reserved 1048576K
}

