# JRE version: OpenJDK Runtime Environment (21.0.10) (build 21.0.10+-14961533-b1163.108)
# Java VM: OpenJDK 64-Bit Server VM (21.0.10+-14961533-b1163.108, mixed mode, tiered, compressed oops, compressed class ptrs, g1 gc, windows-amd64)
GC Precious Log:
 CardTable entry size: 512
 Card Set container configuration: InlinePtr #cards 5 size 8 Array Of Cards #cards 12 size 40 Howl #buckets 4 coarsen threshold 1843 Howl Bitmap #cards 512 size 80 coarsen threshold 460 Card regions per heap region 1 cards per card region 2048
 CPUs: 12 total, 12 available
 Memory: 7501M
 Large Page Support: Disabled
 NUMA Support: Disabled
 Compressed Oops: Enabled (32-bit)
 Heap Region Size: 1M
 Heap Min Capacity: 8M
 Heap Initial Capacity: 118M
 Heap Max Capacity: 1876M
 Pre-touch: Disabled
 Parallel Workers: 10
 Concurrent Workers: 3
 Concurrent Refinement Workers: 10
 Periodic GC: Disabled
Heap:
 garbage-first heap   total 58368K, used 28104K [0x000000008ac00000, 0x0000000100000000)
  region size 1024K, 8 young (8192K), 3 survivors (3072K)
 Metaspace       used 47765K, committed 48448K, reserved 1114112K
  class space    used 5762K, committed 6080K, reserved 1048576K
GC Heap History (20 events):
Event: 0.753 GC heap before
{Heap before GC invocations=0 (full 0):
 garbage-first heap   total 120832K, used 27648K [0x000000008ac00000, 0x0000000100000000)
  region size 1024K, 23 young (23552K), 0 survivors (0K)
 Metaspace       used 14346K, committed 14528K, reserved 1114112K
  class space    used 1398K, committed 1472K, reserved 1048576K
}
Event: 0.758 GC heap after
{Heap after GC invocations=1 (full 0):
 garbage-first heap   total 120832K, used 6934K [0x000000008ac00000, 0x0000000100000000)
  region size 1024K, 3 young (3072K), 3 survivors (3072K)
 Metaspace       used 14346K, committed 14528K, reserved 1114112K
  class space    used 1398K, committed 1472K, reserved 1048576K
}
Event: 1.257 GC heap before
{Heap before GC invocations=1 (full 0):
 garbage-first heap   total 120832K, used 27414K [0x000000008ac00000, 0x0000000100000000)
  region size 1024K, 25 young (25600K), 3 survivors (3072K)
 Metaspace       used 21270K, committed 21504K, reserved 1114112K
  class space    used 2236K, committed 2368K, reserved 1048576K
}
Event: 1.263 GC heap after
{Heap after GC invocations=2 (full 0):
 garbage-first heap   total 120832K, used 8609K [0x000000008ac00000, 0x0000000100000000)
  region size 1024K, 2 young (2048K), 2 survivors (2048K)
 Metaspace       used 21270K, committed 21504K, reserved 1114112K
  class space    used 2236K, committed 2368K, reserved 1048576K
}
Event: 1.747 GC heap before
{Heap before GC invocations=3 (full 0):
 garbage-first heap   total 30720K, used 30113K [0x000000008ac00000, 0x0000000100000000)
  region size 1024K, 23 young (23552K), 2 survivors (2048K)
 Metaspace       used 27784K, committed 28032K, reserved 1114112K
  class space    used 3318K, committed 3392K, reserved 1048576K
}
Event: 1.753 GC heap after
{Heap after GC invocations=4 (full 0):
 garbage-first heap   total 35840K, used 11225K [0x000000008ac00000, 0x0000000100000000)
  region size 1024K, 5 young (5120K), 5 survivors (5120K)
 Metaspace       used 27784K, committed 28032K, reserved 1114112K
  class space    used 3318K, committed 3392K, reserved 1048576K
}
Event: 1.952 GC heap before
{Heap before GC invocations=4 (full 0):
 garbage-first heap   total 35840K, used 29657K [0x000000008ac00000, 0x0000000100000000)
  region size 1024K, 21 young (21504K), 5 survivors (5120K)
 Metaspace       used 28005K, committed 28288K, reserved 1114112K
  class space    used 3359K, committed 3520K, reserved 1048576K
}
Event: 1.964 GC heap after
{Heap after GC invocations=5 (full 0):
 garbage-first heap   total 39936K, used 16868K [0x000000008ac00000, 0x0000000100000000)
  region size 1024K, 3 young (3072K), 3 survivors (3072K)
 Metaspace       used 28005K, committed 28288K, reserved 1114112K
  class space    used 3359K, committed 3520K, reserved 1048576K
}
Event: 2.328 GC heap before
{Heap before GC invocations=5 (full 0):
 garbage-first heap   total 39936K, used 31204K [0x000000008ac00000, 0x0000000100000000)
  region size 1024K, 17 young (17408K), 3 survivors (3072K)
 Metaspace       used 32745K, committed 32960K, reserved 1114112K
  class space    used 4075K, committed 4160K, reserved 1048576K
}
Event: 2.334 GC heap after
{Heap after GC invocations=6 (full 0):
 garbage-first heap   total 39936K, used 18791K [0x000000008ac00000, 0x0000000100000000)
  region size 1024K, 2 young (2048K), 2 survivors (2048K)
 Metaspace       used 32745K, committed 32960K, reserved 1114112K
  class space    used 4075K, committed 4160K, reserved 1048576K
}
Event: 2.600 GC heap before
{Heap before GC invocations=6 (full 0):
 garbage-first heap   total 39936K, used 31079K [0x000000008ac00000, 0x0000000100000000)
  region size 1024K, 15 young (15360K), 2 survivors (2048K)
 Metaspace       used 34935K, committed 35136K, reserved 1114112K
  class space    used 4315K, committed 4416K, reserved 1048576K
}
Event: 2.605 GC heap after
{Heap after GC invocations=7 (full 0):
 garbage-first heap   total 48128K, used 18691K [0x000000008ac00000, 0x0000000100000000)
  region size 1024K, 2 young (2048K), 2 survivors (2048K)
 Metaspace       used 34935K, committed 35136K, reserved 1114112K
  class space    used 4315K, committed 4416K, reserved 1048576K
}
Event: 2.694 GC heap before
{Heap before GC invocations=7 (full 0):
 garbage-first heap   total 48128K, used 22787K [0x000000008ac00000, 0x0000000100000000)
  region size 1024K, 7 young (7168K), 2 survivors (2048K)
 Metaspace       used 35778K, committed 35968K, reserved 1114112K
  class space    used 4401K, committed 4480K, reserved 1048576K
}
Event: 2.697 GC heap after
{Heap after GC invocations=8 (full 0):
 garbage-first heap   total 48128K, used 19603K [0x000000008ac00000, 0x0000000100000000)
  region size 1024K, 1 young (1024K), 1 survivors (1024K)
 Metaspace       used 35778K, committed 35968K, reserved 1114112K
  class space    used 4401K, committed 4480K, reserved 1048576K
}
Event: 3.059 GC heap before
{Heap before GC invocations=9 (full 0):
 garbage-first heap   total 48128K, used 38035K [0x000000008ac00000, 0x0000000100000000)
  region size 1024K, 20 young (20480K), 1 survivors (1024K)
 Metaspace       used 39950K, committed 40192K, reserved 1114112K
  class space    used 4779K, committed 4864K, reserved 1048576K
}
Event: 3.063 GC heap after
{Heap after GC invocations=10 (full 0):
 garbage-first heap   total 48128K, used 21561K [0x000000008ac00000, 0x0000000100000000)
  region size 1024K, 3 young (3072K), 3 survivors (3072K)
 Metaspace       used 39950K, committed 40192K, reserved 1114112K
  class space    used 4779K, committed 4864K, reserved 1048576K
}
Event: 3.326 GC heap before
{Heap before GC invocations=10 (full 0):
 garbage-first heap   total 48128K, used 39993K [0x000000008ac00000, 0x0000000100000000)
  region size 1024K, 21 young (21504K), 3 survivors (3072K)
 Metaspace       used 42416K, committed 43072K, reserved 1114112K
  class space    used 5177K, committed 5504K, reserved 1048576K
}
Event: 3.333 GC heap after
{Heap after GC invocations=11 (full 0):
 garbage-first heap   total 48128K, used 22744K [0x000000008ac00000, 0x0000000100000000)
  region size 1024K, 2 young (2048K), 2 survivors (2048K)
 Metaspace       used 42416K, committed 43072K, reserved 1114112K
  class space    used 5177K, committed 5504K, reserved 1048576K
}
Event: 3.892 GC heap before
{Heap before GC invocations=11 (full 0):
 garbage-first heap   total 48128K, used 41176K [0x000000008ac00000, 0x0000000100000000)
  region size 1024K, 20 young (20480K), 2 survivors (2048K)
 Metaspace       used 47234K, committed 47872K, reserved 1114112K
  class space    used 5718K, committed 6016K, reserved 1048576K
}
Event: 3.900 GC heap after
{Heap after GC invocations=12 (full 0):
 garbage-first heap   total 58368K, used 24008K [0x000000008ac00000, 0x0000000100000000)
  region size 1024K, 3 young (3072K), 3 survivors (3072K)
 Metaspace       used 47234K, committed 47872K, reserved 1114112K
  class space    used 5718K, committed 6016K, reserved 1048576K
}

