# JRE version: OpenJDK Runtime Environment (21.0.10) (build 21.0.10+-14961533-b1163.108)
# Java VM: OpenJDK 64-Bit Server VM (21.0.10+-14961533-b1163.108, mixed mode, tiered, compressed oops, compressed class ptrs, g1 gc, windows-amd64)
GC Precious Log:
 CardTable entry size: 512
 Card Set container configuration: InlinePtr #cards 4 size 8 Array Of Cards #cards 16 size 48 Howl #buckets 8 coarsen threshold 3686 Howl Bitmap #cards 512 size 80 coarsen threshold 460 Card regions per heap region 1 cards per card region 4096
 CPUs: 12 total, 12 available
 Memory: 7501M
 Large Page Support: Disabled
 NUMA Support: Disabled
 Compressed Oops: Enabled (Zero based)
 Heap Region Size: 2M
 Heap Min Capacity: 8M
 Heap Initial Capacity: 118M
 Heap Max Capacity: 4G
 Pre-touch: Disabled
 Parallel Workers: 10
 Concurrent Workers: 3
 Concurrent Refinement Workers: 10
 Periodic GC: Disabled
Heap:
 garbage-first heap   total 382976K, used 275357K [0x0000000700000000, 0x0000000800000000)
  region size 2048K, 5 young (10240K), 5 survivors (10240K)
 Metaspace       used 136382K, committed 138752K, reserved 1179648K
  class space    used 19263K, committed 20416K, reserved 1048576K
GC Heap History (20 events):
Event: 38.693 GC heap after
{Heap after GC invocations=42 (full 0):
 garbage-first heap   total 210944K, used 132020K [0x0000000700000000, 0x0000000800000000)
  region size 2048K, 3 young (6144K), 3 survivors (6144K)
 Metaspace       used 124524K, committed 126912K, reserved 1179648K
  class space    used 17460K, committed 18624K, reserved 1048576K
}
Event: 40.381 GC heap before
{Heap before GC invocations=43 (full 0):
 garbage-first heap   total 223232K, used 189364K [0x0000000700000000, 0x0000000800000000)
  region size 2048K, 32 young (65536K), 3 survivors (6144K)
 Metaspace       used 127311K, committed 129728K, reserved 1179648K
  class space    used 17804K, committed 19008K, reserved 1048576K
}
Event: 40.393 GC heap after
{Heap after GC invocations=44 (full 0):
 garbage-first heap   total 223232K, used 136720K [0x0000000700000000, 0x0000000800000000)
  region size 2048K, 4 young (8192K), 4 survivors (8192K)
 Metaspace       used 127311K, committed 129728K, reserved 1179648K
  class space    used 17804K, committed 19008K, reserved 1048576K
}
Event: 41.018 GC heap before
{Heap before GC invocations=44 (full 0):
 garbage-first heap   total 223232K, used 200208K [0x0000000700000000, 0x0000000800000000)
  region size 2048K, 36 young (73728K), 4 survivors (8192K)
 Metaspace       used 127461K, committed 129856K, reserved 1179648K
  class space    used 17821K, committed 19008K, reserved 1048576K
}
Event: 41.031 GC heap after
{Heap after GC invocations=45 (full 0):
 garbage-first heap   total 223232K, used 137406K [0x0000000700000000, 0x0000000800000000)
  region size 2048K, 3 young (6144K), 3 survivors (6144K)
 Metaspace       used 127461K, committed 129856K, reserved 1179648K
  class space    used 17821K, committed 19008K, reserved 1048576K
}
Event: 41.553 GC heap before
{Heap before GC invocations=45 (full 0):
 garbage-first heap   total 223232K, used 200894K [0x0000000700000000, 0x0000000800000000)
  region size 2048K, 35 young (71680K), 3 survivors (6144K)
 Metaspace       used 127726K, committed 130112K, reserved 1179648K
  class space    used 17858K, committed 19008K, reserved 1048576K
}
Event: 41.564 GC heap after
{Heap after GC invocations=46 (full 0):
 garbage-first heap   total 223232K, used 138619K [0x0000000700000000, 0x0000000800000000)
  region size 2048K, 4 young (8192K), 4 survivors (8192K)
 Metaspace       used 127726K, committed 130112K, reserved 1179648K
  class space    used 17858K, committed 19008K, reserved 1048576K
}
Event: 42.240 GC heap before
{Heap before GC invocations=47 (full 0):
 garbage-first heap   total 245760K, used 228731K [0x0000000700000000, 0x0000000800000000)
  region size 2048K, 36 young (73728K), 4 survivors (8192K)
 Metaspace       used 128441K, committed 130816K, reserved 1179648K
  class space    used 17956K, committed 19136K, reserved 1048576K
}
Event: 42.256 GC heap after
{Heap after GC invocations=48 (full 0):
 garbage-first heap   total 253952K, used 178920K [0x0000000700000000, 0x0000000800000000)
  region size 2048K, 5 young (10240K), 5 survivors (10240K)
 Metaspace       used 128441K, committed 130816K, reserved 1179648K
  class space    used 17956K, committed 19136K, reserved 1048576K
}
Event: 43.211 GC heap before
{Heap before GC invocations=48 (full 0):
 garbage-first heap   total 258048K, used 252648K [0x0000000700000000, 0x0000000800000000)
  region size 2048K, 30 young (61440K), 5 survivors (10240K)
 Metaspace       used 132124K, committed 134528K, reserved 1179648K
  class space    used 18481K, committed 19648K, reserved 1048576K
}
Event: 43.232 GC heap after
{Heap after GC invocations=49 (full 0):
 garbage-first heap   total 331776K, used 194961K [0x0000000700000000, 0x0000000800000000)
  region size 2048K, 3 young (6144K), 3 survivors (6144K)
 Metaspace       used 132124K, committed 134528K, reserved 1179648K
  class space    used 18481K, committed 19648K, reserved 1048576K
}
Event: 43.271 GC heap before
{Heap before GC invocations=49 (full 0):
 garbage-first heap   total 331776K, used 237969K [0x0000000700000000, 0x0000000800000000)
  region size 2048K, 14 young (28672K), 3 survivors (6144K)
 Metaspace       used 132126K, committed 134528K, reserved 1179648K
  class space    used 18481K, committed 19648K, reserved 1048576K
}
Event: 43.282 GC heap after
{Heap after GC invocations=50 (full 0):
 garbage-first heap   total 331776K, used 215985K [0x0000000700000000, 0x0000000800000000)
  region size 2048K, 7 young (14336K), 7 survivors (14336K)
 Metaspace       used 132126K, committed 134528K, reserved 1179648K
  class space    used 18481K, committed 19648K, reserved 1048576K
}
Event: 43.287 GC heap before
{Heap before GC invocations=50 (full 0):
 garbage-first heap   total 331776K, used 220081K [0x0000000700000000, 0x0000000800000000)
  region size 2048K, 10 young (20480K), 7 survivors (14336K)
 Metaspace       used 132126K, committed 134528K, reserved 1179648K
  class space    used 18481K, committed 19648K, reserved 1048576K
}
Event: 43.297 GC heap after
{Heap after GC invocations=51 (full 0):
 garbage-first heap   total 331776K, used 216024K [0x0000000700000000, 0x0000000800000000)
  region size 2048K, 2 young (4096K), 2 survivors (4096K)
 Metaspace       used 132126K, committed 134528K, reserved 1179648K
  class space    used 18481K, committed 19648K, reserved 1048576K
}
Event: 43.765 GC heap before
{Heap before GC invocations=52 (full 0):
 garbage-first heap   total 382976K, used 289752K [0x0000000700000000, 0x0000000800000000)
  region size 2048K, 34 young (69632K), 2 survivors (4096K)
 Metaspace       used 133171K, committed 135552K, reserved 1179648K
  class space    used 18622K, committed 19776K, reserved 1048576K
}
Event: 43.794 GC heap after
{Heap after GC invocations=53 (full 0):
 garbage-first heap   total 382976K, used 240612K [0x0000000700000000, 0x0000000800000000)
  region size 2048K, 5 young (10240K), 5 survivors (10240K)
 Metaspace       used 133171K, committed 135552K, reserved 1179648K
  class space    used 18622K, committed 19776K, reserved 1048576K
}
Event: 44.169 GC heap before
{Heap before GC invocations=53 (full 0):
 garbage-first heap   total 382976K, used 322532K [0x0000000700000000, 0x0000000800000000)
  region size 2048K, 44 young (90112K), 5 survivors (10240K)
 Metaspace       used 133410K, committed 135872K, reserved 1179648K
  class space    used 18647K, committed 19840K, reserved 1048576K
}
Event: 44.213 GC heap after
{Heap after GC invocations=54 (full 0):
 garbage-first heap   total 382976K, used 264192K [0x0000000700000000, 0x0000000800000000)
  region size 2048K, 6 young (12288K), 6 survivors (12288K)
 Metaspace       used 133410K, committed 135872K, reserved 1179648K
  class space    used 18647K, committed 19840K, reserved 1048576K
}
Event: 44.907 GC heap before
{Heap before GC invocations=54 (full 0):
 garbage-first heap   total 382976K, used 327680K [0x0000000700000000, 0x0000000800000000)
  region size 2048K, 38 young (77824K), 6 survivors (12288K)
 Metaspace       used 136382K, committed 138752K, reserved 1179648K
  class space    used 19263K, committed 20416K, reserved 1048576K
}

