# JRE version: OpenJDK Runtime Environment (21.0.10) (build 21.0.10+-14961533-b1163.108)
# Java VM: OpenJDK 64-Bit Server VM (21.0.10+-14961533-b1163.108, mixed mode, tiered, compressed oops, compressed class ptrs, g1 gc, windows-amd64)
GC Precious Log:
 CardTable entry size: 512
 Card Set container configuration: InlinePtr #cards 4 size 8 Array Of Cards #cards 16 size 48 Howl #buckets 8 coarsen threshold 3686 Howl Bitmap #cards 512 size 80 coarsen threshold 460 Card regions per heap region 1 cards per card region 4096
 CPUs: 12 total, 12 available
 Memory: 7501M
 Large Page Support: Disabled
 NUMA Support: Disabled
 Compressed Oops: Enabled (Zero based)
 Heap Region Size: 2M
 Heap Min Capacity: 8M
 Heap Initial Capacity: 118M
 Heap Max Capacity: 4G
 Pre-touch: Disabled
 Parallel Workers: 10
 Concurrent Workers: 3
 Concurrent Refinement Workers: 10
 Periodic GC: Disabled
Heap:
 garbage-first heap   total 280576K, used 176326K [0x0000000700000000, 0x0000000800000000)
  region size 2048K, 23 young (47104K), 6 survivors (12288K)
 Metaspace       used 142273K, committed 144704K, reserved 1179648K
  class space    used 20739K, committed 21952K, reserved 1048576K
GC Heap History (20 events):
Event: 18.731 GC heap before
{Heap before GC invocations=32 (full 0):
 garbage-first heap   total 182272K, used 167262K [0x0000000700000000, 0x0000000800000000)
  region size 2048K, 37 young (75776K), 5 survivors (10240K)
 Metaspace       used 118375K, committed 120704K, reserved 1179648K
  class space    used 16733K, committed 17856K, reserved 1048576K
}
Event: 18.743 GC heap after
{Heap after GC invocations=33 (full 0):
 garbage-first heap   total 182272K, used 105436K [0x0000000700000000, 0x0000000800000000)
  region size 2048K, 4 young (8192K), 4 survivors (8192K)
 Metaspace       used 118375K, committed 120704K, reserved 1179648K
  class space    used 16733K, committed 17856K, reserved 1048576K
}
Event: 19.356 GC heap before
{Heap before GC invocations=34 (full 0):
 garbage-first heap   total 182272K, used 166876K [0x0000000700000000, 0x0000000800000000)
  region size 2048K, 35 young (71680K), 4 survivors (8192K)
 Metaspace       used 119424K, committed 121728K, reserved 1179648K
  class space    used 16864K, committed 17984K, reserved 1048576K
}
Event: 19.371 GC heap after
{Heap after GC invocations=35 (full 0):
 garbage-first heap   total 188416K, used 115678K [0x0000000700000000, 0x0000000800000000)
  region size 2048K, 5 young (10240K), 5 survivors (10240K)
 Metaspace       used 119424K, committed 121728K, reserved 1179648K
  class space    used 16864K, committed 17984K, reserved 1048576K
}
Event: 20.180 GC heap before
{Heap before GC invocations=35 (full 0):
 garbage-first heap   total 188416K, used 168926K [0x0000000700000000, 0x0000000800000000)
  region size 2048K, 32 young (65536K), 5 survivors (10240K)
 Metaspace       used 123581K, committed 125952K, reserved 1179648K
  class space    used 17331K, committed 18432K, reserved 1048576K
}
Event: 20.197 GC heap after
{Heap after GC invocations=36 (full 0):
 garbage-first heap   total 194560K, used 122935K [0x0000000700000000, 0x0000000800000000)
  region size 2048K, 4 young (8192K), 4 survivors (8192K)
 Metaspace       used 123581K, committed 125952K, reserved 1179648K
  class space    used 17331K, committed 18432K, reserved 1048576K
}
Event: 20.615 GC heap before
{Heap before GC invocations=36 (full 0):
 garbage-first heap   total 194560K, used 172087K [0x0000000700000000, 0x0000000800000000)
  region size 2048K, 29 young (59392K), 4 survivors (8192K)
 Metaspace       used 123732K, committed 126144K, reserved 1179648K
  class space    used 17341K, committed 18496K, reserved 1048576K
}
Event: 20.627 GC heap after
{Heap after GC invocations=37 (full 0):
 garbage-first heap   total 233472K, used 128033K [0x0000000700000000, 0x0000000800000000)
  region size 2048K, 3 young (6144K), 3 survivors (6144K)
 Metaspace       used 123732K, committed 126144K, reserved 1179648K
  class space    used 17341K, committed 18496K, reserved 1048576K
}
Event: 21.427 GC heap before
{Heap before GC invocations=38 (full 0):
 garbage-first heap   total 233472K, used 207905K [0x0000000700000000, 0x0000000800000000)
  region size 2048K, 42 young (86016K), 3 survivors (6144K)
 Metaspace       used 124337K, committed 126656K, reserved 1179648K
  class space    used 17448K, committed 18560K, reserved 1048576K
}
Event: 21.436 GC heap after
{Heap after GC invocations=39 (full 0):
 garbage-first heap   total 233472K, used 130774K [0x0000000700000000, 0x0000000800000000)
  region size 2048K, 4 young (8192K), 4 survivors (8192K)
 Metaspace       used 124337K, committed 126656K, reserved 1179648K
  class space    used 17448K, committed 18560K, reserved 1048576K
}
Event: 22.083 GC heap before
{Heap before GC invocations=39 (full 0):
 garbage-first heap   total 233472K, used 212694K [0x0000000700000000, 0x0000000800000000)
  region size 2048K, 44 young (90112K), 4 survivors (8192K)
 Metaspace       used 124701K, committed 127104K, reserved 1179648K
  class space    used 17491K, committed 18624K, reserved 1048576K
}
Event: 22.096 GC heap after
{Heap after GC invocations=40 (full 0):
 garbage-first heap   total 233472K, used 131702K [0x0000000700000000, 0x0000000800000000)
  region size 2048K, 5 young (10240K), 5 survivors (10240K)
 Metaspace       used 124701K, committed 127104K, reserved 1179648K
  class space    used 17491K, committed 18624K, reserved 1048576K
}
Event: 22.604 GC heap before
{Heap before GC invocations=40 (full 0):
 garbage-first heap   total 233472K, used 209526K [0x0000000700000000, 0x0000000800000000)
  region size 2048K, 44 young (90112K), 5 survivors (10240K)
 Metaspace       used 124768K, committed 127168K, reserved 1179648K
  class space    used 17493K, committed 18624K, reserved 1048576K
}
Event: 22.613 GC heap after
{Heap after GC invocations=41 (full 0):
 garbage-first heap   total 233472K, used 134357K [0x0000000700000000, 0x0000000800000000)
  region size 2048K, 4 young (8192K), 4 survivors (8192K)
 Metaspace       used 124768K, committed 127168K, reserved 1179648K
  class space    used 17493K, committed 18624K, reserved 1048576K
}
Event: 23.308 GC heap before
{Heap before GC invocations=42 (full 0):
 garbage-first heap   total 233472K, used 212181K [0x0000000700000000, 0x0000000800000000)
  region size 2048K, 43 young (88064K), 4 survivors (8192K)
 Metaspace       used 125199K, committed 127552K, reserved 1179648K
  class space    used 17566K, committed 18688K, reserved 1048576K
}
Event: 23.317 GC heap after
{Heap after GC invocations=43 (full 0):
 garbage-first heap   total 233472K, used 136566K [0x0000000700000000, 0x0000000800000000)
  region size 2048K, 4 young (8192K), 4 survivors (8192K)
 Metaspace       used 125199K, committed 127552K, reserved 1179648K
  class space    used 17566K, committed 18688K, reserved 1048576K
}
Event: 24.305 GC heap before
{Heap before GC invocations=43 (full 0):
 garbage-first heap   total 233472K, used 212342K [0x0000000700000000, 0x0000000800000000)
  region size 2048K, 42 young (86016K), 4 survivors (8192K)
 Metaspace       used 131050K, committed 133440K, reserved 1179648K
  class space    used 18547K, committed 19712K, reserved 1048576K
}
Event: 24.318 GC heap after
{Heap after GC invocations=44 (full 0):
 garbage-first heap   total 233472K, used 140594K [0x0000000700000000, 0x0000000800000000)
  region size 2048K, 5 young (10240K), 5 survivors (10240K)
 Metaspace       used 131050K, committed 133440K, reserved 1179648K
  class space    used 18547K, committed 19712K, reserved 1048576K
}
Event: 25.001 GC heap before
{Heap before GC invocations=44 (full 0):
 garbage-first heap   total 233472K, used 216370K [0x0000000700000000, 0x0000000800000000)
  region size 2048K, 42 young (86016K), 5 survivors (10240K)
 Metaspace       used 139164K, committed 141632K, reserved 1179648K
  class space    used 20123K, committed 21312K, reserved 1048576K
}
Event: 25.014 GC heap after
{Heap after GC invocations=45 (full 0):
 garbage-first heap   total 280576K, used 145606K [0x0000000700000000, 0x0000000800000000)
  region size 2048K, 6 young (12288K), 6 survivors (12288K)
 Metaspace       used 139164K, committed 141632K, reserved 1179648K
  class space    used 20123K, committed 21312K, reserved 1048576K
}

