# JRE version: OpenJDK Runtime Environment (21.0.10) (build 21.0.10+-14961533-b1163.108)
# Java VM: OpenJDK 64-Bit Server VM (21.0.10+-14961533-b1163.108, mixed mode, tiered, compressed oops, compressed class ptrs, g1 gc, windows-amd64)
GC Precious Log:
 CardTable entry size: 512
 Card Set container configuration: InlinePtr #cards 4 size 8 Array Of Cards #cards 16 size 48 Howl #buckets 8 coarsen threshold 3686 Howl Bitmap #cards 512 size 80 coarsen threshold 460 Card regions per heap region 1 cards per card region 4096
 CPUs: 12 total, 12 available
 Memory: 7501M
 Large Page Support: Disabled
 NUMA Support: Disabled
 Compressed Oops: Enabled (Zero based)
 Heap Region Size: 2M
 Heap Min Capacity: 8M
 Heap Initial Capacity: 118M
 Heap Max Capacity: 4G
 Pre-touch: Disabled
 Parallel Workers: 10
 Concurrent Workers: 3
 Concurrent Refinement Workers: 10
 Periodic GC: Disabled
Heap:
 garbage-first heap   total 133120K, used 84877K [0x0000000700000000, 0x0000000800000000)
  region size 2048K, 6 young (12288K), 1 survivors (2048K)
 Metaspace       used 80029K, committed 81984K, reserved 1179648K
  class space    used 11191K, committed 12160K, reserved 1048576K
GC Heap History (20 events):
Event: 13.953 GC heap before
{Heap before GC invocations=12 (full 0):
 garbage-first heap   total 108544K, used 61006K [0x0000000700000000, 0x0000000800000000)
  region size 2048K, 14 young (28672K), 4 survivors (8192K)
 Metaspace       used 58877K, committed 60608K, reserved 1114112K
  class space    used 8375K, committed 9216K, reserved 1048576K
}
Event: 13.963 GC heap after
{Heap after GC invocations=13 (full 0):
 garbage-first heap   total 108544K, used 44443K [0x0000000700000000, 0x0000000800000000)
  region size 2048K, 1 young (2048K), 1 survivors (2048K)
 Metaspace       used 58877K, committed 60608K, reserved 1114112K
  class space    used 8375K, committed 9216K, reserved 1048576K
}
Event: 15.761 GC heap before
{Heap before GC invocations=14 (full 0):
 garbage-first heap   total 108544K, used 91547K [0x0000000700000000, 0x0000000800000000)
  region size 2048K, 24 young (49152K), 1 survivors (2048K)
 Metaspace       used 65236K, committed 66944K, reserved 1114112K
  class space    used 9316K, committed 10112K, reserved 1048576K
}
Event: 15.770 GC heap after
{Heap after GC invocations=15 (full 0):
 garbage-first heap   total 108544K, used 46657K [0x0000000700000000, 0x0000000800000000)
  region size 2048K, 2 young (4096K), 2 survivors (4096K)
 Metaspace       used 65236K, committed 66944K, reserved 1114112K
  class space    used 9316K, committed 10112K, reserved 1048576K
}
Event: 17.402 GC heap before
{Heap before GC invocations=15 (full 0):
 garbage-first heap   total 108544K, used 93761K [0x0000000700000000, 0x0000000800000000)
  region size 2048K, 25 young (51200K), 2 survivors (4096K)
 Metaspace       used 70538K, committed 72448K, reserved 1114112K
  class space    used 10163K, committed 11072K, reserved 1048576K
}
Event: 17.415 GC heap after
{Heap after GC invocations=16 (full 0):
 garbage-first heap   total 108544K, used 48381K [0x0000000700000000, 0x0000000800000000)
  region size 2048K, 4 young (8192K), 4 survivors (8192K)
 Metaspace       used 70538K, committed 72448K, reserved 1114112K
  class space    used 10163K, committed 11072K, reserved 1048576K
}
Event: 18.726 GC heap before
{Heap before GC invocations=16 (full 0):
 garbage-first heap   total 108544K, used 93437K [0x0000000700000000, 0x0000000800000000)
  region size 2048K, 26 young (53248K), 4 survivors (8192K)
 Metaspace       used 71758K, committed 73600K, reserved 1114112K
  class space    used 10264K, committed 11136K, reserved 1048576K
}
Event: 18.739 GC heap after
{Heap after GC invocations=17 (full 0):
 garbage-first heap   total 108544K, used 52650K [0x0000000700000000, 0x0000000800000000)
  region size 2048K, 4 young (8192K), 4 survivors (8192K)
 Metaspace       used 71758K, committed 73600K, reserved 1114112K
  class space    used 10264K, committed 11136K, reserved 1048576K
}
Event: 19.109 GC heap before
{Heap before GC invocations=17 (full 0):
 garbage-first heap   total 108544K, used 93610K [0x0000000700000000, 0x0000000800000000)
  region size 2048K, 24 young (49152K), 4 survivors (8192K)
 Metaspace       used 71970K, committed 73856K, reserved 1114112K
  class space    used 10264K, committed 11136K, reserved 1048576K
}
Event: 19.121 GC heap after
{Heap after GC invocations=18 (full 0):
 garbage-first heap   total 108544K, used 54830K [0x0000000700000000, 0x0000000800000000)
  region size 2048K, 3 young (6144K), 3 survivors (6144K)
 Metaspace       used 71970K, committed 73856K, reserved 1114112K
  class space    used 10264K, committed 11136K, reserved 1048576K
}
Event: 19.487 GC heap before
{Heap before GC invocations=19 (full 0):
 garbage-first heap   total 108544K, used 91694K [0x0000000700000000, 0x0000000800000000)
  region size 2048K, 22 young (45056K), 3 survivors (6144K)
 Metaspace       used 72047K, committed 73920K, reserved 1114112K
  class space    used 10264K, committed 11136K, reserved 1048576K
}
Event: 19.493 GC heap after
{Heap after GC invocations=20 (full 0):
 garbage-first heap   total 108544K, used 55595K [0x0000000700000000, 0x0000000800000000)
  region size 2048K, 2 young (4096K), 2 survivors (4096K)
 Metaspace       used 72047K, committed 73920K, reserved 1114112K
  class space    used 10264K, committed 11136K, reserved 1048576K
}
Event: 19.772 GC heap before
{Heap before GC invocations=20 (full 0):
 garbage-first heap   total 108544K, used 92459K [0x0000000700000000, 0x0000000800000000)
  region size 2048K, 21 young (43008K), 2 survivors (4096K)
 Metaspace       used 72061K, committed 73920K, reserved 1114112K
  class space    used 10265K, committed 11136K, reserved 1048576K
}
Event: 19.781 GC heap after
{Heap after GC invocations=21 (full 0):
 garbage-first heap   total 131072K, used 56013K [0x0000000700000000, 0x0000000800000000)
  region size 2048K, 3 young (6144K), 3 survivors (6144K)
 Metaspace       used 72061K, committed 73920K, reserved 1114112K
  class space    used 10265K, committed 11136K, reserved 1048576K
}
Event: 20.593 GC heap before
{Heap before GC invocations=21 (full 0):
 garbage-first heap   total 131072K, used 101069K [0x0000000700000000, 0x0000000800000000)
  region size 2048K, 27 young (55296K), 3 survivors (6144K)
 Metaspace       used 72420K, committed 74304K, reserved 1114112K
  class space    used 10314K, committed 11200K, reserved 1048576K
}
Event: 20.604 GC heap after
{Heap after GC invocations=22 (full 0):
 garbage-first heap   total 131072K, used 61572K [0x0000000700000000, 0x0000000800000000)
  region size 2048K, 4 young (8192K), 4 survivors (8192K)
 Metaspace       used 72420K, committed 74304K, reserved 1114112K
  class space    used 10314K, committed 11200K, reserved 1048576K
}
Event: 21.782 GC heap before
{Heap before GC invocations=23 (full 0):
 garbage-first heap   total 131072K, used 112772K [0x0000000700000000, 0x0000000800000000)
  region size 2048K, 28 young (57344K), 4 survivors (8192K)
 Metaspace       used 75052K, committed 76992K, reserved 1179648K
  class space    used 10643K, committed 11584K, reserved 1048576K
}
Event: 21.795 GC heap after
{Heap after GC invocations=24 (full 0):
 garbage-first heap   total 133120K, used 75220K [0x0000000700000000, 0x0000000800000000)
  region size 2048K, 4 young (8192K), 4 survivors (8192K)
 Metaspace       used 75052K, committed 76992K, reserved 1179648K
  class space    used 10643K, committed 11584K, reserved 1048576K
}
Event: 22.963 GC heap before
{Heap before GC invocations=24 (full 0):
 garbage-first heap   total 133120K, used 114132K [0x0000000700000000, 0x0000000800000000)
  region size 2048K, 23 young (47104K), 4 survivors (8192K)
 Metaspace       used 78947K, committed 80896K, reserved 1179648K
  class space    used 11077K, committed 12032K, reserved 1048576K
}
Event: 22.971 GC heap after
{Heap after GC invocations=25 (full 0):
 garbage-first heap   total 133120K, used 76685K [0x0000000700000000, 0x0000000800000000)
  region size 2048K, 1 young (2048K), 1 survivors (2048K)
 Metaspace       used 78947K, committed 80896K, reserved 1179648K
  class space    used 11077K, committed 12032K, reserved 1048576K
}

