# JRE version: OpenJDK Runtime Environment (21.0.10) (build 21.0.10+-14961533-b1163.108)
# Java VM: OpenJDK 64-Bit Server VM (21.0.10+-14961533-b1163.108, mixed mode, tiered, compressed oops, compressed class ptrs, g1 gc, windows-amd64)
GC Precious Log:
 CardTable entry size: 512
 Card Set container configuration: InlinePtr #cards 4 size 8 Array Of Cards #cards 16 size 48 Howl #buckets 8 coarsen threshold 3686 Howl Bitmap #cards 512 size 80 coarsen threshold 460 Card regions per heap region 1 cards per card region 4096
 CPUs: 12 total, 12 available
 Memory: 7501M
 Large Page Support: Disabled
 NUMA Support: Disabled
 Compressed Oops: Enabled (Zero based)
 Heap Region Size: 2M
 Heap Min Capacity: 8M
 Heap Initial Capacity: 118M
 Heap Max Capacity: 4G
 Pre-touch: Disabled
 Parallel Workers: 10
 Concurrent Workers: 3
 Concurrent Refinement Workers: 10
 Periodic GC: Disabled
Heap:
 garbage-first heap   total 593920K, used 312347K [0x0000000700000000, 0x0000000800000000)
  region size 2048K, 4 young (8192K), 4 survivors (8192K)
 Metaspace       used 258853K, committed 261824K, reserved 1310720K
  class space    used 34388K, committed 35840K, reserved 1048576K
GC Heap History (20 events):
Event: 2603.795 GC heap after
{Heap after GC invocations=66 (full 0):
 garbage-first heap   total 436224K, used 209777K [0x0000000700000000, 0x0000000800000000)
  region size 2048K, 6 young (12288K), 6 survivors (12288K)
 Metaspace       used 191618K, committed 194432K, reserved 1245184K
  class space    used 26993K, committed 28416K, reserved 1048576K
}
Event: 2606.778 GC heap before
{Heap before GC invocations=66 (full 0):
 garbage-first heap   total 436224K, used 406385K [0x0000000700000000, 0x0000000800000000)
  region size 2048K, 103 young (210944K), 6 survivors (12288K)
 Metaspace       used 205990K, committed 208896K, reserved 1245184K
  class space    used 28723K, committed 30144K, reserved 1048576K
}
Event: 2606.879 GC heap after
{Heap after GC invocations=67 (full 0):
 garbage-first heap   total 468992K, used 246717K [0x0000000700000000, 0x0000000800000000)
  region size 2048K, 13 young (26624K), 13 survivors (26624K)
 Metaspace       used 205990K, committed 208896K, reserved 1245184K
  class space    used 28723K, committed 30144K, reserved 1048576K
}
Event: 2609.544 GC heap before
{Heap before GC invocations=67 (full 0):
 garbage-first heap   total 468992K, used 412605K [0x0000000700000000, 0x0000000800000000)
  region size 2048K, 94 young (192512K), 13 survivors (26624K)
 Metaspace       used 224759K, committed 227712K, reserved 1245184K
  class space    used 30625K, committed 32064K, reserved 1048576K
}
Event: 2609.587 GC heap after
{Heap after GC invocations=68 (full 0):
 garbage-first heap   total 468992K, used 264741K [0x0000000700000000, 0x0000000800000000)
  region size 2048K, 7 young (14336K), 7 survivors (14336K)
 Metaspace       used 224759K, committed 227712K, reserved 1245184K
  class space    used 30625K, committed 32064K, reserved 1048576K
}
Event: 2612.270 GC heap before
{Heap before GC invocations=69 (full 0):
 garbage-first heap   total 468992K, used 416293K [0x0000000700000000, 0x0000000800000000)
  region size 2048K, 81 young (165888K), 7 survivors (14336K)
 Metaspace       used 240519K, committed 243456K, reserved 1310720K
  class space    used 32422K, committed 33856K, reserved 1048576K
}
Event: 2612.296 GC heap after
{Heap after GC invocations=70 (full 0):
 garbage-first heap   total 468992K, used 282337K [0x0000000700000000, 0x0000000800000000)
  region size 2048K, 9 young (18432K), 9 survivors (18432K)
 Metaspace       used 240519K, committed 243456K, reserved 1310720K
  class space    used 32422K, committed 33856K, reserved 1048576K
}
Event: 2613.922 GC heap before
{Heap before GC invocations=70 (full 0):
 garbage-first heap   total 468992K, used 415457K [0x0000000700000000, 0x0000000800000000)
  region size 2048K, 74 young (151552K), 9 survivors (18432K)
 Metaspace       used 248883K, committed 251840K, reserved 1310720K
  class space    used 33454K, committed 34880K, reserved 1048576K
}
Event: 2613.962 GC heap after
{Heap after GC invocations=71 (full 0):
 garbage-first heap   total 468992K, used 305152K [0x0000000700000000, 0x0000000800000000)
  region size 2048K, 10 young (20480K), 10 survivors (20480K)
 Metaspace       used 248883K, committed 251840K, reserved 1310720K
  class space    used 33454K, committed 34880K, reserved 1048576K
}
Event: 2615.023 GC heap before
{Heap before GC invocations=71 (full 0):
 garbage-first heap   total 468992K, used 413696K [0x0000000700000000, 0x0000000800000000)
  region size 2048K, 63 young (129024K), 10 survivors (20480K)
 Metaspace       used 249380K, committed 252352K, reserved 1310720K
  class space    used 33477K, committed 34944K, reserved 1048576K
}
Event: 2615.063 GC heap after
{Heap after GC invocations=72 (full 0):
 garbage-first heap   total 468992K, used 339781K [0x0000000700000000, 0x0000000800000000)
  region size 2048K, 8 young (16384K), 8 survivors (16384K)
 Metaspace       used 249380K, committed 252352K, reserved 1310720K
  class space    used 33477K, committed 34944K, reserved 1048576K
}
Event: 2616.420 GC heap before
{Heap before GC invocations=73 (full 0):
 garbage-first heap   total 567296K, used 417605K [0x0000000700000000, 0x0000000800000000)
  region size 2048K, 46 young (94208K), 8 survivors (16384K)
 Metaspace       used 251924K, committed 254848K, reserved 1310720K
  class space    used 33625K, committed 35072K, reserved 1048576K
}
Event: 2616.449 GC heap after
{Heap after GC invocations=74 (full 0):
 garbage-first heap   total 567296K, used 360576K [0x0000000700000000, 0x0000000800000000)
  region size 2048K, 6 young (12288K), 6 survivors (12288K)
 Metaspace       used 251924K, committed 254848K, reserved 1310720K
  class space    used 33625K, committed 35072K, reserved 1048576K
}
Event: 2625.941 GC heap before
{Heap before GC invocations=74 (full 0):
 garbage-first heap   total 567296K, used 477312K [0x0000000700000000, 0x0000000800000000)
  region size 2048K, 63 young (129024K), 6 survivors (12288K)
 Metaspace       used 257895K, committed 260864K, reserved 1310720K
  class space    used 34319K, committed 35776K, reserved 1048576K
}
Event: 2625.961 GC heap after
{Heap after GC invocations=75 (full 0):
 garbage-first heap   total 567296K, used 367397K [0x0000000700000000, 0x0000000800000000)
  region size 2048K, 6 young (12288K), 6 survivors (12288K)
 Metaspace       used 257895K, committed 260864K, reserved 1310720K
  class space    used 34319K, committed 35776K, reserved 1048576K
}
Event: 2626.375 GC heap before
{Heap before GC invocations=75 (full 0):
 garbage-first heap   total 567296K, used 391973K [0x0000000700000000, 0x0000000800000000)
  region size 2048K, 19 young (38912K), 6 survivors (12288K)
 Metaspace       used 258025K, committed 261056K, reserved 1310720K
  class space    used 34339K, committed 35840K, reserved 1048576K
}
Event: 2626.391 GC heap after
{Heap after GC invocations=76 (full 0):
 garbage-first heap   total 567296K, used 371709K [0x0000000700000000, 0x0000000800000000)
  region size 2048K, 3 young (6144K), 3 survivors (6144K)
 Metaspace       used 258025K, committed 261056K, reserved 1310720K
  class space    used 34339K, committed 35840K, reserved 1048576K
}
Event: 2626.795 GC heap before
{Heap before GC invocations=77 (full 0):
 garbage-first heap   total 593920K, used 476157K [0x0000000700000000, 0x0000000800000000)
  region size 2048K, 63 young (129024K), 3 survivors (6144K)
 Metaspace       used 258491K, committed 261504K, reserved 1310720K
  class space    used 34364K, committed 35840K, reserved 1048576K
}
Event: 2626.802 GC heap after
{Heap after GC invocations=78 (full 0):
 garbage-first heap   total 593920K, used 355570K [0x0000000700000000, 0x0000000800000000)
  region size 2048K, 4 young (8192K), 4 survivors (8192K)
 Metaspace       used 258491K, committed 261504K, reserved 1310720K
  class space    used 34364K, committed 35840K, reserved 1048576K
}
Event: 2632.387 GC heap before
{Heap before GC invocations=78 (full 0):
 garbage-first heap   total 593920K, used 511218K [0x0000000700000000, 0x0000000800000000)
  region size 2048K, 81 young (165888K), 4 survivors (8192K)
 Metaspace       used 258853K, committed 261824K, reserved 1310720K
  class space    used 34388K, committed 35840K, reserved 1048576K
}

