# JRE version: OpenJDK Runtime Environment (21.0.10) (build 21.0.10+-14961533-b1163.108)
# Java VM: OpenJDK 64-Bit Server VM (21.0.10+-14961533-b1163.108, mixed mode, tiered, compressed oops, compressed class ptrs, g1 gc, windows-amd64)
GC Precious Log:
 CardTable entry size: 512
 Card Set container configuration: InlinePtr #cards 4 size 8 Array Of Cards #cards 16 size 48 Howl #buckets 8 coarsen threshold 3686 Howl Bitmap #cards 512 size 80 coarsen threshold 460 Card regions per heap region 1 cards per card region 4096
 CPUs: 12 total, 12 available
 Memory: 7501M
 Large Page Support: Disabled
 NUMA Support: Disabled
 Compressed Oops: Enabled (Zero based)
 Heap Region Size: 2M
 Heap Min Capacity: 8M
 Heap Initial Capacity: 118M
 Heap Max Capacity: 4G
 Pre-touch: Disabled
 Parallel Workers: 10
 Concurrent Workers: 3
 Concurrent Refinement Workers: 10
 Periodic GC: Disabled
Heap:
 garbage-first heap   total 243712K, used 163927K [0x0000000700000000, 0x0000000800000000)
  region size 2048K, 15 young (30720K), 4 survivors (8192K)
 Metaspace       used 129421K, committed 131904K, reserved 1179648K
  class space    used 18133K, committed 19328K, reserved 1048576K
GC Heap History (20 events):
Event: 32.189 GC heap before
{Heap before GC invocations=37 (full 0):
 garbage-first heap   total 176128K, used 161907K [0x0000000700000000, 0x0000000800000000)
  region size 2048K, 31 young (63488K), 4 survivors (8192K)
 Metaspace       used 119885K, committed 122240K, reserved 1179648K
  class space    used 16910K, committed 18048K, reserved 1048576K
}
Event: 32.210 GC heap after
{Heap after GC invocations=38 (full 0):
 garbage-first heap   total 180224K, used 116367K [0x0000000700000000, 0x0000000800000000)
  region size 2048K, 4 young (8192K), 4 survivors (8192K)
 Metaspace       used 119885K, committed 122240K, reserved 1179648K
  class space    used 16910K, committed 18048K, reserved 1048576K
}
Event: 33.493 GC heap before
{Heap before GC invocations=39 (full 0):
 garbage-first heap   total 194560K, used 161423K [0x0000000700000000, 0x0000000800000000)
  region size 2048K, 27 young (55296K), 4 survivors (8192K)
 Metaspace       used 123570K, committed 125952K, reserved 1179648K
  class space    used 17332K, committed 18496K, reserved 1048576K
}
Event: 33.512 GC heap after
{Heap after GC invocations=40 (full 0):
 garbage-first heap   total 194560K, used 124616K [0x0000000700000000, 0x0000000800000000)
  region size 2048K, 4 young (8192K), 4 survivors (8192K)
 Metaspace       used 123570K, committed 125952K, reserved 1179648K
  class space    used 17332K, committed 18496K, reserved 1048576K
}
Event: 34.212 GC heap before
{Heap before GC invocations=40 (full 0):
 garbage-first heap   total 194560K, used 175816K [0x0000000700000000, 0x0000000800000000)
  region size 2048K, 29 young (59392K), 4 survivors (8192K)
 Metaspace       used 123782K, committed 126144K, reserved 1179648K
  class space    used 17341K, committed 18496K, reserved 1048576K
}
Event: 34.225 GC heap after
{Heap after GC invocations=41 (full 0):
 garbage-first heap   total 194560K, used 127453K [0x0000000700000000, 0x0000000800000000)
  region size 2048K, 3 young (6144K), 3 survivors (6144K)
 Metaspace       used 123782K, committed 126144K, reserved 1179648K
  class space    used 17341K, committed 18496K, reserved 1048576K
}
Event: 34.540 GC heap before
{Heap before GC invocations=41 (full 0):
 garbage-first heap   total 194560K, used 176605K [0x0000000700000000, 0x0000000800000000)
  region size 2048K, 27 young (55296K), 3 survivors (6144K)
 Metaspace       used 123789K, committed 126144K, reserved 1179648K
  class space    used 17341K, committed 18496K, reserved 1048576K
}
Event: 34.547 GC heap after
{Heap after GC invocations=42 (full 0):
 garbage-first heap   total 233472K, used 129267K [0x0000000700000000, 0x0000000800000000)
  region size 2048K, 3 young (6144K), 3 survivors (6144K)
 Metaspace       used 123789K, committed 126144K, reserved 1179648K
  class space    used 17341K, committed 18496K, reserved 1048576K
}
Event: 35.625 GC heap before
{Heap before GC invocations=43 (full 0):
 garbage-first heap   total 233472K, used 200947K [0x0000000700000000, 0x0000000800000000)
  region size 2048K, 39 young (79872K), 3 survivors (6144K)
 Metaspace       used 124314K, committed 126656K, reserved 1179648K
  class space    used 17434K, committed 18560K, reserved 1048576K
}
Event: 35.635 GC heap after
{Heap after GC invocations=44 (full 0):
 garbage-first heap   total 233472K, used 132478K [0x0000000700000000, 0x0000000800000000)
  region size 2048K, 4 young (8192K), 4 survivors (8192K)
 Metaspace       used 124314K, committed 126656K, reserved 1179648K
  class space    used 17434K, committed 18560K, reserved 1048576K
}
Event: 36.688 GC heap before
{Heap before GC invocations=44 (full 0):
 garbage-first heap   total 233472K, used 206206K [0x0000000700000000, 0x0000000800000000)
  region size 2048K, 41 young (83968K), 4 survivors (8192K)
 Metaspace       used 124659K, committed 127040K, reserved 1179648K
  class space    used 17477K, committed 18624K, reserved 1048576K
}
Event: 36.701 GC heap after
{Heap after GC invocations=45 (full 0):
 garbage-first heap   total 233472K, used 133466K [0x0000000700000000, 0x0000000800000000)
  region size 2048K, 5 young (10240K), 5 survivors (10240K)
 Metaspace       used 124659K, committed 127040K, reserved 1179648K
  class space    used 17477K, committed 18624K, reserved 1048576K
}
Event: 37.982 GC heap before
{Heap before GC invocations=45 (full 0):
 garbage-first heap   total 233472K, used 209242K [0x0000000700000000, 0x0000000800000000)
  region size 2048K, 43 young (88064K), 5 survivors (10240K)
 Metaspace       used 125218K, committed 127552K, reserved 1179648K
  class space    used 17581K, committed 18688K, reserved 1048576K
}
Event: 37.993 GC heap after
{Heap after GC invocations=46 (full 0):
 garbage-first heap   total 233472K, used 135899K [0x0000000700000000, 0x0000000800000000)
  region size 2048K, 4 young (8192K), 4 survivors (8192K)
 Metaspace       used 125218K, committed 127552K, reserved 1179648K
  class space    used 17581K, committed 18688K, reserved 1048576K
}
Event: 39.364 GC heap before
{Heap before GC invocations=47 (full 0):
 garbage-first heap   total 233472K, used 213723K [0x0000000700000000, 0x0000000800000000)
  region size 2048K, 42 young (86016K), 4 survivors (8192K)
 Metaspace       used 127494K, committed 129984K, reserved 1179648K
  class space    used 17833K, committed 19072K, reserved 1048576K
}
Event: 39.374 GC heap after
{Heap after GC invocations=48 (full 0):
 garbage-first heap   total 233472K, used 139490K [0x0000000700000000, 0x0000000800000000)
  region size 2048K, 4 young (8192K), 4 survivors (8192K)
 Metaspace       used 127494K, committed 129984K, reserved 1179648K
  class space    used 17833K, committed 19072K, reserved 1048576K
}
Event: 40.148 GC heap before
{Heap before GC invocations=48 (full 0):
 garbage-first heap   total 233472K, used 211170K [0x0000000700000000, 0x0000000800000000)
  region size 2048K, 40 young (81920K), 4 survivors (8192K)
 Metaspace       used 128301K, committed 130752K, reserved 1179648K
  class space    used 17968K, committed 19200K, reserved 1048576K
}
Event: 40.168 GC heap after
{Heap after GC invocations=49 (full 0):
 garbage-first heap   total 233472K, used 141230K [0x0000000700000000, 0x0000000800000000)
  region size 2048K, 5 young (10240K), 5 survivors (10240K)
 Metaspace       used 128301K, committed 130752K, reserved 1179648K
  class space    used 17968K, committed 19200K, reserved 1048576K
}
Event: 40.965 GC heap before
{Heap before GC invocations=49 (full 0):
 garbage-first heap   total 233472K, used 212910K [0x0000000700000000, 0x0000000800000000)
  region size 2048K, 41 young (83968K), 5 survivors (10240K)
 Metaspace       used 128364K, committed 130816K, reserved 1179648K
  class space    used 17974K, committed 19200K, reserved 1048576K
}
Event: 40.978 GC heap after
{Heap after GC invocations=50 (full 0):
 garbage-first heap   total 233472K, used 143447K [0x0000000700000000, 0x0000000800000000)
  region size 2048K, 4 young (8192K), 4 survivors (8192K)
 Metaspace       used 128364K, committed 130816K, reserved 1179648K
  class space    used 17974K, committed 19200K, reserved 1048576K
}

