# JRE version: OpenJDK Runtime Environment (21.0.10) (build 21.0.10+-14961533-b1163.108)
# Java VM: OpenJDK 64-Bit Server VM (21.0.10+-14961533-b1163.108, mixed mode, tiered, compressed oops, compressed class ptrs, g1 gc, windows-amd64)
GC Precious Log:
 CardTable entry size: 512
 Card Set container configuration: InlinePtr #cards 4 size 8 Array Of Cards #cards 16 size 48 Howl #buckets 8 coarsen threshold 3686 Howl Bitmap #cards 512 size 80 coarsen threshold 460 Card regions per heap region 1 cards per card region 4096
 CPUs: 12 total, 12 available
 Memory: 7501M
 Large Page Support: Disabled
 NUMA Support: Disabled
 Compressed Oops: Enabled (Zero based)
 Heap Region Size: 2M
 Heap Min Capacity: 8M
 Heap Initial Capacity: 118M
 Heap Max Capacity: 4G
 Pre-touch: Disabled
 Parallel Workers: 10
 Concurrent Workers: 3
 Concurrent Refinement Workers: 10
 Periodic GC: Disabled
Heap:
 garbage-first heap   total 419840K, used 197002K [0x0000000700000000, 0x0000000800000000)
  region size 2048K, 5 young (10240K), 5 survivors (10240K)
 Metaspace       used 162637K, committed 165824K, reserved 1245184K
  class space    used 21731K, committed 23552K, reserved 1048576K
GC Heap History (20 events):
Event: 1055.042 GC heap after
{Heap after GC invocations=67 (full 0):
 garbage-first heap   total 401408K, used 173914K [0x0000000700000000, 0x0000000800000000)
  region size 2048K, 5 young (10240K), 5 survivors (10240K)
 Metaspace       used 160669K, committed 163264K, reserved 1245184K
  class space    used 22237K, committed 23552K, reserved 1048576K
}
Event: 1357.303 GC heap before
{Heap before GC invocations=67 (full 0):
 garbage-first heap   total 401408K, used 372570K [0x0000000700000000, 0x0000000800000000)
  region size 2048K, 103 young (210944K), 5 survivors (10240K)
 Metaspace       used 161184K, committed 163776K, reserved 1245184K
  class space    used 22258K, committed 23552K, reserved 1048576K
}
Event: 1357.338 GC heap after
{Heap after GC invocations=68 (full 0):
 garbage-first heap   total 401408K, used 182573K [0x0000000700000000, 0x0000000800000000)
  region size 2048K, 11 young (22528K), 11 survivors (22528K)
 Metaspace       used 161184K, committed 163776K, reserved 1245184K
  class space    used 22258K, committed 23552K, reserved 1048576K
}
Event: 1367.134 GC heap before
{Heap before GC invocations=69 (full 0):
 garbage-first heap   total 401408K, used 364845K [0x0000000700000000, 0x0000000800000000)
  region size 2048K, 99 young (202752K), 11 survivors (22528K)
 Metaspace       used 161395K, committed 163968K, reserved 1245184K
  class space    used 22260K, committed 23552K, reserved 1048576K
}
Event: 1367.166 GC heap after
{Heap after GC invocations=70 (full 0):
 garbage-first heap   total 401408K, used 192151K [0x0000000700000000, 0x0000000800000000)
  region size 2048K, 4 young (8192K), 4 survivors (8192K)
 Metaspace       used 161395K, committed 163968K, reserved 1245184K
  class space    used 22260K, committed 23552K, reserved 1048576K
}
Event: 4590.695 GC heap before
{Heap before GC invocations=70 (full 0):
 garbage-first heap   total 401408K, used 398999K [0x0000000700000000, 0x0000000800000000)
  region size 2048K, 86 young (176128K), 4 survivors (8192K)
 Metaspace       used 161862K, committed 164416K, reserved 1245184K
  class space    used 22265K, committed 23552K, reserved 1048576K
}
Event: 4590.992 GC heap after
{Heap after GC invocations=71 (full 0):
 garbage-first heap   total 417792K, used 186604K [0x0000000700000000, 0x0000000800000000)
  region size 2048K, 4 young (8192K), 4 survivors (8192K)
 Metaspace       used 161862K, committed 164416K, reserved 1245184K
  class space    used 22265K, committed 23552K, reserved 1048576K
}
Event: 4597.828 GC heap before
{Heap before GC invocations=71 (full 0):
 garbage-first heap   total 417792K, used 385260K [0x0000000700000000, 0x0000000800000000)
  region size 2048K, 102 young (208896K), 4 survivors (8192K)
 Metaspace       used 162116K, committed 164736K, reserved 1245184K
  class space    used 22268K, committed 23552K, reserved 1048576K
}
Event: 4597.915 GC heap after
{Heap after GC invocations=72 (full 0):
 garbage-first heap   total 417792K, used 198135K [0x0000000700000000, 0x0000000800000000)
  region size 2048K, 10 young (20480K), 10 survivors (20480K)
 Metaspace       used 162116K, committed 164736K, reserved 1245184K
  class space    used 22268K, committed 23552K, reserved 1048576K
}
Event: 4625.838 GC heap before
{Heap before GC invocations=73 (full 0):
 garbage-first heap   total 417792K, used 382455K [0x0000000700000000, 0x0000000800000000)
  region size 2048K, 101 young (206848K), 10 survivors (20480K)
 Metaspace       used 159861K, committed 164736K, reserved 1245184K
  class space    used 21605K, committed 23552K, reserved 1048576K
}
Event: 4625.900 GC heap after
{Heap after GC invocations=74 (full 0):
 garbage-first heap   total 419840K, used 210912K [0x0000000700000000, 0x0000000800000000)
  region size 2048K, 13 young (26624K), 13 survivors (26624K)
 Metaspace       used 159861K, committed 164736K, reserved 1245184K
  class space    used 21605K, committed 23552K, reserved 1048576K
}
Event: 4626.585 GC heap before
{Heap before GC invocations=74 (full 0):
 garbage-first heap   total 419840K, used 309216K [0x0000000700000000, 0x0000000800000000)
  region size 2048K, 61 young (124928K), 13 survivors (26624K)
 Metaspace       used 161038K, committed 165056K, reserved 1245184K
  class space    used 21677K, committed 23552K, reserved 1048576K
}
Event: 4626.630 GC heap after
{Heap after GC invocations=75 (full 0):
 garbage-first heap   total 419840K, used 211726K [0x0000000700000000, 0x0000000800000000)
  region size 2048K, 5 young (10240K), 5 survivors (10240K)
 Metaspace       used 161038K, committed 165056K, reserved 1245184K
  class space    used 21677K, committed 23552K, reserved 1048576K
}
Event: 4627.483 GC heap before
{Heap before GC invocations=75 (full 0):
 garbage-first heap   total 419840K, used 383758K [0x0000000700000000, 0x0000000800000000)
  region size 2048K, 89 young (182272K), 5 survivors (10240K)
 Metaspace       used 161243K, committed 165120K, reserved 1245184K
  class space    used 21700K, committed 23552K, reserved 1048576K
}
Event: 4627.507 GC heap after
{Heap after GC invocations=76 (full 0):
 garbage-first heap   total 419840K, used 205402K [0x0000000700000000, 0x0000000800000000)
  region size 2048K, 5 young (10240K), 5 survivors (10240K)
 Metaspace       used 161243K, committed 165120K, reserved 1245184K
  class space    used 21700K, committed 23552K, reserved 1048576K
}
Event: 4628.213 GC heap before
{Heap before GC invocations=76 (full 0):
 garbage-first heap   total 419840K, used 389722K [0x0000000700000000, 0x0000000800000000)
  region size 2048K, 95 young (194560K), 5 survivors (10240K)
 Metaspace       used 161522K, committed 165312K, reserved 1245184K
  class space    used 21712K, committed 23552K, reserved 1048576K
}
Event: 4628.242 GC heap after
{Heap after GC invocations=77 (full 0):
 garbage-first heap   total 419840K, used 199824K [0x0000000700000000, 0x0000000800000000)
  region size 2048K, 5 young (10240K), 5 survivors (10240K)
 Metaspace       used 161522K, committed 165312K, reserved 1245184K
  class space    used 21712K, committed 23552K, reserved 1048576K
}
Event: 4629.275 GC heap before
{Heap before GC invocations=77 (full 0):
 garbage-first heap   total 419840K, used 392336K [0x0000000700000000, 0x0000000800000000)
  region size 2048K, 100 young (204800K), 5 survivors (10240K)
 Metaspace       used 162131K, committed 165632K, reserved 1245184K
  class space    used 21724K, committed 23552K, reserved 1048576K
}
Event: 4629.301 GC heap after
{Heap after GC invocations=78 (full 0):
 garbage-first heap   total 419840K, used 197238K [0x0000000700000000, 0x0000000800000000)
  region size 2048K, 5 young (10240K), 5 survivors (10240K)
 Metaspace       used 162131K, committed 165632K, reserved 1245184K
  class space    used 21724K, committed 23552K, reserved 1048576K
}
Event: 4630.960 GC heap before
{Heap before GC invocations=78 (full 0):
 garbage-first heap   total 419840K, used 361078K [0x0000000700000000, 0x0000000800000000)
  region size 2048K, 87 young (178176K), 5 survivors (10240K)
 Metaspace       used 162637K, committed 165824K, reserved 1245184K
  class space    used 21731K, committed 23552K, reserved 1048576K
}

