# JRE version: OpenJDK Runtime Environment Temurin-21.0.7+6 (21.0.7+6) (build 21.0.7+6-LTS)
# Java VM: OpenJDK 64-Bit Server VM Temurin-21.0.7+6 (21.0.7+6-LTS, mixed mode, sharing, tiered, compressed oops, compressed class ptrs, g1 gc, windows-amd64)
GC Precious Log:
 CardTable entry size: 512
 Card Set container configuration: InlinePtr #cards 4 size 8 Array Of Cards #cards 16 size 48 Howl #buckets 8 coarsen threshold 3686 Howl Bitmap #cards 512 size 80 coarsen threshold 460 Card regions per heap region 1 cards per card region 4096
 CPUs: 12 total, 12 available
 Memory: 7501M
 Large Page Support: Disabled
 NUMA Support: Disabled
 Compressed Oops: Enabled (Zero based)
 Heap Region Size: 2M
 Heap Min Capacity: 8M
 Heap Initial Capacity: 118M
 Heap Max Capacity: 4G
 Pre-touch: Disabled
 Parallel Workers: 10
 Concurrent Workers: 3
 Concurrent Refinement Workers: 10
 Periodic GC: Disabled
Heap:
 garbage-first heap   total 755712K, used 415813K [0x0000000700000000, 0x0000000800000000)
  region size 2048K, 17 young (34816K), 17 survivors (34816K)
 Metaspace       used 184235K, committed 187136K, reserved 1245184K
  class space    used 25026K, committed 26496K, reserved 1048576K
GC Heap History (20 events):
Event: 1779.710 GC heap after
{Heap after GC invocations=74 (full 0):
 garbage-first heap   total 497664K, used 195153K [0x0000000700000000, 0x0000000800000000)
  region size 2048K, 5 young (10240K), 5 survivors (10240K)
 Metaspace       used 162730K, committed 165568K, reserved 1245184K
  class space    used 21635K, committed 23104K, reserved 1048576K
}
Event: 1782.387 GC heap before
{Heap before GC invocations=75 (full 0):
 garbage-first heap   total 497664K, used 457297K [0x0000000700000000, 0x0000000800000000)
  region size 2048K, 134 young (274432K), 5 survivors (10240K)
 Metaspace       used 168560K, committed 171392K, reserved 1245184K
  class space    used 22550K, committed 24000K, reserved 1048576K
}
Event: 1782.429 GC heap after
{Heap after GC invocations=76 (full 0):
 garbage-first heap   total 507904K, used 232919K [0x0000000700000000, 0x0000000800000000)
  region size 2048K, 17 young (34816K), 17 survivors (34816K)
 Metaspace       used 168560K, committed 171392K, reserved 1245184K
  class space    used 22550K, committed 24000K, reserved 1048576K
}
Event: 1783.379 GC heap before
{Heap before GC invocations=76 (full 0):
 garbage-first heap   total 507904K, used 443863K [0x0000000700000000, 0x0000000800000000)
  region size 2048K, 121 young (247808K), 17 survivors (34816K)
 Metaspace       used 171282K, committed 174208K, reserved 1245184K
  class space    used 23062K, committed 24512K, reserved 1048576K
}
Event: 1783.467 GC heap after
{Heap after GC invocations=77 (full 0):
 garbage-first heap   total 526336K, used 269472K [0x0000000700000000, 0x0000000800000000)
  region size 2048K, 16 young (32768K), 16 survivors (32768K)
 Metaspace       used 171282K, committed 174208K, reserved 1245184K
  class space    used 23062K, committed 24512K, reserved 1048576K
}
Event: 1784.395 GC heap before
{Heap before GC invocations=77 (full 0):
 garbage-first heap   total 526336K, used 461984K [0x0000000700000000, 0x0000000800000000)
  region size 2048K, 110 young (225280K), 16 survivors (32768K)
 Metaspace       used 174682K, committed 177600K, reserved 1245184K
  class space    used 23688K, committed 25152K, reserved 1048576K
}
Event: 1784.488 GC heap after
{Heap after GC invocations=78 (full 0):
 garbage-first heap   total 755712K, used 315392K [0x0000000700000000, 0x0000000800000000)
  region size 2048K, 14 young (28672K), 14 survivors (28672K)
 Metaspace       used 174682K, committed 177600K, reserved 1245184K
  class space    used 23688K, committed 25152K, reserved 1048576K
}
Event: 1785.848 GC heap before
{Heap before GC invocations=79 (full 0):
 garbage-first heap   total 755712K, used 645120K [0x0000000700000000, 0x0000000800000000)
  region size 2048K, 176 young (360448K), 14 survivors (28672K)
 Metaspace       used 179379K, committed 182208K, reserved 1245184K
  class space    used 24521K, committed 25984K, reserved 1048576K
}
Event: 1785.941 GC heap after
{Heap after GC invocations=80 (full 0):
 garbage-first heap   total 755712K, used 376832K [0x0000000700000000, 0x0000000800000000)
  region size 2048K, 22 young (45056K), 22 survivors (45056K)
 Metaspace       used 179379K, committed 182208K, reserved 1245184K
  class space    used 24521K, committed 25984K, reserved 1048576K
}
Event: 1787.057 GC heap before
{Heap before GC invocations=80 (full 0):
 garbage-first heap   total 755712K, used 645120K [0x0000000700000000, 0x0000000800000000)
  region size 2048K, 154 young (315392K), 22 survivors (45056K)
 Metaspace       used 181351K, committed 184192K, reserved 1245184K
  class space    used 24753K, committed 26176K, reserved 1048576K
}
Event: 1787.115 GC heap after
{Heap after GC invocations=81 (full 0):
 garbage-first heap   total 755712K, used 394655K [0x0000000700000000, 0x0000000800000000)
  region size 2048K, 8 young (16384K), 8 survivors (16384K)
 Metaspace       used 181351K, committed 184192K, reserved 1245184K
  class space    used 24753K, committed 26176K, reserved 1048576K
}
Event: 1787.961 GC heap before
{Heap before GC invocations=81 (full 0):
 garbage-first heap   total 755712K, used 662943K [0x0000000700000000, 0x0000000800000000)
  region size 2048K, 139 young (284672K), 8 survivors (16384K)
 Metaspace       used 182705K, committed 185536K, reserved 1245184K
  class space    used 24916K, committed 26368K, reserved 1048576K
}
Event: 1787.976 GC heap after
{Heap after GC invocations=82 (full 0):
 garbage-first heap   total 755712K, used 391731K [0x0000000700000000, 0x0000000800000000)
  region size 2048K, 7 young (14336K), 7 survivors (14336K)
 Metaspace       used 182705K, committed 185536K, reserved 1245184K
  class space    used 24916K, committed 26368K, reserved 1048576K
}
Event: 1789.039 GC heap before
{Heap before GC invocations=83 (full 0):
 garbage-first heap   total 755712K, used 672307K [0x0000000700000000, 0x0000000800000000)
  region size 2048K, 145 young (296960K), 7 survivors (14336K)
 Metaspace       used 183508K, committed 186368K, reserved 1245184K
  class space    used 25005K, committed 26432K, reserved 1048576K
}
Event: 1789.056 GC heap after
{Heap after GC invocations=84 (full 0):
 garbage-first heap   total 755712K, used 395340K [0x0000000700000000, 0x0000000800000000)
  region size 2048K, 9 young (18432K), 9 survivors (18432K)
 Metaspace       used 183508K, committed 186368K, reserved 1245184K
  class space    used 25005K, committed 26432K, reserved 1048576K
}
Event: 1789.928 GC heap before
{Heap before GC invocations=84 (full 0):
 garbage-first heap   total 755712K, used 684108K [0x0000000700000000, 0x0000000800000000)
  region size 2048K, 151 young (309248K), 9 survivors (18432K)
 Metaspace       used 183857K, committed 186688K, reserved 1245184K
  class space    used 25013K, committed 26432K, reserved 1048576K
}
Event: 1789.950 GC heap after
{Heap after GC invocations=85 (full 0):
 garbage-first heap   total 755712K, used 387808K [0x0000000700000000, 0x0000000800000000)
  region size 2048K, 9 young (18432K), 9 survivors (18432K)
 Metaspace       used 183857K, committed 186688K, reserved 1245184K
  class space    used 25013K, committed 26432K, reserved 1048576K
}
Event: 1790.586 GC heap before
{Heap before GC invocations=85 (full 0):
 garbage-first heap   total 755712K, used 690912K [0x0000000700000000, 0x0000000800000000)
  region size 2048K, 158 young (323584K), 9 survivors (18432K)
 Metaspace       used 184107K, committed 187008K, reserved 1245184K
  class space    used 25021K, committed 26496K, reserved 1048576K
}
Event: 1790.619 GC heap after
{Heap after GC invocations=86 (full 0):
 garbage-first heap   total 755712K, used 403648K [0x0000000700000000, 0x0000000800000000)
  region size 2048K, 17 young (34816K), 17 survivors (34816K)
 Metaspace       used 184107K, committed 187008K, reserved 1245184K
  class space    used 25021K, committed 26496K, reserved 1048576K
}
Event: 1791.344 GC heap before
{Heap before GC invocations=86 (full 0):
 garbage-first heap   total 755712K, used 678080K [0x0000000700000000, 0x0000000800000000)
  region size 2048K, 152 young (311296K), 17 survivors (34816K)
 Metaspace       used 184235K, committed 187136K, reserved 1245184K
  class space    used 25026K, committed 26496K, reserved 1048576K
}

