# JRE version: OpenJDK Runtime Environment (21.0.10) (build 21.0.10+-14961533-b1163.108)
# Java VM: OpenJDK 64-Bit Server VM (21.0.10+-14961533-b1163.108, mixed mode, tiered, compressed oops, compressed class ptrs, g1 gc, windows-amd64)
GC Precious Log:
 CardTable entry size: 512
 Card Set container configuration: InlinePtr #cards 4 size 8 Array Of Cards #cards 16 size 48 Howl #buckets 8 coarsen threshold 3686 Howl Bitmap #cards 512 size 80 coarsen threshold 460 Card regions per heap region 1 cards per card region 4096
 CPUs: 12 total, 12 available
 Memory: 7501M
 Large Page Support: Disabled
 NUMA Support: Disabled
 Compressed Oops: Enabled (Zero based)
 Heap Region Size: 2M
 Heap Min Capacity: 8M
 Heap Initial Capacity: 118M
 Heap Max Capacity: 4G
 Pre-touch: Disabled
 Parallel Workers: 10
 Concurrent Workers: 3
 Concurrent Refinement Workers: 10
 Periodic GC: Disabled
Heap:
 garbage-first heap   total 290816K, used 183417K [0x0000000700000000, 0x0000000800000000)
  region size 2048K, 3 young (6144K), 3 survivors (6144K)
 Metaspace       used 146787K, committed 149440K, reserved 1179648K
  class space    used 20199K, committed 21504K, reserved 1048576K
GC Heap History (20 events):
Event: 25.207 GC heap after
{Heap after GC invocations=44 (full 0):
 garbage-first heap   total 229376K, used 133994K [0x0000000700000000, 0x0000000800000000)
  region size 2048K, 4 young (8192K), 4 survivors (8192K)
 Metaspace       used 124475K, committed 126784K, reserved 1179648K
  class space    used 17478K, committed 18624K, reserved 1048576K
}
Event: 26.060 GC heap before
{Heap before GC invocations=44 (full 0):
 garbage-first heap   total 229376K, used 207722K [0x0000000700000000, 0x0000000800000000)
  region size 2048K, 41 young (83968K), 4 survivors (8192K)
 Metaspace       used 125055K, committed 127424K, reserved 1179648K
  class space    used 17569K, committed 18752K, reserved 1048576K
}
Event: 26.070 GC heap after
{Heap after GC invocations=45 (full 0):
 garbage-first heap   total 229376K, used 134845K [0x0000000700000000, 0x0000000800000000)
  region size 2048K, 4 young (8192K), 4 survivors (8192K)
 Metaspace       used 125055K, committed 127424K, reserved 1179648K
  class space    used 17569K, committed 18752K, reserved 1048576K
}
Event: 26.645 GC heap before
{Heap before GC invocations=45 (full 0):
 garbage-first heap   total 229376K, used 208573K [0x0000000700000000, 0x0000000800000000)
  region size 2048K, 41 young (83968K), 4 survivors (8192K)
 Metaspace       used 125502K, committed 127872K, reserved 1179648K
  class space    used 17633K, committed 18816K, reserved 1048576K
}
Event: 26.654 GC heap after
{Heap after GC invocations=46 (full 0):
 garbage-first heap   total 276480K, used 135961K [0x0000000700000000, 0x0000000800000000)
  region size 2048K, 4 young (8192K), 4 survivors (8192K)
 Metaspace       used 125502K, committed 127872K, reserved 1179648K
  class space    used 17633K, committed 18816K, reserved 1048576K
}
Event: 27.613 GC heap before
{Heap before GC invocations=47 (full 0):
 garbage-first heap   total 276480K, used 248601K [0x0000000700000000, 0x0000000800000000)
  region size 2048K, 60 young (122880K), 4 survivors (8192K)
 Metaspace       used 128763K, committed 131200K, reserved 1179648K
  class space    used 18039K, committed 19264K, reserved 1048576K
}
Event: 27.627 GC heap after
{Heap after GC invocations=48 (full 0):
 garbage-first heap   total 276480K, used 141960K [0x0000000700000000, 0x0000000800000000)
  region size 2048K, 6 young (12288K), 6 survivors (12288K)
 Metaspace       used 128763K, committed 131200K, reserved 1179648K
  class space    used 18039K, committed 19264K, reserved 1048576K
}
Event: 39.185 GC heap before
{Heap before GC invocations=48 (full 0):
 garbage-first heap   total 276480K, used 246408K [0x0000000700000000, 0x0000000800000000)
  region size 2048K, 58 young (118784K), 6 survivors (12288K)
 Metaspace       used 130165K, committed 132608K, reserved 1179648K
  class space    used 18276K, committed 19520K, reserved 1048576K
}
Event: 39.200 GC heap after
{Heap after GC invocations=49 (full 0):
 garbage-first heap   total 276480K, used 143579K [0x0000000700000000, 0x0000000800000000)
  region size 2048K, 3 young (6144K), 3 survivors (6144K)
 Metaspace       used 130165K, committed 132608K, reserved 1179648K
  class space    used 18276K, committed 19520K, reserved 1048576K
}
Event: 423.171 GC heap before
{Heap before GC invocations=49 (full 0):
 garbage-first heap   total 276480K, used 248027K [0x0000000700000000, 0x0000000800000000)
  region size 2048K, 55 young (112640K), 3 survivors (6144K)
 Metaspace       used 136697K, committed 139136K, reserved 1179648K
  class space    used 18902K, committed 20096K, reserved 1048576K
}
Event: 423.184 GC heap after
{Heap after GC invocations=50 (full 0):
 garbage-first heap   total 276480K, used 147335K [0x0000000700000000, 0x0000000800000000)
  region size 2048K, 5 young (10240K), 5 survivors (10240K)
 Metaspace       used 136697K, committed 139136K, reserved 1179648K
  class space    used 18902K, committed 20096K, reserved 1048576K
}
Event: 424.758 GC heap before
{Heap before GC invocations=51 (full 0):
 garbage-first heap   total 276480K, used 253831K [0x0000000700000000, 0x0000000800000000)
  region size 2048K, 57 young (116736K), 5 survivors (10240K)
 Metaspace       used 137155K, committed 139648K, reserved 1179648K
  class space    used 18908K, committed 20160K, reserved 1048576K
}
Event: 424.781 GC heap after
{Heap after GC invocations=52 (full 0):
 garbage-first heap   total 276480K, used 157034K [0x0000000700000000, 0x0000000800000000)
  region size 2048K, 7 young (14336K), 7 survivors (14336K)
 Metaspace       used 137155K, committed 139648K, reserved 1179648K
  class space    used 18908K, committed 20160K, reserved 1048576K
}
Event: 425.646 GC heap before
{Heap before GC invocations=52 (full 0):
 garbage-first heap   total 276480K, used 251242K [0x0000000700000000, 0x0000000800000000)
  region size 2048K, 54 young (110592K), 7 survivors (14336K)
 Metaspace       used 137242K, committed 139712K, reserved 1179648K
  class space    used 18909K, committed 20160K, reserved 1048576K
}
Event: 425.663 GC heap after
{Heap after GC invocations=53 (full 0):
 garbage-first heap   total 276480K, used 159446K [0x0000000700000000, 0x0000000800000000)
  region size 2048K, 2 young (4096K), 2 survivors (4096K)
 Metaspace       used 137242K, committed 139712K, reserved 1179648K
  class space    used 18909K, committed 20160K, reserved 1048576K
}
Event: 430.649 GC heap before
{Heap before GC invocations=53 (full 0):
 garbage-first heap   total 276480K, used 255702K [0x0000000700000000, 0x0000000800000000)
  region size 2048K, 50 young (102400K), 2 survivors (4096K)
 Metaspace       used 138014K, committed 140544K, reserved 1179648K
  class space    used 19025K, committed 20224K, reserved 1048576K
}
Event: 430.663 GC heap after
{Heap after GC invocations=54 (full 0):
 garbage-first heap   total 276480K, used 171229K [0x0000000700000000, 0x0000000800000000)
  region size 2048K, 7 young (14336K), 7 survivors (14336K)
 Metaspace       used 138014K, committed 140544K, reserved 1179648K
  class space    used 19025K, committed 20224K, reserved 1048576K
}
Event: 432.366 GC heap before
{Heap before GC invocations=55 (full 0):
 garbage-first heap   total 286720K, used 257245K [0x0000000700000000, 0x0000000800000000)
  region size 2048K, 47 young (96256K), 7 survivors (14336K)
 Metaspace       used 146256K, committed 148800K, reserved 1179648K
  class space    used 20126K, committed 21376K, reserved 1048576K
}
Event: 432.387 GC heap after
{Heap after GC invocations=56 (full 0):
 garbage-first heap   total 290816K, used 191405K [0x0000000700000000, 0x0000000800000000)
  region size 2048K, 6 young (12288K), 6 survivors (12288K)
 Metaspace       used 146256K, committed 148800K, reserved 1179648K
  class space    used 20126K, committed 21376K, reserved 1048576K
}
Event: 432.934 GC heap before
{Heap before GC invocations=56 (full 0):
 garbage-first heap   total 290816K, used 258989K [0x0000000700000000, 0x0000000800000000)
  region size 2048K, 40 young (81920K), 6 survivors (12288K)
 Metaspace       used 146787K, committed 149440K, reserved 1179648K
  class space    used 20199K, committed 21504K, reserved 1048576K
}

