# JRE version: OpenJDK Runtime Environment (21.0.10) (build 21.0.10+-14961533-b1163.108)
# Java VM: OpenJDK 64-Bit Server VM (21.0.10+-14961533-b1163.108, mixed mode, tiered, compressed oops, compressed class ptrs, g1 gc, windows-amd64)
GC Precious Log:
 CardTable entry size: 512
 Card Set container configuration: InlinePtr #cards 4 size 8 Array Of Cards #cards 16 size 48 Howl #buckets 8 coarsen threshold 3686 Howl Bitmap #cards 512 size 80 coarsen threshold 460 Card regions per heap region 1 cards per card region 4096
 CPUs: 12 total, 12 available
 Memory: 7501M
 Large Page Support: Disabled
 NUMA Support: Disabled
 Compressed Oops: Enabled (Zero based)
 Heap Region Size: 2M
 Heap Min Capacity: 8M
 Heap Initial Capacity: 118M
 Heap Max Capacity: 4G
 Pre-touch: Disabled
 Parallel Workers: 10
 Concurrent Workers: 3
 Concurrent Refinement Workers: 10
 Periodic GC: Disabled
Heap:
 garbage-first heap   total 542720K, used 292681K [0x0000000700000000, 0x0000000800000000)
  region size 2048K, 2 young (4096K), 2 survivors (4096K)
 Metaspace       used 264072K, committed 267008K, reserved 1310720K
  class space    used 34917K, committed 36352K, reserved 1048576K
GC Heap History (20 events):
Event: 283.822 GC heap after
{Heap after GC invocations=74 (full 0):
 garbage-first heap   total 489472K, used 247808K [0x0000000700000000, 0x0000000800000000)
  region size 2048K, 14 young (28672K), 14 survivors (28672K)
 Metaspace       used 234376K, committed 237184K, reserved 1310720K
  class space    used 30529K, committed 31872K, reserved 1048576K
}
Event: 285.464 GC heap before
{Heap before GC invocations=74 (full 0):
 garbage-first heap   total 489472K, used 342016K [0x0000000700000000, 0x0000000800000000)
  region size 2048K, 62 young (126976K), 14 survivors (28672K)
 Metaspace       used 235074K, committed 237952K, reserved 1310720K
  class space    used 30607K, committed 32000K, reserved 1048576K
}
Event: 285.513 GC heap after
{Heap after GC invocations=75 (full 0):
 garbage-first heap   total 489472K, used 264186K [0x0000000700000000, 0x0000000800000000)
  region size 2048K, 8 young (16384K), 8 survivors (16384K)
 Metaspace       used 235074K, committed 237952K, reserved 1310720K
  class space    used 30607K, committed 32000K, reserved 1048576K
}
Event: 291.406 GC heap before
{Heap before GC invocations=76 (full 0):
 garbage-first heap   total 489472K, used 430074K [0x0000000700000000, 0x0000000800000000)
  region size 2048K, 89 young (182272K), 8 survivors (16384K)
 Metaspace       used 236824K, committed 239616K, reserved 1310720K
  class space    used 30745K, committed 32064K, reserved 1048576K
}
Event: 291.472 GC heap after
{Heap after GC invocations=77 (full 0):
 garbage-first heap   total 489472K, used 304936K [0x0000000700000000, 0x0000000800000000)
  region size 2048K, 12 young (24576K), 12 survivors (24576K)
 Metaspace       used 236824K, committed 239616K, reserved 1310720K
  class space    used 30745K, committed 32064K, reserved 1048576K
}
Event: 292.742 GC heap before
{Heap before GC invocations=77 (full 0):
 garbage-first heap   total 489472K, used 448296K [0x0000000700000000, 0x0000000800000000)
  region size 2048K, 76 young (155648K), 12 survivors (24576K)
 Metaspace       used 240275K, committed 243200K, reserved 1310720K
  class space    used 31068K, committed 32448K, reserved 1048576K
}
Event: 292.784 GC heap after
{Heap after GC invocations=78 (full 0):
 garbage-first heap   total 505856K, used 321343K [0x0000000700000000, 0x0000000800000000)
  region size 2048K, 10 young (20480K), 10 survivors (20480K)
 Metaspace       used 240275K, committed 243200K, reserved 1310720K
  class space    used 31068K, committed 32448K, reserved 1048576K
}
Event: 292.993 GC heap before
{Heap before GC invocations=78 (full 0):
 garbage-first heap   total 505856K, used 360255K [0x0000000700000000, 0x0000000800000000)
  region size 2048K, 31 young (63488K), 10 survivors (20480K)
 Metaspace       used 240698K, committed 243584K, reserved 1310720K
  class space    used 31104K, committed 32448K, reserved 1048576K
}
Event: 293.007 GC heap after
{Heap after GC invocations=79 (full 0):
 garbage-first heap   total 505856K, used 322161K [0x0000000700000000, 0x0000000800000000)
  region size 2048K, 3 young (6144K), 3 survivors (6144K)
 Metaspace       used 240698K, committed 243584K, reserved 1310720K
  class space    used 31104K, committed 32448K, reserved 1048576K
}
Event: 298.228 GC heap before
{Heap before GC invocations=80 (full 0):
 garbage-first heap   total 542720K, used 459377K [0x0000000700000000, 0x0000000800000000)
  region size 2048K, 70 young (143360K), 3 survivors (6144K)
 Metaspace       used 242221K, committed 245120K, reserved 1310720K
  class space    used 31276K, committed 32640K, reserved 1048576K
}
Event: 298.244 GC heap after
{Heap after GC invocations=81 (full 0):
 garbage-first heap   total 542720K, used 317150K [0x0000000700000000, 0x0000000800000000)
  region size 2048K, 3 young (6144K), 3 survivors (6144K)
 Metaspace       used 242221K, committed 245120K, reserved 1310720K
  class space    used 31276K, committed 32640K, reserved 1048576K
}
Event: 299.963 GC heap before
{Heap before GC invocations=81 (full 0):
 garbage-first heap   total 542720K, used 485086K [0x0000000700000000, 0x0000000800000000)
  region size 2048K, 86 young (176128K), 3 survivors (6144K)
 Metaspace       used 243154K, committed 246080K, reserved 1310720K
  class space    used 31386K, committed 32832K, reserved 1048576K
}
Event: 300.003 GC heap after
{Heap after GC invocations=82 (full 0):
 garbage-first heap   total 542720K, used 279357K [0x0000000700000000, 0x0000000800000000)
  region size 2048K, 6 young (12288K), 6 survivors (12288K)
 Metaspace       used 243154K, committed 246080K, reserved 1310720K
  class space    used 31386K, committed 32832K, reserved 1048576K
}
Event: 303.451 GC heap before
{Heap before GC invocations=82 (full 0):
 garbage-first heap   total 542720K, used 471869K [0x0000000700000000, 0x0000000800000000)
  region size 2048K, 101 young (206848K), 6 survivors (12288K)
 Metaspace       used 245945K, committed 248896K, reserved 1310720K
  class space    used 31785K, committed 33216K, reserved 1048576K
}
Event: 303.522 GC heap after
{Heap after GC invocations=83 (full 0):
 garbage-first heap   total 542720K, used 271619K [0x0000000700000000, 0x0000000800000000)
  region size 2048K, 12 young (24576K), 12 survivors (24576K)
 Metaspace       used 245945K, committed 248896K, reserved 1310720K
  class space    used 31785K, committed 33216K, reserved 1048576K
}
Event: 306.144 GC heap before
{Heap before GC invocations=83 (full 0):
 garbage-first heap   total 542720K, used 472323K [0x0000000700000000, 0x0000000800000000)
  region size 2048K, 111 young (227328K), 12 survivors (24576K)
 Metaspace       used 256175K, committed 259136K, reserved 1310720K
  class space    used 33571K, committed 35008K, reserved 1048576K
}
Event: 306.202 GC heap after
{Heap after GC invocations=84 (full 0):
 garbage-first heap   total 542720K, used 298389K [0x0000000700000000, 0x0000000800000000)
  region size 2048K, 14 young (28672K), 14 survivors (28672K)
 Metaspace       used 256175K, committed 259136K, reserved 1310720K
  class space    used 33571K, committed 35008K, reserved 1048576K
}
Event: 307.656 GC heap before
{Heap before GC invocations=85 (full 0):
 garbage-first heap   total 542720K, used 478613K [0x0000000700000000, 0x0000000800000000)
  region size 2048K, 103 young (210944K), 14 survivors (28672K)
 Metaspace       used 261628K, committed 264576K, reserved 1310720K
  class space    used 34541K, committed 35968K, reserved 1048576K
}
Event: 307.706 GC heap after
{Heap after GC invocations=86 (full 0):
 garbage-first heap   total 542720K, used 313863K [0x0000000700000000, 0x0000000800000000)
  region size 2048K, 9 young (18432K), 9 survivors (18432K)
 Metaspace       used 261628K, committed 264576K, reserved 1310720K
  class space    used 34541K, committed 35968K, reserved 1048576K
}
Event: 308.745 GC heap before
{Heap before GC invocations=86 (full 0):
 garbage-first heap   total 542720K, used 485895K [0x0000000700000000, 0x0000000800000000)
  region size 2048K, 94 young (192512K), 9 survivors (18432K)
 Metaspace       used 264072K, committed 267008K, reserved 1310720K
  class space    used 34917K, committed 36352K, reserved 1048576K
}

