# JRE version: OpenJDK Runtime Environment (21.0.10) (build 21.0.10+-14961533-b1163.108)
# Java VM: OpenJDK 64-Bit Server VM (21.0.10+-14961533-b1163.108, mixed mode, tiered, compressed oops, compressed class ptrs, g1 gc, windows-amd64)
GC Precious Log:
 CardTable entry size: 512
 Card Set container configuration: InlinePtr #cards 4 size 8 Array Of Cards #cards 16 size 48 Howl #buckets 8 coarsen threshold 3686 Howl Bitmap #cards 512 size 80 coarsen threshold 460 Card regions per heap region 1 cards per card region 4096
 CPUs: 12 total, 12 available
 Memory: 7501M
 Large Page Support: Disabled
 NUMA Support: Disabled
 Compressed Oops: Enabled (Zero based)
 Heap Region Size: 2M
 Heap Min Capacity: 8M
 Heap Initial Capacity: 118M
 Heap Max Capacity: 4G
 Pre-touch: Disabled
 Parallel Workers: 10
 Concurrent Workers: 3
 Concurrent Refinement Workers: 10
 Periodic GC: Disabled
Heap:
 garbage-first heap   total 184320K, used 109527K [0x0000000700000000, 0x0000000800000000)
  region size 2048K, 7 young (14336K), 4 survivors (8192K)
 Metaspace       used 118223K, committed 120512K, reserved 1179648K
  class space    used 16713K, committed 17792K, reserved 1048576K
GC Heap History (20 events):
Event: 14.290 GC heap before
{Heap before GC invocations=21 (full 0):
 garbage-first heap   total 153600K, used 125906K [0x0000000700000000, 0x0000000800000000)
  region size 2048K, 31 young (63488K), 5 survivors (10240K)
 Metaspace       used 78042K, committed 79936K, reserved 1179648K
  class space    used 10965K, committed 11904K, reserved 1048576K
}
Event: 14.300 GC heap after
{Heap after GC invocations=22 (full 0):
 garbage-first heap   total 153600K, used 79222K [0x0000000700000000, 0x0000000800000000)
  region size 2048K, 2 young (4096K), 2 survivors (4096K)
 Metaspace       used 78042K, committed 79936K, reserved 1179648K
  class space    used 10965K, committed 11904K, reserved 1048576K
}
Event: 15.079 GC heap before
{Heap before GC invocations=23 (full 0):
 garbage-first heap   total 153600K, used 130422K [0x0000000700000000, 0x0000000800000000)
  region size 2048K, 27 young (55296K), 2 survivors (4096K)
 Metaspace       used 83305K, committed 85312K, reserved 1179648K
  class space    used 11636K, committed 12608K, reserved 1048576K
}
Event: 15.086 GC heap after
{Heap after GC invocations=24 (full 0):
 garbage-first heap   total 153600K, used 80113K [0x0000000700000000, 0x0000000800000000)
  region size 2048K, 3 young (6144K), 3 survivors (6144K)
 Metaspace       used 83305K, committed 85312K, reserved 1179648K
  class space    used 11636K, committed 12608K, reserved 1048576K
}
Event: 15.724 GC heap before
{Heap before GC invocations=24 (full 0):
 garbage-first heap   total 153600K, used 131313K [0x0000000700000000, 0x0000000800000000)
  region size 2048K, 29 young (59392K), 3 survivors (6144K)
 Metaspace       used 86796K, committed 88768K, reserved 1179648K
  class space    used 12097K, committed 13056K, reserved 1048576K
}
Event: 15.733 GC heap after
{Heap after GC invocations=25 (full 0):
 garbage-first heap   total 153600K, used 84672K [0x0000000700000000, 0x0000000800000000)
  region size 2048K, 4 young (8192K), 4 survivors (8192K)
 Metaspace       used 86796K, committed 88768K, reserved 1179648K
  class space    used 12097K, committed 13056K, reserved 1048576K
}
Event: 16.467 GC heap before
{Heap before GC invocations=25 (full 0):
 garbage-first heap   total 153600K, used 133824K [0x0000000700000000, 0x0000000800000000)
  region size 2048K, 28 young (57344K), 4 survivors (8192K)
 Metaspace       used 90580K, committed 92608K, reserved 1179648K
  class space    used 12621K, committed 13568K, reserved 1048576K
}
Event: 16.477 GC heap after
{Heap after GC invocations=26 (full 0):
 garbage-first heap   total 184320K, used 87355K [0x0000000700000000, 0x0000000800000000)
  region size 2048K, 2 young (4096K), 2 survivors (4096K)
 Metaspace       used 90580K, committed 92608K, reserved 1179648K
  class space    used 12621K, committed 13568K, reserved 1048576K
}
Event: 17.686 GC heap before
{Heap before GC invocations=27 (full 0):
 garbage-first heap   total 184320K, used 159035K [0x0000000700000000, 0x0000000800000000)
  region size 2048K, 38 young (77824K), 2 survivors (4096K)
 Metaspace       used 96204K, committed 98304K, reserved 1179648K
  class space    used 13373K, committed 14400K, reserved 1048576K
}
Event: 17.692 GC heap after
{Heap after GC invocations=28 (full 0):
 garbage-first heap   total 184320K, used 91639K [0x0000000700000000, 0x0000000800000000)
  region size 2048K, 4 young (8192K), 4 survivors (8192K)
 Metaspace       used 96204K, committed 98304K, reserved 1179648K
  class space    used 13373K, committed 14400K, reserved 1048576K
}
Event: 18.584 GC heap before
{Heap before GC invocations=28 (full 0):
 garbage-first heap   total 184320K, used 163319K [0x0000000700000000, 0x0000000800000000)
  region size 2048K, 39 young (79872K), 4 survivors (8192K)
 Metaspace       used 99385K, committed 101440K, reserved 1179648K
  class space    used 13802K, committed 14784K, reserved 1048576K
}
Event: 18.596 GC heap after
{Heap after GC invocations=29 (full 0):
 garbage-first heap   total 184320K, used 95733K [0x0000000700000000, 0x0000000800000000)
  region size 2048K, 5 young (10240K), 5 survivors (10240K)
 Metaspace       used 99385K, committed 101440K, reserved 1179648K
  class space    used 13802K, committed 14784K, reserved 1048576K
}
Event: 19.610 GC heap before
{Heap before GC invocations=29 (full 0):
 garbage-first heap   total 184320K, used 163317K [0x0000000700000000, 0x0000000800000000)
  region size 2048K, 39 young (79872K), 5 survivors (10240K)
 Metaspace       used 104010K, committed 106176K, reserved 1179648K
  class space    used 14534K, committed 15552K, reserved 1048576K
}
Event: 19.619 GC heap after
{Heap after GC invocations=30 (full 0):
 garbage-first heap   total 184320K, used 98052K [0x0000000700000000, 0x0000000800000000)
  region size 2048K, 2 young (4096K), 2 survivors (4096K)
 Metaspace       used 104010K, committed 106176K, reserved 1179648K
  class space    used 14534K, committed 15552K, reserved 1048576K
}
Event: 20.634 GC heap before
{Heap before GC invocations=31 (full 0):
 garbage-first heap   total 184320K, used 165636K [0x0000000700000000, 0x0000000800000000)
  region size 2048K, 35 young (71680K), 2 survivors (4096K)
 Metaspace       used 108254K, committed 110528K, reserved 1179648K
  class space    used 15267K, committed 16384K, reserved 1048576K
}
Event: 20.639 GC heap after
{Heap after GC invocations=32 (full 0):
 garbage-first heap   total 184320K, used 100142K [0x0000000700000000, 0x0000000800000000)
  region size 2048K, 3 young (6144K), 3 survivors (6144K)
 Metaspace       used 108254K, committed 110528K, reserved 1179648K
  class space    used 15267K, committed 16384K, reserved 1048576K
}
Event: 21.519 GC heap before
{Heap before GC invocations=32 (full 0):
 garbage-first heap   total 184320K, used 167726K [0x0000000700000000, 0x0000000800000000)
  region size 2048K, 36 young (73728K), 3 survivors (6144K)
 Metaspace       used 112650K, committed 114880K, reserved 1179648K
  class space    used 15909K, committed 16960K, reserved 1048576K
}
Event: 21.529 GC heap after
{Heap after GC invocations=33 (full 0):
 garbage-first heap   total 184320K, used 102232K [0x0000000700000000, 0x0000000800000000)
  region size 2048K, 4 young (8192K), 4 survivors (8192K)
 Metaspace       used 112650K, committed 114880K, reserved 1179648K
  class space    used 15909K, committed 16960K, reserved 1048576K
}
Event: 22.795 GC heap before
{Heap before GC invocations=33 (full 0):
 garbage-first heap   total 184320K, used 169816K [0x0000000700000000, 0x0000000800000000)
  region size 2048K, 37 young (75776K), 4 survivors (8192K)
 Metaspace       used 118045K, committed 120320K, reserved 1179648K
  class space    used 16681K, committed 17792K, reserved 1048576K
}
Event: 22.806 GC heap after
{Heap after GC invocations=34 (full 0):
 garbage-first heap   total 184320K, used 105431K [0x0000000700000000, 0x0000000800000000)
  region size 2048K, 4 young (8192K), 4 survivors (8192K)
 Metaspace       used 118045K, committed 120320K, reserved 1179648K
  class space    used 16681K, committed 17792K, reserved 1048576K
}

