# JRE version: OpenJDK Runtime Environment (21.0.10) (build 21.0.10+-14961533-b1163.108)
# Java VM: OpenJDK 64-Bit Server VM (21.0.10+-14961533-b1163.108, mixed mode, tiered, compressed oops, compressed class ptrs, g1 gc, windows-amd64)
GC Precious Log:
 CardTable entry size: 512
 Card Set container configuration: InlinePtr #cards 4 size 8 Array Of Cards #cards 16 size 48 Howl #buckets 8 coarsen threshold 3686 Howl Bitmap #cards 512 size 80 coarsen threshold 460 Card regions per heap region 1 cards per card region 4096
 CPUs: 12 total, 12 available
 Memory: 7501M
 Large Page Support: Disabled
 NUMA Support: Disabled
 Compressed Oops: Enabled (Zero based)
 Heap Region Size: 2M
 Heap Min Capacity: 8M
 Heap Initial Capacity: 118M
 Heap Max Capacity: 4G
 Pre-touch: Disabled
 Parallel Workers: 10
 Concurrent Workers: 3
 Concurrent Refinement Workers: 10
 Periodic GC: Disabled
Heap:
 garbage-first heap   total 444416K, used 404751K [0x0000000700000000, 0x0000000800000000)
  region size 2048K, 2 young (4096K), 2 survivors (4096K)
 Metaspace       used 136413K, committed 138880K, reserved 1179648K
  class space    used 19337K, committed 20544K, reserved 1048576K
GC Heap History (20 events):
Event: 23.476 GC heap after
{Heap after GC invocations=45 (full 0):
 garbage-first heap   total 262144K, used 137209K [0x0000000700000000, 0x0000000800000000)
  region size 2048K, 6 young (12288K), 6 survivors (12288K)
 Metaspace       used 125187K, committed 127552K, reserved 1179648K
  class space    used 17586K, committed 18752K, reserved 1048576K
}
Event: 24.587 GC heap before
{Heap before GC invocations=45 (full 0):
 garbage-first heap   total 262144K, used 237561K [0x0000000700000000, 0x0000000800000000)
  region size 2048K, 55 young (112640K), 6 survivors (12288K)
 Metaspace       used 127880K, committed 130304K, reserved 1179648K
  class space    used 17903K, committed 19072K, reserved 1048576K
}
Event: 24.603 GC heap after
{Heap after GC invocations=46 (full 0):
 garbage-first heap   total 262144K, used 138373K [0x0000000700000000, 0x0000000800000000)
  region size 2048K, 5 young (10240K), 5 survivors (10240K)
 Metaspace       used 127880K, committed 130304K, reserved 1179648K
  class space    used 17903K, committed 19072K, reserved 1048576K
}
Event: 25.346 GC heap before
{Heap before GC invocations=46 (full 0):
 garbage-first heap   total 262144K, used 238725K [0x0000000700000000, 0x0000000800000000)
  region size 2048K, 55 young (112640K), 5 survivors (10240K)
 Metaspace       used 128527K, committed 130944K, reserved 1179648K
  class space    used 18007K, committed 19200K, reserved 1048576K
}
Event: 25.360 GC heap after
{Heap after GC invocations=47 (full 0):
 garbage-first heap   total 262144K, used 141551K [0x0000000700000000, 0x0000000800000000)
  region size 2048K, 5 young (10240K), 5 survivors (10240K)
 Metaspace       used 128527K, committed 130944K, reserved 1179648K
  class space    used 18007K, committed 19200K, reserved 1048576K
}
Event: 26.771 GC heap before
{Heap before GC invocations=48 (full 0):
 garbage-first heap   total 262144K, used 258287K [0x0000000700000000, 0x0000000800000000)
  region size 2048K, 43 young (88064K), 5 survivors (10240K)
 Metaspace       used 133139K, committed 135616K, reserved 1179648K
  class space    used 18689K, committed 19904K, reserved 1048576K
}
Event: 26.792 GC heap after
{Heap after GC invocations=49 (full 0):
 garbage-first heap   total 292864K, used 195845K [0x0000000700000000, 0x0000000800000000)
  region size 2048K, 7 young (14336K), 7 survivors (14336K)
 Metaspace       used 133139K, committed 135616K, reserved 1179648K
  class space    used 18689K, committed 19904K, reserved 1048576K
}
Event: 27.010 GC heap before
{Heap before GC invocations=49 (full 0):
 garbage-first heap   total 292864K, used 290053K [0x0000000700000000, 0x0000000800000000)
  region size 2048K, 31 young (63488K), 7 survivors (14336K)
 Metaspace       used 133471K, committed 135872K, reserved 1179648K
  class space    used 18733K, committed 19904K, reserved 1048576K
}
Event: 27.038 GC heap after
{Heap after GC invocations=50 (full 0):
 garbage-first heap   total 327680K, used 233342K [0x0000000700000000, 0x0000000800000000)
  region size 2048K, 5 young (10240K), 5 survivors (10240K)
 Metaspace       used 133471K, committed 135872K, reserved 1179648K
  class space    used 18733K, committed 19904K, reserved 1048576K
}
Event: 27.278 GC heap before
{Heap before GC invocations=50 (full 0):
 garbage-first heap   total 327680K, used 288638K [0x0000000700000000, 0x0000000800000000)
  region size 2048K, 33 young (67584K), 5 survivors (10240K)
 Metaspace       used 133472K, committed 135872K, reserved 1179648K
  class space    used 18733K, committed 19904K, reserved 1048576K
}
Event: 27.310 GC heap after
{Heap after GC invocations=51 (full 0):
 garbage-first heap   total 442368K, used 255736K [0x0000000700000000, 0x0000000800000000)
  region size 2048K, 5 young (10240K), 5 survivors (10240K)
 Metaspace       used 133472K, committed 135872K, reserved 1179648K
  class space    used 18733K, committed 19904K, reserved 1048576K
}
Event: 28.461 GC heap before
{Heap before GC invocations=52 (full 0):
 garbage-first heap   total 442368K, used 380664K [0x0000000700000000, 0x0000000800000000)
  region size 2048K, 65 young (133120K), 5 survivors (10240K)
 Metaspace       used 136375K, committed 138880K, reserved 1179648K
  class space    used 19336K, committed 20544K, reserved 1048576K
}
Event: 28.533 GC heap after
{Heap after GC invocations=53 (full 0):
 garbage-first heap   total 444416K, used 310862K [0x0000000700000000, 0x0000000800000000)
  region size 2048K, 9 young (18432K), 9 survivors (18432K)
 Metaspace       used 136375K, committed 138880K, reserved 1179648K
  class space    used 19336K, committed 20544K, reserved 1048576K
}
Event: 28.771 GC heap before
{Heap before GC invocations=53 (full 0):
 garbage-first heap   total 444416K, used 380494K [0x0000000700000000, 0x0000000800000000)
  region size 2048K, 43 young (88064K), 9 survivors (18432K)
 Metaspace       used 136401K, committed 138880K, reserved 1179648K
  class space    used 19337K, committed 20544K, reserved 1048576K
}
Event: 28.831 GC heap after
{Heap after GC invocations=54 (full 0):
 garbage-first heap   total 444416K, used 346764K [0x0000000700000000, 0x0000000800000000)
  region size 2048K, 6 young (12288K), 6 survivors (12288K)
 Metaspace       used 136401K, committed 138880K, reserved 1179648K
  class space    used 19337K, committed 20544K, reserved 1048576K
}
Event: 28.990 GC heap before
{Heap before GC invocations=54 (full 0):
 garbage-first heap   total 444416K, used 391820K [0x0000000700000000, 0x0000000800000000)
  region size 2048K, 28 young (57344K), 6 survivors (12288K)
 Metaspace       used 136406K, committed 138880K, reserved 1179648K
  class space    used 19337K, committed 20544K, reserved 1048576K
}
Event: 29.026 GC heap after
{Heap after GC invocations=55 (full 0):
 garbage-first heap   total 444416K, used 372736K [0x0000000700000000, 0x0000000800000000)
  region size 2048K, 4 young (8192K), 4 survivors (8192K)
 Metaspace       used 136406K, committed 138880K, reserved 1179648K
  class space    used 19337K, committed 20544K, reserved 1048576K
}
Event: 29.207 GC heap before
{Heap before GC invocations=55 (full 0):
 garbage-first heap   total 444416K, used 405504K [0x0000000700000000, 0x0000000800000000)
  region size 2048K, 20 young (40960K), 4 survivors (8192K)
 Metaspace       used 136411K, committed 138880K, reserved 1179648K
  class space    used 19337K, committed 20544K, reserved 1048576K
}
Event: 29.235 GC heap after
{Heap after GC invocations=56 (full 0):
 garbage-first heap   total 444416K, used 391766K [0x0000000700000000, 0x0000000800000000)
  region size 2048K, 3 young (6144K), 3 survivors (6144K)
 Metaspace       used 136411K, committed 138880K, reserved 1179648K
  class space    used 19337K, committed 20544K, reserved 1048576K
}
Event: 29.378 GC heap before
{Heap before GC invocations=56 (full 0):
 garbage-first heap   total 444416K, used 414294K [0x0000000700000000, 0x0000000800000000)
  region size 2048K, 14 young (28672K), 3 survivors (6144K)
 Metaspace       used 136413K, committed 138880K, reserved 1179648K
  class space    used 19337K, committed 20544K, reserved 1048576K
}

